This is an expert setting, you'd better know what you're doing
ignoring non-requested file relval_standard
ignoring non-requested file relval_highstats
processing relval_pileup
ignoring non-requested file relval_generator
ignoring non-requested file relval_extendedgen
ignoring non-requested file relval_production
ignoring non-requested file relval_ged
ignoring non-requested file relval_upgrade
ignoring non-requested file relval_2017
ignoring non-requested file relval_identity
ignoring non-requested file relval_machine
ignoring non-requested file relval_unsch
ignoring non-requested file relval_premix
Running in 4 thread(s)

Preparing to run 25400.0 ZEE_13+FS_ZEE_13_UP15_PU25+HARVESTUP15FS+MINIAODMCUP15FS

# in: /afs/cern.ch/work/p/prebello/private/PAGValidation/TranchIVversion2/CMSSW_8_0_19/src/fastSimPU dryRun for 'cd 25400.0_ZEE_13+FS_ZEE_13_UP15_PU25+HARVESTUP15FS+MINIAODMCUP15FS
 cmsDriver.py ZEE_13TeV_TuneCUETP8M1_cfi  --conditions auto:run2_mc --pileup_input das:/RelValMinBiasFS_13_ForMixing/CMSSW_8_0_19-80X_mcRun2_asymptotic_2016_TrancheIV_v2_Tr4GT_v2_FastSim-v1/GEN-SIM-RECO --fast  -n 10 --era Run2_2016 --eventcontent FEVTDEBUGHLT,DQM --relval 100000,500 -s GEN,SIM,RECOBEFMIX,DIGI:pdigi_valid,L1,DIGI2RAW,L1Reco,RECO,EI,HLT:@relval2016,VALIDATION:@standardValidation,DQM:@standardDQM --beamspot Realistic50ns13TeVCollision --datatier GEN-SIM-DIGI-RECO,DQMIO --pileup AVE_35_BX_25ns --io FS_ZEE_13_UP15_PU25.io --python FS_ZEE_13_UP15_PU25.py  --conditions 80X_mcRun2_asymptotic_2016_TrancheIV_v2 --fileout file:step1.root  > step1_ZEE_13+FS_ZEE_13_UP15_PU25+HARVESTUP15FS+MINIAODMCUP15FS.log  2>&1
 

Preparing to run 25402.0 TTbar_13+FS_TTbar_13_UP15_PU25+HARVESTUP15FS+MINIAODMCUP15FS

# in: /afs/cern.ch/work/p/prebello/private/PAGValidation/TranchIVversion2/CMSSW_8_0_19/src/fastSimPU dryRun for 'cd 25402.0_TTbar_13+FS_TTbar_13_UP15_PU25+HARVESTUP15FS+MINIAODMCUP15FS
 cmsDriver.py TTbar_13TeV_TuneCUETP8M1_cfi  --conditions auto:run2_mc --pileup_input das:/RelValMinBiasFS_13_ForMixing/CMSSW_8_0_19-80X_mcRun2_asymptotic_2016_TrancheIV_v2_Tr4GT_v2_FastSim-v1/GEN-SIM-RECO --fast  -n 10 --era Run2_2016 --eventcontent FEVTDEBUGHLT,DQM --relval 100000,500 -s GEN,SIM,RECOBEFMIX,DIGI:pdigi_valid,L1,DIGI2RAW,L1Reco,RECO,EI,HLT:@relval2016,VALIDATION:@standardValidation,DQM:@standardDQM --beamspot Realistic50ns13TeVCollision --datatier GEN-SIM-DIGI-RECO,DQMIO --pileup AVE_35_BX_25ns --io FS_TTbar_13_UP15_PU25.io --python FS_TTbar_13_UP15_PU25.py  --conditions 80X_mcRun2_asymptotic_2016_TrancheIV_v2 --fileout file:step1.root  > step1_TTbar_13+FS_TTbar_13_UP15_PU25+HARVESTUP15FS+MINIAODMCUP15FS.log  2>&1
 

# in: /afs/cern.ch/work/p/prebello/private/PAGValidation/TranchIVversion2/CMSSW_8_0_19/src/fastSimPU dryRun for 'cd 25400.0_ZEE_13+FS_ZEE_13_UP15_PU25+HARVESTUP15FS+MINIAODMCUP15FS
 cmsDriver.py step2  --conditions auto:run2_mc -s HARVESTING:validationHarvesting --era Run2_2016 --scenario pp --filetype DQM --mc  --io HARVESTUP15FS.io --python HARVESTUP15FS.py  --conditions 80X_mcRun2_asymptotic_2016_TrancheIV_v2 -n 100  --filein file:step1_inDQM.root --fileout file:step2.root  > step2_ZEE_13+FS_ZEE_13_UP15_PU25+HARVESTUP15FS+MINIAODMCUP15FS.log  2>&1
 

Preparing to run 25403.0 H125GGgluonfusion_13+FS_H125GGgluonfusion_13_UP15_PU25+HARVESTUP15FS+MINIAODMCUP15FS

# in: /afs/cern.ch/work/p/prebello/private/PAGValidation/TranchIVversion2/CMSSW_8_0_19/src/fastSimPU dryRun for 'cd 25403.0_H125GGgluonfusion_13+FS_H125GGgluonfusion_13_UP15_PU25+HARVESTUP15FS+MINIAODMCUP15FS
 cmsDriver.py H125GGgluonfusion_13TeV_TuneCUETP8M1_cfi  --conditions auto:run2_mc --pileup_input das:/RelValMinBiasFS_13_ForMixing/CMSSW_8_0_19-80X_mcRun2_asymptotic_2016_TrancheIV_v2_Tr4GT_v2_FastSim-v1/GEN-SIM-RECO --fast  -n 10 --era Run2_2016 --eventcontent FEVTDEBUGHLT,DQM --relval 100000,500 -s GEN,SIM,RECOBEFMIX,DIGI:pdigi_valid,L1,DIGI2RAW,L1Reco,RECO,EI,HLT:@relval2016,VALIDATION:@standardValidation,DQM:@standardDQM --beamspot Realistic50ns13TeVCollision --datatier GEN-SIM-DIGI-RECO,DQMIO --pileup AVE_35_BX_25ns --io FS_H125GGgluonfusion_13_UP15_PU25.io --python FS_H125GGgluonfusion_13_UP15_PU25.py  --conditions 80X_mcRun2_asymptotic_2016_TrancheIV_v2 --fileout file:step1.root  > step1_H125GGgluonfusion_13+FS_H125GGgluonfusion_13_UP15_PU25+HARVESTUP15FS+MINIAODMCUP15FS.log  2>&1
 

# in: /afs/cern.ch/work/p/prebello/private/PAGValidation/TranchIVversion2/CMSSW_8_0_19/src/fastSimPU dryRun for 'cd 25400.0_ZEE_13+FS_ZEE_13_UP15_PU25+HARVESTUP15FS+MINIAODMCUP15FS
 cmsDriver.py step3  --conditions auto:run2_mc --fast  -n 100 --era Run2_2016 --eventcontent MINIAODSIM --runUnscheduled  --filein file:step1.root -s PAT --datatier MINIAODSIM --mc  --io MINIAODMCUP15FS.io --python MINIAODMCUP15FS.py  --conditions 80X_mcRun2_asymptotic_2016_TrancheIV_v2 --fileout file:step3.root  > step3_ZEE_13+FS_ZEE_13_UP15_PU25+HARVESTUP15FS+MINIAODMCUP15FS.log  2>&1
 

Preparing to run 25405.0 ZTT_13+FS_ZTT_13_UP15_PU25+HARVESTUP15FS+MINIAODMCUP15FS

# in: /afs/cern.ch/work/p/prebello/private/PAGValidation/TranchIVversion2/CMSSW_8_0_19/src/fastSimPU dryRun for 'cd 25405.0_ZTT_13+FS_ZTT_13_UP15_PU25+HARVESTUP15FS+MINIAODMCUP15FS
 cmsDriver.py ZTT_All_hadronic_13TeV_TuneCUETP8M1_cfi  --conditions auto:run2_mc --pileup_input das:/RelValMinBiasFS_13_ForMixing/CMSSW_8_0_19-80X_mcRun2_asymptotic_2016_TrancheIV_v2_Tr4GT_v2_FastSim-v1/GEN-SIM-RECO --fast  -n 10 --era Run2_2016 --eventcontent FEVTDEBUGHLT,DQM --relval 100000,500 -s GEN,SIM,RECOBEFMIX,DIGI:pdigi_valid,L1,DIGI2RAW,L1Reco,RECO,EI,HLT:@relval2016,VALIDATION:@standardValidation,DQM:@standardDQM --beamspot Realistic50ns13TeVCollision --datatier GEN-SIM-DIGI-RECO,DQMIO --pileup AVE_35_BX_25ns --io FS_ZTT_13_UP15_PU25.io --python FS_ZTT_13_UP15_PU25.py  --conditions 80X_mcRun2_asymptotic_2016_TrancheIV_v2 --fileout file:step1.root  > step1_ZTT_13+FS_ZTT_13_UP15_PU25+HARVESTUP15FS+MINIAODMCUP15FS.log  2>&1
 

# in: /afs/cern.ch/work/p/prebello/private/PAGValidation/TranchIVversion2/CMSSW_8_0_19/src/fastSimPU dryRun for 'cd 25402.0_TTbar_13+FS_TTbar_13_UP15_PU25+HARVESTUP15FS+MINIAODMCUP15FS
 cmsDriver.py step2  --conditions auto:run2_mc -s HARVESTING:validationHarvesting --era Run2_2016 --scenario pp --filetype DQM --mc  --io HARVESTUP15FS.io --python HARVESTUP15FS.py  --conditions 80X_mcRun2_asymptotic_2016_TrancheIV_v2 -n 100  --filein file:step1_inDQM.root --fileout file:step2.root  > step2_TTbar_13+FS_TTbar_13_UP15_PU25+HARVESTUP15FS+MINIAODMCUP15FS.log  2>&1
 

# in: /afs/cern.ch/work/p/prebello/private/PAGValidation/TranchIVversion2/CMSSW_8_0_19/src/fastSimPU dryRun for 'cd 25405.0_ZTT_13+FS_ZTT_13_UP15_PU25+HARVESTUP15FS+MINIAODMCUP15FS
 cmsDriver.py step2  --conditions auto:run2_mc -s HARVESTING:validationHarvesting --era Run2_2016 --scenario pp --filetype DQM --mc  --io HARVESTUP15FS.io --python HARVESTUP15FS.py  --conditions 80X_mcRun2_asymptotic_2016_TrancheIV_v2 -n 100  --filein file:step1_inDQM.root --fileout file:step2.root  > step2_ZTT_13+FS_ZTT_13_UP15_PU25+HARVESTUP15FS+MINIAODMCUP15FS.log  2>&1
 

# in: /afs/cern.ch/work/p/prebello/private/PAGValidation/TranchIVversion2/CMSSW_8_0_19/src/fastSimPU dryRun for 'cd 25403.0_H125GGgluonfusion_13+FS_H125GGgluonfusion_13_UP15_PU25+HARVESTUP15FS+MINIAODMCUP15FS
 cmsDriver.py step2  --conditions auto:run2_mc -s HARVESTING:validationHarvesting --era Run2_2016 --scenario pp --filetype DQM --mc  --io HARVESTUP15FS.io --python HARVESTUP15FS.py  --conditions 80X_mcRun2_asymptotic_2016_TrancheIV_v2 -n 100  --filein file:step1_inDQM.root --fileout file:step2.root  > step2_H125GGgluonfusion_13+FS_H125GGgluonfusion_13_UP15_PU25+HARVESTUP15FS+MINIAODMCUP15FS.log  2>&1
 

# in: /afs/cern.ch/work/p/prebello/private/PAGValidation/TranchIVversion2/CMSSW_8_0_19/src/fastSimPU dryRun for 'cd 25402.0_TTbar_13+FS_TTbar_13_UP15_PU25+HARVESTUP15FS+MINIAODMCUP15FS
 cmsDriver.py step3  --conditions auto:run2_mc --fast  -n 100 --era Run2_2016 --eventcontent MINIAODSIM --runUnscheduled  --filein file:step1.root -s PAT --datatier MINIAODSIM --mc  --io MINIAODMCUP15FS.io --python MINIAODMCUP15FS.py  --conditions 80X_mcRun2_asymptotic_2016_TrancheIV_v2 --fileout file:step3.root  > step3_TTbar_13+FS_TTbar_13_UP15_PU25+HARVESTUP15FS+MINIAODMCUP15FS.log  2>&1
 

# in: /afs/cern.ch/work/p/prebello/private/PAGValidation/TranchIVversion2/CMSSW_8_0_19/src/fastSimPU dryRun for 'cd 25403.0_H125GGgluonfusion_13+FS_H125GGgluonfusion_13_UP15_PU25+HARVESTUP15FS+MINIAODMCUP15FS
 cmsDriver.py step3  --conditions auto:run2_mc --fast  -n 100 --era Run2_2016 --eventcontent MINIAODSIM --runUnscheduled  --filein file:step1.root -s PAT --datatier MINIAODSIM --mc  --io MINIAODMCUP15FS.io --python MINIAODMCUP15FS.py  --conditions 80X_mcRun2_asymptotic_2016_TrancheIV_v2 --fileout file:step3.root  > step3_H125GGgluonfusion_13+FS_H125GGgluonfusion_13_UP15_PU25+HARVESTUP15FS+MINIAODMCUP15FS.log  2>&1
 

# in: /afs/cern.ch/work/p/prebello/private/PAGValidation/TranchIVversion2/CMSSW_8_0_19/src/fastSimPU dryRun for 'cd 25405.0_ZTT_13+FS_ZTT_13_UP15_PU25+HARVESTUP15FS+MINIAODMCUP15FS
 cmsDriver.py step3  --conditions auto:run2_mc --fast  -n 100 --era Run2_2016 --eventcontent MINIAODSIM --runUnscheduled  --filein file:step1.root -s PAT --datatier MINIAODSIM --mc  --io MINIAODMCUP15FS.io --python MINIAODMCUP15FS.py  --conditions 80X_mcRun2_asymptotic_2016_TrancheIV_v2 --fileout file:step3.root  > step3_ZTT_13+FS_ZTT_13_UP15_PU25+HARVESTUP15FS+MINIAODMCUP15FS.log  2>&1
 

Preparing to run 25406.0 ZMM_13+FS_ZMM_13_UP15_PU25+HARVESTUP15FS+MINIAODMCUP15FS

# in: /afs/cern.ch/work/p/prebello/private/PAGValidation/TranchIVversion2/CMSSW_8_0_19/src/fastSimPU dryRun for 'cd 25406.0_ZMM_13+FS_ZMM_13_UP15_PU25+HARVESTUP15FS+MINIAODMCUP15FS
 cmsDriver.py ZMM_13TeV_TuneCUETP8M1_cfi  --conditions auto:run2_mc --pileup_input das:/RelValMinBiasFS_13_ForMixing/CMSSW_8_0_19-80X_mcRun2_asymptotic_2016_TrancheIV_v2_Tr4GT_v2_FastSim-v1/GEN-SIM-RECO --fast  -n 10 --era Run2_2016 --eventcontent FEVTDEBUGHLT,DQM --relval 100000,500 -s GEN,SIM,RECOBEFMIX,DIGI:pdigi_valid,L1,DIGI2RAW,L1Reco,RECO,EI,HLT:@relval2016,VALIDATION:@standardValidation,DQM:@standardDQM --beamspot Realistic50ns13TeVCollision --datatier GEN-SIM-DIGI-RECO,DQMIO --pileup AVE_35_BX_25ns --io FS_ZMM_13_UP15_PU25.io --python FS_ZMM_13_UP15_PU25.py  --conditions 80X_mcRun2_asymptotic_2016_TrancheIV_v2 --fileout file:step1.root  > step1_ZMM_13+FS_ZMM_13_UP15_PU25+HARVESTUP15FS+MINIAODMCUP15FS.log  2>&1
 

Preparing to run 25407.0 NuGun_UP15+FS_NuGun_UP15_UP15_PU25+HARVESTUP15FS+MINIAODMCUP15FS

# in: /afs/cern.ch/work/p/prebello/private/PAGValidation/TranchIVversion2/CMSSW_8_0_19/src/fastSimPU dryRun for 'cd 25407.0_NuGun_UP15+FS_NuGun_UP15_UP15_PU25+HARVESTUP15FS+MINIAODMCUP15FS
 cmsDriver.py SingleNuE10_cfi.py  --conditions auto:run2_mc --pileup_input das:/RelValMinBiasFS_13_ForMixing/CMSSW_8_0_19-80X_mcRun2_asymptotic_2016_TrancheIV_v2_Tr4GT_v2_FastSim-v1/GEN-SIM-RECO --fast  -n 10 --era Run2_2016 --eventcontent FEVTDEBUGHLT,DQM --relval 100000,500 -s GEN,SIM,RECOBEFMIX,DIGI:pdigi_valid,L1,DIGI2RAW,L1Reco,RECO,EI,HLT:@relval2016,VALIDATION:@standardValidation,DQM:@standardDQM --beamspot Realistic50ns13TeVCollision --datatier GEN-SIM-DIGI-RECO,DQMIO --pileup AVE_35_BX_25ns --io FS_NuGun_UP15_UP15_PU25.io --python FS_NuGun_UP15_UP15_PU25.py  --conditions 80X_mcRun2_asymptotic_2016_TrancheIV_v2 --fileout file:step1.root  > step1_NuGun_UP15+FS_NuGun_UP15_UP15_PU25+HARVESTUP15FS+MINIAODMCUP15FS.log  2>&1
 

Preparing to run 25408.0 SMS-T1tttt_mGl-1500_mLSP-100_13+FS_SMS-T1tttt_mGl-1500_mLSP-100_13_UP15_PU25+HARVESTUP15FS+MINIAODMCUP15FS

# in: /afs/cern.ch/work/p/prebello/private/PAGValidation/TranchIVversion2/CMSSW_8_0_19/src/fastSimPU dryRun for 'cd 25408.0_SMS-T1tttt_mGl-1500_mLSP-100_13+FS_SMS-T1tttt_mGl-1500_mLSP-100_13_UP15_PU25+HARVESTUP15FS+MINIAODMCUP15FS
 cmsDriver.py SMS-T1tttt_mGl-1500_mLSP-100_13TeV-pythia8_cfi  --conditions auto:run2_mc --pileup_input das:/RelValMinBiasFS_13_ForMixing/CMSSW_8_0_19-80X_mcRun2_asymptotic_2016_TrancheIV_v2_Tr4GT_v2_FastSim-v1/GEN-SIM-RECO --fast  -n 10 --era Run2_2016 --eventcontent FEVTDEBUGHLT,DQM --relval 100000,500 -s GEN,SIM,RECOBEFMIX,DIGI:pdigi_valid,L1,DIGI2RAW,L1Reco,RECO,EI,HLT:@relval2016,VALIDATION:@standardValidation,DQM:@standardDQM --beamspot Realistic50ns13TeVCollision --datatier GEN-SIM-DIGI-RECO,DQMIO --pileup AVE_35_BX_25ns --io FS_SMS-T1tttt_mGl-1500_mLSP-100_13_UP15_PU25.io --python FS_SMS-T1tttt_mGl-1500_mLSP-100_13_UP15_PU25.py  --conditions 80X_mcRun2_asymptotic_2016_TrancheIV_v2 --fileout file:step1.root  > step1_SMS-T1tttt_mGl-1500_mLSP-100_13+FS_SMS-T1tttt_mGl-1500_mLSP-100_13_UP15_PU25+HARVESTUP15FS+MINIAODMCUP15FS.log  2>&1
 

Preparing to run 25409.0 QCD_FlatPt_15_3000HS_13+FS_QCD_FlatPt_15_3000HS_13_UP15_PU25+HARVESTUP15FS+MINIAODMCUP15FS

# in: /afs/cern.ch/work/p/prebello/private/PAGValidation/TranchIVversion2/CMSSW_8_0_19/src/fastSimPU dryRun for 'cd 25406.0_ZMM_13+FS_ZMM_13_UP15_PU25+HARVESTUP15FS+MINIAODMCUP15FS
 cmsDriver.py step2  --conditions auto:run2_mc -s HARVESTING:validationHarvesting --era Run2_2016 --scenario pp --filetype DQM --mc  --io HARVESTUP15FS.io --python HARVESTUP15FS.py  --conditions 80X_mcRun2_asymptotic_2016_TrancheIV_v2 -n 100  --filein file:step1_inDQM.root --fileout file:step2.root  > step2_ZMM_13+FS_ZMM_13_UP15_PU25+HARVESTUP15FS+MINIAODMCUP15FS.log  2>&1
 

# in: /afs/cern.ch/work/p/prebello/private/PAGValidation/TranchIVversion2/CMSSW_8_0_19/src/fastSimPU dryRun for 'cd 25409.0_QCD_FlatPt_15_3000HS_13+FS_QCD_FlatPt_15_3000HS_13_UP15_PU25+HARVESTUP15FS+MINIAODMCUP15FS
 cmsDriver.py QCDForPF_13TeV_TuneCUETP8M1_cfi  --conditions auto:run2_mc --pileup_input das:/RelValMinBiasFS_13_ForMixing/CMSSW_8_0_19-80X_mcRun2_asymptotic_2016_TrancheIV_v2_Tr4GT_v2_FastSim-v1/GEN-SIM-RECO --fast  -n 10 --era Run2_2016 --eventcontent FEVTDEBUGHLT,DQM --relval 100000,500 -s GEN,SIM,RECOBEFMIX,DIGI:pdigi_valid,L1,DIGI2RAW,L1Reco,RECO,EI,HLT:@relval2016,VALIDATION:@standardValidation,DQM:@standardDQM --beamspot Realistic50ns13TeVCollision --datatier GEN-SIM-DIGI-RECO,DQMIO --pileup AVE_35_BX_25ns --io FS_QCD_FlatPt_15_3000HS_13_UP15_PU25.io --python FS_QCD_FlatPt_15_3000HS_13_UP15_PU25.py  --conditions 80X_mcRun2_asymptotic_2016_TrancheIV_v2 --fileout file:step1.root  > step1_QCD_FlatPt_15_3000HS_13+FS_QCD_FlatPt_15_3000HS_13_UP15_PU25+HARVESTUP15FS+MINIAODMCUP15FS.log  2>&1
 

# in: /afs/cern.ch/work/p/prebello/private/PAGValidation/TranchIVversion2/CMSSW_8_0_19/src/fastSimPU dryRun for 'cd 25407.0_NuGun_UP15+FS_NuGun_UP15_UP15_PU25+HARVESTUP15FS+MINIAODMCUP15FS
 cmsDriver.py step2  --conditions auto:run2_mc -s HARVESTING:validationHarvesting --era Run2_2016 --scenario pp --filetype DQM --mc  --io HARVESTUP15FS.io --python HARVESTUP15FS.py  --conditions 80X_mcRun2_asymptotic_2016_TrancheIV_v2 -n 100  --filein file:step1_inDQM.root --fileout file:step2.root  > step2_NuGun_UP15+FS_NuGun_UP15_UP15_PU25+HARVESTUP15FS+MINIAODMCUP15FS.log  2>&1
 

# in: /afs/cern.ch/work/p/prebello/private/PAGValidation/TranchIVversion2/CMSSW_8_0_19/src/fastSimPU dryRun for 'cd 25408.0_SMS-T1tttt_mGl-1500_mLSP-100_13+FS_SMS-T1tttt_mGl-1500_mLSP-100_13_UP15_PU25+HARVESTUP15FS+MINIAODMCUP15FS
 cmsDriver.py step2  --conditions auto:run2_mc -s HARVESTING:validationHarvesting --era Run2_2016 --scenario pp --filetype DQM --mc  --io HARVESTUP15FS.io --python HARVESTUP15FS.py  --conditions 80X_mcRun2_asymptotic_2016_TrancheIV_v2 -n 100  --filein file:step1_inDQM.root --fileout file:step2.root  > step2_SMS-T1tttt_mGl-1500_mLSP-100_13+FS_SMS-T1tttt_mGl-1500_mLSP-100_13_UP15_PU25+HARVESTUP15FS+MINIAODMCUP15FS.log  2>&1
 

# in: /afs/cern.ch/work/p/prebello/private/PAGValidation/TranchIVversion2/CMSSW_8_0_19/src/fastSimPU dryRun for 'cd 25409.0_QCD_FlatPt_15_3000HS_13+FS_QCD_FlatPt_15_3000HS_13_UP15_PU25+HARVESTUP15FS+MINIAODMCUP15FS
 cmsDriver.py step2  --conditions auto:run2_mc -s HARVESTING:validationHarvesting --era Run2_2016 --scenario pp --filetype DQM --mc  --io HARVESTUP15FS.io --python HARVESTUP15FS.py  --conditions 80X_mcRun2_asymptotic_2016_TrancheIV_v2 -n 100  --filein file:step1_inDQM.root --fileout file:step2.root  > step2_QCD_FlatPt_15_3000HS_13+FS_QCD_FlatPt_15_3000HS_13_UP15_PU25+HARVESTUP15FS+MINIAODMCUP15FS.log  2>&1
 

# in: /afs/cern.ch/work/p/prebello/private/PAGValidation/TranchIVversion2/CMSSW_8_0_19/src/fastSimPU dryRun for 'cd 25407.0_NuGun_UP15+FS_NuGun_UP15_UP15_PU25+HARVESTUP15FS+MINIAODMCUP15FS
 cmsDriver.py step3  --conditions auto:run2_mc --fast  -n 100 --era Run2_2016 --eventcontent MINIAODSIM --runUnscheduled  --filein file:step1.root -s PAT --datatier MINIAODSIM --mc  --io MINIAODMCUP15FS.io --python MINIAODMCUP15FS.py  --conditions 80X_mcRun2_asymptotic_2016_TrancheIV_v2 --fileout file:step3.root  > step3_NuGun_UP15+FS_NuGun_UP15_UP15_PU25+HARVESTUP15FS+MINIAODMCUP15FS.log  2>&1
 

# in: /afs/cern.ch/work/p/prebello/private/PAGValidation/TranchIVversion2/CMSSW_8_0_19/src/fastSimPU dryRun for 'cd 25406.0_ZMM_13+FS_ZMM_13_UP15_PU25+HARVESTUP15FS+MINIAODMCUP15FS
 cmsDriver.py step3  --conditions auto:run2_mc --fast  -n 100 --era Run2_2016 --eventcontent MINIAODSIM --runUnscheduled  --filein file:step1.root -s PAT --datatier MINIAODSIM --mc  --io MINIAODMCUP15FS.io --python MINIAODMCUP15FS.py  --conditions 80X_mcRun2_asymptotic_2016_TrancheIV_v2 --fileout file:step3.root  > step3_ZMM_13+FS_ZMM_13_UP15_PU25+HARVESTUP15FS+MINIAODMCUP15FS.log  2>&1
 

# in: /afs/cern.ch/work/p/prebello/private/PAGValidation/TranchIVversion2/CMSSW_8_0_19/src/fastSimPU dryRun for 'cd 25408.0_SMS-T1tttt_mGl-1500_mLSP-100_13+FS_SMS-T1tttt_mGl-1500_mLSP-100_13_UP15_PU25+HARVESTUP15FS+MINIAODMCUP15FS
 cmsDriver.py step3  --conditions auto:run2_mc --fast  -n 100 --era Run2_2016 --eventcontent MINIAODSIM --runUnscheduled  --filein file:step1.root -s PAT --datatier MINIAODSIM --mc  --io MINIAODMCUP15FS.io --python MINIAODMCUP15FS.py  --conditions 80X_mcRun2_asymptotic_2016_TrancheIV_v2 --fileout file:step3.root  > step3_SMS-T1tttt_mGl-1500_mLSP-100_13+FS_SMS-T1tttt_mGl-1500_mLSP-100_13_UP15_PU25+HARVESTUP15FS+MINIAODMCUP15FS.log  2>&1
 

# in: /afs/cern.ch/work/p/prebello/private/PAGValidation/TranchIVversion2/CMSSW_8_0_19/src/fastSimPU dryRun for 'cd 25409.0_QCD_FlatPt_15_3000HS_13+FS_QCD_FlatPt_15_3000HS_13_UP15_PU25+HARVESTUP15FS+MINIAODMCUP15FS
 cmsDriver.py step3  --conditions auto:run2_mc --fast  -n 100 --era Run2_2016 --eventcontent MINIAODSIM --runUnscheduled  --filein file:step1.root -s PAT --datatier MINIAODSIM --mc  --io MINIAODMCUP15FS.io --python MINIAODMCUP15FS.py  --conditions 80X_mcRun2_asymptotic_2016_TrancheIV_v2 --fileout file:step3.root  > step3_QCD_FlatPt_15_3000HS_13+FS_QCD_FlatPt_15_3000HS_13_UP15_PU25+HARVESTUP15FS+MINIAODMCUP15FS.log  2>&1
 
25400.0_ZEE_13+FS_ZEE_13_UP15_PU25+HARVESTUP15FS+MINIAODMCUP15FS Step0-PASSED Step1-PASSED Step2-PASSED  - time date Mon Sep  5 04:34:27 2016-date Mon Sep  5 04:34:27 2016; exit: 0 0 0
25402.0_TTbar_13+FS_TTbar_13_UP15_PU25+HARVESTUP15FS+MINIAODMCUP15FS Step0-PASSED Step1-PASSED Step2-PASSED  - time date Mon Sep  5 04:34:27 2016-date Mon Sep  5 04:34:27 2016; exit: 0 0 0
25403.0_H125GGgluonfusion_13+FS_H125GGgluonfusion_13_UP15_PU25+HARVESTUP15FS+MINIAODMCUP15FS Step0-PASSED Step1-PASSED Step2-PASSED  - time date Mon Sep  5 04:34:27 2016-date Mon Sep  5 04:34:27 2016; exit: 0 0 0
25405.0_ZTT_13+FS_ZTT_13_UP15_PU25+HARVESTUP15FS+MINIAODMCUP15FS Step0-PASSED Step1-PASSED Step2-PASSED  - time date Mon Sep  5 04:34:27 2016-date Mon Sep  5 04:34:27 2016; exit: 0 0 0
25406.0_ZMM_13+FS_ZMM_13_UP15_PU25+HARVESTUP15FS+MINIAODMCUP15FS Step0-PASSED Step1-PASSED Step2-PASSED  - time date Mon Sep  5 04:34:37 2016-date Mon Sep  5 04:34:37 2016; exit: 0 0 0
25407.0_NuGun_UP15+FS_NuGun_UP15_UP15_PU25+HARVESTUP15FS+MINIAODMCUP15FS Step0-PASSED Step1-PASSED Step2-PASSED  - time date Mon Sep  5 04:34:37 2016-date Mon Sep  5 04:34:37 2016; exit: 0 0 0
25408.0_SMS-T1tttt_mGl-1500_mLSP-100_13+FS_SMS-T1tttt_mGl-1500_mLSP-100_13_UP15_PU25+HARVESTUP15FS+MINIAODMCUP15FS Step0-PASSED Step1-PASSED Step2-PASSED  - time date Mon Sep  5 04:34:37 2016-date Mon Sep  5 04:34:37 2016; exit: 0 0 0
25409.0_QCD_FlatPt_15_3000HS_13+FS_QCD_FlatPt_15_3000HS_13_UP15_PU25+HARVESTUP15FS+MINIAODMCUP15FS Step0-PASSED Step1-PASSED Step2-PASSED  - time date Mon Sep  5 04:34:37 2016-date Mon Sep  5 04:34:37 2016; exit: 0 0 0
8 8 8 tests passed, 0 0 0 failed


	Found wmclient

inspecting 25408.0_SMS-T1tttt_mGl-1500_mLSP-100_13+FS_SMS-T1tttt_mGl-1500_mLSP-100_13_UP15_PU25+HARVESTUP15FS+MINIAODMCUP15FS
inspecting 25409.0_QCD_FlatPt_15_3000HS_13+FS_QCD_FlatPt_15_3000HS_13_UP15_PU25+HARVESTUP15FS+MINIAODMCUP15FS
inspecting 25400.0_ZEE_13+FS_ZEE_13_UP15_PU25+HARVESTUP15FS+MINIAODMCUP15FS
inspecting 25402.0_TTbar_13+FS_TTbar_13_UP15_PU25+HARVESTUP15FS+MINIAODMCUP15FS
inspecting 25403.0_H125GGgluonfusion_13+FS_H125GGgluonfusion_13_UP15_PU25+HARVESTUP15FS+MINIAODMCUP15FS
inspecting 25405.0_ZTT_13+FS_ZTT_13_UP15_PU25+HARVESTUP15FS+MINIAODMCUP15FS
inspecting 25406.0_ZMM_13+FS_ZMM_13_UP15_PU25+HARVESTUP15FS+MINIAODMCUP15FS
inspecting 25407.0_NuGun_UP15+FS_NuGun_UP15_UP15_PU25+HARVESTUP15FS+MINIAODMCUP15FS
Loading 25408.0_SMS-T1tttt_mGl-1500_mLSP-100_13+FS_SMS-T1tttt_mGl-1500_mLSP-100_13_UP15_PU25+HARVESTUP15FS+MINIAODMCUP15FS/FS_SMS-T1tttt_mGl-1500_mLSP-100_13_UP15_PU25.py to https://cmsweb.cern.ch/couchdb for 25408.0FS_SMS-T1tttt_mGl-1500_mLSP-100_13_UP15_PU25
Importing the config, this may take a while...L1Trigger/L1TGlobal/python/StableParameters_cff.py is deprecated, please use GlobalParameters_cff.py instead.
25408.0_SMS-T1tttt_mGl-1500_mLSP-100_13+FS_SMS-T1tttt_mGl-1500_mLSP-100_13_UP15_PU25+HARVESTUP15FS+MINIAODMCUP15FS/FS_SMS-T1tttt_mGl-1500_mLSP-100_13_UP15_PU25.py  uploaded to couchDB for 25408.0 with ID d023256e1c53c0d5393b30072d4bd1e7
Loading 25408.0_SMS-T1tttt_mGl-1500_mLSP-100_13+FS_SMS-T1tttt_mGl-1500_mLSP-100_13_UP15_PU25+HARVESTUP15FS+MINIAODMCUP15FS/MINIAODMCUP15FS.py to https://cmsweb.cern.ch/couchdb for 25408.0MINIAODMCUP15FS
Importing the config, this may take a while...Added 'egmPhotonIDs' to process definition (MiniAOD format)!
25408.0_SMS-T1tttt_mGl-1500_mLSP-100_13+FS_SMS-T1tttt_mGl-1500_mLSP-100_13_UP15_PU25+HARVESTUP15FS+MINIAODMCUP15FS/MINIAODMCUP15FS.py  uploaded to couchDB for 25408.0 with ID d023256e1c53c0d5393b30072d4d6fb1
Loading 25408.0_SMS-T1tttt_mGl-1500_mLSP-100_13+FS_SMS-T1tttt_mGl-1500_mLSP-100_13_UP15_PU25+HARVESTUP15FS+MINIAODMCUP15FS/HARVESTUP15FS.py to https://cmsweb.cern.ch/couchdb for 25408.0harvesting
Importing the config, this may take a while...  ################################################################### 
 # WARNING: this module is deprecated.                             # 
 # Please use CondCore.CondDB.CondDB_cfi.py                        # 
 ################################################################### 
WARNING:  L1Trigger/L1TCommon/python/caloStage1LegacyFormatDigis_cfi.py has been deprecated...
WARNING:  please use L1Trigger/L1TCalorimeter/python/caloStage1LegacyFormatDigis_cfi.py
['HLT_Photon90_CaloIdL_PFHT500', 'HLT_HT430to450', 'DST_HT250_CaloScouting', 'HLT_L2Mu40_NoVertex_3Sta_NoBPTX3BX', 'HLT_MET200', 'HLT_PFMET170_NotCleaned', 'HLT_JetE30_NoBPTX3BX', 'HLT_PFMET170_JetIdCleaned', 'HLT_PFHT550_4JetPt50', 'HLT_Mu27_TkMu8', 'HLT_HT250_DisplacedDijet40_DisplacedTrack', 'HLT_Mu55', 'HLT_Mu50', 'HLT_MonoCentralPFJet80_PFMETNoMu100_PFMHTNoMu100_IDTight', 'HLT_DiCentralPFJet330_CFMax0p5', 'HLT_Photon90_CaloIdL_PFHT600HLT_HT650', 'HLT_PFHT650', 'DST_L1DoubleMu_CaloScouting_PFScouting', 'DST_HT450_PFReco_PFBTagCSVReco_PFScouting', 'HLT_TrkMu15_DoubleTrkMu5NoFiltersNoVtx', 'HLT_Photon42_R9Id85_OR_CaloId24b40e_Iso50T80L_Photon25_AND_HE10_R9Id65_Eta2_Mass15', 'HLT_HT410to430', 'HLT_PFHT750_4JetPt70', 'HLT_HT350_DisplacedDijet40_Inclusive', 'DST_DoubleMu3_Mass10_BTagScouting', 'HLT_HT200_DisplacedDijet40_DisplacedTrack', 'HLT_HT350_DisplacedDijet40_DisplacedTrack', 'HLT_DoublePhoton40', 'DST_L1DoubleMu_BTagScouting', 'HLT_Mu23NoFiltersNoVtx_Photon23_CaloIdL', 'DST_ZeroBias_CaloScouting_PFScouting', 'HLT_HT275', 'HLT_DoubleEle25_CaloIdL_GsfTrkIdVL', 'HLT_PFMETNoMu110_PFMHTNoMu110_IDTight', 'HLT_HT470to500', 'HLT_HT575', 'HLT_Ele105_CaloIdVT_GsfTrkIdT', 'HLT_VBF_DisplacedJet40_VTightID_Hadronic', 'HLT_PFMET170_NoiseCleaned', 'HLT_DoubleMu18NoFiltersNoVtx', 'HLT_MET200_JetIdCleaned', 'HLT_PFHT850_4JetPt50', 'HLT_PFHT550_4Jet', 'HLT_HT550_DisplacedDijet40_Inclusive', 'HLT_PFMET170', 'HLT_MET100', 'HLT_MonoCentralPFJet80_PFMETNoMu110_PFMHTNoMu110_IDTight', 'HLT_Mu38NoFiltersNoVtxDisplaced_DisplacedJet60_Tight', 'HLT_MonoCentralPFJet80_PFMETNoMu120_JetIdCleaned_PFMHTNoMu120_IDTight', 'HLT_DoublePhoton50', 'HLT_Photon36_R9Id85_OR_CaloId24b40e_Iso50T80L_Photon31_AND_HE10_R9Id65_Mass10', 'HLT_TrkMu17_DoubleTrkMu8NoFiltersNoVtx', 'HLT_MET60_IsoTrk35_Loose', 'HLT_VBF_DisplacedJet40_DisplacedTrack', 'HLT_Photon26_R9Id85_OR_CaloId24b40e_Iso50T80L_Photon16_AND_HE10_R9Id65_Mass60', 'HLT_HT450to470', 'DST_HT250_CaloBTagScouting', 'HLT_HT350_DisplacedDijet80_DisplacedTrack', 'DST_CaloJet40_PFReco_PFBTagCSVReco_PFScouting', 'HLT_SingleCentralPFJet170_CFMax0p1', 'HLT_DoubleMu23NoFiltersNoVtxDisplaced', 'HLT_Photon175', 'HLT_PFMETNoMu90_PFMHTNoMu90_IDTight', 'HLT_Ele115_CaloIdVT_GsfTrkIdT', 'DST_HT450_PFScouting', 'HLT_DiCentralPFJet170_CFMax0p1', 'HLT_ECALHT800', 'HLT_JetE70_NoBPTX3BX', 'HLT_Photon26_R9Id85_OR_CaloId24b40e_Iso50T80L_Photon16_AND_HE10_R9Id65_Eta2_Mass60', 'HLT_DoubleEle33_CaloIdL', 'DST_CaloJet40_CaloScouting', 'HLT_HT500to550', 'HLT_PFHT650_4JetPt50', 'HLT_Mu17_Mu8_DZ', 'HLT_Mu28NoFiltersNoVtx_CentralCaloJet40', 'HLT_PFMETNoMu100_PFMHTNoMu100_IDTight', 'HLT_Mu30_TkMu11', 'HLT_Mu38NoFiltersNoVtx_DisplacedJet60_Loose', 'HLT_MonoCentralPFJet80_PFMETNoMu120_PFMHTNoMu120_IDTight', 'HLT_VBF_DisplacedJet40_VTightID_DisplacedTrack', 'HLT_VBF_DisplacedJet40_DisplacedTrack_2TrackIP2DSig5', 'HLT_PFMET170_HBHECleaned', 'DST_ZeroBias_BTagScouting', 'HLT_L2Mu10_NoVertex_NoBPTX', 'HLT_DoubleMu28NoFiltersNoVtxDisplaced', 'HLT_JetE30_NoBPTX', 'HLT_CaloJet500_NoJetID', 'DST_L1HTT_BTagScouting', 'HLT_VBF_DisplacedJet40_Hadronic', 'HLT_DoubleEle33_CaloIdL_GsfTrkIdVL', 'HLT_L2DoubleMu28_NoVertex_2Cha_Angle2p5_Mass10', 'HLT_PFHT750_4JetPt80', 'HLT_DiCentralPFJet170', 'HLT_HT550to650', 'HLT_MonoCentralPFJet80_PFMETNoMu90_PFMHTNoMu90_IDTight', 'HLT_DoubleMu33NoFiltersNoVtx', 'HLT_HT750_DisplacedDijet80_Inclusive', 'HLT_HT350_DisplacedDijet80_Tight_DisplacedTrack', 'HLT_Mu28NoFiltersNoVtxDisplaced_Photon28_CaloIdL', 'HLT_PFMETNoMu120_PFMHTNoMu120_IDTight', 'HLT_Photon150', 'HLT_HT200', 'HLT_Dimuon0_Jpsi_Muon', 'HLT_L2DoubleMu38_NoVertex_2Cha_Angle2p5_Mass10', 'HLT_DoubleEle33_25408.0_SMS-T1tttt_mGl-1500_mLSP-100_13+FS_SMS-T1tttt_mGl-1500_mLSP-100_13_UP15_PU25+HARVESTUP15FS+MINIAODMCUP15FS/HARVESTUP15FS.py uploaded to couchDB for 25408.0 with ID d023256e1c53c0d5393b30072d4d738c
Loading 25409.0_QCD_FlatPt_15_3000HS_13+FS_QCD_FlatPt_15_3000HS_13_UP15_PU25+HARVESTUP15FS+MINIAODMCUP15FS/FS_QCD_FlatPt_15_3000HS_13_UP15_PU25.py to https://cmsweb.cern.ch/couchdb for 25409.0FS_QCD_FlatPt_15_3000HS_13_UP15_PU25
Importing the config, this may take a while...L1Trigger/L1TGlobal/python/StableParameters_cff.py is deprecated, please use GlobalParameters_cff.py instead.
25409.0_QCD_FlatPt_15_3000HS_13+FS_QCD_FlatPt_15_3000HS_13_UP15_PU25+HARVESTUP15FS+MINIAODMCUP15FS/FS_QCD_FlatPt_15_3000HS_13_UP15_PU25.py  uploaded to couchDB for 25409.0 with ID d023256e1c53c0d5393b30072d4e6072
Not re-uploading 25409.0_QCD_FlatPt_15_3000HS_13+FS_QCD_FlatPt_15_3000HS_13_UP15_PU25+HARVESTUP15FS+MINIAODMCUP15FS/MINIAODMCUP15FS.py to https://cmsweb.cern.ch/couchdb for 25409.0MINIAODMCUP15FS
25409.0_QCD_FlatPt_15_3000HS_13+FS_QCD_FlatPt_15_3000HS_13_UP15_PU25+HARVESTUP15FS+MINIAODMCUP15FS/MINIAODMCUP15FS.py  uploaded to couchDB for 25409.0 with ID d023256e1c53c0d5393b30072d4d6fb1
Not re-uploading 25409.0_QCD_FlatPt_15_3000HS_13+FS_QCD_FlatPt_15_3000HS_13_UP15_PU25+HARVESTUP15FS+MINIAODMCUP15FS/HARVESTUP15FS.py to https://cmsweb.cern.ch/couchdb for 25409.0harvesting
25409.0_QCD_FlatPt_15_3000HS_13+FS_QCD_FlatPt_15_3000HS_13_UP15_PU25+HARVESTUP15FS+MINIAODMCUP15FS/HARVESTUP15FS.py uploaded to couchDB for 25409.0 with ID d023256e1c53c0d5393b30072d4d738c
Loading 25400.0_ZEE_13+FS_ZEE_13_UP15_PU25+HARVESTUP15FS+MINIAODMCUP15FS/FS_ZEE_13_UP15_PU25.py to https://cmsweb.cern.ch/couchdb for 25400.0FS_ZEE_13_UP15_PU25
Importing the config, this may take a while...L1Trigger/L1TGlobal/python/StableParameters_cff.py is deprecated, please use GlobalParameters_cff.py instead.
25400.0_ZEE_13+FS_ZEE_13_UP15_PU25+HARVESTUP15FS+MINIAODMCUP15FS/FS_ZEE_13_UP15_PU25.py  uploaded to couchDB for 25400.0 with ID d023256e1c53c0d5393b30072d4ef1c6
Not re-uploading 25400.0_ZEE_13+FS_ZEE_13_UP15_PU25+HARVESTUP15FS+MINIAODMCUP15FS/MINIAODMCUP15FS.py to https://cmsweb.cern.ch/couchdb for 25400.0MINIAODMCUP15FS
25400.0_ZEE_13+FS_ZEE_13_UP15_PU25+HARVESTUP15FS+MINIAODMCUP15FS/MINIAODMCUP15FS.py  uploaded to couchDB for 25400.0 with ID d023256e1c53c0d5393b30072d4d6fb1
Not re-uploading 25400.0_ZEE_13+FS_ZEE_13_UP15_PU25+HARVESTUP15FS+MINIAODMCUP15FS/HARVESTUP15FS.py to https://cmsweb.cern.ch/couchdb for 25400.0harvesting
25400.0_ZEE_13+FS_ZEE_13_UP15_PU25+HARVESTUP15FS+MINIAODMCUP15FS/HARVESTUP15FS.py uploaded to couchDB for 25400.0 with ID d023256e1c53c0d5393b30072d4d738c
Loading 25402.0_TTbar_13+FS_TTbar_13_UP15_PU25+HARVESTUP15FS+MINIAODMCUP15FS/FS_TTbar_13_UP15_PU25.py to https://cmsweb.cern.ch/couchdb for 25402.0FS_TTbar_13_UP15_PU25
Importing the config, this may take a while...L1Trigger/L1TGlobal/python/StableParameters_cff.py is deprecated, please use GlobalParameters_cff.py instead.
25402.0_TTbar_13+FS_TTbar_13_UP15_PU25+HARVESTUP15FS+MINIAODMCUP15FS/FS_TTbar_13_UP15_PU25.py  uploaded to couchDB for 25402.0 with ID d023256e1c53c0d5393b30072d4f7cbb
Not re-uploading 25402.0_TTbar_13+FS_TTbar_13_UP15_PU25+HARVESTUP15FS+MINIAODMCUP15FS/MINIAODMCUP15FS.py to https://cmsweb.cern.ch/couchdb for 25402.0MINIAODMCUP15FS
25402.0_TTbar_13+FS_TTbar_13_UP15_PU25+HARVESTUP15FS+MINIAODMCUP15FS/MINIAODMCUP15FS.py  uploaded to couchDB for 25402.0 with ID d023256e1c53c0d5393b30072d4d6fb1
Not re-uploading 25402.0_TTbar_13+FS_TTbar_13_UP15_PU25+HARVESTUP15FS+MINIAODMCUP15FS/HARVESTUP15FS.py to https://cmsweb.cern.ch/couchdb for 25402.0harvesting
25402.0_TTbar_13+FS_TTbar_13_UP15_PU25+HARVESTUP15FS+MINIAODMCUP15FS/HARVESTUP15FS.py uploaded to couchDB for 25402.0 with ID d023256e1c53c0d5393b30072d4d738c
Loading 25403.0_H125GGgluonfusion_13+FS_H125GGgluonfusion_13_UP15_PU25+HARVESTUP15FS+MINIAODMCUP15FS/FS_H125GGgluonfusion_13_UP15_PU25.py to https://cmsweb.cern.ch/couchdb for 25403.0FS_H125GGgluonfusion_13_UP15_PU25
Importing the config, this may take a while...L1Trigger/L1TGlobal/python/StableParameters_cff.py is deprecated, please use GlobalParameters_cff.py instead.
25403.0_H125GGgluonfusion_13+FS_H125GGgluonfusion_13_UP15_PU25+HARVESTUP15FS+MINIAODMCUP15FS/FS_H125GGgluonfusion_13_UP15_PU25.py  uploaded to couchDB for 25403.0 with ID d023256e1c53c0d5393b30072d5460d8
Not re-uploading 25403.0_H125GGgluonfusion_13+FS_H125GGgluonfusion_13_UP15_PU25+HARVESTUP15FS+MINIAODMCUP15FS/MINIAODMCUP15FS.py to https://cmsweb.cern.ch/couchdb for 25403.0MINIAODMCUP15FS
25403.0_H125GGgluonfusion_13+FS_H125GGgluonfusion_13_UP15_PU25+HARVESTUP15FS+MINIAODMCUP15FS/MINIAODMCUP15FS.py  uploaded to couchDB for 25403.0 with ID d023256e1c53c0d5393b30072d4d6fb1
Not re-uploading 25403.0_H125GGgluonfusion_13+FS_H125GGgluonfusion_13_UP15_PU25+HARVESTUP15FS+MINIAODMCUP15FS/HARVESTUP15FS.py to https://cmsweb.cern.ch/couchdb for 25403.0harvesting
25403.0_H125GGgluonfusion_13+FS_H125GGgluonfusion_13_UP15_PU25+HARVESTUP15FS+MINIAODMCUP15FS/HARVESTUP15FS.py uploaded to couchDB for 25403.0 with ID d023256e1c53c0d5393b30072d4d738c
Loading 25405.0_ZTT_13+FS_ZTT_13_UP15_PU25+HARVESTUP15FS+MINIAODMCUP15FS/FS_ZTT_13_UP15_PU25.py to https://cmsweb.cern.ch/couchdb for 25405.0FS_ZTT_13_UP15_PU25
Importing the config, this may take a while...L1Trigger/L1TGlobal/python/StableParameters_cff.py is deprecated, please use GlobalParameters_cff.py instead.
25405.0_ZTT_13+FS_ZTT_13_UP15_PU25+HARVESTUP15FS+MINIAODMCUP15FS/FS_ZTT_13_UP15_PU25.py  uploaded to couchDB for 25405.0 with ID d023256e1c53c0d5393b30072d559924
Not re-uploading 25405.0_ZTT_13+FS_ZTT_13_UP15_PU25+HARVESTUP15FS+MINIAODMCUP15FS/MINIAODMCUP15FS.py to https://cmsweb.cern.ch/couchdb for 25405.0MINIAODMCUP15FS
25405.0_ZTT_13+FS_ZTT_13_UP15_PU25+HARVESTUP15FS+MINIAODMCUP15FS/MINIAODMCUP15FS.py  uploaded to couchDB for 25405.0 with ID d023256e1c53c0d5393b30072d4d6fb1
Not re-uploading 25405.0_ZTT_13+FS_ZTT_13_UP15_PU25+HARVESTUP15FS+MINIAODMCUP15FS/HARVESTUP15FS.py to https://cmsweb.cern.ch/couchdb for 25405.0harvesting
25405.0_ZTT_13+FS_ZTT_13_UP15_PU25+HARVESTUP15FS+MINIAODMCUP15FS/HARVESTUP15FS.py uploaded to couchDB for 25405.0 with ID d023256e1c53c0d5393b30072d4d738c
Loading 25406.0_ZMM_13+FS_ZMM_13_UP15_PU25+HARVESTUP15FS+MINIAODMCUP15FS/FS_ZMM_13_UP15_PU25.py to https://cmsweb.cern.ch/couchdb for 25406.0FS_ZMM_13_UP15_PU25
Importing the config, this may take a while...L1Trigger/L1TGlobal/python/StableParameters_cff.py is deprecated, please use GlobalParameters_cff.py instead.
25406.0_ZMM_13+FS_ZMM_13_UP15_PU25+HARVESTUP15FS+MINIAODMCUP15FS/FS_ZMM_13_UP15_PU25.py  uploaded to couchDB for 25406.0 with ID d023256e1c53c0d5393b30072d56ff6c
Not re-uploading 25406.0_ZMM_13+FS_ZMM_13_UP15_PU25+HARVESTUP15FS+MINIAODMCUP15FS/MINIAODMCUP15FS.py to https://cmsweb.cern.ch/couchdb for 25406.0MINIAODMCUP15FS
25406.0_ZMM_13+FS_ZMM_13_UP15_PU25+HARVESTUP15FS+MINIAODMCUP15FS/MINIAODMCUP15FS.py  uploaded to couchDB for 25406.0 with ID d023256e1c53c0d5393b30072d4d6fb1
Not re-uploading 25406.0_ZMM_13+FS_ZMM_13_UP15_PU25+HARVESTUP15FS+MINIAODMCUP15FS/HARVESTUP15FS.py to https://cmsweb.cern.ch/couchdb for 25406.0harvesting
25406.0_ZMM_13+FS_ZMM_13_UP15_PU25+HARVESTUP15FS+MINIAODMCUP15FS/HARVESTUP15FS.py uploaded to couchDB for 25406.0 with ID d023256e1c53c0d5393b30072d4d738c
Loading 25407.0_NuGun_UP15+FS_NuGun_UP15_UP15_PU25+HARVESTUP15FS+MINIAODMCUP15FS/FS_NuGun_UP15_UP15_PU25.py to https://cmsweb.cern.ch/couchdb for 25407.0FS_NuGun_UP15_UP15_PU25
Importing the config, this may take a while...L1Trigger/L1TGlobal/python/StableParameters_cff.py is deprecated, please use GlobalParameters_cff.py instead.
25407.0_NuGun_UP15+FS_NuGun_UP15_UP15_PU25+HARVESTUP15FS+MINIAODMCUP15FS/FS_NuGun_UP15_UP15_PU25.py  uploaded to couchDB for 25407.0 with ID d023256e1c53c0d5393b30072d5818f5
Not re-uploading 25407.0_NuGun_UP15+FS_NuGun_UP15_UP15_PU25+HARVESTUP15FS+MINIAODMCUP15FS/MINIAODMCUP15FS.py to https://cmsweb.cern.ch/couchdb for 25407.0MINIAODMCUP15FS
25407.0_NuGun_UP15+FS_NuGun_UP15_UP15_PU25+HARVESTUP15FS+MINIAODMCUP15FS/MINIAODMCUP15FS.py  uploaded to couchDB for 25407.0 with ID d023256e1c53c0d5393b30072d4d6fb1
Not re-uploading 25407.0_NuGun_UP15+FS_NuGun_UP15_UP15_PU25+HARVESTUP15FS+MINIAODMCUP15FS/HARVESTUP15FS.py to https://cmsweb.cern.ch/couchdb for 25407.0harvesting
25407.0_NuGun_UP15+FS_NuGun_UP15_UP15_PU25+HARVESTUP15FS+MINIAODMCUP15FS/HARVESTUP15FS.py uploaded to couchDB for 25407.0 with ID d023256e1c53c0d5393b30072d4d738c

	Found wmcontrol

For eyes before submitting 25408.0
{'CMSSWVersion': 'CMSSW_8_0_19',
 'Campaign': 'CMSSW_8_0_19',
 'ConfigCacheURL': 'https://cmsweb.cern.ch/couchdb',
 'CouchURL': 'https://cmsweb.cern.ch/couchdb',
 'DQMConfigCacheID': 'd023256e1c53c0d5393b30072d4d738c',
 'DQMUploadUrl': 'https://cmsweb.cern.ch/dqm/relval',
 'DbsUrl': 'https://cmsweb.cern.ch/dbs/prod/global/DBSReader',
 'EnableHarvesting': 'True',
 'GlobalTag': u'80X_mcRun2_asymptotic_2016_TrancheIV_v2',
 'Group': 'ppd',
 'Memory': 3000,
 'Multicore': 1,
 'ProcessingVersion': 1,
 'RequestPriority': 500000,
 'RequestString': 'RVCMSSW_8_0_19SMS-T1tttt_mGl-1500_mLSP-100_13_PU25ns__Tr4GT_v2_FastSim',
 'RequestType': 'TaskChain',
 'Requestor': 'prebello',
 'ScramArch': 'slc6_amd64_gcc530',
 'SizePerEvent': 1234,
 'SubRequestType': 'RelVal',
 'Task1': {'AcquisitionEra': 'CMSSW_8_0_19',
           'ConfigCacheID': 'd023256e1c53c0d5393b30072d4bd1e7',
           'EventsPerJob': 500,
           'GlobalTag': u'80X_mcRun2_asymptotic_2016_TrancheIV_v2',
           'KeepOutput': True,
           'MCPileup': u'/RelValMinBiasFS_13_ForMixing/CMSSW_8_0_19-80X_mcRun2_asymptotic_2016_TrancheIV_v2_Tr4GT_v2_FastSim-v1/GEN-SIM-RECO',
           'Memory': 3000,
           'Multicore': 1,
           'PrimaryDataset': 'RelValSMS-T1tttt_mGl-1500_mLSP-100_13',
           'ProcessingString': u'PU25ns_80X_mcRun2_asymptotic_2016_TrancheIV_v2_Tr4GT_v2_FastSim',
           'RequestNumEvents': 100000,
           'Seeding': 'AutomaticSeeding',
           'SplittingAlgo': 'EventBased',
           'TaskName': 'FS_SMS-T1tttt_mGl-1500_mLSP-100_13_UP15_PU25'},
 'Task2': {'AcquisitionEra': 'CMSSW_8_0_19',
           'ConfigCacheID': 'd023256e1c53c0d5393b30072d4d6fb1',
           'GlobalTag': u'80X_mcRun2_asymptotic_2016_TrancheIV_v2',
           'InputFromOutputModule': u'FEVTDEBUGHLToutput',
           'InputTask': 'FS_SMS-T1tttt_mGl-1500_mLSP-100_13_UP15_PU25',
           'KeepOutput': True,
           'LumisPerJob': 10,
           'Memory': 3000,
           'Multicore': 1,
           'ProcessingString': u'PU25ns_80X_mcRun2_asymptotic_2016_TrancheIV_v2_Tr4GT_v2_FastSim',
           'SplittingAlgo': 'LumiBased',
           'TaskName': 'MINIAODMCUP15FS'},
 'TaskChain': 2,
 'TimePerEvent': 0.1,
 'dashboardActivity': 'relval',
 'mergedLFNBase': '/store/relval',
 'unmergedLFNBase': '/store/unmerged'}
None
Submitting 25408.0 ...........
It seemslike the name of the GT '80X_mcRun2_asymptotic_2016_TrancheIV_v2' has a typo in it, missing the final ::All which will crash your job. If insted you're using CondDBv2, you're fine.
Will do POST request to:cmsweb.cern.ch/reqmgr2/data/request
Injected workflow: prebello_RVCMSSW_8_0_19SMS-T1tttt_mGl-1500_mLSP-100_13_PU25ns__Tr4GT_v2_FastSim_160905_045236_7847
Approved workflow: prebello_RVCMSSW_8_0_19SMS-T1tttt_mGl-1500_mLSP-100_13_PU25ns__Tr4GT_v2_FastSim_160905_045236_7847
........... 25408.0 submitted
For eyes before submitting 25409.0
{'CMSSWVersion': 'CMSSW_8_0_19',
 'Campaign': 'CMSSW_8_0_19',
 'ConfigCacheURL': 'https://cmsweb.cern.ch/couchdb',
 'CouchURL': 'https://cmsweb.cern.ch/couchdb',
 'DQMConfigCacheID': 'd023256e1c53c0d5393b30072d4d738c',
 'DQMUploadUrl': 'https://cmsweb.cern.ch/dqm/relval',
 'DbsUrl': 'https://cmsweb.cern.ch/dbs/prod/global/DBSReader',
 'EnableHarvesting': 'True',
 'GlobalTag': u'80X_mcRun2_asymptotic_2016_TrancheIV_v2',
 'Group': 'ppd',
 'Memory': 3000,
 'Multicore': 1,
 'ProcessingVersion': 1,
 'RequestPriority': 500000,
 'RequestString': 'RVCMSSW_8_0_19QCD_FlatPt_15_3000HS_13_PU25ns__Tr4GT_v2_FastSim',
 'RequestType': 'TaskChain',
 'Requestor': 'prebello',
 'ScramArch': 'slc6_amd64_gcc530',
 'SizePerEvent': 1234,
 'SubRequestType': 'RelVal',
 'Task1': {'AcquisitionEra': 'CMSSW_8_0_19',
           'ConfigCacheID': 'd023256e1c53c0d5393b30072d4e6072',
           'EventsPerJob': 500,
           'GlobalTag': u'80X_mcRun2_asymptotic_2016_TrancheIV_v2',
           'KeepOutput': True,
           'MCPileup': u'/RelValMinBiasFS_13_ForMixing/CMSSW_8_0_19-80X_mcRun2_asymptotic_2016_TrancheIV_v2_Tr4GT_v2_FastSim-v1/GEN-SIM-RECO',
           'Memory': 3000,
           'Multicore': 1,
           'PrimaryDataset': 'RelValQCD_FlatPt_15_3000HS_13',
           'ProcessingString': u'PU25ns_80X_mcRun2_asymptotic_2016_TrancheIV_v2_Tr4GT_v2_FastSim',
           'RequestNumEvents': 100000,
           'Seeding': 'AutomaticSeeding',
           'SplittingAlgo': 'EventBased',
           'TaskName': 'FS_QCD_FlatPt_15_3000HS_13_UP15_PU25'},
 'Task2': {'AcquisitionEra': 'CMSSW_8_0_19',
           'ConfigCacheID': 'd023256e1c53c0d5393b30072d4d6fb1',
           'GlobalTag': u'80X_mcRun2_asymptotic_2016_TrancheIV_v2',
           'InputFromOutputModule': u'FEVTDEBUGHLToutput',
           'InputTask': 'FS_QCD_FlatPt_15_3000HS_13_UP15_PU25',
           'KeepOutput': True,
           'LumisPerJob': 10,
           'Memory': 3000,
           'Multicore': 1,
           'ProcessingString': u'PU25ns_80X_mcRun2_asymptotic_2016_TrancheIV_v2_Tr4GT_v2_FastSim',
           'SplittingAlgo': 'LumiBased',
           'TaskName': 'MINIAODMCUP15FS'},
 'TaskChain': 2,
 'TimePerEvent': 0.1,
 'dashboardActivity': 'relval',
 'mergedLFNBase': '/store/relval',
 'unmergedLFNBase': '/store/unmerged'}
None
Submitting 25409.0 ...........
It seemslike the name of the GT '80X_mcRun2_asymptotic_2016_TrancheIV_v2' has a typo in it, missing the final ::All which will crash your job. If insted you're using CondDBv2, you're fine.
Will do POST request to:cmsweb.cern.ch/reqmgr2/data/request
Injected workflow: prebello_RVCMSSW_8_0_19QCD_FlatPt_15_3000HS_13_PU25ns__Tr4GT_v2_FastSim_160905_045246_9824
Approved workflow: prebello_RVCMSSW_8_0_19QCD_FlatPt_15_3000HS_13_PU25ns__Tr4GT_v2_FastSim_160905_045246_9824
........... 25409.0 submitted
For eyes before submitting 25400.0
{'CMSSWVersion': 'CMSSW_8_0_19',
 'Campaign': 'CMSSW_8_0_19',
 'ConfigCacheURL': 'https://cmsweb.cern.ch/couchdb',
 'CouchURL': 'https://cmsweb.cern.ch/couchdb',
 'DQMConfigCacheID': 'd023256e1c53c0d5393b30072d4d738c',
 'DQMUploadUrl': 'https://cmsweb.cern.ch/dqm/relval',
 'DbsUrl': 'https://cmsweb.cern.ch/dbs/prod/global/DBSReader',
 'EnableHarvesting': 'True',
 'GlobalTag': u'80X_mcRun2_asymptotic_2016_TrancheIV_v2',
 'Group': 'ppd',
 'Memory': 3000,
 'Multicore': 1,
 'ProcessingVersion': 1,
 'RequestPriority': 500000,
 'RequestString': 'RVCMSSW_8_0_19ZEE_13_PU25ns__Tr4GT_v2_FastSim',
 'RequestType': 'TaskChain',
 'Requestor': 'prebello',
 'ScramArch': 'slc6_amd64_gcc530',
 'SizePerEvent': 1234,
 'SubRequestType': 'RelVal',
 'Task1': {'AcquisitionEra': 'CMSSW_8_0_19',
           'ConfigCacheID': 'd023256e1c53c0d5393b30072d4ef1c6',
           'EventsPerJob': 500,
           'GlobalTag': u'80X_mcRun2_asymptotic_2016_TrancheIV_v2',
           'KeepOutput': True,
           'MCPileup': u'/RelValMinBiasFS_13_ForMixing/CMSSW_8_0_19-80X_mcRun2_asymptotic_2016_TrancheIV_v2_Tr4GT_v2_FastSim-v1/GEN-SIM-RECO',
           'Memory': 3000,
           'Multicore': 1,
           'PrimaryDataset': 'RelValZEE_13',
           'ProcessingString': u'PU25ns_80X_mcRun2_asymptotic_2016_TrancheIV_v2_Tr4GT_v2_FastSim',
           'RequestNumEvents': 100000,
           'Seeding': 'AutomaticSeeding',
           'SplittingAlgo': 'EventBased',
           'TaskName': 'FS_ZEE_13_UP15_PU25'},
 'Task2': {'AcquisitionEra': 'CMSSW_8_0_19',
           'ConfigCacheID': 'd023256e1c53c0d5393b30072d4d6fb1',
           'GlobalTag': u'80X_mcRun2_asymptotic_2016_TrancheIV_v2',
           'InputFromOutputModule': u'FEVTDEBUGHLToutput',
           'InputTask': 'FS_ZEE_13_UP15_PU25',
           'KeepOutput': True,
           'LumisPerJob': 10,
           'Memory': 3000,
           'Multicore': 1,
           'ProcessingString': u'PU25ns_80X_mcRun2_asymptotic_2016_TrancheIV_v2_Tr4GT_v2_FastSim',
           'SplittingAlgo': 'LumiBased',
           'TaskName': 'MINIAODMCUP15FS'},
 'TaskChain': 2,
 'TimePerEvent': 0.1,
 'dashboardActivity': 'relval',
 'mergedLFNBase': '/store/relval',
 'unmergedLFNBase': '/store/unmerged'}
None
Submitting 25400.0 ...........
It seemslike the name of the GT '80X_mcRun2_asymptotic_2016_TrancheIV_v2' has a typo in it, missing the final ::All which will crash your job. If insted you're using CondDBv2, you're fine.
Will do POST request to:cmsweb.cern.ch/reqmgr2/data/request
Injected workflow: prebello_RVCMSSW_8_0_19ZEE_13_PU25ns__Tr4GT_v2_FastSim_160905_045254_7851
Approved workflow: prebello_RVCMSSW_8_0_19ZEE_13_PU25ns__Tr4GT_v2_FastSim_160905_045254_7851
........... 25400.0 submitted
For eyes before submitting 25402.0
{'CMSSWVersion': 'CMSSW_8_0_19',
 'Campaign': 'CMSSW_8_0_19',
 'ConfigCacheURL': 'https://cmsweb.cern.ch/couchdb',
 'CouchURL': 'https://cmsweb.cern.ch/couchdb',
 'DQMConfigCacheID': 'd023256e1c53c0d5393b30072d4d738c',
 'DQMUploadUrl': 'https://cmsweb.cern.ch/dqm/relval',
 'DbsUrl': 'https://cmsweb.cern.ch/dbs/prod/global/DBSReader',
 'EnableHarvesting': 'True',
 'GlobalTag': u'80X_mcRun2_asymptotic_2016_TrancheIV_v2',
 'Group': 'ppd',
 'Memory': 3000,
 'Multicore': 1,
 'ProcessingVersion': 1,
 'RequestPriority': 500000,
 'RequestString': 'RVCMSSW_8_0_19TTbar_13_PU25ns__Tr4GT_v2_FastSim',
 'RequestType': 'TaskChain',
 'Requestor': 'prebello',
 'ScramArch': 'slc6_amd64_gcc530',
 'SizePerEvent': 1234,
 'SubRequestType': 'RelVal',
 'Task1': {'AcquisitionEra': 'CMSSW_8_0_19',
           'ConfigCacheID': 'd023256e1c53c0d5393b30072d4f7cbb',
           'EventsPerJob': 500,
           'GlobalTag': u'80X_mcRun2_asymptotic_2016_TrancheIV_v2',
           'KeepOutput': True,
           'MCPileup': u'/RelValMinBiasFS_13_ForMixing/CMSSW_8_0_19-80X_mcRun2_asymptotic_2016_TrancheIV_v2_Tr4GT_v2_FastSim-v1/GEN-SIM-RECO',
           'Memory': 3000,
           'Multicore': 1,
           'PrimaryDataset': 'RelValTTbar_13',
           'ProcessingString': u'PU25ns_80X_mcRun2_asymptotic_2016_TrancheIV_v2_Tr4GT_v2_FastSim',
           'RequestNumEvents': 100000,
           'Seeding': 'AutomaticSeeding',
           'SplittingAlgo': 'EventBased',
           'TaskName': 'FS_TTbar_13_UP15_PU25'},
 'Task2': {'AcquisitionEra': 'CMSSW_8_0_19',
           'ConfigCacheID': 'd023256e1c53c0d5393b30072d4d6fb1',
           'GlobalTag': u'80X_mcRun2_asymptotic_2016_TrancheIV_v2',
           'InputFromOutputModule': u'FEVTDEBUGHLToutput',
           'InputTask': 'FS_TTbar_13_UP15_PU25',
           'KeepOutput': True,
           'LumisPerJob': 10,
           'Memory': 3000,
           'Multicore': 1,
           'ProcessingString': u'PU25ns_80X_mcRun2_asymptotic_2016_TrancheIV_v2_Tr4GT_v2_FastSim',
           'SplittingAlgo': 'LumiBased',
           'TaskName': 'MINIAODMCUP15FS'},
 'TaskChain': 2,
 'TimePerEvent': 0.1,
 'dashboardActivity': 'relval',
 'mergedLFNBase': '/store/relval',
 'unmergedLFNBase': '/store/unmerged'}
None
Submitting 25402.0 ...........
It seemslike the name of the GT '80X_mcRun2_asymptotic_2016_TrancheIV_v2' has a typo in it, missing the final ::All which will crash your job. If insted you're using CondDBv2, you're fine.
Will do POST request to:cmsweb.cern.ch/reqmgr2/data/request
Injected workflow: prebello_RVCMSSW_8_0_19TTbar_13_PU25ns__Tr4GT_v2_FastSim_160905_045305_5300
Approved workflow: prebello_RVCMSSW_8_0_19TTbar_13_PU25ns__Tr4GT_v2_FastSim_160905_045305_5300
........... 25402.0 submitted
For eyes before submitting 25403.0
{'CMSSWVersion': 'CMSSW_8_0_19',
 'Campaign': 'CMSSW_8_0_19',
 'ConfigCacheURL': 'https://cmsweb.cern.ch/couchdb',
 'CouchURL': 'https://cmsweb.cern.ch/couchdb',
 'DQMConfigCacheID': 'd023256e1c53c0d5393b30072d4d738c',
 'DQMUploadUrl': 'https://cmsweb.cern.ch/dqm/relval',
 'DbsUrl': 'https://cmsweb.cern.ch/dbs/prod/global/DBSReader',
 'EnableHarvesting': 'True',
 'GlobalTag': u'80X_mcRun2_asymptotic_2016_TrancheIV_v2',
 'Group': 'ppd',
 'Memory': 3000,
 'Multicore': 1,
 'ProcessingVersion': 1,
 'RequestPriority': 500000,
 'RequestString': 'RVCMSSW_8_0_19H125GGgluonfusion_13_PU25ns__Tr4GT_v2_FastSim',
 'RequestType': 'TaskChain',
 'Requestor': 'prebello',
 'ScramArch': 'slc6_amd64_gcc530',
 'SizePerEvent': 1234,
 'SubRequestType': 'RelVal',
 'Task1': {'AcquisitionEra': 'CMSSW_8_0_19',
           'ConfigCacheID': 'd023256e1c53c0d5393b30072d5460d8',
           'EventsPerJob': 500,
           'GlobalTag': u'80X_mcRun2_asymptotic_2016_TrancheIV_v2',
           'KeepOutput': True,
           'MCPileup': u'/RelValMinBiasFS_13_ForMixing/CMSSW_8_0_19-80X_mcRun2_asymptotic_2016_TrancheIV_v2_Tr4GT_v2_FastSim-v1/GEN-SIM-RECO',
           'Memory': 3000,
           'Multicore': 1,
           'PrimaryDataset': 'RelValH125GGgluonfusion_13',
           'ProcessingString': u'PU25ns_80X_mcRun2_asymptotic_2016_TrancheIV_v2_Tr4GT_v2_FastSim',
           'RequestNumEvents': 100000,
           'Seeding': 'AutomaticSeeding',
           'SplittingAlgo': 'EventBased',
           'TaskName': 'FS_H125GGgluonfusion_13_UP15_PU25'},
 'Task2': {'AcquisitionEra': 'CMSSW_8_0_19',
           'ConfigCacheID': 'd023256e1c53c0d5393b30072d4d6fb1',
           'GlobalTag': u'80X_mcRun2_asymptotic_2016_TrancheIV_v2',
           'InputFromOutputModule': u'FEVTDEBUGHLToutput',
           'InputTask': 'FS_H125GGgluonfusion_13_UP15_PU25',
           'KeepOutput': True,
           'LumisPerJob': 10,
           'Memory': 3000,
           'Multicore': 1,
           'ProcessingString': u'PU25ns_80X_mcRun2_asymptotic_2016_TrancheIV_v2_Tr4GT_v2_FastSim',
           'SplittingAlgo': 'LumiBased',
           'TaskName': 'MINIAODMCUP15FS'},
 'TaskChain': 2,
 'TimePerEvent': 0.1,
 'dashboardActivity': 'relval',
 'mergedLFNBase': '/store/relval',
 'unmergedLFNBase': '/store/unmerged'}
None
Submitting 25403.0 ...........
It seemslike the name of the GT '80X_mcRun2_asymptotic_2016_TrancheIV_v2' has a typo in it, missing the final ::All which will crash your job. If insted you're using CondDBv2, you're fine.
Will do POST request to:cmsweb.cern.ch/reqmgr2/data/request
Injected workflow: prebello_RVCMSSW_8_0_19H125GGgluonfusion_13_PU25ns__Tr4GT_v2_FastSim_160905_045314_6092
Approved workflow: prebello_RVCMSSW_8_0_19H125GGgluonfusion_13_PU25ns__Tr4GT_v2_FastSim_160905_045314_6092
........... 25403.0 submitted
For eyes before submitting 25405.0
{'CMSSWVersion': 'CMSSW_8_0_19',
 'Campaign': 'CMSSW_8_0_19',
 'ConfigCacheURL': 'https://cmsweb.cern.ch/couchdb',
 'CouchURL': 'https://cmsweb.cern.ch/couchdb',
 'DQMConfigCacheID': 'd023256e1c53c0d5393b30072d4d738c',
 'DQMUploadUrl': 'https://cmsweb.cern.ch/dqm/relval',
 'DbsUrl': 'https://cmsweb.cern.ch/dbs/prod/global/DBSReader',
 'EnableHarvesting': 'True',
 'GlobalTag': u'80X_mcRun2_asymptotic_2016_TrancheIV_v2',
 'Group': 'ppd',
 'Memory': 3000,
 'Multicore': 1,
 'ProcessingVersion': 1,
 'RequestPriority': 500000,
 'RequestString': 'RVCMSSW_8_0_19ZTT_13_PU25ns__Tr4GT_v2_FastSim',
 'RequestType': 'TaskChain',
 'Requestor': 'prebello',
 'ScramArch': 'slc6_amd64_gcc530',
 'SizePerEvent': 1234,
 'SubRequestType': 'RelVal',
 'Task1': {'AcquisitionEra': 'CMSSW_8_0_19',
           'ConfigCacheID': 'd023256e1c53c0d5393b30072d559924',
           'EventsPerJob': 500,
           'GlobalTag': u'80X_mcRun2_asymptotic_2016_TrancheIV_v2',
           'KeepOutput': True,
           'MCPileup': u'/RelValMinBiasFS_13_ForMixing/CMSSW_8_0_19-80X_mcRun2_asymptotic_2016_TrancheIV_v2_Tr4GT_v2_FastSim-v1/GEN-SIM-RECO',
           'Memory': 3000,
           'Multicore': 1,
           'PrimaryDataset': 'RelValZTT_13',
           'ProcessingString': u'PU25ns_80X_mcRun2_asymptotic_2016_TrancheIV_v2_Tr4GT_v2_FastSim',
           'RequestNumEvents': 100000,
           'Seeding': 'AutomaticSeeding',
           'SplittingAlgo': 'EventBased',
           'TaskName': 'FS_ZTT_13_UP15_PU25'},
 'Task2': {'AcquisitionEra': 'CMSSW_8_0_19',
           'ConfigCacheID': 'd023256e1c53c0d5393b30072d4d6fb1',
           'GlobalTag': u'80X_mcRun2_asymptotic_2016_TrancheIV_v2',
           'InputFromOutputModule': u'FEVTDEBUGHLToutput',
           'InputTask': 'FS_ZTT_13_UP15_PU25',
           'KeepOutput': True,
           'LumisPerJob': 10,
           'Memory': 3000,
           'Multicore': 1,
           'ProcessingString': u'PU25ns_80X_mcRun2_asymptotic_2016_TrancheIV_v2_Tr4GT_v2_FastSim',
           'SplittingAlgo': 'LumiBased',
           'TaskName': 'MINIAODMCUP15FS'},
 'TaskChain': 2,
 'TimePerEvent': 0.1,
 'dashboardActivity': 'relval',
 'mergedLFNBase': '/store/relval',
 'unmergedLFNBase': '/store/unmerged'}
None
Submitting 25405.0 ...........
It seemslike the name of the GT '80X_mcRun2_asymptotic_2016_TrancheIV_v2' has a typo in it, missing the final ::All which will crash your job. If insted you're using CondDBv2, you're fine.
Will do POST request to:cmsweb.cern.ch/reqmgr2/data/request
Injected workflow: prebello_RVCMSSW_8_0_19ZTT_13_PU25ns__Tr4GT_v2_FastSim_160905_045334_9943
Approved workflow: prebello_RVCMSSW_8_0_19ZTT_13_PU25ns__Tr4GT_v2_FastSim_160905_045334_9943
........... 25405.0 submitted
For eyes before submitting 25406.0
{'CMSSWVersion': 'CMSSW_8_0_19',
 'Campaign': 'CMSSW_8_0_19',
 'ConfigCacheURL': 'https://cmsweb.cern.ch/couchdb',
 'CouchURL': 'https://cmsweb.cern.ch/couchdb',
 'DQMConfigCacheID': 'd023256e1c53c0d5393b30072d4d738c',
 'DQMUploadUrl': 'https://cmsweb.cern.ch/dqm/relval',
 'DbsUrl': 'https://cmsweb.cern.ch/dbs/prod/global/DBSReader',
 'EnableHarvesting': 'True',
 'GlobalTag': u'80X_mcRun2_asymptotic_2016_TrancheIV_v2',
 'Group': 'ppd',
 'Memory': 3000,
 'Multicore': 1,
 'ProcessingVersion': 1,
 'RequestPriority': 500000,
 'RequestString': 'RVCMSSW_8_0_19ZMM_13_PU25ns__Tr4GT_v2_FastSim',
 'RequestType': 'TaskChain',
 'Requestor': 'prebello',
 'ScramArch': 'slc6_amd64_gcc530',
 'SizePerEvent': 1234,
 'SubRequestType': 'RelVal',
 'Task1': {'AcquisitionEra': 'CMSSW_8_0_19',
           'ConfigCacheID': 'd023256e1c53c0d5393b30072d56ff6c',
           'EventsPerJob': 500,
           'GlobalTag': u'80X_mcRun2_asymptotic_2016_TrancheIV_v2',
           'KeepOutput': True,
           'MCPileup': u'/RelValMinBiasFS_13_ForMixing/CMSSW_8_0_19-80X_mcRun2_asymptotic_2016_TrancheIV_v2_Tr4GT_v2_FastSim-v1/GEN-SIM-RECO',
           'Memory': 3000,
           'Multicore': 1,
           'PrimaryDataset': 'RelValZMM_13',
           'ProcessingString': u'PU25ns_80X_mcRun2_asymptotic_2016_TrancheIV_v2_Tr4GT_v2_FastSim',
           'RequestNumEvents': 100000,
           'Seeding': 'AutomaticSeeding',
           'SplittingAlgo': 'EventBased',
           'TaskName': 'FS_ZMM_13_UP15_PU25'},
 'Task2': {'AcquisitionEra': 'CMSSW_8_0_19',
           'ConfigCacheID': 'd023256e1c53c0d5393b30072d4d6fb1',
           'GlobalTag': u'80X_mcRun2_asymptotic_2016_TrancheIV_v2',
           'InputFromOutputModule': u'FEVTDEBUGHLToutput',
           'InputTask': 'FS_ZMM_13_UP15_PU25',
           'KeepOutput': True,
           'LumisPerJob': 10,
           'Memory': 3000,
           'Multicore': 1,
           'ProcessingString': u'PU25ns_80X_mcRun2_asymptotic_2016_TrancheIV_v2_Tr4GT_v2_FastSim',
           'SplittingAlgo': 'LumiBased',
           'TaskName': 'MINIAODMCUP15FS'},
 'TaskChain': 2,
 'TimePerEvent': 0.1,
 'dashboardActivity': 'relval',
 'mergedLFNBase': '/store/relval',
 'unmergedLFNBase': '/store/unmerged'}
None
Submitting 25406.0 ...........
It seemslike the name of the GT '80X_mcRun2_asymptotic_2016_TrancheIV_v2' has a typo in it, missing the final ::All which will crash your job. If insted you're using CondDBv2, you're fine.
Will do POST request to:cmsweb.cern.ch/reqmgr2/data/request
Injected workflow: prebello_RVCMSSW_8_0_19ZMM_13_PU25ns__Tr4GT_v2_FastSim_160905_045344_7784
Approved workflow: prebello_RVCMSSW_8_0_19ZMM_13_PU25ns__Tr4GT_v2_FastSim_160905_045344_7784
........... 25406.0 submitted
For eyes before submitting 25407.0
{'CMSSWVersion': 'CMSSW_8_0_19',
 'Campaign': 'CMSSW_8_0_19',
 'ConfigCacheURL': 'https://cmsweb.cern.ch/couchdb',
 'CouchURL': 'https://cmsweb.cern.ch/couchdb',
 'DQMConfigCacheID': 'd023256e1c53c0d5393b30072d4d738c',
 'DQMUploadUrl': 'https://cmsweb.cern.ch/dqm/relval',
 'DbsUrl': 'https://cmsweb.cern.ch/dbs/prod/global/DBSReader',
 'EnableHarvesting': 'True',
 'GlobalTag': u'80X_mcRun2_asymptotic_2016_TrancheIV_v2',
 'Group': 'ppd',
 'Memory': 3000,
 'Multicore': 1,
 'ProcessingVersion': 1,
 'RequestPriority': 500000,
 'RequestString': 'RVCMSSW_8_0_19NuGun_UP15_PU25ns__Tr4GT_v2_FastSim',
 'RequestType': 'TaskChain',
 'Requestor': 'prebello',
 'ScramArch': 'slc6_amd64_gcc530',
 'SizePerEvent': 1234,
 'SubRequestType': 'RelVal',
 'Task1': {'AcquisitionEra': 'CMSSW_8_0_19',
           'ConfigCacheID': 'd023256e1c53c0d5393b30072d5818f5',
           'EventsPerJob': 500,
           'GlobalTag': u'80X_mcRun2_asymptotic_2016_TrancheIV_v2',
           'KeepOutput': True,
           'MCPileup': u'/RelValMinBiasFS_13_ForMixing/CMSSW_8_0_19-80X_mcRun2_asymptotic_2016_TrancheIV_v2_Tr4GT_v2_FastSim-v1/GEN-SIM-RECO',
           'Memory': 3000,
           'Multicore': 1,
           'PrimaryDataset': 'RelValNuGun_UP15',
           'ProcessingString': u'PU25ns_80X_mcRun2_asymptotic_2016_TrancheIV_v2_Tr4GT_v2_FastSim',
           'RequestNumEvents': 100000,
           'Seeding': 'AutomaticSeeding',
           'SplittingAlgo': 'EventBased',
           'TaskName': 'FS_NuGun_UP15_UP15_PU25'},
 'Task2': {'AcquisitionEra': 'CMSSW_8_0_19',
           'ConfigCacheID': 'd023256e1c53c0d5393b30072d4d6fb1',
           'GlobalTag': u'80X_mcRun2_asymptotic_2016_TrancheIV_v2',
           'InputFromOutputModule': u'FEVTDEBUGHLToutput',
           'InputTask': 'FS_NuGun_UP15_UP15_PU25',
           'KeepOutput': True,
           'LumisPerJob': 10,
           'Memory': 3000,
           'Multicore': 1,
           'ProcessingString': u'PU25ns_80X_mcRun2_asymptotic_2016_TrancheIV_v2_Tr4GT_v2_FastSim',
           'SplittingAlgo': 'LumiBased',
           'TaskName': 'MINIAODMCUP15FS'},
 'TaskChain': 2,
 'TimePerEvent': 0.1,
 'dashboardActivity': 'relval',
 'mergedLFNBase': '/store/relval',
 'unmergedLFNBase': '/store/unmerged'}
None
Submitting 25407.0 ...........
It seemslike the name of the GT '80X_mcRun2_asymptotic_2016_TrancheIV_v2' has a typo in it, missing the final ::All which will crash your job. If insted you're using CondDBv2, you're fine.
Will do POST request to:cmsweb.cern.ch/reqmgr2/data/request
Injected workflow: prebello_RVCMSSW_8_0_19NuGun_UP15_PU25ns__Tr4GT_v2_FastSim_160905_045354_2488
Approved workflow: prebello_RVCMSSW_8_0_19NuGun_UP15_PU25ns__Tr4GT_v2_FastSim_160905_045354_2488
........... 25407.0 submitted
  ################################################################### 
 # WARNING: this module is deprecated.                             # 
 # Please use CondCore.CondDB.CondDB_cfi.py                        # 
 ################################################################### 
L1TCalorimeter Sequence configured for Stage-2 (2016) trigger. 
L1TMuon Sequence configured for Stage-2 (2016) trigger. 
L1TGlobal Sequence configured for Stage-2 (2016) trigger. 
L1TCalorimeter Conditions configured for Stage-2 (2016) trigger. 
L1TMuon Conditions configured for Stage-2 (2016) trigger. 
L1TGlobal Conditions configured for Stage-2 (2016) trigger. 
L1TDigiToRaw Sequence configured for Stage-2 (2016) trigger. 
# Conditions read from  CMS_CONDITIONS  via FrontierProd 
done.
Added file to the config cache:
  DocID:    d023256e1c53c0d5393b30072d5818f5
  Revision: 3-682d892591bd32aa0a069190d65a604c
  ################################################################### 
 # WARNING: this module is deprecated.                             # 
 # Please use CondCore.CondDB.CondDB_cfi.py                        # 
 ################################################################### 
L1TCalorimeter Sequence configured for Stage-2 (2016) trigger. 
L1TMuon Sequence configured for Stage-2 (2016) trigger. 
L1TGlobal Sequence configured for Stage-2 (2016) trigger. 
L1TCalorimeter Conditions configured for Stage-2 (2016) trigger. 
L1TMuon Conditions configured for Stage-2 (2016) trigger. 
L1TGlobal Conditions configured for Stage-2 (2016) trigger. 
L1TDigiToRaw Sequence configured for Stage-2 (2016) trigger. 
# Conditions read from  CMS_CONDITIONS  via FrontierProd 
done.
Added file to the config cache:
  DocID:    d023256e1c53c0d5393b30072d559924
  Revision: 3-8ad9cf96722ba6cb25c9b3346f0dc76b
  ################################################################### 
 # WARNING: this module is deprecated.                             # 
 # Please use CondCore.CondDB.CondDB_cfi.py                        # 
 ################################################################### 
L1TCalorimeter Sequence configured for Stage-2 (2016) trigger. 
L1TMuon Sequence configured for Stage-2 (2016) trigger. 
L1TGlobal Sequence configured for Stage-2 (2016) trigger. 
L1TCalorimeter Conditions configured for Stage-2 (2016) trigger. 
L1TMuon Conditions configured for Stage-2 (2016) trigger. 
L1TGlobal Conditions configured for Stage-2 (2016) trigger. 
L1TDigiToRaw Sequence configured for Stage-2 (2016) trigger. 
# Conditions read from  CMS_CONDITIONS  via FrontierProd 
done.
Added file to the config cache:
  DocID:    d023256e1c53c0d5393b30072d4f7cbb
  Revision: 3-7e520ca58e967f3911438633a31c030c
  ################################################################### 
 # WARNING: this module is deprecated.                             # 
 # Please use CondCore.CondDB.CondDB_cfi.py                        # 
 ################################################################### 
L1TCalorimeter Sequence configured for Stage-2 (2016) trigger. 
L1TMuon Sequence configured for Stage-2 (2016) trigger. 
L1TGlobal Sequence configured for Stage-2 (2016) trigger. 
L1TCalorimeter Conditions configured for Stage-2 (2016) trigger. 
L1TMuon Conditions configured for Stage-2 (2016) trigger. 
L1TGlobal Conditions configured for Stage-2 (2016) trigger. 
L1TDigiToRaw Sequence configured for Stage-2 (2016) trigger. 
# Conditions read from  CMS_CONDITIONS  via FrontierProd 
done.
Added file to the config cache:
  DocID:    d023256e1c53c0d5393b30072d4e6072
  Revision: 3-81e33d9406cd065eb2ded44453f9230a
