L1Trigger/L1TGlobal/python/StableParameters_cff.py is deprecated, please use GlobalParameters_cff.py instead.
L1REPACK:FullMC,HLT:@relval2016,RAW2DIGI:L1TRawToDigi,ENDJOB
We have determined that this is simulation (if not, rerun cmsDriver.py with --data)
entry file:step3.root
 ################################################################### 
 # WARNING: this module is deprecated.                             # 
 # Please use CondCore.CondDB.CondDB_cfi.py                        # 
 ################################################################### 
Step: L1REPACK Spec: ['FullMC']
L1T INFO:  L1REPACK:FullMC  will unpack Calorimetry and Muon L1T inputs, re-emulate L1T (Stage-2), and pack uGT, uGMT, and Calo Stage-2 output.
L1TCalorimeter Sequence configured for Stage-2 (2016) trigger. 
L1TMuon Sequence configured for Stage-2 (2016) trigger. 
L1TGlobal Sequence configured for Stage-2 (2016) trigger. 
L1TCalorimeter Conditions configured for Stage-2 (2016) trigger. 
L1TMuon Conditions configured for Stage-2 (2016) trigger. 
L1TGlobal Conditions configured for Stage-2 (2016) trigger. 
Step: HLT Spec: ['@relval2016']
Step: RAW2DIGI Spec: ['L1TRawToDigi']
L1TRawToDigi Sequence configured for Stage-2 (2016) trigger. 
Step: ENDJOB Spec: 
# Conditions read from  CMS_CONDITIONS  via FrontierProd 
customising the process with customizeHLTforFullSim from HLTrigger/Configuration/customizeHLTforMC
Config file REHLTUP15_reHLT.py created
