Added 'egmPhotonIDs' to process definition (MiniAOD format)!
RAW2DIGI,L1Reco,RECO,EI,PAT,DQM:DQMOfflinePOGMC
We have determined that this is simulation (if not, rerun cmsDriver.py with --data)
entry file:step2.root
 ################################################################### 
 # WARNING: this module is deprecated.                             # 
 # Please use CondCore.CondDB.CondDB_cfi.py                        # 
 ################################################################### 
Step: RAW2DIGI Spec: 
L1TRawToDigi Sequence configured for Stage-2 (2016) trigger. 
Step: L1Reco Spec: 
L1TReco Sequence configured for Stage-2 (2016) trigger. 
Step: RECO Spec: 
Step: EI Spec: 
Step: PAT Spec: 
Step: DQM Spec: ['DQMOfflinePOGMC']
WARNING:  L1Trigger/L1TCommon/python/caloStage1LegacyFormatDigis_cfi.py has been deprecated...
WARNING:  please use L1Trigger/L1TCalorimeter/python/caloStage1LegacyFormatDigis_cfi.py
# Conditions read from  CMS_CONDITIONS  via FrontierProd 
customising the process with miniAOD_customizeAllMC from PhysicsTools/PatAlgos/slimming/miniAOD_tools
Config file RECOPRMXUP15PROD_PU25.py created
