ignoring non-requested file relval_standard
ignoring non-requested file relval_highstats
ignoring non-requested file relval_pileup
ignoring non-requested file relval_generator
ignoring non-requested file relval_extendedgen
ignoring non-requested file relval_production
ignoring non-requested file relval_ged
ignoring non-requested file relval_upgrade
ignoring non-requested file relval_2017
ignoring non-requested file relval_identity
ignoring non-requested file relval_machine
ignoring non-requested file relval_unsch
processing relval_premix
request for INPUT for  ['all']
Not running the wf, only creating cfgs and logs
resetting to default number of threads
Running in 4 thread(s)

Preparing to run 250199.0 PREMIXUP15_PU25+PREMIXUP15_PU25

# in: /afs/cern.ch/work/p/prebello/private/PAGValidation/TranchIVversion2/CMSSW_8_0_19/src/fullSimpremixPUnosignal going to execute cd 250199.0_PREMIXUP15_PU25+PREMIXUP15_PU25
 cmsDriver.py step1  --conditions auto:run2_mc --pileup_input das:/RelValMinBias_13/CMSSW_7_1_20_patch2-MCRUN2_71_V1_GsRealBS-v1/GEN-SIM -n 10 --era Run2_2016 --eventcontent PREMIX --relval 100000,100 -s GEN,SIM,DIGIPREMIX:pdigi_valid,L1,DIGI2RAW --datatier GEN-SIM-DIGI-RAW --pileup AVE_35_BX_25ns --evt_type SingleNuE10_cfi --io PREMIXUP15_PU25.io --python PREMIXUP15_PU25.py  --conditions 80X_mcRun2_asymptotic_2016_TrancheIV_v2 --no_exec --fileout file:step1.root  --nThreads 4 > step1_PREMIXUP15_PU25+PREMIXUP15_PU25.log  2>&1
 
250199.0_PREMIXUP15_PU25+PREMIXUP15_PU25 Step0-PASSED  - time date Mon Sep  5 00:02:56 2016-date Mon Sep  5 00:02:49 2016; exit: 0
1 tests passed, 0 failed


	Found wmclient

inspecting 250199.0_PREMIXUP15_PU25+PREMIXUP15_PU25
	Fake upload of 250199.0_PREMIXUP15_PU25+PREMIXUP15_PU25/PREMIXUP15_PU25.py to couch with label RelValSet_CMSSW_8_0_19_v1_250199.0PREMIXUP15_PU25
250199.0_PREMIXUP15_PU25+PREMIXUP15_PU25/PREMIXUP15_PU25.py  uploaded to couchDB for 250199.0 with ID 1041

	Found wmcontrol

Only viewing request 250199.0
{'CMSSWVersion': 'CMSSW_8_0_19',
 'Campaign': 'CMSSW_8_0_19',
 'ConfigCacheURL': 'https://cmsweb.cern.ch/couchdb',
 'CouchURL': 'https://cmsweb.cern.ch/couchdb',
 'DbsUrl': 'https://cmsweb.cern.ch/dbs/prod/global/DBSReader',
 'GlobalTag': u'80X_mcRun2_asymptotic_2016_TrancheIV_v2',
 'Group': 'ppd',
 'Memory': 3000,
 'Multicore': 1,
 'ProcessingVersion': 1,
 'RequestPriority': 500000,
 'RequestString': 'RVCMSSW_8_0_19PREMIXUP15_PU25_PU25ns__Tr4GT_v2',
 'RequestType': 'TaskChain',
 'Requestor': 'prebello',
 'ScramArch': 'slc6_amd64_gcc530',
 'SizePerEvent': 1234,
 'SubRequestType': 'RelVal',
 'Task1': {'AcquisitionEra': 'CMSSW_8_0_19',
           'ConfigCacheID': 1041,
           'EventsPerJob': 100,
           'GlobalTag': u'80X_mcRun2_asymptotic_2016_TrancheIV_v2',
           'KeepOutput': True,
           'MCPileup': u'/RelValMinBias_13/CMSSW_7_1_20_patch2-MCRUN2_71_V1_GsRealBS-v1/GEN-SIM',
           'Memory': 7500,
           'Multicore': 4,
           'PrimaryDataset': 'RelValPREMIXUP15_PU25',
           'ProcessingString': u'PU25ns_80X_mcRun2_asymptotic_2016_TrancheIV_v2_Tr4GT_v2',
           'RequestNumEvents': 100000,
           'Seeding': 'AutomaticSeeding',
           'SplittingAlgo': 'EventBased',
           'TaskName': 'PREMIXUP15_PU25'},
 'TaskChain': 1,
 'TimePerEvent': 0.1,
 'dashboardActivity': 'relval',
 'mergedLFNBase': '/store/relval',
 'unmergedLFNBase': '/store/unmerged'}
None
