L1Trigger/L1TGlobal/python/StableParameters_cff.py is deprecated, please use GlobalParameters_cff.py instead.
DIGI:pdigi_valid,L1,DIGI2RAW,HLT:@relval2016,ENDJOB
We have determined that this is simulation (if not, rerun cmsDriver.py with --data)
entry filelist:step1_dasquery.log
found files:  ['/store/relval/CMSSW_7_1_20_patch2/RelValHiggs200ChargedTaus_13/GEN-SIM/MCRUN2_71_V1_GsRealBS-v1/00000/3AB6DA22-BD81-E511-861B-00261894384F.root', '/store/relval/CMSSW_7_1_20_patch2/RelValHiggs200ChargedTaus_13/GEN-SIM/MCRUN2_71_V1_GsRealBS-v1/00000/70259D24-BD81-E511-83CE-00261894386C.root', '/store/relval/CMSSW_7_1_20_patch2/RelValHiggs200ChargedTaus_13/GEN-SIM/MCRUN2_71_V1_GsRealBS-v1/00000/C44E7C05-B781-E511-AEAE-0025905964B6.root', '/store/relval/CMSSW_7_1_20_patch2/RelValHiggs200ChargedTaus_13/GEN-SIM/MCRUN2_71_V1_GsRealBS-v1/00000/FC0DE077-B781-E511-B4C9-0026189438B0.root']
 ################################################################### 
 # WARNING: this module is deprecated.                             # 
 # Please use CondCore.CondDB.CondDB_cfi.py                        # 
 ################################################################### 
Step: DIGI Spec: ['pdigi_valid']
Step: L1 Spec: 
L1TCalorimeter Sequence configured for Stage-2 (2016) trigger. 
L1TMuon Sequence configured for Stage-2 (2016) trigger. 
L1TGlobal Sequence configured for Stage-2 (2016) trigger. 
L1TCalorimeter Conditions configured for Stage-2 (2016) trigger. 
L1TMuon Conditions configured for Stage-2 (2016) trigger. 
L1TGlobal Conditions configured for Stage-2 (2016) trigger. 
Step: DIGI2RAW Spec: 
L1TDigiToRaw Sequence configured for Stage-2 (2016) trigger. 
Step: HLT Spec: ['@relval2016']
Step: ENDJOB Spec: 
# Conditions read from  CMS_CONDITIONS  via FrontierProd 
customising the process with customizeHLTforFullSim from HLTrigger/Configuration/customizeHLTforMC
Config file DIGIUP15.py created
