L1Trigger/L1TGlobal/python/StableParameters_cff.py is deprecated, please use GlobalParameters_cff.py instead.
GEN,SIM,RECOBEFMIX,DIGI:pdigi_valid,L1,DIGI2RAW,L1Reco,RECO,EI,HLT:@relval2016,VALIDATION:@standardValidation,DQM:@standardDQM
We have determined that this is simulation (if not, rerun cmsDriver.py with --data)
 ################################################################### 
 # WARNING: this module is deprecated.                             # 
 # Please use CondCore.CondDB.CondDB_cfi.py                        # 
 ################################################################### 
the query is file dataset = /RelValMinBiasFS_13_ForMixing/CMSSW_8_0_19-80X_mcRun2_asymptotic_2016_TrancheIV_v2_Tr4GT_v2_FastSim-v1/GEN-SIM-RECO
DAS succeeded after 1 attempts 0
found files:  ['/store/relval/CMSSW_8_0_19/RelValMinBiasFS_13_ForMixing/GEN-SIM-RECO/80X_mcRun2_asymptotic_2016_TrancheIV_v2_Tr4GT_v2_FastSim-v1/00000/24E759BD-FF72-E611-89F6-0025905A497A.root', '/store/relval/CMSSW_8_0_19/RelValMinBiasFS_13_ForMixing/GEN-SIM-RECO/80X_mcRun2_asymptotic_2016_TrancheIV_v2_Tr4GT_v2_FastSim-v1/00000/326610E5-0273-E611-8055-0025905A60D6.root', '/store/relval/CMSSW_8_0_19/RelValMinBiasFS_13_ForMixing/GEN-SIM-RECO/80X_mcRun2_asymptotic_2016_TrancheIV_v2_Tr4GT_v2_FastSim-v1/00000/88925CE4-0273-E611-A6F2-0CC47A7C35F4.root', '/store/relval/CMSSW_8_0_19/RelValMinBiasFS_13_ForMixing/GEN-SIM-RECO/80X_mcRun2_asymptotic_2016_TrancheIV_v2_Tr4GT_v2_FastSim-v1/00000/E6D36FB7-FF72-E611-BB11-0CC47A7C34A6.root']
Step: GEN Spec: 
Loading generator fragment from Configuration.Generator.ZTT_All_hadronic_13TeV_TuneCUETP8M1_cfi
Step: SIM Spec: 
Step: RECOBEFMIX Spec: 
Step: DIGI Spec: ['pdigi_valid']
Step: L1 Spec: 
L1TCalorimeter Sequence configured for Stage-2 (2016) trigger. 
L1TMuon Sequence configured for Stage-2 (2016) trigger. 
L1TGlobal Sequence configured for Stage-2 (2016) trigger. 
L1TCalorimeter Conditions configured for Stage-2 (2016) trigger. 
L1TMuon Conditions configured for Stage-2 (2016) trigger. 
L1TGlobal Conditions configured for Stage-2 (2016) trigger. 
Step: DIGI2RAW Spec: 
L1TDigiToRaw Sequence configured for Stage-2 (2016) trigger. 
Step: L1Reco Spec: 
Step: RECO Spec: 
Step: EI Spec: 
Step: HLT Spec: ['@relval2016']
Step: VALIDATION Spec: ['@standardValidation']
@standardValidation in preparing validation
Step: DQM Spec: ['@standardDQM']
# Conditions read from  CMS_CONDITIONS  via FrontierProd 
customising the process with customizeHLTforFastSim from HLTrigger/Configuration/customizeHLTforMC
Config file FS_ZTT_13_UP15_PU25.py created
