L1Trigger/L1TGlobal/python/StableParameters_cff.py is deprecated, please use GlobalParameters_cff.py instead.
DIGI:pdigi_valid,L1,DIGI2RAW,HLT:@relval2016,ENDJOB
We have determined that this is simulation (if not, rerun cmsDriver.py with --data)
entry filelist:step1_dasquery.log
found files:  ['/store/relval/CMSSW_7_1_20_patch2/RelValQCD_Pt_600_800_13/GEN-SIM/MCRUN2_71_V1_GsRealBS-v1/00000/34E3E9BC-DD81-E511-9CB0-002618943870.root', '/store/relval/CMSSW_7_1_20_patch2/RelValQCD_Pt_600_800_13/GEN-SIM/MCRUN2_71_V1_GsRealBS-v1/00000/6812DCBC-DD81-E511-B0A5-0025905A48D8.root', '/store/relval/CMSSW_7_1_20_patch2/RelValQCD_Pt_600_800_13/GEN-SIM/MCRUN2_71_V1_GsRealBS-v1/00000/6E6518B7-DF81-E511-A710-002618943950.root', '/store/relval/CMSSW_7_1_20_patch2/RelValQCD_Pt_600_800_13/GEN-SIM/MCRUN2_71_V1_GsRealBS-v1/00000/DEAFEF8F-DE81-E511-9044-0025905AA9F0.root', '/store/relval/CMSSW_7_1_20_patch2/RelValQCD_Pt_600_800_13/GEN-SIM/MCRUN2_71_V1_GsRealBS-v1/00000/ECD660B6-DF81-E511-911C-0026189438D8.root', '/store/relval/CMSSW_7_1_20_patch2/RelValQCD_Pt_600_800_13/GEN-SIM/MCRUN2_71_V1_GsRealBS-v1/00000/F88A5ED6-DE81-E511-BA9B-0025905A6056.root']
 ################################################################### 
 # WARNING: this module is deprecated.                             # 
 # Please use CondCore.CondDB.CondDB_cfi.py                        # 
 ################################################################### 
Step: DIGI Spec: ['pdigi_valid']
Step: L1 Spec: 
L1TCalorimeter Sequence configured for Stage-2 (2016) trigger. 
L1TMuon Sequence configured for Stage-2 (2016) trigger. 
L1TGlobal Sequence configured for Stage-2 (2016) trigger. 
L1TCalorimeter Conditions configured for Stage-2 (2016) trigger. 
L1TMuon Conditions configured for Stage-2 (2016) trigger. 
L1TGlobal Conditions configured for Stage-2 (2016) trigger. 
Step: DIGI2RAW Spec: 
L1TDigiToRaw Sequence configured for Stage-2 (2016) trigger. 
Step: HLT Spec: ['@relval2016']
Step: ENDJOB Spec: 
# Conditions read from  CMS_CONDITIONS  via FrontierProd 
customising the process with customizeHLTforFullSim from HLTrigger/Configuration/customizeHLTforMC
Config file DIGIUP15.py created
