processing relval_standard
processing relval_highstats
processing relval_pileup
processing relval_generator
processing relval_extendedgen
processing relval_production
processing relval_ged
ignoring relval_upgrade from default matrix
processing relval_2017
10021
10023
10024
10025
10026
10224
10225
ignoring relval_identity from default matrix
processing relval_machine
processing relval_unsch
processing relval_premix

found a total of  447  workflows:
1.0    ProdMinBias+DIGIPROD1+RECOPROD1     
2.0    ProdTTbar+DIGIPROD1+RECOPROD1       
3.0    ProdQCD_Pt_3000_3500+DIGIPROD1+RECOPROD1 
4.17   RunMinBias2011A+HLTD+RECODR1reHLT+HARVESTDR1reHLT+SKIMDreHLT 
4.22   RunCosmics2011A+RECOCOSD+ALCACOSD+SKIMCOSD+HARVESTDC 
4.23   ValSkim2011A+HLTDSKIM+RECODR1reHLT+HARVESTDR1reHLT 
4.24   WMuSkim2011A+HLTDSKIM+RECODR1reHLT+HARVESTDR1reHLT 
4.25   WElSkim2011A+HLTDSKIM+RECODR1reHLT+HARVESTDR1reHLT 
4.26   ZMuSkim2011A+HLTDSKIM+RECODR1reHLT+HARVESTDR1reHLT 
4.27   ZElSkim2011A+HLTDSKIM+RECODR1reHLT+HARVESTDR1reHLT 
4.28   HighMet2011A+HLTDSKIM+RECODR1reHLT+HARVESTDR1reHLT 
4.29   RunMinBias2011B+HLTD+RECODR1reHLT+HARVESTDR1reHLT+SKIMDreHLT 
4.34   ValSkim2011B+HLTDSKIM+RECODR1reHLT+HARVESTDR1reHLT 
4.36   WElSkim2011B+HLTDSKIM+RECODR1reHLT+HARVESTDR1reHLT 
4.37   ZMuSkim2011B+HLTDSKIM+RECODR1reHLT+HARVESTDR1reHLT 
4.4    RunMinBias2012A+HLTD+RECODR1reHLT+HARVESTDR1reHLT 
4.41   RunTau2012A+HLTD+RECODR1reHLT+HARVESTDR1reHLT 
4.42   RunMET2012A+HLTD+RECODR1reHLT+HARVESTDR1reHLT 
4.43   RunMu2012A+HLTD+RECODR1reHLT+HARVESTDR1reHLT 
4.44   RunElectron2012A+HLTD+RECODR1reHLT+HARVESTDR1reHLT 
4.45   RunJet2012A+HLTD+RECODR1reHLT+HARVESTDR1reHLT 
4.51   RunMinBias2012B+HLTD+RECODR1reHLT+HARVESTDR1reHLT 
4.52   RunMu2012B+HLTD+RECODR1reHLT+HARVESTDR1reHLT 
4.53   RunPhoton2012B+HLTD+RECODR1reHLT+HARVESTDR1reHLT 
4.54   RunEl2012B+HLTD+RECODR1reHLT+HARVESTDR1reHLT 
4.55   RunJet2012B+HLTD+RECODR1reHLT+HARVESTDR1reHLT 
4.57   ZElSkim2012B+HLTDSKIM+RECODR1reHLT+HARVESTDR1reHLT 
4.58   WElSkim2012B+HLTDSKIM+RECODR1reHLT+HARVESTDR1reHLT 
4.6    MinimumBias2010A+RECOSKIMALCA+HARVESTDR1 
4.61   RunMinBias2012C+HLTD+RECODR1reHLT+HARVESTDR1reHLT 
4.62   RunMu2012C+HLTD+RECODR1reHLT+HARVESTDR1reHLT 
4.63   RunPhoton2012C+HLTD+RECODR1reHLT+HARVESTDR1reHLT 
4.64   RunEl2012C+HLTD+RECODR1reHLT+HARVESTDR1reHLT 
4.65   RunJet2012C+HLTD+RECODR1reHLT+HARVESTDR1reHLT 
4.67   ZElSkim2012C+HLTDSKIM+RECODR1reHLT+HARVESTDR1reHLT 
4.68   WElSkim2012C+HLTDSKIM+RECODR1reHLT+HARVESTDR1reHLT 
4.71   RunMinBias2012D+HLTD+RECODR1reHLT+HARVESTDR1reHLT 
4.72   RunMu2012D+HLTD+RECODR1reHLT+HARVESTDR1reHLT 
4.73   RunPhoton2012D+HLTD+RECODR1reHLT+HARVESTDR1reHLT 
4.74   RunEl2012D+HLTD+RECODR1reHLT+HARVESTDR1reHLT 
4.75   RunJet2012D+HLTD+RECODR1reHLT+HARVESTDR1reHLT 
4.76   ZMuSkim2012D+HLTDSKIM+RECODR1reHLT+HARVESTDR1reHLT 
4.77   ZElSkim2012D+HLTDSKIM+RECODR1reHLT+HARVESTDR1reHLT 
4.78   WElSkim2012D+HLTDSKIM+RECODR1reHLT+HARVESTDR1reHLT 
5.1    TTbarFS+HARVESTFS                   
5.2    SingleMuPt10FS+HARVESTFS            
5.3    SingleMuPt100FS+HARVESTFS           
5.4    ZEEFS+HARVESTFS                     
5.5    ZTTFS+HARVESTFS                     
5.6    QCDFlatPt153000FS+HARVESTFS         
5.7    H130GGgluonfusionFS+HARVESTFS       
6.0    SingleMuPt1+DIGI+RECO+HARVEST       
7.0    Cosmics+DIGICOS+RECOCOS+ALCACOS+HARVESTCOS 
7.1    CosmicsSPLoose+DIGICOS+RECOCOS+ALCACOS+HARVESTCOS 
8.0    BeamHalo+DIGICOS+RECOCOS+ALCABH+HARVESTCOS 
9.0    Higgs200ChargedTaus+DIGI+RECO+HARVEST 
10.0   ADDMonoJet_d3MD3+DIGI+RECO+HARVEST  
11.0   MinBias+DIGI+RECOMIN+HARVEST+ALCAMIN 
12.0   ZpMM+DIGI+RECO+HARVEST              
13.0   QCD_Pt_3000_3500+DIGI+RECO+HARVEST  
14.0   WpM+DIGI+RECO+HARVEST               
15.0   SingleElectronPt10+DIGI+RECO+HARVEST 
16.0   SingleElectronPt1000+DIGI+RECO+HARVEST 
17.0   SingleElectronPt35+DIGI+RECO+HARVEST 
18.0   SingleGammaPt10+DIGI+RECO+HARVEST   
19.0   SingleGammaPt35+DIGI+RECO+HARVEST   
20.0   SingleMuPt10+DIGI+RECO+HARVEST      
21.0   SingleMuPt100+DIGI+RECO+HARVEST     
22.0   SingleMuPt1000+DIGI+RECO+HARVEST    
23.0   JpsiMM+DIGI+RECO+HARVEST            
24.0   TTbarLepton+DIGI+RECO+HARVEST       
25.0   TTbar+DIGI+RECOAlCaCalo+HARVEST+ALCATT 
26.0   WE+DIGI+RECOAlCaCalo+HARVEST        
27.0   WM+DIGI+RECO+HARVEST                
28.0   QCD_Pt_80_120+DIGI+RECO+HARVEST     
29.0   ZEE+DIGI+RECOAlCaCalo+HARVEST       
30.0   ZMM+DIGI+RECO+HARVEST               
31.0   ZTT+DIGI+RECO+HARVEST               
32.0   H130GGgluonfusion+DIGI+RECO+HARVEST 
33.0   PhotonJets_Pt_10+DIGI+RECO+HARVEST  
34.0   QQH1352T+DIGI+RECO+HARVEST          
35.0   Wjet_Pt_80_120+DIGI+RECO+HARVEST    
36.0   Wjet_Pt_3000_3500+DIGI+RECO+HARVEST 
37.0   LM1_sfts+DIGI+RECO+HARVEST          
38.0   QCD_FlatPt_15_3000HS+DIGI+RECO+HARVEST 
39.0   QCD_Pt_600_800+DIGI+RECO+HARVEST    
43.0   ZpMM_2250_8TeV+DIGI+RECO+HARVEST    
44.0   ZpEE_2250_8TeV+DIGI+RECO+HARVEST    
45.0   ZpTT_1500_8TeV+DIGI+RECO+HARVEST    
134.701 RunHLTPhy2015B+HLTDR2_50ns+RECODR2_50nsreHLT+HARVESTDR2 
134.702 RunDoubleEG2015B+HLTDR2_50ns+RECODR2_50nsreHLT+HARVESTDR2 
134.703 RunDoubleMuon2015B+HLTDR2_50ns+RECODR2_50nsreHLT+HARVESTDR2 
134.704 RunJetHT2015B+HLTDR2_50ns+RECODR2_50nsreHLT+HARVESTDR2 
134.705 RunMET2015B+HLTDR2_50ns+RECODR2_50nsreHLT+HARVESTDR2 
134.706 RunMuonEG2015B+HLTDR2_50ns+RECODR2_50nsreHLT+HARVESTDR2 
134.707 RunSingleEl2015B+HLTDR2_50ns+RECODR2_50nsreHLT+HARVESTDR2 
134.708 RunSingleMu2015B+HLTDR2_50ns+RECODR2_50nsreHLT+HARVESTDR2 
134.709 RunSinglePh2015B+HLTDR2_50ns+RECODR2_50nsreHLT+HARVESTDR2 
134.71 RunZeroBias2015B+HLTDR2_50ns+RECODR2_50nsreHLT+HARVESTDR2 
134.801 RunHLTPhy2015C+HLTDR2_25ns+RECODR2_25nsreHLT+HARVESTDR2 
134.802 RunDoubleEG2015C+HLTDR2_25ns+RECODR2_25nsreHLT+HARVESTDR2 
134.803 RunDoubleMuon2015C+HLTDR2_25ns+RECODR2_25nsreHLT+HARVESTDR2 
134.804 RunJetHT2015C+HLTDR2_25ns+RECODR2_25nsreHLT+HARVESTDR2 
134.805 RunMET2015C+HLTDR2_25ns+RECODR2_25nsreHLT+HARVESTDR2 
134.806 RunMuonEG2015C+HLTDR2_25ns+RECODR2_25nsreHLT+HARVESTDR2 
134.807 RunDoubleEGPrpt2015C+HLTDR2_25ns+RECODR2_25nsreHLT+HARVESTDR2 
134.808 RunSingleMuPrpt2015C+HLTDR2_25ns+RECODR2_25nsreHLT+HARVESTDR2 
134.809 RunSingleEl2015C+HLTDR2_25ns+RECODR2_25nsreHLT+HARVESTDR2 
134.81 RunSingleMu2015C+HLTDR2_25ns+RECODR2_25nsreHLT+HARVESTDR2 
134.811 RunSinglePh2015C+HLTDR2_25ns+RECODR2_25nsreHLT+HARVESTDR2 
134.812 RunZeroBias2015C+HLTDR2_25ns+RECODR2_25nsreHLT+HARVESTDR2 
134.813 RunCosmics2015C+RECOCOSDRUN2+ALCACOSDRUN2+HARVESTDCRUN2 
134.901 RunHLTPhy2015D+HLTDR2_25ns+RECODR2_25nsreHLT+HARVESTDR2 
134.902 RunDoubleEG2015D+HLTDR2_25ns+RECODR2_25nsreHLT+HARVESTDR2 
134.903 RunDoubleMuon2015D+HLTDR2_25ns+RECODR2_25nsreHLT+HARVESTDR2 
134.904 RunJetHT2015D+HLTDR2_25ns+RECODR2_25nsreHLT+HARVESTDR2 
134.905 RunMET2015D+HLTDR2_25ns+RECODR2_25nsreHLT+HARVESTDR2 
134.906 RunMuonEG2015D+HLTDR2_25ns+RECODR2_25nsreHLT+HARVESTDR2 
134.907 RunDoubleEGPrpt2015D+HLTDR2_25ns+RECODR2_25nsreHLT+HARVESTDR2 
134.908 RunSingleMuPrpt2015D+HLTDR2_25ns+RECODR2_25nsreHLT+HARVESTDR2 
134.909 RunSingleEl2015D+HLTDR2_25ns+RECODR2_25nsreHLT+HARVESTDR2 
134.91 RunSingleMu2015D+HLTDR2_25ns+RECODR2_25nsreHLT+HARVESTDR2 
134.911 RunSinglePh2015D+HLTDR2_25ns+RECODR2_25nsreHLT+HARVESTDR2 
134.912 RunZeroBias2015D+HLTDR2_25ns+RECODR2_25nsreHLT+HARVESTDR2 
135.1  TTbarFS_13+HARVESTUP15FS+MINIAODMCUP15FS 
135.11 SMS-T1tttt_mGl-1500_mLSP-100FS_13+HARVESTUP15FS+MINIAODMCUP15FS 
135.12 QCD_Pt_80_120FS_13+HARVESTUP15FS+MINIAODMCUP15FS 
135.2  SingleMuPt10FS_UP15+HARVESTUP15FS+MINIAODMCUP15FS 
135.3  SingleMuPt100FS_UP15+HARVESTUP15FS+MINIAODMCUP15FS 
135.4  ZEEFS_13+HARVESTUP15FS+MINIAODMCUP15FS 
135.5  ZTTFS_13+HARVESTUP15FS+MINIAODMCUP15FS 
135.6  QCDFlatPt153000FS_13+HARVESTUP15FS+MINIAODMCUP15FS 
135.7  H125GGgluonfusionFS_13+HARVESTUP15FS+MINIAODMCUP15FS 
135.8  MinBiasFS_13_ForMixing              
135.9  ZMMFS_13+HARVESTUP15FS+MINIAODMCUP15FS 
136.721 RunHLTPhy2016B+HLTDR2_2016+RECODR2_2016reHLT+HARVESTDR2 
136.722 RunDoubleEG2016B+HLTDR2_2016+RECODR2_2016reHLT_skimDoubleEG+HARVESTDR2 
136.723 RunDoubleMuon2016B+HLTDR2_2016+RECODR2_2016reHLT+HARVESTDR2 
136.724 RunJetHT2016B+HLTDR2_2016+RECODR2_2016reHLT_skimJetHT+HARVESTDR2 
136.725 RunMET2016B+HLTDR2_2016+RECODR2_2016reHLT+HARVESTDR2 
136.726 RunMuonEG2016B+HLTDR2_2016+RECODR2_2016reHLT_skimMuonEG+HARVESTDR2 
136.727 RunDoubleEGPrpt2016B+HLTDR2_2016+RECODR2_2016reHLT+HARVESTDR2 
136.728 RunSingleMuPrpt2016B+HLTDR2_2016+RECODR2_2016reHLT+HARVESTDR2 
136.729 RunSingleEl2016B+HLTDR2_2016+RECODR2_2016reHLT+HARVESTDR2 
136.73 RunSingleMu2016B+HLTDR2_2016+RECODR2_2016reHLT_skimSingleMu+HARVESTDR2 
136.731 RunSinglePh2016B+HLTDR2_2016+RECODR2_2016reHLT+HARVESTDR2 
136.732 RunZeroBias2016B+HLTDR2_2016+RECODR2_2016reHLT+HARVESTDR2 
136.7321 RunZeroBias2016BnewL1repack+HLTDR2newL1repack_2016+RECODR2newL1repack_2016reHLT+HARVESTDR2 
136.733 RunCosmics2016B+RECOCOSDRUN2+ALCACOSDRUN2+HARVESTDCRUN2 
136.734 RunMuOnia2016B+HLTDR2_2016+RECODR2_2016reHLT_skimMuOnia+HARVESTDR2 
136.735 RunNoBPTX2016B+HLTDR2_2016+RECODR2reHLTAlCaTkCosmics+HARVESTDR2 
140.1  QCD_Pt_80_120_13_HI+DIGIHI+RECOHI+HARVESTHI 
140.2  PhotonJets_Pt_10_13_HI+DIGIHI+RECOHI+HARVESTHI 
140.4  ZEEMM_13_HI+DIGIHI+RECOHI+HARVESTHI 
140.51 RunHI2010+REPACKHID+RECOHID11St3+HARVESTDHI 
140.52 RunHI2010+RECOHID10+RECOHIR10D11+HARVESTDHI 
140.53 RunHI2011+RECOHID11+HARVESTDHI      
145.0  HydjetQ_MinBias_5020GeV+DIGIHI+RECOHI+HARVESTHI 
280.0  AMPT_PPb_5020GeV_MinimumBias+DIGI+RECO+HARVEST 
1301.0 ProdMinBias_13+DIGIUP15PROD1+RECOPRODUP15 
1302.0 ProdTTbar_13+DIGIUP15PROD1+RECOPRODUP15 
1303.0 ProdQCD_Pt_3000_3500_13+DIGIUP15PROD1+RECOPRODUP15 
1306.0 SingleMuPt1_UP15+DIGIUP15+RECOUP15+HARVESTUP15 
1307.0 CosmicsSPLoose_UP15+DIGICOS_UP15+RECOCOS_UP15+ALCACOS_UP15+HARVESTCOS_UP15 
1308.0 BeamHalo_13+DIGIHAL+RECOHAL+ALCAHAL+HARVESTHAL 
1309.0 Higgs200ChargedTaus_13+DIGIUP15+RECOUP15+HARVESTUP15 
1310.0 ADDMonoJet_d3MD3_13+DIGIUP15+RECOUP15+HARVESTUP15 
1311.0 MinBias_13+DIGIUP15+RECOMINUP15+HARVESTMINUP15+ALCAMINUP15 
1312.0 ZpMM_13+DIGIUP15+RECOUP15+HARVESTUP15 
1313.0 QCD_Pt_3000_3500_13+DIGIUP15+RECOUP15+HARVESTUP15 
1314.0 WpM_13+DIGIUP15+RECOUP15+HARVESTUP15 
1315.0 SingleElectronPt10_UP15+DIGIUP15+RECOUP15+HARVESTUP15 
1316.0 SingleElectronPt1000_UP15+DIGIUP15+RECOUP15+HARVESTUP15 
1317.0 SingleElectronPt35_UP15+DIGIUP15+RECOUP15+HARVESTUP15 
1318.0 SingleGammaPt10_UP15+DIGIUP15+RECOUP15+HARVESTUP15 
1319.0 SingleGammaPt35_UP15+DIGIUP15+RECOUP15+HARVESTUP15 
1320.0 SingleMuPt10_UP15+DIGIUP15+RECOUP15+HARVESTUP15 
1321.0 SingleMuPt100_UP15+DIGIUP15+RECOUP15+HARVESTUP15 
1322.0 SingleMuPt1000_UP15+DIGIUP15+RECOUP15+HARVESTUP15 
1323.0 NuGun_UP15+DIGIUP15+RECOUP15+HARVESTUP15 
1324.0 TTbarLepton_13+DIGIUP15+RECOUP15+HARVESTUP15 
1325.0 TTbar_13+DIGIUP15+RECOUP15+HARVESTUP15+ALCATTUP15 
1326.0 WE_13+DIGIUP15+RECOUP15+HARVESTUP15 
1327.0 WM_13+DIGIUP15+RECOUP15+HARVESTUP15 
1328.0 QCD_Pt_80_120_13+DIGIUP15+RECOUP15+HARVESTUP15 
1329.0 ZEE_13+DIGIUP15+RECOUP15+HARVESTUP15 
1330.0 ZMM_13+DIGIUP15+RECOUP15+HARVESTUP15 
1331.0 ZTT_13+DIGIUP15+RECOUP15+HARVESTUP15 
1332.0 H125GGgluonfusion_13+DIGIUP15+RECOUP15+HARVESTUP15 
1333.0 PhotonJets_Pt_10_13+DIGIUP15+RECOUP15+HARVESTUP15 
1334.0 QQH1352T_13+DIGIUP15+RECOUP15+HARVESTUP15 
1335.0 Wjet_Pt_80_120_13+DIGIUP15+RECOUP15+HARVESTUP15 
1336.0 Wjet_Pt_3000_3500_13+DIGIUP15+RECOUP15+HARVESTUP15 
1337.0 SMS-T1tttt_mGl-1500_mLSP-100_13+DIGIUP15+RECOUP15+HARVESTUP15 
1338.0 QCD_FlatPt_15_3000HS_13+DIGIUP15+RECOUP15+HARVESTUP15 
1339.0 QCD_Pt_600_800_13+DIGIUP15+RECOUP15+HARVESTUP15 
1340.0 PhiToMuMu_13+DIGIUP15+RECOUP15+HARVESTUP15 
1341.0 RSKKGluon_m3000GeV_13+DIGIUP15+RECOUP15+HARVESTUP15 
1343.0 ZpMM_2250_13+DIGIUP15+RECOUP15+HARVESTUP15 
1344.0 ZpEE_2250_13+DIGIUP15+RECOUP15+HARVESTUP15 
1345.0 ZpTT_1500_13+DIGIUP15+RECOUP15+HARVESTUP15 
1347.0 Upsilon1SToMuMu_13+DIGIUP15+RECOUP15+HARVESTUP15 
1348.0 EtaBToJpsiJpsi_13+DIGIUP15+RECOUP15+HARVESTUP15 
1349.0 BsToMuMu_13+DIGIUP15+RECOUP15+HARVESTUP15 
1350.0 JpsiMuMu_Pt-15+DIGIUP15+RECOUP15+HARVESTUP15 
1351.0 BuMixing_13+DIGIUP15+RECOUP15+HARVESTUP15 
1352.0 HSCPstop_M_200_13+DIGIUP15+RECOUP15+HARVESTUP15 
1353.0 RSGravitonToGaGa_13+DIGIUP15+RECOUP15+HARVESTUP15 
1354.0 WpToENu_M-2000_13+DIGIUP15+RECOUP15+HARVESTUP15 
1355.0 DisplacedSUSY_stopToBottom_M_300_1000mm_13+DIGIUP15+RECOUP15+HARVESTUP15 
1356.0 ZEE_13_DBLMINIAOD+DIGIUP15+RECOAODUP15+HARVESTUP15+DBLMINIAODMCUP15NODQM 
1360.0 TTbar012Jets_NLO_Mad_py8_Evt_13+DIGIUP15+RECOUP15+HARVESTUP15 
1361.0 GluGluHToZZTo4L_M125_Pow_py8_Evt_13+DIGIUP15+RECOUP15+HARVESTUP15 
1362.0 VBFHToZZTo4Nu_M125_Pow_py8_Evt_13+DIGIUP15+RECOUP15+HARVESTUP15 
1363.0 VBFHToBB_M125_Pow_py8_Evt_13+DIGIUP15+RECOUP15+HARVESTUP15 
8001306.0 SingleMuPt1_UP15+REHLTUP15_reHLT+MINIAODUP15_reHLT+HARVESTMINIAODUP15_reHLT 
8001309.0 Higgs200ChargedTaus_13+REHLTUP15_reHLT+MINIAODUP15_reHLT+HARVESTMINIAODUP15_reHLT 
8001310.0 ADDMonoJet_d3MD3_13+REHLTUP15_reHLT+MINIAODUP15_reHLT+HARVESTMINIAODUP15_reHLT 
8001311.0 MinBias_13+REHLTUP15_reHLT+MINIAODUP15_reHLT+HARVESTMINIAODUP15_reHLT 
8001312.0 ZpMM_13+REHLTUP15_reHLT+MINIAODUP15_reHLT+HARVESTMINIAODUP15_reHLT 
8001313.0 QCD_Pt_3000_3500_13+REHLTUP15_reHLT+MINIAODUP15_reHLT+HARVESTMINIAODUP15_reHLT 
8001314.0 WpM_13+REHLTUP15_reHLT+MINIAODUP15_reHLT+HARVESTMINIAODUP15_reHLT 
8001315.0 SingleElectronPt10_UP15+REHLTUP15_reHLT+MINIAODUP15_reHLT+HARVESTMINIAODUP15_reHLT 
8001316.0 SingleElectronPt1000_UP15+REHLTUP15_reHLT+MINIAODUP15_reHLT+HARVESTMINIAODUP15_reHLT 
8001317.0 SingleElectronPt35_UP15+REHLTUP15_reHLT+MINIAODUP15_reHLT+HARVESTMINIAODUP15_reHLT 
8001318.0 SingleGammaPt10_UP15+REHLTUP15_reHLT+MINIAODUP15_reHLT+HARVESTMINIAODUP15_reHLT 
8001319.0 SingleGammaPt35_UP15+REHLTUP15_reHLT+MINIAODUP15_reHLT+HARVESTMINIAODUP15_reHLT 
8001320.0 SingleMuPt10_UP15+REHLTUP15_reHLT+MINIAODUP15_reHLT+HARVESTMINIAODUP15_reHLT 
8001321.0 SingleMuPt100_UP15+REHLTUP15_reHLT+MINIAODUP15_reHLT+HARVESTMINIAODUP15_reHLT 
8001322.0 SingleMuPt1000_UP15+REHLTUP15_reHLT+MINIAODUP15_reHLT+HARVESTMINIAODUP15_reHLT 
8001323.0 NuGun_UP15+REHLTUP15_reHLT+MINIAODUP15_reHLT+HARVESTMINIAODUP15_reHLT 
8001324.0 TTbarLepton_13+REHLTUP15_reHLT+MINIAODUP15_reHLT+HARVESTMINIAODUP15_reHLT 
8001325.0 TTbar_13+REHLTUP15_reHLT+MINIAODUP15_reHLT+HARVESTMINIAODUP15_reHLT 
8001326.0 WE_13+REHLTUP15_reHLT+MINIAODUP15_reHLT+HARVESTMINIAODUP15_reHLT 
8001327.0 WM_13+REHLTUP15_reHLT+MINIAODUP15_reHLT+HARVESTMINIAODUP15_reHLT 
8001328.0 QCD_Pt_80_120_13+REHLTUP15_reHLT+MINIAODUP15_reHLT+HARVESTMINIAODUP15_reHLT 
8001329.0 ZEE_13+REHLTUP15_reHLT+MINIAODUP15_reHLT+HARVESTMINIAODUP15_reHLT 
8001330.0 ZMM_13+REHLTUP15_reHLT+MINIAODUP15_reHLT+HARVESTMINIAODUP15_reHLT 
8001331.0 ZTT_13+REHLTUP15_reHLT+MINIAODUP15_reHLT+HARVESTMINIAODUP15_reHLT 
8001332.0 H125GGgluonfusion_13+REHLTUP15_reHLT+MINIAODUP15_reHLT+HARVESTMINIAODUP15_reHLT 
8001333.0 PhotonJets_Pt_10_13+REHLTUP15_reHLT+MINIAODUP15_reHLT+HARVESTMINIAODUP15_reHLT 
8001334.0 QQH1352T_13+REHLTUP15_reHLT+MINIAODUP15_reHLT+HARVESTMINIAODUP15_reHLT 
8001335.0 Wjet_Pt_80_120_13+REHLTUP15_reHLT+MINIAODUP15_reHLT+HARVESTMINIAODUP15_reHLT 
8001336.0 Wjet_Pt_3000_3500_13+REHLTUP15_reHLT+MINIAODUP15_reHLT+HARVESTMINIAODUP15_reHLT 
8001337.0 SMS-T1tttt_mGl-1500_mLSP-100_13+REHLTUP15_reHLT+MINIAODUP15_reHLT+HARVESTMINIAODUP15_reHLT 
8001338.0 QCD_FlatPt_15_3000HS_13+REHLTUP15_reHLT+MINIAODUP15_reHLT+HARVESTMINIAODUP15_reHLT 
8001339.0 QCD_Pt_600_800_13+REHLTUP15_reHLT+MINIAODUP15_reHLT+HARVESTMINIAODUP15_reHLT 
8001340.0 PhiToMuMu_13+REHLTUP15_reHLT+MINIAODUP15_reHLT+HARVESTMINIAODUP15_reHLT 
8001341.0 RSKKGluon_m3000GeV_13+REHLTUP15_reHLT+MINIAODUP15_reHLT+HARVESTMINIAODUP15_reHLT 
8001343.0 ZpMM_2250_13+REHLTUP15_reHLT+MINIAODUP15_reHLT+HARVESTMINIAODUP15_reHLT 
8001344.0 ZpEE_2250_13+REHLTUP15_reHLT+MINIAODUP15_reHLT+HARVESTMINIAODUP15_reHLT 
8001345.0 ZpTT_1500_13+REHLTUP15_reHLT+MINIAODUP15_reHLT+HARVESTMINIAODUP15_reHLT 
8001347.0 Upsilon1SToMuMu_13+REHLTUP15_reHLT+MINIAODUP15_reHLT+HARVESTMINIAODUP15_reHLT 
8001348.0 EtaBToJpsiJpsi_13+REHLTUP15_reHLT+MINIAODUP15_reHLT+HARVESTMINIAODUP15_reHLT 
8001350.0 JpsiMuMu_Pt-15+REHLTUP15_reHLT+MINIAODUP15_reHLT+HARVESTMINIAODUP15_reHLT 
8001352.0 HSCPstop_M_200_13+REHLTUP15_reHLT+MINIAODUP15_reHLT+HARVESTMINIAODUP15_reHLT 
8001353.0 RSGravitonToGaGa_13+REHLTUP15_reHLT+MINIAODUP15_reHLT+HARVESTMINIAODUP15_reHLT 
8001354.0 WpToENu_M-2000_13+REHLTUP15_reHLT+MINIAODUP15_reHLT+HARVESTMINIAODUP15_reHLT 
8001355.0 DisplacedSUSY_stopToBottom_M_300_1000mm_13+REHLTUP15_reHLT+MINIAODUP15_reHLT+HARVESTMINIAODUP15_reHLT 
8001361.0 GluGluHToZZTo4L_M125_Pow_py8_Evt_13+REHLTUP15_reHLT+MINIAODUP15_reHLT+HARVESTMINIAODUP15_reHLT 
8001362.0 VBFHToZZTo4Nu_M125_Pow_py8_Evt_13+REHLTUP15_reHLT+MINIAODUP15_reHLT+HARVESTMINIAODUP15_reHLT 
8001363.0 VBFHToBB_M125_Pow_py8_Evt_13+REHLTUP15_reHLT+MINIAODUP15_reHLT+HARVESTMINIAODUP15_reHLT 
101.0  SingleElectronE120EHCAL             
102.0  SinglePiE50HCAL                     
103.0  InclusiveppMuX+DIGI+RECO            
105.0  MinBiasHS+DIGI+ALCANZS              
106.0  bJpsiX+DIGI+RECO                    
107.0  QQH120Inv+DIGI+RECO                 
108.0  H165WW2L+DIGI+RECO                  
109.0  H200ZZ4L+DIGI+RECO                  
110.0  SingleTauPt50Pythia+DIGI+RECO       
111.0  JpsiMM_Pt_20_inf+DIGI+RECO          
112.0  QCD_Pt_15_20+DIGI+RECO              
113.0  QCD_Pt_20_30+DIGI+RECO              
114.0  QCD_Pt_30_50+DIGI+RECO              
115.0  QCD_Pt_50_80+DIGI+RECO              
116.0  QCD_Pt_80_120_2HS+DIGI+RECO         
117.0  QCD_Pt_120_170+DIGI+RECO            
118.0  QCD_Pt_170_230+DIGI+RECO            
119.0  ZTTHS+DIGI+RECO                     
120.0  SinglePi0E10+DIGI+RECO              
121.0  TTbar2HS+DIGI+RECO                  
122.0  UpsMM+DIGI+RECO                     
123.1  QCD_Pt_80_120FS                     
123.2  QCD_Pt_3000_3500FS                  
123.3  SingleMuPt1FS                       
124.1  SinglePiPt1FS                       
124.2  ZTTFS                               
124.4  SinglePiPt10FS                      
124.5  SinglePiPt100FS                     
124.6  SingleGammaFlatPt10To10FS           
125.0  ZPrime5000Dijet+DIGI+RECO           
126.0  SingleElectronFlatPt5To100+DIGI+RECO 
127.0  SingleGammaFlatPt10To100+DIGI+RECO  
128.0  SingleMuPt1HS+DIGI+RECO             
129.0  SinglePiPt1+DIGI+RECO               
130.0  SinglePiPt10+DIGI+RECO              
131.0  SinglePiPt100+DIGI+RECO             
132.0  LM9p+DIGI+RECO                      
133.0  RSGrav+DIGI+RECO                    
134.0  RunMinBias2011B+RECODR1+ALCAPROMPT+ALCAHARVD 
134.99601 RunJetHT2015HLHS+HLTDR2_25ns+RECODR2_25nsreHLT+HARVESTDR2 
134.99602 RunZeroBias2015HLHS+HLTDR2_25ns+RECODR2_25nsreHLT+HARVESTDR2 
134.99603 RunSingleMu2015HLHS+HLTDR2_25ns+RECODR2_25nsreHLT+HARVESTDR2 
134.99901 RunHLTPhy2015DHS+HLTDR2_25ns+RECODR2_25nsreHLT+HARVESTDR2 
144.6  MinimumBias2010A+RECOSKIMALCAR1     
139901.0 ZMM_13_HS+DIGIUP15+RECOUP15+HARVESTUP15 
139902.0 TTbar_13_HS+DIGIUP15+RECOUP15+HARVESTUP15 
13992501.0 ZMM_13_HS+DIGIUP15_PU25HS+RECOUP15_PU25HS+HARVESTUP15_PU25 
13992502.0 TTbar_13_HS+DIGIUP15_PU25HS+RECOUP15_PU25HS+HARVESTUP15_PU25 
200.0  ZEE+DIGIPU1+RECOPU1+HARVEST         
202.0  TTbar+DIGIPU1+RECOPU1+HARVEST       
203.0  H130GGgluonfusion+DIGIPU1+RECOPU1+HARVEST 
204.0  QQH1352T+DIGIPU1+RECOPU1+HARVEST    
205.0  ZTT+DIGIPU1+RECOPU1+HARVEST         
300.0  Pyquen_GammaJet_pt20_2760GeV+DIGIHIMIX+RECOHIMIX+HARVESTHI 
301.0  Pyquen_DiJet_pt80to120_2760GeV+DIGIHIMIX+RECOHIMIX+HARVESTHI 
302.0  Pyquen_ZeemumuJets_pt10_2760GeV+DIGIHIMIX+RECOHIMIX+HARVESTHI 
25200.0 ZEE_13+DIGIUP15_PU25+RECOUP15_PU25+HARVESTUP15_PU25 
25202.0 TTbar_13+DIGIUP15_PU25+RECOUP15_PU25+HARVESTUP15_PU25 
25203.0 H125GGgluonfusion_13+DIGIUP15_PU25+RECOUP15_PU25+HARVESTUP15_PU25 
25204.0 QQH1352T_13+DIGIUP15_PU25+RECOUP15_PU25+HARVESTUP15_PU25 
25205.0 ZTT_13+DIGIUP15_PU25+RECOUP15_PU25+HARVESTUP15_PU25 
25206.0 ZMM_13+DIGIUP15_PU25+RECOUP15_PU25+HARVESTUP15_PU25 
25207.0 NuGun_UP15+DIGIUP15_PU25+RECOUP15_PU25+HARVESTUP15_PU25 
25208.0 SMS-T1tttt_mGl-1500_mLSP-100_13+DIGIUP15_PU25+RECOUP15_PU25+HARVESTUP15_PU25 
25209.0 QCD_FlatPt_15_3000HS_13+DIGIUP15_PU25+RECOUP15_PU25+HARVESTUP15_PU25 
25210.0 TTbar012Jets_NLO_Mad_py8_Evt_13+DIGIUP15_PU25+RECOUP15_PU25+HARVESTUP15_PU25 
25211.0 GluGluHToZZTo4L_M125_Pow_py8_Evt_13+DIGIUP15_PU25+RECOUP15_PU25+HARVESTUP15_PU25 
25212.0 VBFHToZZTo4Nu_M125_Pow_py8_Evt_13+DIGIUP15_PU25+RECOUP15_PU25+HARVESTUP15_PU25 
25213.0 VBFHToBB_M125_Pow_py8_Evt_13+DIGIUP15_PU25+RECOUP15_PU25+HARVESTUP15_PU25 
25214.0 TTbarLepton_13+DIGIUP15_PU25+RECOUP15_PU25+HARVESTUP15_PU25 
25400.0 FS_ZEE_13_UP15_PU25+HARVESTUP15FS+MINIAODMCUP15FS 
25402.0 FS_TTbar_13_UP15_PU25+HARVESTUP15FS+MINIAODMCUP15FS 
25403.0 FS_H125GGgluonfusion_13_UP15_PU25+HARVESTUP15FS+MINIAODMCUP15FS 
25405.0 FS_ZTT_13_UP15_PU25+HARVESTUP15FS+MINIAODMCUP15FS 
25406.0 FS_ZMM_13_UP15_PU25+HARVESTUP15FS+MINIAODMCUP15FS 
25407.0 FS_NuGun_UP15_UP15_PU25+HARVESTUP15FS+MINIAODMCUP15FS 
25408.0 FS_SMS-T1tttt_mGl-1500_mLSP-100_13_UP15_PU25+HARVESTUP15FS+MINIAODMCUP15FS 
25409.0 FS_QCD_FlatPt_15_3000HS_13_UP15_PU25+HARVESTUP15FS+MINIAODMCUP15FS 
50200.0 ZEE_13+DIGIUP15_PU50+RECOUP15_PU50+HARVESTUP15_PU50 
50202.0 TTbar_13+DIGIUP15_PU50+RECOUP15_PU50+HARVESTUP15_PU50 
50203.0 H125GGgluonfusion_13+DIGIUP15_PU50+RECOUP15_PU50+HARVESTUP15_PU50 
50204.0 QQH1352T_13+DIGIUP15_PU50+RECOUP15_PU50+HARVESTUP15_PU50 
50205.0 ZTT_13+DIGIUP15_PU50+RECOUP15_PU50+HARVESTUP15_PU50 
50206.0 ZMM_13+DIGIUP15_PU50+RECOUP15_PU50+HARVESTUP15_PU50 
50207.0 NuGun_UP15+DIGIUP15_PU50+RECOUP15_PU50+HARVESTUP15_PU50 
50208.0 SMS-T1tttt_mGl-1500_mLSP-100_13+DIGIUP15_PU50+RECOUP15_PU50+HARVESTUP15_PU50 
80025200.0 ZEE_13+REHLTUP15_reHLT+MINIAODUP15_reHLT+HARVESTMINIAODUP15_reHLT 
80025202.0 TTbar_13+REHLTUP15_reHLT+MINIAODUP15_reHLT+HARVESTMINIAODUP15_reHLT 
80025203.0 H125GGgluonfusion_13+REHLTUP15_reHLT+MINIAODUP15_reHLT+HARVESTMINIAODUP15_reHLT 
80025204.0 QQH1352T_13+REHLTUP15_reHLT+MINIAODUP15_reHLT+HARVESTMINIAODUP15_reHLT 
80025205.0 ZTT_13+REHLTUP15_reHLT+MINIAODUP15_reHLT+HARVESTMINIAODUP15_reHLT 
80025206.0 ZMM_13+REHLTUP15_reHLT+MINIAODUP15_reHLT+HARVESTMINIAODUP15_reHLT 
80025207.0 NuGun_UP15+REHLTUP15_reHLT+MINIAODUP15_reHLT+HARVESTMINIAODUP15_reHLT 
80025208.0 SMS-T1tttt_mGl-1500_mLSP-100_13+REHLTUP15_reHLT+MINIAODUP15_reHLT+HARVESTMINIAODUP15_reHLT 
80025210.0 TTbar012Jets_NLO_Mad_py8_Evt_13+REHLTUP15_reHLT+MINIAODUP15_reHLT+HARVESTMINIAODUP15_reHLT 
80025211.0 GluGluHToZZTo4L_M125_Pow_py8_Evt_13+REHLTUP15_reHLT+MINIAODUP15_reHLT+HARVESTMINIAODUP15_reHLT 
80025212.0 VBFHToZZTo4Nu_M125_Pow_py8_Evt_13+REHLTUP15_reHLT+MINIAODUP15_reHLT+HARVESTMINIAODUP15_reHLT 
80025213.0 VBFHToBB_M125_Pow_py8_Evt_13+REHLTUP15_reHLT+MINIAODUP15_reHLT+HARVESTMINIAODUP15_reHLT 
80025214.0 TTbarLepton_13+REHLTUP15_reHLT+MINIAODUP15_reHLT+HARVESTMINIAODUP15_reHLT 
503.0  MinBias_13TeV_pythia8+HARVESTGEN    
504.0  QCD_Pt-30_13TeV_pythia8+HARVESTGEN  
505.0  DYToLL_M-50_13TeV_pythia8+HARVESTGEN 
506.0  WToLNu_13TeV_pythia8+HARVESTGEN     
512.0  DYToll01234Jets_5f_LO_MLM_Madgraph_LHE_13TeV+Hadronizer_TuneCUETP8M1_13TeV_MLM_5f_max4j_LHE_pythia8+HARVESTGEN2 
531.0  ReggeGribovPartonMC_EposLHC_5TeV_pPb+HARVESTGEN 
541.0  BuToKstarJPsiToMuMu_forSTEAM_13TeV_TuneCUETP8M1+HARVESTGEN 
545.0  BsToMuMu_forSTEAM_13TeV_TuneCUETP8M1+HARVESTGEN 
507.0  SoftQCDDiffractive_13TeV_pythia8+HARVESTGEN 
508.0  SoftQCDnonDiffractive_13TeV_pythia8+HARVESTGEN 
509.0  SoftQCDelastic_13TeV_pythia8+HARVESTGEN 
510.0  SoftQCDinelastic_13TeV_pythia8+HARVESTGEN 
513.0  WTolNu01234Jets_5f_LO_MLM_Madgraph_LHE_13TeV+Hadronizer_TuneCUETP8M1_13TeV_MLM_5f_max4j_LHE_pythia8+HARVESTGEN2 
514.0  GGToH_Pow_LHE_13TeV+Hadronizer_TuneCUETP8M1_13TeV_Hgg_powhegEmissionVeto_pythia8+HARVESTGEN2 
515.0  DYToll01234Jets_5f_LO_MLM_Madgraph_LHE_13TeV+Hadronizer_TuneCUETP8M1_13TeV_MLM_5f_max4j_LHE_pythia8_taupinu+HARVESTGEN2 
516.0  WTolNu01234Jets_5f_LO_MLM_Madgraph_LHE_13TeV+Hadronizer_TuneCUETP8M1_13TeV_MLM_5f_max4j_LHE_pythia8_taupinu+HARVESTGEN2 
517.0  VHToH_Pow_LHE_13TeV+Hadronizer_TuneCUETP8M1_13TeV_Httpinu_powhegEmissionVeto_pythia8+HARVESTGEN2 
518.0  DYToll01234Jets_5f_LO_MLM_Madgraph_LHE_13TeV+Hadronizer_TuneCUETP8M1_13TeV_MLM_5f_max4j_LHE_pythia8_taurhonu+HARVESTGEN2 
519.0  WTolNu01234Jets_5f_LO_MLM_Madgraph_LHE_13TeV+Hadronizer_TuneCUETP8M1_13TeV_MLM_5f_max4j_LHE_pythia8_taurhonu+HARVESTGEN2 
520.0  VHToH_Pow_LHE_13TeV+Hadronizer_TuneCUETP8M1_13TeV_Httrhonu_powhegEmissionVeto_pythia8+HARVESTGEN2 
521.0  WTolNu01234Jets_5f_LO_MLM_Madgraph_LHE_13TeV+Hadronizer_TuneCUETP8M1_13TeV_MLM_5f_max4j_LHE_pythia8_Tauola+HARVESTGEN2 
522.0  DYToll01234Jets_5f_LO_MLM_Madgraph_LHE_13TeV+Hadronizer_TuneCUETP8M1_13TeV_MLM_5f_max4j_LHE_pythia8_Tauola+HARVESTGEN2 
523.0  TTbar012Jets_5f_NLO_FXFX_Madgraph_LHE_13TeV+Hadronizer_TuneCUETP8M1_13TeV_aMCatNLO_FXFX_5f_max2j_max1p_LHE_pythia8_evtgen+HARVESTGEN2 
524.0  VHToH_Pow_LHE_13TeV+Hadronizer_TuneCUETP8M1_13TeV_Htt_powhegEmissionVeto_pythia8_tauola+HARVESTGEN2 
525.0  WTolNu01234Jets_5f_LO_MLM_Madgraph_LHE_13TeV+Hadronizer_TuneCUETP8M1_13TeV_MLM_5f_max4j_LHE_pythia8_Tauola_taupinu+HARVESTGEN2 
526.0  DYToll01234Jets_5f_LO_MLM_Madgraph_LHE_13TeV+Hadronizer_TuneCUETP8M1_13TeV_MLM_5f_max4j_LHE_pythia8_Tauola_taupinu+HARVESTGEN2 
527.0  VHToH_Pow_LHE_13TeV+Hadronizer_TuneCUETP8M1_13TeV_Httpinu_powhegEmissionVeto_pythia8_tauola+HARVESTGEN2 
528.0  WTolNu01234Jets_5f_LO_MLM_Madgraph_LHE_13TeV+Hadronizer_TuneCUETP8M1_13TeV_MLM_5f_max4j_LHE_pythia8_Tauola_taurhonu+HARVESTGEN2 
529.0  DYToll01234Jets_5f_LO_MLM_Madgraph_LHE_13TeV+Hadronizer_TuneCUETP8M1_13TeV_MLM_5f_max4j_LHE_pythia8_Tauola_taurhonu+HARVESTGEN2 
530.0  VHToH_Pow_LHE_13TeV+Hadronizer_TuneCUETP8M1_13TeV_Httrhonu_powhegEmissionVeto_pythia8_tauola+HARVESTGEN2 
534.0  sherpa_ZtoEE_0j_OpenLoops_13TeV_MASTER+HARVESTGEN 
551.0  TTbar012Jets_5f_NLO_FXFX_Madgraph_LHE_13TeV+Hadronizer_TuneCUETP8M1_13TeV_aMCatNLO_FXFX_5f_max2j_max1p_LHE_pythia8+HARVESTGEN2 
552.0  VHToH_Pow_LHE_13TeV+Hadronizer_TuneCUETP8M1_13TeV_Htt_powhegEmissionVeto_pythia8+HARVESTGEN2 
554.0  VBFToH_Pow_JHU4l_LHE_13TeV+Hadronizer_TuneCUETP8M1_13TeV_powhegEmissionVeto_pythia8+HARVESTGEN2 
555.0  DYToll012Jets_5f_NLO_FXFX_Madgraph_LHE_13TeV+Hadronizer_TuneCUETP8M1_13TeV_aMCatNLO_FXFX_5f_max2j_max0p_LHE_pythia8+HARVESTGEN2 
556.0  TTbar_Pow_LHE_13TeV+Hadronizer_TuneCUETP8M1_13TeV_powhegEmissionVeto2p_pythia8+HARVESTGEN2 
560.0  ZprimeToll_M3000_13TeV_pythia8+HARVESTGEN 
561.0  WprimeTolNu_M3000_13TeV_pythia8+HARVESTGEN 
562.0  BulkG_M1200_narrow_2L2Q_LHE_13TeV+Hadronizer_TuneCUETP8M1_Mad_pythia8+HARVESTGEN2 
1000.0 RunMinBias2011A+TIER0+SKIMD+HARVESTDfst2+ALCASPLIT 
1001.0 RunMinBias2011A+TIER0EXP+ALCAEXP+ALCAHARVD1+ALCAHARVD2+ALCAHARVD3+ALCAHARVD4+ALCAHARVD5 
1002.0 RunMinBias2011A+RECODR1+COPYPASTE   
1003.0 RunMinBias2012A+RECODDQM+HARVESTDDQM 
1004.0 RunHI2011+TIER0EXPHI+ALCAEXPHI+ALCAHARVD1HI+ALCAHARVD2HI+ALCAHARVD3HI+ALCAHARVD5HI 
1102.0 TTbar+DIGI+RECO+RECOFROMRECO+COPYPASTE 
4000.0 TTbar+DIGI+RECODBG                  
4001.0 TTbar+DIGIPU1+RECOPUDBG             
4002.0 ZEE+DIGI+RECO                       
4003.0 ZMM+DIGI+RECO                       
4006.0 SingleElectronFlatPt1To100+DIGIPU1+RECOPU1 
4007.0 QCD_Pt_30_80_BCtoE_8TeV+DIGIPU1+RECOPUDBG 
4008.0 QCD_Pt_80_170_BCtoE_8TeV+DIGIPU1+RECOPUDBG 
10021.0 TenMuE_0_200_pythia8_2017_GenSimFull+DigiFull_2017+RecoFull_2017+HARVESTFull_2017 
10023.0 MinBias_13TeV_pythia8_TuneCUETP8M1_2017_GenSimFull+DigiFull_2017+RecoFull_2017+HARVESTFull_2017 
10024.0 TTbar_13TeV_TuneCUETP8M1_2017_GenSimFull+DigiFull_2017+RecoFull_2017+HARVESTFull_2017 
10025.0 ZEE_13TeV_TuneCUETP8M1_2017_GenSimFull+DigiFull_2017+RecoFull_2017+HARVESTFull_2017 
10026.0 QCD_Pt_600_800_13TeV_TuneCUETP8M1_2017_GenSimFull+DigiFull_2017+RecoFull_2017+HARVESTFull_2017 
10224.0 TTbar_13TeV_TuneCUETP8M1_2017PU_GenSimFull+DigiFullPU_2017PU+RecoFullPU_2017PU+HARVESTFullPU_2017PU 
10225.0 ZEE_13TeV_TuneCUETP8M1_2017PU_GenSimFull+DigiFullPU_2017PU+RecoFullPU_2017PU+HARVESTFullPU_2017PU 
250199.0 PREMIXUP15_PU25                     
250200.0 ZEE_13+DIGIPRMXUP15_PU25+RECOPRMXUP15_PU25+HARVESTUP15_PU25 
250200.1 ProdZEE_13+DIGIPRMXUP15_PROD_PU25+RECOPRMXUP15PROD_PU25 
250202.0 TTbar_13+DIGIPRMXUP15_PU25+RECOPRMXUP15_PU25+HARVESTUP15_PU25 
250203.0 H125GGgluonfusion_13+DIGIPRMXUP15_PU25+RECOPRMXUP15_PU25+HARVESTUP15_PU25 
250204.0 QQH1352T_13+DIGIPRMXUP15_PU25+RECOPRMXUP15_PU25+HARVESTUP15_PU25 
250205.0 ZTT_13+DIGIPRMXUP15_PU25+RECOPRMXUP15_PU25+HARVESTUP15_PU25 
250206.0 ZMM_13+DIGIPRMXUP15_PU25+RECOPRMXUP15_PU25+HARVESTUP15_PU25 
250207.0 NuGun_UP15+DIGIPRMXUP15_PU25+RECOPRMXUP15_PU25+HARVESTUP15_PU25 
250399.0 FS_PREMIXUP15_PU25                  
250400.0 FS_ZEE_13_PRMXUP15_PU25+HARVESTUP15FS+MINIAODMCUP15FS 
250402.0 FS_TTbar_13_PRMXUP15_PU25+HARVESTUP15FS+MINIAODMCUP15FS 
250403.0 FS_H125GGgluonfusion_13_PRMXUP15_PU25+HARVESTUP15FS+MINIAODMCUP15FS 
250405.0 FS_ZTT_13_PRMXUP15_PU25+HARVESTUP15FS+MINIAODMCUP15FS 
250406.0 FS_ZMM_13_PRMXUP15_PU25+HARVESTUP15FS+MINIAODMCUP15FS 
250407.0 FS_NuGun_UP15_PRMXUP15_PU25+HARVESTUP15FS+MINIAODMCUP15FS 
250408.0 FS_QCD_FlatPt_15_3000HS_13_PRMXUP15_PU25+HARVESTUP15FS+MINIAODMCUP15FS 
250409.0 FS_SMS-T1tttt_mGl-1500_mLSP-100_13_PRMXUP15_PU25+HARVESTUP15FS+MINIAODMCUP15FS 
500199.0 PREMIXUP15_PU50                     
500200.0 ZEE_13+DIGIPRMXUP15_PU50+RECOPRMXUP15_PU50+HARVESTUP15_PU50 
500200.1 ProdZEE_13+DIGIPRMXUP15_PROD_PU50+RECOPRMXUP15PROD_PU50 
500202.0 TTbar_13+DIGIPRMXUP15_PU50+RECOPRMXUP15_PU50+HARVESTUP15_PU50 
500203.0 H125GGgluonfusion_13+DIGIPRMXUP15_PU50+RECOPRMXUP15_PU50+HARVESTUP15_PU50 
500204.0 QQH1352T_13+DIGIPRMXUP15_PU50+RECOPRMXUP15_PU50+HARVESTUP15_PU50 
500205.0 ZTT_13+DIGIPRMXUP15_PU50+RECOPRMXUP15_PU50+HARVESTUP15_PU50 
500206.0 ZMM_13+DIGIPRMXUP15_PU50+RECOPRMXUP15_PU50+HARVESTUP15_PU50 
500207.0 NuGun_UP15+DIGIPRMXUP15_PU50+RECOPRMXUP15_PU50+HARVESTUP15_PU50 

14 workflows with 1 steps
22 workflows with 2 steps
98 workflows with 3 steps
296 workflows with 4 steps
15 workflows with 5 steps
1 workflows with 7 steps
1 workflows with 8 steps

-------------------------------------------------------------------------------- 

