L1Trigger/L1TGlobal/python/StableParameters_cff.py is deprecated, please use GlobalParameters_cff.py instead.
DIGI:pdigi_valid,L1,DIGI2RAW,HLT:@relval2016,ENDJOB
We have determined that this is simulation (if not, rerun cmsDriver.py with --data)
entry filelist:step1_dasquery.log
found files:  ['/store/relval/CMSSW_7_1_20_patch2/RelValWpM_13/GEN-SIM/MCRUN2_71_V1_GsRealBS-v1/00000/104E4313-E281-E511-9774-00261894386C.root', '/store/relval/CMSSW_7_1_20_patch2/RelValWpM_13/GEN-SIM/MCRUN2_71_V1_GsRealBS-v1/00000/12C27B97-E681-E511-B3FB-0025905964A2.root', '/store/relval/CMSSW_7_1_20_patch2/RelValWpM_13/GEN-SIM/MCRUN2_71_V1_GsRealBS-v1/00000/1450B8C4-E781-E511-9EC6-00261894390E.root', '/store/relval/CMSSW_7_1_20_patch2/RelValWpM_13/GEN-SIM/MCRUN2_71_V1_GsRealBS-v1/00000/A88EDDDC-EB81-E511-AA64-0025905964C4.root', '/store/relval/CMSSW_7_1_20_patch2/RelValWpM_13/GEN-SIM/MCRUN2_71_V1_GsRealBS-v1/00000/E4CB05DC-EB81-E511-A35B-0025905A6136.root']
 ################################################################### 
 # WARNING: this module is deprecated.                             # 
 # Please use CondCore.CondDB.CondDB_cfi.py                        # 
 ################################################################### 
Step: DIGI Spec: ['pdigi_valid']
Step: L1 Spec: 
L1TCalorimeter Sequence configured for Stage-2 (2016) trigger. 
L1TMuon Sequence configured for Stage-2 (2016) trigger. 
L1TGlobal Sequence configured for Stage-2 (2016) trigger. 
L1TCalorimeter Conditions configured for Stage-2 (2016) trigger. 
L1TMuon Conditions configured for Stage-2 (2016) trigger. 
L1TGlobal Conditions configured for Stage-2 (2016) trigger. 
Step: DIGI2RAW Spec: 
L1TDigiToRaw Sequence configured for Stage-2 (2016) trigger. 
Step: HLT Spec: ['@relval2016']
Step: ENDJOB Spec: 
# Conditions read from  CMS_CONDITIONS  via FrontierProd 
customising the process with customizeHLTforFullSim from HLTrigger/Configuration/customizeHLTforMC
Config file DIGIUP15.py created
