This is an expert setting, you'd better know what you're doing
processing relval_standard
ignoring non-requested file relval_highstats
ignoring non-requested file relval_pileup
ignoring non-requested file relval_generator
ignoring non-requested file relval_extendedgen
ignoring non-requested file relval_production
ignoring non-requested file relval_ged
ignoring non-requested file relval_upgrade
ignoring non-requested file relval_2017
ignoring non-requested file relval_identity
ignoring non-requested file relval_machine
ignoring non-requested file relval_unsch
ignoring non-requested file relval_premix
Running in 4 thread(s)

Preparing to run 140.54 RunPA2013+RunPA2013+RECO_PPbData+HARVEST_PPbData

# in: /afs/cern.ch/work/p/prebello/private/PAGValidation/HI8023relval/CMSSW_8_0_23_patch2/src/HInew dryRun for 'cd 140.54_RunPA2013+RunPA2013+RECO_PPbData+HARVEST_PPbData
 echo '{
"211313":[[1,268435455]]
}' > step1_lumiRanges.log  2>&1
 

# in: /afs/cern.ch/work/p/prebello/private/PAGValidation/HI8023relval/CMSSW_8_0_23_patch2/src/HInew dryRun for 'cd 140.54_RunPA2013+RunPA2013+RECO_PPbData+HARVEST_PPbData
 (das_client --limit 0 --query 'file dataset=/PAMinBiasUPC/HIRun2013-v1/RAW run=211313 site=T2_CH_CERN') | sort -u > step1_dasquery.log  2>&1
 
---

# in: /afs/cern.ch/work/p/prebello/private/PAGValidation/HI8023relval/CMSSW_8_0_23_patch2/src/HInew dryRun for 'cd 140.54_RunPA2013+RunPA2013+RECO_PPbData+HARVEST_PPbData
 cmsDriver.py step2  --conditions auto:run1_data -s RAW2DIGI,L1Reco,RECO,ALCA:TkAlMinBias+TkAlMuonIsolatedPA+TkAlUpsilonMuMuPA+TkAlZMuMuPA,SKIM:PAZMM+PAZEE+PAMinBias,EI,DQM --process reRECO --data  --era Run1_pA --eventcontent AOD,DQM --runUnscheduled  --scenario pp --datatier AOD,DQMIO --io RECO_PPbData.io --python RECO_PPbData.py -n 100  --filein filelist:step1_dasquery.log --lumiToProcess step1_lumiRanges.log --fileout file:step2.root  --nThreads 4 > step2_RunPA2013+RunPA2013+RECO_PPbData+HARVEST_PPbData.log  2>&1
 

# in: /afs/cern.ch/work/p/prebello/private/PAGValidation/HI8023relval/CMSSW_8_0_23_patch2/src/HInew dryRun for 'cd 140.54_RunPA2013+RunPA2013+RECO_PPbData+HARVEST_PPbData
 cmsDriver.py step3  --conditions auto:run1_data -s HARVESTING:dqmHarvesting --scenario pp --filetype DQM --data  --era Run1_pA --io HARVEST_PPbData.io --python HARVEST_PPbData.py -n 100  --filein file:step2_inDQM.root --fileout file:step3.root  > step3_RunPA2013+RunPA2013+RECO_PPbData+HARVEST_PPbData.log  2>&1
 
140.54_RunPA2013+RunPA2013+RECO_PPbData+HARVEST_PPbData Step0-PASSED Step1-PASSED Step2-PASSED  - time date Fri Nov 11 21:28:58 2016-date Fri Nov 11 21:28:58 2016; exit: 0 0 0
1 1 1 tests passed, 0 0 0 failed


	Found wmclient

inspecting 140.54_RunPA2013+RunPA2013+RECO_PPbData+HARVEST_PPbData
Loading 140.54_RunPA2013+RunPA2013+RECO_PPbData+HARVEST_PPbData/RECO_PPbData.py to https://cmsweb.cern.ch/couchdb for 140.54RECO_PPbData
Importing the config, this may take a while...140.54_RunPA2013+RunPA2013+RECO_PPbData+HARVEST_PPbData/RECO_PPbData.py  uploaded to couchDB for 140.54 with ID b599646bc539b005927748309b24f823
Loading 140.54_RunPA2013+RunPA2013+RECO_PPbData+HARVEST_PPbData/HARVEST_PPbData.py to https://cmsweb.cern.ch/couchdb for 140.54harvesting
Importing the config, this may take a while...  ################################################################### 
 # WARNING: this module is deprecated.                             # 
 # Please use CondCore.CondDB.CondDB_cfi.py                        # 
 ################################################################### 
WARNING:  L1Trigger/L1TCommon/python/caloStage1LegacyFormatDigis_cfi.py has been deprecated...
WARNING:  please use L1Trigger/L1TCalorimeter/python/caloStage1LegacyFormatDigis_cfi.py
['HLT_Photon90_CaloIdL_PFHT500', 'HLT_HT430to450', 'DST_HT250_CaloScouting', 'HLT_L2Mu40_NoVertex_3Sta_NoBPTX3BX', 'HLT_MET200', 'HLT_PFMET170_NotCleaned', 'HLT_JetE30_NoBPTX3BX', 'HLT_PFMET170_JetIdCleaned', 'HLT_PFHT550_4JetPt50', 'HLT_Mu27_TkMu8', 'HLT_HT250_DisplacedDijet40_DisplacedTrack', 'HLT_Mu55', 'HLT_Mu50', 'HLT_MonoCentralPFJet80_PFMETNoMu100_PFMHTNoMu100_IDTight', 'HLT_DiCentralPFJet330_CFMax0p5', 'HLT_Photon90_CaloIdL_PFHT600HLT_HT650', 'HLT_PFHT650', 'DST_L1DoubleMu_CaloScouting_PFScouting', 'DST_HT450_PFReco_PFBTagCSVReco_PFScouting', 'HLT_TrkMu15_DoubleTrkMu5NoFiltersNoVtx', 'HLT_Photon42_R9Id85_OR_CaloId24b40e_Iso50T80L_Photon25_AND_HE10_R9Id65_Eta2_Mass15', 'HLT_HT410to430', 'HLT_PFHT750_4JetPt70', 'HLT_HT350_DisplacedDijet40_Inclusive', 'DST_DoubleMu3_Mass10_BTagScouting', 'HLT_HT200_DisplacedDijet40_DisplacedTrack', 'HLT_HT350_DisplacedDijet40_DisplacedTrack', 'HLT_DoublePhoton40', 'DST_L1DoubleMu_BTagScouting', 'HLT_Mu23NoFiltersNoVtx_Photon23_CaloIdL', 'DST_ZeroBias_CaloScouting_PFScouting', 'HLT_HT275', 'HLT_DoubleEle25_CaloIdL_GsfTrkIdVL', 'HLT_PFMETNoMu110_PFMHTNoMu110_IDTight', 'HLT_HT470to500', 'HLT_HT575', 'HLT_Ele105_CaloIdVT_GsfTrkIdT', 'HLT_VBF_DisplacedJet40_VTightID_Hadronic', 'HLT_PFMET170_NoiseCleaned', 'HLT_DoubleMu18NoFiltersNoVtx', 'HLT_MET200_JetIdCleaned', 'HLT_PFHT850_4JetPt50', 'HLT_PFHT550_4Jet', 'HLT_HT550_DisplacedDijet40_Inclusive', 'HLT_PFMET170', 'HLT_MET100', 'HLT_MonoCentralPFJet80_PFMETNoMu110_PFMHTNoMu110_IDTight', 'HLT_Mu38NoFiltersNoVtxDisplaced_DisplacedJet60_Tight', 'HLT_MonoCentralPFJet80_PFMETNoMu120_JetIdCleaned_PFMHTNoMu120_IDTight', 'HLT_DoublePhoton50', 'HLT_Photon36_R9Id85_OR_CaloId24b40e_Iso50T80L_Photon31_AND_HE10_R9Id65_Mass10', 'HLT_TrkMu17_DoubleTrkMu8NoFiltersNoVtx', 'HLT_MET60_IsoTrk35_Loose', 'HLT_VBF_DisplacedJet40_DisplacedTrack', 'HLT_Photon26_R9Id85_OR_CaloId24b40e_Iso50T80L_Photon16_AND_HE10_R9Id65_Mass60', 'HLT_HT450to470', 'DST_HT250_CaloBTagScouting', 'HLT_HT350_DisplacedDijet80_DisplacedTrack', 'DST_CaloJet40_PFReco_PFBTagCSVReco_PFScouting', 'HLT_SingleCentralPFJet170_CFMax0p1', 'HLT_DoubleMu23NoFiltersNoVtxDisplaced', 'HLT_Photon175', 'HLT_PFMETNoMu90_PFMHTNoMu90_IDTight', 'HLT_Ele115_CaloIdVT_GsfTrkIdT', 'DST_HT450_PFScouting', 'HLT_DiCentralPFJet170_CFMax0p1', 'HLT_ECALHT800', 'HLT_JetE70_NoBPTX3BX', 'HLT_Photon26_R9Id85_OR_CaloId24b40e_Iso50T80L_Photon16_AND_HE10_R9Id65_Eta2_Mass60', 'HLT_DoubleEle33_CaloIdL', 'DST_CaloJet40_CaloScouting', 'HLT_HT500to550', 'HLT_PFHT650_4JetPt50', 'HLT_Mu17_Mu8_DZ', 'HLT_Mu28NoFiltersNoVtx_CentralCaloJet40', 'HLT_PFMETNoMu100_PFMHTNoMu100_IDTight', 'HLT_Mu30_TkMu11', 'HLT_Mu38NoFiltersNoVtx_DisplacedJet60_Loose', 'HLT_MonoCentralPFJet80_PFMETNoMu120_PFMHTNoMu120_IDTight', 'HLT_VBF_DisplacedJet40_VTightID_DisplacedTrack', 'HLT_VBF_DisplacedJet40_DisplacedTrack_2TrackIP2DSig5', 'HLT_PFMET170_HBHECleaned', 'DST_ZeroBias_BTagScouting', 'HLT_L2Mu10_NoVertex_NoBPTX', 'HLT_DoubleMu28NoFiltersNoVtxDisplaced', 'HLT_JetE30_NoBPTX', 'HLT_CaloJet500_NoJetID', 'DST_L1HTT_BTagScouting', 'HLT_VBF_DisplacedJet40_Hadronic', 'HLT_DoubleEle33_CaloIdL_GsfTrkIdVL', 'HLT_L2DoubleMu28_NoVertex_2Cha_Angle2p5_Mass10', 'HLT_PFHT750_4JetPt80', 'HLT_DiCentralPFJet170', 'HLT_HT550to650', 'HLT_MonoCentralPFJet80_PFMETNoMu90_PFMHTNoMu90_IDTight', 'HLT_DoubleMu33NoFiltersNoVtx', 'HLT_HT750_DisplacedDijet80_Inclusive', 'HLT_HT350_DisplacedDijet80_Tight_DisplacedTrack', 'HLT_Mu28NoFiltersNoVtxDisplaced_Photon28_CaloIdL', 'HLT_PFMETNoMu120_PFMHTNoMu120_IDTight', 'HLT_Photon150', 'HLT_HT200', 'HLT_Dimuon0_Jpsi_Muon', 'HLT_L2DoubleMu38_NoVertex_2Cha_Angle2p5_Mass10', 'HLT_DoubleEle33_140.54_RunPA2013+RunPA2013+RECO_PPbData+HARVEST_PPbData/HARVEST_PPbData.py uploaded to couchDB for 140.54 with ID ab985c46e5e26d424add08e2e91ee004

	Found wmcontrol

For eyes before submitting 140.54
{'CMSSWVersion': 'CMSSW_8_0_23_patch2',
 'Campaign': 'CMSSW_8_0_23_patch2',
 'ConfigCacheURL': 'https://cmsweb.cern.ch/couchdb',
 'CouchURL': 'https://cmsweb.cern.ch/couchdb',
 'DQMConfigCacheID': 'ab985c46e5e26d424add08e2e91ee004',
 'DQMUploadUrl': 'https://cmsweb.cern.ch/dqm/relval',
 'DbsUrl': 'https://cmsweb.cern.ch/dbs/prod/global/DBSReader',
 'EnableHarvesting': 'True',
 'GlobalTag': u'80X_dataRun2_Candidate_2016_09_02_10_26_48',
 'Group': 'ppd',
 'Memory': 3000,
 'Multicore': 1,
 'ProcessingVersion': 1,
 'RequestPriority': 500000,
 'RequestString': 'RVCMSSW_8_0_23_patch2RunPA2013__RelVal_pa2013',
 'RequestType': 'TaskChain',
 'Requestor': 'prebello',
 'ScramArch': 'slc6_amd64_gcc530',
 'SizePerEvent': 1234,
 'SubRequestType': 'RelVal',
 'Task1': {'AcquisitionEra': 'CMSSW_8_0_23_patch2',
           'ConfigCacheID': 'b599646bc539b005927748309b24f823',
           'GlobalTag': u'80X_dataRun2_Candidate_2016_09_02_10_26_48',
           'InputDataset': '/PAMinBiasUPC/HIRun2013-v1/RAW',
           'KeepOutput': True,
           'LumisPerJob': 10,
           'Memory': 12000,
           'Multicore': 4,
           'ProcessingString': u'80X_dataRun2_Candidate_2016_09_02_10_26_48_RelVal_pa2013',
           'RunWhitelist': [211313],
           'SplittingAlgo': 'LumiBased',
           'TaskName': 'RECO_PPbData'},
 'TaskChain': 1,
 'TimePerEvent': 0.1,
 'dashboardActivity': 'relval',
 'mergedLFNBase': '/store/relval',
 'unmergedLFNBase': '/store/unmerged'}
None
Submitting 140.54 ...........
It seemslike the name of the GT '80X_dataRun2_Candidate_2016_09_02_10_26_48' has a typo in it, missing the final ::All which will crash your job. If insted you're using CondDBv2, you're fine.
Will do POST request to:cmsweb.cern.ch/reqmgr2/data/request
could not post request with following parameters:
{
    "Group": "ppd", 
    "Requestor": "prebello", 
    "Multicore": 1, 
    "SizePerEvent": 1234, 
    "Memory": 3000, 
    "DQMUploadUrl": "https://cmsweb.cern.ch/dqm/relval", 
    "Task1": {
        "InputDataset": "/PAMinBiasUPC/HIRun2013-v1/RAW", 
        "KeepOutput": true, 
        "AcquisitionEra": "CMSSW_8_0_23_patch2", 
        "GlobalTag": "80X_dataRun2_Candidate_2016_09_02_10_26_48", 
        "RunWhitelist": [
            211313
        ], 
        "Memory": 12000, 
        "SplittingAlgo": "LumiBased", 
        "ProcessingString": "80X_dataRun2_Candidate_2016_09_02_10_26_48_RelVal_pa2013", 
        "Multicore": 4, 
        "ConfigCacheID": "b599646bc539b005927748309b24f823", 
        "LumisPerJob": 10, 
        "TaskName": "RECO_PPbData"
    }, 
    "SubRequestType": "RelVal", 
    "RequestType": "TaskChain", 
    "TimePerEvent": 0.1, 
    "dashboardActivity": "relval", 
    "ConfigCacheURL": "https://cmsweb.cern.ch/couchdb", 
    "CMSSWVersion": "CMSSW_8_0_23_patch2", 
    "unmergedLFNBase": "/store/unmerged", 
    "EnableHarvesting": "True", 
    "RequestPriority": 500000, 
    "mergedLFNBase": "/store/relval", 
    "ProcessingVersion": 1, 
    "DQMConfigCacheID": "ab985c46e5e26d424add08e2e91ee004", 
    "RequestString": "RVCMSSW_8_0_23_patch2RunPA2013__RelVal_pa2013", 
    "CouchURL": "https://cmsweb.cern.ch/couchdb", 
    "GlobalTag": "80X_dataRun2_Candidate_2016_09_02_10_26_48", 
    "Campaign": "CMSSW_8_0_23_patch2", 
    "DbsUrl": "https://cmsweb.cern.ch/dbs/prod/global/DBSReader", 
    "ScramArch": "slc6_amd64_gcc530", 
    "TaskChain": 1
}

Response from http call:
Status: 400 Reason: Bad Request
Explanation:
<!DOCTYPE html PUBLIC
"-//W3C//DTD XHTML 1.0 Transitional//EN"
"http://www.w3.org/TR/xhtml1/DTD/xhtml1-transitional.dtd">
<html>
<head>
    <meta http-equiv="Content-Type" content="text/html; charset=utf-8"></meta>
    <title>400 Bad Request</title>
    <style type="text/css">
    #powered_by {
        margin-top: 20px;
        border-top: 2px solid black;
        font-style: italic;
    }

    #traceback {
        color: red;
    }
    </style>
</head>
    <body>
        <h2>400 Bad Request</h2>
        <p>Invalid spec parameter value: Argument ProcessingString can't be None</p>
        <pre id="traceback"></pre>
    <div id="powered_by">
      <span>
        Powered by <a href="http://www.cherrypy.org">CherryPy unknown</a>
      </span>
    </div>
    </body>
</html>

Exiting!
CaloIdL_GsfTrkIdVL_MW', 'HLT_Ele200_CaloIdVT_GsfTrkIdT', 'HLT_Photon165_HE10', 'HLT_PFHT650_WideJetMJJ900DEtaJJ1p5', 'HLT_DiCentralPFJet430', 'HLT_Mu33NoFiltersNoVtxDisplaced_Photon33_CaloIdL', 'HLT_L2DoubleMu23_NoVertex', 'DST_L1HTT_CaloScouting_PFScouting', 'HLT_HT325', 'HLT_Photon135_PFMET100', 'DST_HT410_PFScouting', 'DST_CaloJet40_CaloBTagScouting', 'HLT_PFHT750_4Jet', 'HLT_HT650_DisplacedDijet80_Inclusive', 'HLT_VBF_DisplacedJet40_VVTightID_DisplacedTrack', 'HLT_PFHT650_WideJetMJJ950DEtaJJ1p5', 'HLT_Photon125', 'HLT_PFMETNoMu120_JetIdCleaned_PFMHTNoMu120_IDTight', 'HLT_L2Mu10_NoVertex_NoBPTX3BX', 'HLT_Photon36_R9Id85_OR_CaloId24b40e_Iso50T80L_Photon22_AND_HE10_R9Id65_Eta2_Mass15', 'HLT_Mu50_eta2p1', 'DST_L1HTT_CaloBTagScouting', 'HLT_Mu42NoFiltersNoVtx_Photon42_CaloIdL', 'HLT_HT550_DisplacedDijet80_Inclusive', 'HLT_HT500_DisplacedDijet40_Inclusive', 'HLT_DoubleMu38NoFiltersNoVtx', 'HLT_MET150', 'HLT_MET75_IsoTrk50', 'HLT_MET100_JetIdCleaned', 'HLT_Mu28NoFiltersNoVtx_DisplacedJet40_Loose', 'HLT_Mu33NoFiltersNoVtx_Photon33_CaloIdL_R9Id65_HE10', 'HLT_DiCentralPFJet220_CFMax0p3', 'HLT_PFMETNoMu90_JetIdCleaned_PFMHTNoMu90_IDTight', 'HLT_MET90_IsoTrk50', 'HLT_HT425', 'HLT_Mu38NoFiltersNoVtxDisplaced_DisplacedJet60_Loose', 'DST_HT450_BTagScouting', 'HLT_VBF_DisplacedJet40_Hadronic_2PromptTrack', 'HLT_Mu45_eta2p1', 'HLT_Mu40_TkMu11', 'HLT_Ele145_CaloIdVT_GsfTrkIdT', 'DST_L1HTT125ORHTT150ORHTT175_CaloScouting', 'HLT_PFHT750_4JetPt50', 'HLT_DoublePhoton85', 'HLT_Mu38NoFiltersNoVtx_Photon38_CaloIdL', 'HLT_Mu30_Ele30_CaloIdL_GsfTrkIdVL', 'HLT_JetE50_NoBPTX3BX', 'HLT_Photon135_PFMET100_JetIdCleaned', 'HLT_HT900', 'HLT_PFHT800', 'HLT_Mu17_TkMu8_DZ', 'HLT_MET150_JetIdCleaned', 'HLT_HT400_DisplacedDijet40_Inclusive', 'HLT_DoublePhoton60', 'HLT_HT300', 'HLT_PFHT650_4Jet', 'HLT_DoubleMu3_Mass10', 'HLT_PFHT800_4JetPt50', 'DST_HT410_BTagScouting', 'HLT_VBF_DisplacedJet40_VVTightID_Hadronic', 'HLT_VBF_DisplacedJet40_TightID_Hadronic', 'DST_CaloJet40_CaloScouting_PFScouting', 'HLT_L2Mu45_NoVertex_3Sta_NoBPTX3BX', 'HLT_VBF_DisplacedJet40_TightID_DisplacedTrack', 'DST_L1HTT125ORHTT150ORHTT175_PFReco_PFBTagCSVReco_PFScouting', 'DST_DoubleMu3_Mass10_CaloScouting_PFScouting', 'HLT_DoubleEle33_CaloIdL_MW', 'DST_CaloJet40_BTagScouting', 'HLT_MonoCentralPFJet80_PFMETNoMu90_JetIdCleaned_PFMHTNoMu90_IDTight', 'HLT_Mu17_Mu8', 'HLT_TkMu50']
# Conditions read from  CMS_CONDITIONS  via FrontierProd 
done.
Added file to the config cache:
  DocID:    ab985c46e5e26d424add08e2e91ee004
  Revision: 3-4573624090dbee2bb974cf5f640b4a19
  ################################################################### 
 # WARNING: this module is deprecated.                             # 
 # Please use CondCore.CondDB.CondDB_cfi.py                        # 
 ################################################################### 
L1TRawToDigi Sequence configured for Run1 (Legacy) trigger. 
L1TReco Sequence configured for Run1 (Legacy) trigger. 
WARNING:  L1Trigger/L1TCommon/python/caloStage1LegacyFormatDigis_cfi.py has been deprecated...
WARNING:  please use L1Trigger/L1TCalorimeter/python/caloStage1LegacyFormatDigis_cfi.py
# Conditions read from  CMS_CONDITIONS  via FrontierProd 
done.
Added file to the config cache:
  DocID:    b599646bc539b005927748309b24f823
  Revision: 3-f4c61b080d42b1ed7a9b49543409d441
