processing relval_standard
ignoring non-requested file relval_highstats
ignoring non-requested file relval_pileup
ignoring non-requested file relval_generator
ignoring non-requested file relval_extendedgen
ignoring non-requested file relval_production
ignoring non-requested file relval_ged
ignoring non-requested file relval_upgrade
ignoring non-requested file relval_2017
ignoring non-requested file relval_identity
ignoring non-requested file relval_machine
ignoring non-requested file relval_unsch
ignoring non-requested file relval_premix
Not running the wf, only creating cfgs and logs
resetting to default number of threads
Running in 4 thread(s)

Preparing to run 140.54 RunPA2013+RunPA2013+RECO_PPbData+HARVEST_PPbData

# in: /afs/cern.ch/work/p/prebello/private/PAGValidation/HI8023relval/CMSSW_8_0_23_patch2/src/HInew going to execute cd 140.54_RunPA2013+RunPA2013+RECO_PPbData+HARVEST_PPbData
 echo '{
"211313":[[1,268435455]]
}' > step1_lumiRanges.log  2>&1
 

# in: /afs/cern.ch/work/p/prebello/private/PAGValidation/HI8023relval/CMSSW_8_0_23_patch2/src/HInew going to execute cd 140.54_RunPA2013+RunPA2013+RECO_PPbData+HARVEST_PPbData
 (das_client --limit 0 --query 'file dataset=/PAMinBiasUPC/HIRun2013-v1/RAW run=211313 site=T2_CH_CERN') | sort -u > step1_dasquery.log  2>&1
 
---

# in: /afs/cern.ch/work/p/prebello/private/PAGValidation/HI8023relval/CMSSW_8_0_23_patch2/src/HInew going to execute cd 140.54_RunPA2013+RunPA2013+RECO_PPbData+HARVEST_PPbData
 cmsDriver.py step2  --conditions auto:run1_data -s RAW2DIGI,L1Reco,RECO,ALCA:TkAlMinBias+TkAlMuonIsolatedPA+TkAlUpsilonMuMuPA+TkAlZMuMuPA,SKIM:PAZMM+PAZEE+PAMinBias,EI,DQM --process reRECO --data  --era Run1_pA --eventcontent AOD,DQM --runUnscheduled  --scenario pp --datatier AOD,DQMIO --io RECO_PPbData.io --python RECO_PPbData.py -n 100  --no_exec --filein filelist:step1_dasquery.log --lumiToProcess step1_lumiRanges.log --fileout file:step2.root  --nThreads 4 > step2_RunPA2013+RunPA2013+RECO_PPbData+HARVEST_PPbData.log  2>&1
 

# in: /afs/cern.ch/work/p/prebello/private/PAGValidation/HI8023relval/CMSSW_8_0_23_patch2/src/HInew going to execute cd 140.54_RunPA2013+RunPA2013+RECO_PPbData+HARVEST_PPbData
 cmsDriver.py step3  --conditions auto:run1_data -s HARVESTING:dqmHarvesting --scenario pp --filetype DQM --data  --era Run1_pA --io HARVEST_PPbData.io --python HARVEST_PPbData.py -n 100  --no_exec --filein file:step2_inDQM.root --fileout file:step3.root  > step3_RunPA2013+RunPA2013+RECO_PPbData+HARVEST_PPbData.log  2>&1
 
140.54_RunPA2013+RunPA2013+RECO_PPbData+HARVEST_PPbData Step0-PASSED Step1-PASSED Step2-PASSED  - time date Fri Nov 11 21:28:18 2016-date Fri Nov 11 21:26:37 2016; exit: 0 0 0
1 1 1 tests passed, 0 0 0 failed


	Found wmclient

inspecting 140.54_RunPA2013+RunPA2013+RECO_PPbData+HARVEST_PPbData
	Fake upload of 140.54_RunPA2013+RunPA2013+RECO_PPbData+HARVEST_PPbData/RECO_PPbData.py to couch with label RelValSet_CMSSW_8_0_23_patch2_v1_140.54RECO_PPbData
140.54_RunPA2013+RunPA2013+RECO_PPbData+HARVEST_PPbData/RECO_PPbData.py  uploaded to couchDB for 140.54 with ID 1041
	Fake upload of 140.54_RunPA2013+RunPA2013+RECO_PPbData+HARVEST_PPbData/HARVEST_PPbData.py to couch with label RelValSet_CMSSW_8_0_23_patch2_v1_140.54harvesting
140.54_RunPA2013+RunPA2013+RECO_PPbData+HARVEST_PPbData/HARVEST_PPbData.py uploaded to couchDB for 140.54 with ID 1042

	Found wmcontrol

Only viewing request 140.54
{'CMSSWVersion': 'CMSSW_8_0_23_patch2',
 'Campaign': 'CMSSW_8_0_23_patch2',
 'ConfigCacheURL': 'https://cmsweb.cern.ch/couchdb',
 'CouchURL': 'https://cmsweb.cern.ch/couchdb',
 'DQMConfigCacheID': 1042,
 'DQMUploadUrl': 'https://cmsweb.cern.ch/dqm/relval',
 'DbsUrl': 'https://cmsweb.cern.ch/dbs/prod/global/DBSReader',
 'EnableHarvesting': 'True',
 'GlobalTag': u'80X_dataRun2_Candidate_2016_09_02_10_26_48',
 'Group': 'ppd',
 'Memory': 3000,
 'Multicore': 1,
 'ProcessingVersion': 1,
 'RequestPriority': 500000,
 'RequestString': 'RVCMSSW_8_0_23_patch2RunPA2013__RelVal_pa2013',
 'RequestType': 'TaskChain',
 'Requestor': 'prebello',
 'ScramArch': 'slc6_amd64_gcc530',
 'SizePerEvent': 1234,
 'SubRequestType': 'RelVal',
 'Task1': {'AcquisitionEra': 'CMSSW_8_0_23_patch2',
           'ConfigCacheID': 1041,
           'GlobalTag': u'80X_dataRun2_Candidate_2016_09_02_10_26_48',
           'InputDataset': '/PAMinBiasUPC/HIRun2013-v1/RAW',
           'KeepOutput': True,
           'LumisPerJob': 10,
           'Memory': 12000,
           'Multicore': 4,
           'ProcessingString': u'80X_dataRun2_Candidate_2016_09_02_10_26_48_RelVal_pa2013',
           'RunWhitelist': [211313],
           'SplittingAlgo': 'LumiBased',
           'TaskName': 'RECO_PPbData'},
 'TaskChain': 1,
 'TimePerEvent': 0.1,
 'dashboardActivity': 'relval',
 'mergedLFNBase': '/store/relval',
 'unmergedLFNBase': '/store/unmerged'}
None
