1329.0_ZEE_13+ZEE_13INPUT+DIGIUP15+RECOUP15+HARVESTUP15 Step0-PASSED Step1-PASSED Step2-PASSED Step3-PASSED  - time date Sun Sep  4 23:51:00 2016-date Sun Sep  4 23:51:00 2016; exit: 0 0 0 0
1330.0_ZMM_13+ZMM_13INPUT+DIGIUP15+RECOUP15+HARVESTUP15 Step0-PASSED Step1-PASSED Step2-PASSED Step3-PASSED  - time date Sun Sep  4 23:51:00 2016-date Sun Sep  4 23:51:00 2016; exit: 0 0 0 0
1331.0_ZTT_13+ZTT_13INPUT+DIGIUP15+RECOUP15+HARVESTUP15 Step0-PASSED Step1-PASSED Step2-PASSED Step3-PASSED  - time date Sun Sep  4 23:51:00 2016-date Sun Sep  4 23:51:00 2016; exit: 0 0 0 0
1332.0_H125GGgluonfusion_13+H125GGgluonfusion_13INPUT+DIGIUP15+RECOUP15+HARVESTUP15 Step0-PASSED Step1-PASSED Step2-PASSED Step3-PASSED  - time date Sun Sep  4 23:51:00 2016-date Sun Sep  4 23:51:00 2016; exit: 0 0 0 0
1333.0_PhotonJets_Pt_10_13+PhotonJets_Pt_10_13INPUT+DIGIUP15+RECOUP15+HARVESTUP15 Step0-PASSED Step1-PASSED Step2-PASSED Step3-PASSED  - time date Sun Sep  4 23:51:10 2016-date Sun Sep  4 23:51:10 2016; exit: 0 0 0 0
1334.0_QQH1352T_13+QQH1352T_13INPUT+DIGIUP15+RECOUP15+HARVESTUP15 Step0-PASSED Step1-PASSED Step2-PASSED Step3-PASSED  - time date Sun Sep  4 23:51:10 2016-date Sun Sep  4 23:51:10 2016; exit: 0 0 0 0
1335.0_Wjet_Pt_80_120_13+Wjet_Pt_80_120_13INPUT+DIGIUP15+RECOUP15+HARVESTUP15 Step0-PASSED Step1-PASSED Step2-PASSED Step3-PASSED  - time date Sun Sep  4 23:51:10 2016-date Sun Sep  4 23:51:10 2016; exit: 0 0 0 0
1336.0_Wjet_Pt_3000_3500_13+Wjet_Pt_3000_3500_13INPUT+DIGIUP15+RECOUP15+HARVESTUP15 Step0-PASSED Step1-PASSED Step2-PASSED Step3-PASSED  - time date Sun Sep  4 23:51:10 2016-date Sun Sep  4 23:51:10 2016; exit: 0 0 0 0
1337.0_SMS-T1tttt_mGl-1500_mLSP-100_13+SMS-T1tttt_mGl-1500_mLSP-100_13INPUT+DIGIUP15+RECOUP15+HARVESTUP15 Step0-PASSED Step1-PASSED Step2-PASSED Step3-PASSED  - time date Sun Sep  4 23:51:20 2016-date Sun Sep  4 23:51:20 2016; exit: 0 0 0 0
1338.0_QCD_FlatPt_15_3000HS_13+QCD_FlatPt_15_3000HS_13INPUT+DIGIUP15+RECOUP15+HARVESTUP15 Step0-PASSED Step1-PASSED Step2-PASSED Step3-PASSED  - time date Sun Sep  4 23:51:20 2016-date Sun Sep  4 23:51:20 2016; exit: 0 0 0 0
1339.0_QCD_Pt_600_800_13+QCD_Pt_600_800_13INPUT+DIGIUP15+RECOUP15+HARVESTUP15 Step0-PASSED Step1-PASSED Step2-PASSED Step3-PASSED  - time date Sun Sep  4 23:51:20 2016-date Sun Sep  4 23:51:20 2016; exit: 0 0 0 0
1340.0_PhiToMuMu_13+PhiToMuMu_13INPUT+DIGIUP15+RECOUP15+HARVESTUP15 Step0-PASSED Step1-PASSED Step2-PASSED Step3-PASSED  - time date Sun Sep  4 23:51:20 2016-date Sun Sep  4 23:51:20 2016; exit: 0 0 0 0
1341.0_RSKKGluon_m3000GeV_13+RSKKGluon_m3000GeV_13INPUT+DIGIUP15+RECOUP15+HARVESTUP15 Step0-PASSED Step1-PASSED Step2-PASSED Step3-PASSED  - time date Sun Sep  4 23:51:30 2016-date Sun Sep  4 23:51:30 2016; exit: 0 0 0 0
1343.0_ZpMM_2250_13+ZpMM_2250_13INPUT+DIGIUP15+RECOUP15+HARVESTUP15 Step0-PASSED Step1-PASSED Step2-PASSED Step3-PASSED  - time date Sun Sep  4 23:51:30 2016-date Sun Sep  4 23:51:30 2016; exit: 0 0 0 0
1344.0_ZpEE_2250_13+ZpEE_2250_13INPUT+DIGIUP15+RECOUP15+HARVESTUP15 Step0-PASSED Step1-PASSED Step2-PASSED Step3-PASSED  - time date Sun Sep  4 23:51:30 2016-date Sun Sep  4 23:51:30 2016; exit: 0 0 0 0
1345.0_ZpTT_1500_13+ZpTT_1500_13INPUT+DIGIUP15+RECOUP15+HARVESTUP15 Step0-PASSED Step1-PASSED Step2-PASSED Step3-PASSED  - time date Sun Sep  4 23:51:30 2016-date Sun Sep  4 23:51:30 2016; exit: 0 0 0 0
1347.0_Upsilon1SToMuMu_13+Upsilon1SToMuMu_13INPUT+DIGIUP15+RECOUP15+HARVESTUP15 Step0-PASSED Step1-PASSED Step2-PASSED Step3-PASSED  - time date Sun Sep  4 23:51:40 2016-date Sun Sep  4 23:51:40 2016; exit: 0 0 0 0
1348.0_EtaBToJpsiJpsi_13+EtaBToJpsiJpsi_13INPUT+DIGIUP15+RECOUP15+HARVESTUP15 Step0-PASSED Step1-PASSED Step2-PASSED Step3-PASSED  - time date Sun Sep  4 23:51:40 2016-date Sun Sep  4 23:51:40 2016; exit: 0 0 0 0
1350.0_JpsiMuMu_Pt-15+JpsiMuMu_Pt-15INPUT+DIGIUP15+RECOUP15+HARVESTUP15 Step0-PASSED Step1-PASSED Step2-PASSED Step3-PASSED  - time date Sun Sep  4 23:51:40 2016-date Sun Sep  4 23:51:40 2016; exit: 0 0 0 0
1352.0_HSCPstop_M_200_13+HSCPstop_M_200_13INPUT+DIGIUP15+RECOUP15+HARVESTUP15 Step0-PASSED Step1-PASSED Step2-PASSED Step3-PASSED  - time date Sun Sep  4 23:51:40 2016-date Sun Sep  4 23:51:40 2016; exit: 0 0 0 0
1353.0_RSGravitonToGaGa_13+RSGravitonToGaGa_13INPUT+DIGIUP15+RECOUP15+HARVESTUP15 Step0-PASSED Step1-PASSED Step2-PASSED Step3-PASSED  - time date Sun Sep  4 23:51:50 2016-date Sun Sep  4 23:51:50 2016; exit: 0 0 0 0
1354.0_WpToENu_M-2000_13+WpToENu_M-2000_13INPUT+DIGIUP15+RECOUP15+HARVESTUP15 Step0-PASSED Step1-PASSED Step2-PASSED Step3-PASSED  - time date Sun Sep  4 23:51:50 2016-date Sun Sep  4 23:51:50 2016; exit: 0 0 0 0
1355.0_DisplacedSUSY_stopToBottom_M_300_1000mm_13+DisplacedSUSY_stopToBottom_M_300_1000mm_13INPUT+DIGIUP15+RECOUP15+HARVESTUP15 Step0-PASSED Step1-PASSED Step2-PASSED Step3-PASSED  - time date Sun Sep  4 23:51:50 2016-date Sun Sep  4 23:51:50 2016; exit: 0 0 0 0
23 23 23 23 tests passed, 0 0 0 0 failed
