ignoring non-requested file relval_standard
ignoring non-requested file relval_highstats
processing relval_pileup
request for INPUT for  ['all']
ignoring non-requested file relval_generator
ignoring non-requested file relval_extendedgen
ignoring non-requested file relval_production
ignoring non-requested file relval_ged
ignoring non-requested file relval_upgrade
ignoring non-requested file relval_2017
ignoring non-requested file relval_identity
ignoring non-requested file relval_machine
ignoring non-requested file relval_unsch
ignoring non-requested file relval_premix
Not running the wf, only creating cfgs and logs
resetting to default number of threads
Running in 4 thread(s)

Preparing to run 80025200.0 ZEE_13+ZEE_13INPUT+DIGIUP15_PU25_reHLT+RECOUP15_reHLT+REHLTUP15_reHLT+MINIAODUP15_reHLT+HARVESTMINIAODUP15_reHLT

# in: /afs/cern.ch/work/p/prebello/private/PAGValidation/Roberta8016/Tranch4GTv2/CMSSW_8_0_16/src/fullSimnPUreHLT going to execute cd 80025200.0_ZEE_13+ZEE_13INPUT+DIGIUP15_PU25_reHLT+RECOUP15_reHLT+REHLTUP15_reHLT+MINIAODUP15_reHLT+HARVESTMINIAODUP15_reHLT
 das_client.py --limit 0 --query 'file dataset=/RelValZEE_13/CMSSW_7_1_20_patch2-MCRUN2_71_V1_GsRealBS-v1/GEN-SIM' | sort -u > step1_dasquery.log  2>&1
 

Preparing to run 80025202.0 TTbar_13+TTbar_13INPUT+DIGIUP15_PU25_reHLT+RECOUP15_reHLT+REHLTUP15_reHLT+MINIAODUP15_reHLT+HARVESTMINIAODUP15_reHLT

# in: /afs/cern.ch/work/p/prebello/private/PAGValidation/Roberta8016/Tranch4GTv2/CMSSW_8_0_16/src/fullSimnPUreHLT going to execute cd 80025202.0_TTbar_13+TTbar_13INPUT+DIGIUP15_PU25_reHLT+RECOUP15_reHLT+REHLTUP15_reHLT+MINIAODUP15_reHLT+HARVESTMINIAODUP15_reHLT
 das_client.py --limit 0 --query 'file dataset=/RelValTTbar_13/CMSSW_7_1_20_patch2-MCRUN2_71_V1_GsRealBS-v1/GEN-SIM' | sort -u > step1_dasquery.log  2>&1
 
---

# in: /afs/cern.ch/work/p/prebello/private/PAGValidation/Roberta8016/Tranch4GTv2/CMSSW_8_0_16/src/fullSimnPUreHLT going to execute cd 80025200.0_ZEE_13+ZEE_13INPUT+DIGIUP15_PU25_reHLT+RECOUP15_reHLT+REHLTUP15_reHLT+MINIAODUP15_reHLT+HARVESTMINIAODUP15_reHLT
 cmsDriver.py step2  --customise_commands "process.simHcalDigis.markAndPass = cms.bool(True)" --conditions auto:run2_mc --pileup_input das:/RelValMinBias_13/CMSSW_7_1_20_patch2-MCRUN2_71_V1_GsRealBS-v1/GEN-SIM -n 10 --era Run2_2016 --eventcontent FEVTDEBUGHLT -s DIGI:pdigi_valid,L1,DIGI2RAW,HLT:@relval2016 --datatier GEN-SIM-DIGI-RAW-HLTDEBUG --pileup AVE_35_BX_25ns --io DIGIUP15_PU25_reHLT.io --python DIGIUP15_PU25_reHLT.py  --conditions 80X_mcRun2_asymptotic_2016_TrancheIV_v2 --no_exec --filein filelist:step1_dasquery.log --fileout file:step2.root  --nThreads 4 > step2_ZEE_13+ZEE_13INPUT+DIGIUP15_PU25_reHLT+RECOUP15_reHLT+REHLTUP15_reHLT+MINIAODUP15_reHLT+HARVESTMINIAODUP15_reHLT.log  2>&1
 

Preparing to run 80025203.0 H125GGgluonfusion_13+H125GGgluonfusion_13INPUT+DIGIUP15_PU25_reHLT+RECOUP15_reHLT+REHLTUP15_reHLT+MINIAODUP15_reHLT+HARVESTMINIAODUP15_reHLT

# in: /afs/cern.ch/work/p/prebello/private/PAGValidation/Roberta8016/Tranch4GTv2/CMSSW_8_0_16/src/fullSimnPUreHLT going to execute cd 80025203.0_H125GGgluonfusion_13+H125GGgluonfusion_13INPUT+DIGIUP15_PU25_reHLT+RECOUP15_reHLT+REHLTUP15_reHLT+MINIAODUP15_reHLT+HARVESTMINIAODUP15_reHLT
 das_client.py --limit 0 --query 'file dataset=/RelValH125GGgluonfusion_13/CMSSW_7_1_20_patch2-MCRUN2_71_V1_GsRealBS-v1/GEN-SIM' | sort -u > step1_dasquery.log  2>&1
 
---

# in: /afs/cern.ch/work/p/prebello/private/PAGValidation/Roberta8016/Tranch4GTv2/CMSSW_8_0_16/src/fullSimnPUreHLT going to execute cd 80025202.0_TTbar_13+TTbar_13INPUT+DIGIUP15_PU25_reHLT+RECOUP15_reHLT+REHLTUP15_reHLT+MINIAODUP15_reHLT+HARVESTMINIAODUP15_reHLT
 cmsDriver.py step2  --customise_commands "process.simHcalDigis.markAndPass = cms.bool(True)" --conditions auto:run2_mc --pileup_input das:/RelValMinBias_13/CMSSW_7_1_20_patch2-MCRUN2_71_V1_GsRealBS-v1/GEN-SIM -n 10 --era Run2_2016 --eventcontent FEVTDEBUGHLT -s DIGI:pdigi_valid,L1,DIGI2RAW,HLT:@relval2016 --datatier GEN-SIM-DIGI-RAW-HLTDEBUG --pileup AVE_35_BX_25ns --io DIGIUP15_PU25_reHLT.io --python DIGIUP15_PU25_reHLT.py  --conditions 80X_mcRun2_asymptotic_2016_TrancheIV_v2 --no_exec --filein filelist:step1_dasquery.log --fileout file:step2.root  --nThreads 4 > step2_TTbar_13+TTbar_13INPUT+DIGIUP15_PU25_reHLT+RECOUP15_reHLT+REHLTUP15_reHLT+MINIAODUP15_reHLT+HARVESTMINIAODUP15_reHLT.log  2>&1
 

Preparing to run 80025204.0 QQH1352T_13+QQH1352T_13INPUT+DIGIUP15_PU25_reHLT+RECOUP15_reHLT+REHLTUP15_reHLT+MINIAODUP15_reHLT+HARVESTMINIAODUP15_reHLT

# in: /afs/cern.ch/work/p/prebello/private/PAGValidation/Roberta8016/Tranch4GTv2/CMSSW_8_0_16/src/fullSimnPUreHLT going to execute cd 80025204.0_QQH1352T_13+QQH1352T_13INPUT+DIGIUP15_PU25_reHLT+RECOUP15_reHLT+REHLTUP15_reHLT+MINIAODUP15_reHLT+HARVESTMINIAODUP15_reHLT
 das_client.py --limit 0 --query 'file dataset=/RelValQQH1352T_13/CMSSW_7_1_20_patch2-MCRUN2_71_V1_GsRealBS-v1/GEN-SIM' | sort -u > step1_dasquery.log  2>&1
 
---

# in: /afs/cern.ch/work/p/prebello/private/PAGValidation/Roberta8016/Tranch4GTv2/CMSSW_8_0_16/src/fullSimnPUreHLT going to execute cd 80025203.0_H125GGgluonfusion_13+H125GGgluonfusion_13INPUT+DIGIUP15_PU25_reHLT+RECOUP15_reHLT+REHLTUP15_reHLT+MINIAODUP15_reHLT+HARVESTMINIAODUP15_reHLT
 cmsDriver.py step2  --customise_commands "process.simHcalDigis.markAndPass = cms.bool(True)" --conditions auto:run2_mc --pileup_input das:/RelValMinBias_13/CMSSW_7_1_20_patch2-MCRUN2_71_V1_GsRealBS-v1/GEN-SIM -n 10 --era Run2_2016 --eventcontent FEVTDEBUGHLT -s DIGI:pdigi_valid,L1,DIGI2RAW,HLT:@relval2016 --datatier GEN-SIM-DIGI-RAW-HLTDEBUG --pileup AVE_35_BX_25ns --io DIGIUP15_PU25_reHLT.io --python DIGIUP15_PU25_reHLT.py  --conditions 80X_mcRun2_asymptotic_2016_TrancheIV_v2 --no_exec --filein filelist:step1_dasquery.log --fileout file:step2.root  --nThreads 4 > step2_H125GGgluonfusion_13+H125GGgluonfusion_13INPUT+DIGIUP15_PU25_reHLT+RECOUP15_reHLT+REHLTUP15_reHLT+MINIAODUP15_reHLT+HARVESTMINIAODUP15_reHLT.log  2>&1
 
---

# in: /afs/cern.ch/work/p/prebello/private/PAGValidation/Roberta8016/Tranch4GTv2/CMSSW_8_0_16/src/fullSimnPUreHLT going to execute cd 80025204.0_QQH1352T_13+QQH1352T_13INPUT+DIGIUP15_PU25_reHLT+RECOUP15_reHLT+REHLTUP15_reHLT+MINIAODUP15_reHLT+HARVESTMINIAODUP15_reHLT
 cmsDriver.py step2  --customise_commands "process.simHcalDigis.markAndPass = cms.bool(True)" --conditions auto:run2_mc --pileup_input das:/RelValMinBias_13/CMSSW_7_1_20_patch2-MCRUN2_71_V1_GsRealBS-v1/GEN-SIM -n 10 --era Run2_2016 --eventcontent FEVTDEBUGHLT -s DIGI:pdigi_valid,L1,DIGI2RAW,HLT:@relval2016 --datatier GEN-SIM-DIGI-RAW-HLTDEBUG --pileup AVE_35_BX_25ns --io DIGIUP15_PU25_reHLT.io --python DIGIUP15_PU25_reHLT.py  --conditions 80X_mcRun2_asymptotic_2016_TrancheIV_v2 --no_exec --filein filelist:step1_dasquery.log --fileout file:step2.root  --nThreads 4 > step2_QQH1352T_13+QQH1352T_13INPUT+DIGIUP15_PU25_reHLT+RECOUP15_reHLT+REHLTUP15_reHLT+MINIAODUP15_reHLT+HARVESTMINIAODUP15_reHLT.log  2>&1
 

# in: /afs/cern.ch/work/p/prebello/private/PAGValidation/Roberta8016/Tranch4GTv2/CMSSW_8_0_16/src/fullSimnPUreHLT going to execute cd 80025202.0_TTbar_13+TTbar_13INPUT+DIGIUP15_PU25_reHLT+RECOUP15_reHLT+REHLTUP15_reHLT+MINIAODUP15_reHLT+HARVESTMINIAODUP15_reHLT
 cmsDriver.py step3  --conditions auto:run2_mc -n 10 --era Run2_2016 --eventcontent RAWAODSIM --runUnscheduled  -s RAW2DIGI,RECO,EI --datatier GEN-SIM-DIGI-RAW --io RECOUP15_reHLT.io --python RECOUP15_reHLT.py  --conditions 80X_mcRun2_asymptotic_2016_TrancheIV_v2 --no_exec --filein file:step2.root  --fileout file:step3.root  --nThreads 4 > step3_TTbar_13+TTbar_13INPUT+DIGIUP15_PU25_reHLT+RECOUP15_reHLT+REHLTUP15_reHLT+MINIAODUP15_reHLT+HARVESTMINIAODUP15_reHLT.log  2>&1
 

# in: /afs/cern.ch/work/p/prebello/private/PAGValidation/Roberta8016/Tranch4GTv2/CMSSW_8_0_16/src/fullSimnPUreHLT going to execute cd 80025200.0_ZEE_13+ZEE_13INPUT+DIGIUP15_PU25_reHLT+RECOUP15_reHLT+REHLTUP15_reHLT+MINIAODUP15_reHLT+HARVESTMINIAODUP15_reHLT
 cmsDriver.py step3  --conditions auto:run2_mc -n 10 --era Run2_2016 --eventcontent RAWAODSIM --runUnscheduled  -s RAW2DIGI,RECO,EI --datatier GEN-SIM-DIGI-RAW --io RECOUP15_reHLT.io --python RECOUP15_reHLT.py  --conditions 80X_mcRun2_asymptotic_2016_TrancheIV_v2 --no_exec --filein file:step2.root  --fileout file:step3.root  --nThreads 4 > step3_ZEE_13+ZEE_13INPUT+DIGIUP15_PU25_reHLT+RECOUP15_reHLT+REHLTUP15_reHLT+MINIAODUP15_reHLT+HARVESTMINIAODUP15_reHLT.log  2>&1
 

# in: /afs/cern.ch/work/p/prebello/private/PAGValidation/Roberta8016/Tranch4GTv2/CMSSW_8_0_16/src/fullSimnPUreHLT going to execute cd 80025203.0_H125GGgluonfusion_13+H125GGgluonfusion_13INPUT+DIGIUP15_PU25_reHLT+RECOUP15_reHLT+REHLTUP15_reHLT+MINIAODUP15_reHLT+HARVESTMINIAODUP15_reHLT
 cmsDriver.py step3  --conditions auto:run2_mc -n 10 --era Run2_2016 --eventcontent RAWAODSIM --runUnscheduled  -s RAW2DIGI,RECO,EI --datatier GEN-SIM-DIGI-RAW --io RECOUP15_reHLT.io --python RECOUP15_reHLT.py  --conditions 80X_mcRun2_asymptotic_2016_TrancheIV_v2 --no_exec --filein file:step2.root  --fileout file:step3.root  --nThreads 4 > step3_H125GGgluonfusion_13+H125GGgluonfusion_13INPUT+DIGIUP15_PU25_reHLT+RECOUP15_reHLT+REHLTUP15_reHLT+MINIAODUP15_reHLT+HARVESTMINIAODUP15_reHLT.log  2>&1
 

# in: /afs/cern.ch/work/p/prebello/private/PAGValidation/Roberta8016/Tranch4GTv2/CMSSW_8_0_16/src/fullSimnPUreHLT going to execute cd 80025204.0_QQH1352T_13+QQH1352T_13INPUT+DIGIUP15_PU25_reHLT+RECOUP15_reHLT+REHLTUP15_reHLT+MINIAODUP15_reHLT+HARVESTMINIAODUP15_reHLT
 cmsDriver.py step3  --conditions auto:run2_mc -n 10 --era Run2_2016 --eventcontent RAWAODSIM --runUnscheduled  -s RAW2DIGI,RECO,EI --datatier GEN-SIM-DIGI-RAW --io RECOUP15_reHLT.io --python RECOUP15_reHLT.py  --conditions 80X_mcRun2_asymptotic_2016_TrancheIV_v2 --no_exec --filein file:step2.root  --fileout file:step3.root  --nThreads 4 > step3_QQH1352T_13+QQH1352T_13INPUT+DIGIUP15_PU25_reHLT+RECOUP15_reHLT+REHLTUP15_reHLT+MINIAODUP15_reHLT+HARVESTMINIAODUP15_reHLT.log  2>&1
 

# in: /afs/cern.ch/work/p/prebello/private/PAGValidation/Roberta8016/Tranch4GTv2/CMSSW_8_0_16/src/fullSimnPUreHLT going to execute cd 80025200.0_ZEE_13+ZEE_13INPUT+DIGIUP15_PU25_reHLT+RECOUP15_reHLT+REHLTUP15_reHLT+MINIAODUP15_reHLT+HARVESTMINIAODUP15_reHLT
 cmsDriver.py step4  --datatier AODSIM -n 10 --era Run2_2016 --conditions auto:run2_mc -s L1REPACK:FullMC,HLT:@relval2016,RAW2DIGI:L1TRawToDigi --process HLT2 --eventcontent AODSIM --customise_commands "process.AODSIMoutput.outputCommands.append('drop L1GlobalTriggerReadoutRecord_gtDigis_*_HLT2')" --inputCommands "keep *","drop *_TriggerResults_*_HLT","drop *_hltTriggerSummaryAOD_*_HLT","drop *_hltGtStage2ObjectMap_*_HLT","drop *_l1extraParticles_*_RECO","drop L1GlobalTriggerReadoutRecord_gtDigis_*_RECO","drop *_cscSegments_*_RECO","drop *_dt4DSegments_*_RECO","drop *_rpcRecHits_*_RECO" --io REHLTUP15_reHLT.io --python REHLTUP15_reHLT.py  --conditions 80X_mcRun2_asymptotic_2016_TrancheIV_v2 --no_exec --filein file:step3.root  --fileout file:step4.root  --nThreads 4 > step4_ZEE_13+ZEE_13INPUT+DIGIUP15_PU25_reHLT+RECOUP15_reHLT+REHLTUP15_reHLT+MINIAODUP15_reHLT+HARVESTMINIAODUP15_reHLT.log  2>&1
 

# in: /afs/cern.ch/work/p/prebello/private/PAGValidation/Roberta8016/Tranch4GTv2/CMSSW_8_0_16/src/fullSimnPUreHLT going to execute cd 80025202.0_TTbar_13+TTbar_13INPUT+DIGIUP15_PU25_reHLT+RECOUP15_reHLT+REHLTUP15_reHLT+MINIAODUP15_reHLT+HARVESTMINIAODUP15_reHLT
 cmsDriver.py step4  --datatier AODSIM -n 10 --era Run2_2016 --conditions auto:run2_mc -s L1REPACK:FullMC,HLT:@relval2016,RAW2DIGI:L1TRawToDigi --process HLT2 --eventcontent AODSIM --customise_commands "process.AODSIMoutput.outputCommands.append('drop L1GlobalTriggerReadoutRecord_gtDigis_*_HLT2')" --inputCommands "keep *","drop *_TriggerResults_*_HLT","drop *_hltTriggerSummaryAOD_*_HLT","drop *_hltGtStage2ObjectMap_*_HLT","drop *_l1extraParticles_*_RECO","drop L1GlobalTriggerReadoutRecord_gtDigis_*_RECO","drop *_cscSegments_*_RECO","drop *_dt4DSegments_*_RECO","drop *_rpcRecHits_*_RECO" --io REHLTUP15_reHLT.io --python REHLTUP15_reHLT.py  --conditions 80X_mcRun2_asymptotic_2016_TrancheIV_v2 --no_exec --filein file:step3.root  --fileout file:step4.root  --nThreads 4 > step4_TTbar_13+TTbar_13INPUT+DIGIUP15_PU25_reHLT+RECOUP15_reHLT+REHLTUP15_reHLT+MINIAODUP15_reHLT+HARVESTMINIAODUP15_reHLT.log  2>&1
 

# in: /afs/cern.ch/work/p/prebello/private/PAGValidation/Roberta8016/Tranch4GTv2/CMSSW_8_0_16/src/fullSimnPUreHLT going to execute cd 80025203.0_H125GGgluonfusion_13+H125GGgluonfusion_13INPUT+DIGIUP15_PU25_reHLT+RECOUP15_reHLT+REHLTUP15_reHLT+MINIAODUP15_reHLT+HARVESTMINIAODUP15_reHLT
 cmsDriver.py step4  --datatier AODSIM -n 10 --era Run2_2016 --conditions auto:run2_mc -s L1REPACK:FullMC,HLT:@relval2016,RAW2DIGI:L1TRawToDigi --process HLT2 --eventcontent AODSIM --customise_commands "process.AODSIMoutput.outputCommands.append('drop L1GlobalTriggerReadoutRecord_gtDigis_*_HLT2')" --inputCommands "keep *","drop *_TriggerResults_*_HLT","drop *_hltTriggerSummaryAOD_*_HLT","drop *_hltGtStage2ObjectMap_*_HLT","drop *_l1extraParticles_*_RECO","drop L1GlobalTriggerReadoutRecord_gtDigis_*_RECO","drop *_cscSegments_*_RECO","drop *_dt4DSegments_*_RECO","drop *_rpcRecHits_*_RECO" --io REHLTUP15_reHLT.io --python REHLTUP15_reHLT.py  --conditions 80X_mcRun2_asymptotic_2016_TrancheIV_v2 --no_exec --filein file:step3.root  --fileout file:step4.root  --nThreads 4 > step4_H125GGgluonfusion_13+H125GGgluonfusion_13INPUT+DIGIUP15_PU25_reHLT+RECOUP15_reHLT+REHLTUP15_reHLT+MINIAODUP15_reHLT+HARVESTMINIAODUP15_reHLT.log  2>&1
 

# in: /afs/cern.ch/work/p/prebello/private/PAGValidation/Roberta8016/Tranch4GTv2/CMSSW_8_0_16/src/fullSimnPUreHLT going to execute cd 80025200.0_ZEE_13+ZEE_13INPUT+DIGIUP15_PU25_reHLT+RECOUP15_reHLT+REHLTUP15_reHLT+MINIAODUP15_reHLT+HARVESTMINIAODUP15_reHLT
 cmsDriver.py step5  --runUnscheduled  --era Run2_2016 --conditions auto:run2_mc -s PAT,DQM:@miniAODDQM,VALIDATION:@miniAODValidation --datatier MINIAODSIM,DQMIO -n 10 --customise_commands "process.patTrigger.processName = cms.string('HLT2')" --mc  --eventcontent MINIAODSIM,DQM --io MINIAODUP15_reHLT.io --python MINIAODUP15_reHLT.py  --conditions 80X_mcRun2_asymptotic_2016_TrancheIV_v2 --no_exec --filein file:step4.root  --fileout file:step5.root  --nThreads 4 > step5_ZEE_13+ZEE_13INPUT+DIGIUP15_PU25_reHLT+RECOUP15_reHLT+REHLTUP15_reHLT+MINIAODUP15_reHLT+HARVESTMINIAODUP15_reHLT.log  2>&1
 

# in: /afs/cern.ch/work/p/prebello/private/PAGValidation/Roberta8016/Tranch4GTv2/CMSSW_8_0_16/src/fullSimnPUreHLT going to execute cd 80025202.0_TTbar_13+TTbar_13INPUT+DIGIUP15_PU25_reHLT+RECOUP15_reHLT+REHLTUP15_reHLT+MINIAODUP15_reHLT+HARVESTMINIAODUP15_reHLT
 cmsDriver.py step5  --runUnscheduled  --era Run2_2016 --conditions auto:run2_mc -s PAT,DQM:@miniAODDQM,VALIDATION:@miniAODValidation --datatier MINIAODSIM,DQMIO -n 10 --customise_commands "process.patTrigger.processName = cms.string('HLT2')" --mc  --eventcontent MINIAODSIM,DQM --io MINIAODUP15_reHLT.io --python MINIAODUP15_reHLT.py  --conditions 80X_mcRun2_asymptotic_2016_TrancheIV_v2 --no_exec --filein file:step4.root  --fileout file:step5.root  --nThreads 4 > step5_TTbar_13+TTbar_13INPUT+DIGIUP15_PU25_reHLT+RECOUP15_reHLT+REHLTUP15_reHLT+MINIAODUP15_reHLT+HARVESTMINIAODUP15_reHLT.log  2>&1
 

# in: /afs/cern.ch/work/p/prebello/private/PAGValidation/Roberta8016/Tranch4GTv2/CMSSW_8_0_16/src/fullSimnPUreHLT going to execute cd 80025203.0_H125GGgluonfusion_13+H125GGgluonfusion_13INPUT+DIGIUP15_PU25_reHLT+RECOUP15_reHLT+REHLTUP15_reHLT+MINIAODUP15_reHLT+HARVESTMINIAODUP15_reHLT
 cmsDriver.py step5  --runUnscheduled  --era Run2_2016 --conditions auto:run2_mc -s PAT,DQM:@miniAODDQM,VALIDATION:@miniAODValidation --datatier MINIAODSIM,DQMIO -n 10 --customise_commands "process.patTrigger.processName = cms.string('HLT2')" --mc  --eventcontent MINIAODSIM,DQM --io MINIAODUP15_reHLT.io --python MINIAODUP15_reHLT.py  --conditions 80X_mcRun2_asymptotic_2016_TrancheIV_v2 --no_exec --filein file:step4.root  --fileout file:step5.root  --nThreads 4 > step5_H125GGgluonfusion_13+H125GGgluonfusion_13INPUT+DIGIUP15_PU25_reHLT+RECOUP15_reHLT+REHLTUP15_reHLT+MINIAODUP15_reHLT+HARVESTMINIAODUP15_reHLT.log  2>&1
 

# in: /afs/cern.ch/work/p/prebello/private/PAGValidation/Roberta8016/Tranch4GTv2/CMSSW_8_0_16/src/fullSimnPUreHLT going to execute cd 80025204.0_QQH1352T_13+QQH1352T_13INPUT+DIGIUP15_PU25_reHLT+RECOUP15_reHLT+REHLTUP15_reHLT+MINIAODUP15_reHLT+HARVESTMINIAODUP15_reHLT
 cmsDriver.py step4  --datatier AODSIM -n 10 --era Run2_2016 --conditions auto:run2_mc -s L1REPACK:FullMC,HLT:@relval2016,RAW2DIGI:L1TRawToDigi --process HLT2 --eventcontent AODSIM --customise_commands "process.AODSIMoutput.outputCommands.append('drop L1GlobalTriggerReadoutRecord_gtDigis_*_HLT2')" --inputCommands "keep *","drop *_TriggerResults_*_HLT","drop *_hltTriggerSummaryAOD_*_HLT","drop *_hltGtStage2ObjectMap_*_HLT","drop *_l1extraParticles_*_RECO","drop L1GlobalTriggerReadoutRecord_gtDigis_*_RECO","drop *_cscSegments_*_RECO","drop *_dt4DSegments_*_RECO","drop *_rpcRecHits_*_RECO" --io REHLTUP15_reHLT.io --python REHLTUP15_reHLT.py  --conditions 80X_mcRun2_asymptotic_2016_TrancheIV_v2 --no_exec --filein file:step3.root  --fileout file:step4.root  --nThreads 4 > step4_QQH1352T_13+QQH1352T_13INPUT+DIGIUP15_PU25_reHLT+RECOUP15_reHLT+REHLTUP15_reHLT+MINIAODUP15_reHLT+HARVESTMINIAODUP15_reHLT.log  2>&1
 

# in: /afs/cern.ch/work/p/prebello/private/PAGValidation/Roberta8016/Tranch4GTv2/CMSSW_8_0_16/src/fullSimnPUreHLT going to execute cd 80025204.0_QQH1352T_13+QQH1352T_13INPUT+DIGIUP15_PU25_reHLT+RECOUP15_reHLT+REHLTUP15_reHLT+MINIAODUP15_reHLT+HARVESTMINIAODUP15_reHLT
 cmsDriver.py step5  --runUnscheduled  --era Run2_2016 --conditions auto:run2_mc -s PAT,DQM:@miniAODDQM,VALIDATION:@miniAODValidation --datatier MINIAODSIM,DQMIO -n 10 --customise_commands "process.patTrigger.processName = cms.string('HLT2')" --mc  --eventcontent MINIAODSIM,DQM --io MINIAODUP15_reHLT.io --python MINIAODUP15_reHLT.py  --conditions 80X_mcRun2_asymptotic_2016_TrancheIV_v2 --no_exec --filein file:step4.root  --fileout file:step5.root  --nThreads 4 > step5_QQH1352T_13+QQH1352T_13INPUT+DIGIUP15_PU25_reHLT+RECOUP15_reHLT+REHLTUP15_reHLT+MINIAODUP15_reHLT+HARVESTMINIAODUP15_reHLT.log  2>&1
 

# in: /afs/cern.ch/work/p/prebello/private/PAGValidation/Roberta8016/Tranch4GTv2/CMSSW_8_0_16/src/fullSimnPUreHLT going to execute cd 80025202.0_TTbar_13+TTbar_13INPUT+DIGIUP15_PU25_reHLT+RECOUP15_reHLT+REHLTUP15_reHLT+MINIAODUP15_reHLT+HARVESTMINIAODUP15_reHLT
 cmsDriver.py step6  --filetype DQM --conditions auto:run2_mc --mc  -s HARVESTING:@miniAODValidation+@miniAODDQM --era Run2_2016 --io HARVESTMINIAODUP15_reHLT.io --python HARVESTMINIAODUP15_reHLT.py  --conditions 80X_mcRun2_asymptotic_2016_TrancheIV_v2 -n 100  --no_exec --filein file:step5_inDQM.root --fileout file:step6.root  > step6_TTbar_13+TTbar_13INPUT+DIGIUP15_PU25_reHLT+RECOUP15_reHLT+REHLTUP15_reHLT+MINIAODUP15_reHLT+HARVESTMINIAODUP15_reHLT.log  2>&1
 

# in: /afs/cern.ch/work/p/prebello/private/PAGValidation/Roberta8016/Tranch4GTv2/CMSSW_8_0_16/src/fullSimnPUreHLT going to execute cd 80025200.0_ZEE_13+ZEE_13INPUT+DIGIUP15_PU25_reHLT+RECOUP15_reHLT+REHLTUP15_reHLT+MINIAODUP15_reHLT+HARVESTMINIAODUP15_reHLT
 cmsDriver.py step6  --filetype DQM --conditions auto:run2_mc --mc  -s HARVESTING:@miniAODValidation+@miniAODDQM --era Run2_2016 --io HARVESTMINIAODUP15_reHLT.io --python HARVESTMINIAODUP15_reHLT.py  --conditions 80X_mcRun2_asymptotic_2016_TrancheIV_v2 -n 100  --no_exec --filein file:step5_inDQM.root --fileout file:step6.root  > step6_ZEE_13+ZEE_13INPUT+DIGIUP15_PU25_reHLT+RECOUP15_reHLT+REHLTUP15_reHLT+MINIAODUP15_reHLT+HARVESTMINIAODUP15_reHLT.log  2>&1
 

# in: /afs/cern.ch/work/p/prebello/private/PAGValidation/Roberta8016/Tranch4GTv2/CMSSW_8_0_16/src/fullSimnPUreHLT going to execute cd 80025203.0_H125GGgluonfusion_13+H125GGgluonfusion_13INPUT+DIGIUP15_PU25_reHLT+RECOUP15_reHLT+REHLTUP15_reHLT+MINIAODUP15_reHLT+HARVESTMINIAODUP15_reHLT
 cmsDriver.py step6  --filetype DQM --conditions auto:run2_mc --mc  -s HARVESTING:@miniAODValidation+@miniAODDQM --era Run2_2016 --io HARVESTMINIAODUP15_reHLT.io --python HARVESTMINIAODUP15_reHLT.py  --conditions 80X_mcRun2_asymptotic_2016_TrancheIV_v2 -n 100  --no_exec --filein file:step5_inDQM.root --fileout file:step6.root  > step6_H125GGgluonfusion_13+H125GGgluonfusion_13INPUT+DIGIUP15_PU25_reHLT+RECOUP15_reHLT+REHLTUP15_reHLT+MINIAODUP15_reHLT+HARVESTMINIAODUP15_reHLT.log  2>&1
 

# in: /afs/cern.ch/work/p/prebello/private/PAGValidation/Roberta8016/Tranch4GTv2/CMSSW_8_0_16/src/fullSimnPUreHLT going to execute cd 80025204.0_QQH1352T_13+QQH1352T_13INPUT+DIGIUP15_PU25_reHLT+RECOUP15_reHLT+REHLTUP15_reHLT+MINIAODUP15_reHLT+HARVESTMINIAODUP15_reHLT
 cmsDriver.py step6  --filetype DQM --conditions auto:run2_mc --mc  -s HARVESTING:@miniAODValidation+@miniAODDQM --era Run2_2016 --io HARVESTMINIAODUP15_reHLT.io --python HARVESTMINIAODUP15_reHLT.py  --conditions 80X_mcRun2_asymptotic_2016_TrancheIV_v2 -n 100  --no_exec --filein file:step5_inDQM.root --fileout file:step6.root  > step6_QQH1352T_13+QQH1352T_13INPUT+DIGIUP15_PU25_reHLT+RECOUP15_reHLT+REHLTUP15_reHLT+MINIAODUP15_reHLT+HARVESTMINIAODUP15_reHLT.log  2>&1
 

Preparing to run 80025205.0 ZTT_13+ZTT_13INPUT+DIGIUP15_PU25_reHLT+RECOUP15_reHLT+REHLTUP15_reHLT+MINIAODUP15_reHLT+HARVESTMINIAODUP15_reHLT

# in: /afs/cern.ch/work/p/prebello/private/PAGValidation/Roberta8016/Tranch4GTv2/CMSSW_8_0_16/src/fullSimnPUreHLT going to execute cd 80025205.0_ZTT_13+ZTT_13INPUT+DIGIUP15_PU25_reHLT+RECOUP15_reHLT+REHLTUP15_reHLT+MINIAODUP15_reHLT+HARVESTMINIAODUP15_reHLT
 das_client.py --limit 0 --query 'file dataset=/RelValZTT_13/CMSSW_7_1_20_patch2-MCRUN2_71_V1_GsRealBS-v1/GEN-SIM' | sort -u > step1_dasquery.log  2>&1
 

Preparing to run 80025206.0 ZMM_13+ZMM_13INPUT+DIGIUP15_PU25_reHLT+RECOUP15_reHLT+REHLTUP15_reHLT+MINIAODUP15_reHLT+HARVESTMINIAODUP15_reHLT

# in: /afs/cern.ch/work/p/prebello/private/PAGValidation/Roberta8016/Tranch4GTv2/CMSSW_8_0_16/src/fullSimnPUreHLT going to execute cd 80025206.0_ZMM_13+ZMM_13INPUT+DIGIUP15_PU25_reHLT+RECOUP15_reHLT+REHLTUP15_reHLT+MINIAODUP15_reHLT+HARVESTMINIAODUP15_reHLT
 das_client.py --limit 0 --query 'file dataset=/RelValZMM_13/CMSSW_7_1_20_patch2-MCRUN2_71_V1_GsRealBS-v1/GEN-SIM' | sort -u > step1_dasquery.log  2>&1
 
---

# in: /afs/cern.ch/work/p/prebello/private/PAGValidation/Roberta8016/Tranch4GTv2/CMSSW_8_0_16/src/fullSimnPUreHLT going to execute cd 80025205.0_ZTT_13+ZTT_13INPUT+DIGIUP15_PU25_reHLT+RECOUP15_reHLT+REHLTUP15_reHLT+MINIAODUP15_reHLT+HARVESTMINIAODUP15_reHLT
 cmsDriver.py step2  --customise_commands "process.simHcalDigis.markAndPass = cms.bool(True)" --conditions auto:run2_mc --pileup_input das:/RelValMinBias_13/CMSSW_7_1_20_patch2-MCRUN2_71_V1_GsRealBS-v1/GEN-SIM -n 10 --era Run2_2016 --eventcontent FEVTDEBUGHLT -s DIGI:pdigi_valid,L1,DIGI2RAW,HLT:@relval2016 --datatier GEN-SIM-DIGI-RAW-HLTDEBUG --pileup AVE_35_BX_25ns --io DIGIUP15_PU25_reHLT.io --python DIGIUP15_PU25_reHLT.py  --conditions 80X_mcRun2_asymptotic_2016_TrancheIV_v2 --no_exec --filein filelist:step1_dasquery.log --fileout file:step2.root  --nThreads 4 > step2_ZTT_13+ZTT_13INPUT+DIGIUP15_PU25_reHLT+RECOUP15_reHLT+REHLTUP15_reHLT+MINIAODUP15_reHLT+HARVESTMINIAODUP15_reHLT.log  2>&1
 
---

# in: /afs/cern.ch/work/p/prebello/private/PAGValidation/Roberta8016/Tranch4GTv2/CMSSW_8_0_16/src/fullSimnPUreHLT going to execute cd 80025206.0_ZMM_13+ZMM_13INPUT+DIGIUP15_PU25_reHLT+RECOUP15_reHLT+REHLTUP15_reHLT+MINIAODUP15_reHLT+HARVESTMINIAODUP15_reHLT
 cmsDriver.py step2  --customise_commands "process.simHcalDigis.markAndPass = cms.bool(True)" --conditions auto:run2_mc --pileup_input das:/RelValMinBias_13/CMSSW_7_1_20_patch2-MCRUN2_71_V1_GsRealBS-v1/GEN-SIM -n 10 --era Run2_2016 --eventcontent FEVTDEBUGHLT -s DIGI:pdigi_valid,L1,DIGI2RAW,HLT:@relval2016 --datatier GEN-SIM-DIGI-RAW-HLTDEBUG --pileup AVE_35_BX_25ns --io DIGIUP15_PU25_reHLT.io --python DIGIUP15_PU25_reHLT.py  --conditions 80X_mcRun2_asymptotic_2016_TrancheIV_v2 --no_exec --filein filelist:step1_dasquery.log --fileout file:step2.root  --nThreads 4 > step2_ZMM_13+ZMM_13INPUT+DIGIUP15_PU25_reHLT+RECOUP15_reHLT+REHLTUP15_reHLT+MINIAODUP15_reHLT+HARVESTMINIAODUP15_reHLT.log  2>&1
 

# in: /afs/cern.ch/work/p/prebello/private/PAGValidation/Roberta8016/Tranch4GTv2/CMSSW_8_0_16/src/fullSimnPUreHLT going to execute cd 80025205.0_ZTT_13+ZTT_13INPUT+DIGIUP15_PU25_reHLT+RECOUP15_reHLT+REHLTUP15_reHLT+MINIAODUP15_reHLT+HARVESTMINIAODUP15_reHLT
 cmsDriver.py step3  --conditions auto:run2_mc -n 10 --era Run2_2016 --eventcontent RAWAODSIM --runUnscheduled  -s RAW2DIGI,RECO,EI --datatier GEN-SIM-DIGI-RAW --io RECOUP15_reHLT.io --python RECOUP15_reHLT.py  --conditions 80X_mcRun2_asymptotic_2016_TrancheIV_v2 --no_exec --filein file:step2.root  --fileout file:step3.root  --nThreads 4 > step3_ZTT_13+ZTT_13INPUT+DIGIUP15_PU25_reHLT+RECOUP15_reHLT+REHLTUP15_reHLT+MINIAODUP15_reHLT+HARVESTMINIAODUP15_reHLT.log  2>&1
 

# in: /afs/cern.ch/work/p/prebello/private/PAGValidation/Roberta8016/Tranch4GTv2/CMSSW_8_0_16/src/fullSimnPUreHLT going to execute cd 80025206.0_ZMM_13+ZMM_13INPUT+DIGIUP15_PU25_reHLT+RECOUP15_reHLT+REHLTUP15_reHLT+MINIAODUP15_reHLT+HARVESTMINIAODUP15_reHLT
 cmsDriver.py step3  --conditions auto:run2_mc -n 10 --era Run2_2016 --eventcontent RAWAODSIM --runUnscheduled  -s RAW2DIGI,RECO,EI --datatier GEN-SIM-DIGI-RAW --io RECOUP15_reHLT.io --python RECOUP15_reHLT.py  --conditions 80X_mcRun2_asymptotic_2016_TrancheIV_v2 --no_exec --filein file:step2.root  --fileout file:step3.root  --nThreads 4 > step3_ZMM_13+ZMM_13INPUT+DIGIUP15_PU25_reHLT+RECOUP15_reHLT+REHLTUP15_reHLT+MINIAODUP15_reHLT+HARVESTMINIAODUP15_reHLT.log  2>&1
 

# in: /afs/cern.ch/work/p/prebello/private/PAGValidation/Roberta8016/Tranch4GTv2/CMSSW_8_0_16/src/fullSimnPUreHLT going to execute cd 80025205.0_ZTT_13+ZTT_13INPUT+DIGIUP15_PU25_reHLT+RECOUP15_reHLT+REHLTUP15_reHLT+MINIAODUP15_reHLT+HARVESTMINIAODUP15_reHLT
 cmsDriver.py step4  --datatier AODSIM -n 10 --era Run2_2016 --conditions auto:run2_mc -s L1REPACK:FullMC,HLT:@relval2016,RAW2DIGI:L1TRawToDigi --process HLT2 --eventcontent AODSIM --customise_commands "process.AODSIMoutput.outputCommands.append('drop L1GlobalTriggerReadoutRecord_gtDigis_*_HLT2')" --inputCommands "keep *","drop *_TriggerResults_*_HLT","drop *_hltTriggerSummaryAOD_*_HLT","drop *_hltGtStage2ObjectMap_*_HLT","drop *_l1extraParticles_*_RECO","drop L1GlobalTriggerReadoutRecord_gtDigis_*_RECO","drop *_cscSegments_*_RECO","drop *_dt4DSegments_*_RECO","drop *_rpcRecHits_*_RECO" --io REHLTUP15_reHLT.io --python REHLTUP15_reHLT.py  --conditions 80X_mcRun2_asymptotic_2016_TrancheIV_v2 --no_exec --filein file:step3.root  --fileout file:step4.root  --nThreads 4 > step4_ZTT_13+ZTT_13INPUT+DIGIUP15_PU25_reHLT+RECOUP15_reHLT+REHLTUP15_reHLT+MINIAODUP15_reHLT+HARVESTMINIAODUP15_reHLT.log  2>&1
 

# in: /afs/cern.ch/work/p/prebello/private/PAGValidation/Roberta8016/Tranch4GTv2/CMSSW_8_0_16/src/fullSimnPUreHLT going to execute cd 80025206.0_ZMM_13+ZMM_13INPUT+DIGIUP15_PU25_reHLT+RECOUP15_reHLT+REHLTUP15_reHLT+MINIAODUP15_reHLT+HARVESTMINIAODUP15_reHLT
 cmsDriver.py step4  --datatier AODSIM -n 10 --era Run2_2016 --conditions auto:run2_mc -s L1REPACK:FullMC,HLT:@relval2016,RAW2DIGI:L1TRawToDigi --process HLT2 --eventcontent AODSIM --customise_commands "process.AODSIMoutput.outputCommands.append('drop L1GlobalTriggerReadoutRecord_gtDigis_*_HLT2')" --inputCommands "keep *","drop *_TriggerResults_*_HLT","drop *_hltTriggerSummaryAOD_*_HLT","drop *_hltGtStage2ObjectMap_*_HLT","drop *_l1extraParticles_*_RECO","drop L1GlobalTriggerReadoutRecord_gtDigis_*_RECO","drop *_cscSegments_*_RECO","drop *_dt4DSegments_*_RECO","drop *_rpcRecHits_*_RECO" --io REHLTUP15_reHLT.io --python REHLTUP15_reHLT.py  --conditions 80X_mcRun2_asymptotic_2016_TrancheIV_v2 --no_exec --filein file:step3.root  --fileout file:step4.root  --nThreads 4 > step4_ZMM_13+ZMM_13INPUT+DIGIUP15_PU25_reHLT+RECOUP15_reHLT+REHLTUP15_reHLT+MINIAODUP15_reHLT+HARVESTMINIAODUP15_reHLT.log  2>&1
 

# in: /afs/cern.ch/work/p/prebello/private/PAGValidation/Roberta8016/Tranch4GTv2/CMSSW_8_0_16/src/fullSimnPUreHLT going to execute cd 80025205.0_ZTT_13+ZTT_13INPUT+DIGIUP15_PU25_reHLT+RECOUP15_reHLT+REHLTUP15_reHLT+MINIAODUP15_reHLT+HARVESTMINIAODUP15_reHLT
 cmsDriver.py step5  --runUnscheduled  --era Run2_2016 --conditions auto:run2_mc -s PAT,DQM:@miniAODDQM,VALIDATION:@miniAODValidation --datatier MINIAODSIM,DQMIO -n 10 --customise_commands "process.patTrigger.processName = cms.string('HLT2')" --mc  --eventcontent MINIAODSIM,DQM --io MINIAODUP15_reHLT.io --python MINIAODUP15_reHLT.py  --conditions 80X_mcRun2_asymptotic_2016_TrancheIV_v2 --no_exec --filein file:step4.root  --fileout file:step5.root  --nThreads 4 > step5_ZTT_13+ZTT_13INPUT+DIGIUP15_PU25_reHLT+RECOUP15_reHLT+REHLTUP15_reHLT+MINIAODUP15_reHLT+HARVESTMINIAODUP15_reHLT.log  2>&1
 

# in: /afs/cern.ch/work/p/prebello/private/PAGValidation/Roberta8016/Tranch4GTv2/CMSSW_8_0_16/src/fullSimnPUreHLT going to execute cd 80025206.0_ZMM_13+ZMM_13INPUT+DIGIUP15_PU25_reHLT+RECOUP15_reHLT+REHLTUP15_reHLT+MINIAODUP15_reHLT+HARVESTMINIAODUP15_reHLT
 cmsDriver.py step5  --runUnscheduled  --era Run2_2016 --conditions auto:run2_mc -s PAT,DQM:@miniAODDQM,VALIDATION:@miniAODValidation --datatier MINIAODSIM,DQMIO -n 10 --customise_commands "process.patTrigger.processName = cms.string('HLT2')" --mc  --eventcontent MINIAODSIM,DQM --io MINIAODUP15_reHLT.io --python MINIAODUP15_reHLT.py  --conditions 80X_mcRun2_asymptotic_2016_TrancheIV_v2 --no_exec --filein file:step4.root  --fileout file:step5.root  --nThreads 4 > step5_ZMM_13+ZMM_13INPUT+DIGIUP15_PU25_reHLT+RECOUP15_reHLT+REHLTUP15_reHLT+MINIAODUP15_reHLT+HARVESTMINIAODUP15_reHLT.log  2>&1
 

# in: /afs/cern.ch/work/p/prebello/private/PAGValidation/Roberta8016/Tranch4GTv2/CMSSW_8_0_16/src/fullSimnPUreHLT going to execute cd 80025205.0_ZTT_13+ZTT_13INPUT+DIGIUP15_PU25_reHLT+RECOUP15_reHLT+REHLTUP15_reHLT+MINIAODUP15_reHLT+HARVESTMINIAODUP15_reHLT
 cmsDriver.py step6  --filetype DQM --conditions auto:run2_mc --mc  -s HARVESTING:@miniAODValidation+@miniAODDQM --era Run2_2016 --io HARVESTMINIAODUP15_reHLT.io --python HARVESTMINIAODUP15_reHLT.py  --conditions 80X_mcRun2_asymptotic_2016_TrancheIV_v2 -n 100  --no_exec --filein file:step5_inDQM.root --fileout file:step6.root  > step6_ZTT_13+ZTT_13INPUT+DIGIUP15_PU25_reHLT+RECOUP15_reHLT+REHLTUP15_reHLT+MINIAODUP15_reHLT+HARVESTMINIAODUP15_reHLT.log  2>&1
 

# in: /afs/cern.ch/work/p/prebello/private/PAGValidation/Roberta8016/Tranch4GTv2/CMSSW_8_0_16/src/fullSimnPUreHLT going to execute cd 80025206.0_ZMM_13+ZMM_13INPUT+DIGIUP15_PU25_reHLT+RECOUP15_reHLT+REHLTUP15_reHLT+MINIAODUP15_reHLT+HARVESTMINIAODUP15_reHLT
 cmsDriver.py step6  --filetype DQM --conditions auto:run2_mc --mc  -s HARVESTING:@miniAODValidation+@miniAODDQM --era Run2_2016 --io HARVESTMINIAODUP15_reHLT.io --python HARVESTMINIAODUP15_reHLT.py  --conditions 80X_mcRun2_asymptotic_2016_TrancheIV_v2 -n 100  --no_exec --filein file:step5_inDQM.root --fileout file:step6.root  > step6_ZMM_13+ZMM_13INPUT+DIGIUP15_PU25_reHLT+RECOUP15_reHLT+REHLTUP15_reHLT+MINIAODUP15_reHLT+HARVESTMINIAODUP15_reHLT.log  2>&1
 
80025200.0_ZEE_13+ZEE_13INPUT+DIGIUP15_PU25_reHLT+RECOUP15_reHLT+REHLTUP15_reHLT+MINIAODUP15_reHLT+HARVESTMINIAODUP15_reHLT Step0-PASSED Step1-PASSED Step2-PASSED Step3-PASSED Step4-PASSED Step5-PASSED  - time date Mon Sep  5 15:38:59 2016-date Mon Sep  5 15:38:11 2016; exit: 0 0 0 0 0 0
80025202.0_TTbar_13+TTbar_13INPUT+DIGIUP15_PU25_reHLT+RECOUP15_reHLT+REHLTUP15_reHLT+MINIAODUP15_reHLT+HARVESTMINIAODUP15_reHLT Step0-PASSED Step1-PASSED Step2-PASSED Step3-PASSED Step4-PASSED Step5-PASSED  - time date Mon Sep  5 15:38:59 2016-date Mon Sep  5 15:38:14 2016; exit: 0 0 0 0 0 0
80025203.0_H125GGgluonfusion_13+H125GGgluonfusion_13INPUT+DIGIUP15_PU25_reHLT+RECOUP15_reHLT+REHLTUP15_reHLT+MINIAODUP15_reHLT+HARVESTMINIAODUP15_reHLT Step0-PASSED Step1-PASSED Step2-PASSED Step3-PASSED Step4-PASSED Step5-PASSED  - time date Mon Sep  5 15:38:59 2016-date Mon Sep  5 15:38:16 2016; exit: 0 0 0 0 0 0
80025204.0_QQH1352T_13+QQH1352T_13INPUT+DIGIUP15_PU25_reHLT+RECOUP15_reHLT+REHLTUP15_reHLT+MINIAODUP15_reHLT+HARVESTMINIAODUP15_reHLT Step0-PASSED Step1-PASSED Step2-PASSED Step3-PASSED Step4-PASSED Step5-PASSED  - time date Mon Sep  5 15:39:05 2016-date Mon Sep  5 15:38:19 2016; exit: 0 0 0 0 0 0
80025205.0_ZTT_13+ZTT_13INPUT+DIGIUP15_PU25_reHLT+RECOUP15_reHLT+REHLTUP15_reHLT+MINIAODUP15_reHLT+HARVESTMINIAODUP15_reHLT Step0-PASSED Step1-PASSED Step2-PASSED Step3-PASSED Step4-PASSED Step5-PASSED  - time date Mon Sep  5 15:39:45 2016-date Mon Sep  5 15:39:03 2016; exit: 0 0 0 0 0 0
80025206.0_ZMM_13+ZMM_13INPUT+DIGIUP15_PU25_reHLT+RECOUP15_reHLT+REHLTUP15_reHLT+MINIAODUP15_reHLT+HARVESTMINIAODUP15_reHLT Step0-PASSED Step1-PASSED Step2-PASSED Step3-PASSED Step4-PASSED Step5-PASSED  - time date Mon Sep  5 15:39:47 2016-date Mon Sep  5 15:39:05 2016; exit: 0 0 0 0 0 0
6 6 6 6 6 6 tests passed, 0 0 0 0 0 0 failed


	Found wmclient

inspecting 80025200.0_ZEE_13+ZEE_13INPUT+DIGIUP15_PU25_reHLT+RECOUP15_reHLT+REHLTUP15_reHLT+MINIAODUP15_reHLT+HARVESTMINIAODUP15_reHLT
inspecting 80025202.0_TTbar_13+TTbar_13INPUT+DIGIUP15_PU25_reHLT+RECOUP15_reHLT+REHLTUP15_reHLT+MINIAODUP15_reHLT+HARVESTMINIAODUP15_reHLT
inspecting 80025203.0_H125GGgluonfusion_13+H125GGgluonfusion_13INPUT+DIGIUP15_PU25_reHLT+RECOUP15_reHLT+REHLTUP15_reHLT+MINIAODUP15_reHLT+HARVESTMINIAODUP15_reHLT
inspecting 80025204.0_QQH1352T_13+QQH1352T_13INPUT+DIGIUP15_PU25_reHLT+RECOUP15_reHLT+REHLTUP15_reHLT+MINIAODUP15_reHLT+HARVESTMINIAODUP15_reHLT
inspecting 80025205.0_ZTT_13+ZTT_13INPUT+DIGIUP15_PU25_reHLT+RECOUP15_reHLT+REHLTUP15_reHLT+MINIAODUP15_reHLT+HARVESTMINIAODUP15_reHLT
inspecting 80025206.0_ZMM_13+ZMM_13INPUT+DIGIUP15_PU25_reHLT+RECOUP15_reHLT+REHLTUP15_reHLT+MINIAODUP15_reHLT+HARVESTMINIAODUP15_reHLT
	Fake upload of 80025200.0_ZEE_13+ZEE_13INPUT+DIGIUP15_PU25_reHLT+RECOUP15_reHLT+REHLTUP15_reHLT+MINIAODUP15_reHLT+HARVESTMINIAODUP15_reHLT/DIGIUP15_PU25_reHLT.py to couch with label RelValSet_CMSSW_8_0_16_v1_80025200.0DIGIUP15_PU25_reHLT
80025200.0_ZEE_13+ZEE_13INPUT+DIGIUP15_PU25_reHLT+RECOUP15_reHLT+REHLTUP15_reHLT+MINIAODUP15_reHLT+HARVESTMINIAODUP15_reHLT/DIGIUP15_PU25_reHLT.py  uploaded to couchDB for 80025200.0 with ID 1041
	Fake upload of 80025200.0_ZEE_13+ZEE_13INPUT+DIGIUP15_PU25_reHLT+RECOUP15_reHLT+REHLTUP15_reHLT+MINIAODUP15_reHLT+HARVESTMINIAODUP15_reHLT/RECOUP15_reHLT.py to couch with label RelValSet_CMSSW_8_0_16_v1_80025200.0RECOUP15_reHLT
80025200.0_ZEE_13+ZEE_13INPUT+DIGIUP15_PU25_reHLT+RECOUP15_reHLT+REHLTUP15_reHLT+MINIAODUP15_reHLT+HARVESTMINIAODUP15_reHLT/RECOUP15_reHLT.py  uploaded to couchDB for 80025200.0 with ID 1042
	Fake upload of 80025200.0_ZEE_13+ZEE_13INPUT+DIGIUP15_PU25_reHLT+RECOUP15_reHLT+REHLTUP15_reHLT+MINIAODUP15_reHLT+HARVESTMINIAODUP15_reHLT/MINIAODUP15_reHLT.py to couch with label RelValSet_CMSSW_8_0_16_v1_80025200.0MINIAODUP15_reHLT
80025200.0_ZEE_13+ZEE_13INPUT+DIGIUP15_PU25_reHLT+RECOUP15_reHLT+REHLTUP15_reHLT+MINIAODUP15_reHLT+HARVESTMINIAODUP15_reHLT/MINIAODUP15_reHLT.py  uploaded to couchDB for 80025200.0 with ID 1043
	Fake upload of 80025200.0_ZEE_13+ZEE_13INPUT+DIGIUP15_PU25_reHLT+RECOUP15_reHLT+REHLTUP15_reHLT+MINIAODUP15_reHLT+HARVESTMINIAODUP15_reHLT/REHLTUP15_reHLT.py to couch with label RelValSet_CMSSW_8_0_16_v1_80025200.0REHLTUP15_reHLT
80025200.0_ZEE_13+ZEE_13INPUT+DIGIUP15_PU25_reHLT+RECOUP15_reHLT+REHLTUP15_reHLT+MINIAODUP15_reHLT+HARVESTMINIAODUP15_reHLT/REHLTUP15_reHLT.py  uploaded to couchDB for 80025200.0 with ID 1044
	Fake upload of 80025200.0_ZEE_13+ZEE_13INPUT+DIGIUP15_PU25_reHLT+RECOUP15_reHLT+REHLTUP15_reHLT+MINIAODUP15_reHLT+HARVESTMINIAODUP15_reHLT/HARVESTMINIAODUP15_reHLT.py to couch with label RelValSet_CMSSW_8_0_16_v1_80025200.0harvesting
80025200.0_ZEE_13+ZEE_13INPUT+DIGIUP15_PU25_reHLT+RECOUP15_reHLT+REHLTUP15_reHLT+MINIAODUP15_reHLT+HARVESTMINIAODUP15_reHLT/HARVESTMINIAODUP15_reHLT.py uploaded to couchDB for 80025200.0 with ID 1045
	Fake upload of 80025202.0_TTbar_13+TTbar_13INPUT+DIGIUP15_PU25_reHLT+RECOUP15_reHLT+REHLTUP15_reHLT+MINIAODUP15_reHLT+HARVESTMINIAODUP15_reHLT/DIGIUP15_PU25_reHLT.py to couch with label RelValSet_CMSSW_8_0_16_v1_80025202.0DIGIUP15_PU25_reHLT
80025202.0_TTbar_13+TTbar_13INPUT+DIGIUP15_PU25_reHLT+RECOUP15_reHLT+REHLTUP15_reHLT+MINIAODUP15_reHLT+HARVESTMINIAODUP15_reHLT/DIGIUP15_PU25_reHLT.py  uploaded to couchDB for 80025202.0 with ID 1046
	Fake upload of 80025202.0_TTbar_13+TTbar_13INPUT+DIGIUP15_PU25_reHLT+RECOUP15_reHLT+REHLTUP15_reHLT+MINIAODUP15_reHLT+HARVESTMINIAODUP15_reHLT/RECOUP15_reHLT.py to couch with label RelValSet_CMSSW_8_0_16_v1_80025202.0RECOUP15_reHLT
80025202.0_TTbar_13+TTbar_13INPUT+DIGIUP15_PU25_reHLT+RECOUP15_reHLT+REHLTUP15_reHLT+MINIAODUP15_reHLT+HARVESTMINIAODUP15_reHLT/RECOUP15_reHLT.py  uploaded to couchDB for 80025202.0 with ID 1047
	Fake upload of 80025202.0_TTbar_13+TTbar_13INPUT+DIGIUP15_PU25_reHLT+RECOUP15_reHLT+REHLTUP15_reHLT+MINIAODUP15_reHLT+HARVESTMINIAODUP15_reHLT/MINIAODUP15_reHLT.py to couch with label RelValSet_CMSSW_8_0_16_v1_80025202.0MINIAODUP15_reHLT
80025202.0_TTbar_13+TTbar_13INPUT+DIGIUP15_PU25_reHLT+RECOUP15_reHLT+REHLTUP15_reHLT+MINIAODUP15_reHLT+HARVESTMINIAODUP15_reHLT/MINIAODUP15_reHLT.py  uploaded to couchDB for 80025202.0 with ID 1048
	Fake upload of 80025202.0_TTbar_13+TTbar_13INPUT+DIGIUP15_PU25_reHLT+RECOUP15_reHLT+REHLTUP15_reHLT+MINIAODUP15_reHLT+HARVESTMINIAODUP15_reHLT/REHLTUP15_reHLT.py to couch with label RelValSet_CMSSW_8_0_16_v1_80025202.0REHLTUP15_reHLT
80025202.0_TTbar_13+TTbar_13INPUT+DIGIUP15_PU25_reHLT+RECOUP15_reHLT+REHLTUP15_reHLT+MINIAODUP15_reHLT+HARVESTMINIAODUP15_reHLT/REHLTUP15_reHLT.py  uploaded to couchDB for 80025202.0 with ID 1049
	Fake upload of 80025202.0_TTbar_13+TTbar_13INPUT+DIGIUP15_PU25_reHLT+RECOUP15_reHLT+REHLTUP15_reHLT+MINIAODUP15_reHLT+HARVESTMINIAODUP15_reHLT/HARVESTMINIAODUP15_reHLT.py to couch with label RelValSet_CMSSW_8_0_16_v1_80025202.0harvesting
80025202.0_TTbar_13+TTbar_13INPUT+DIGIUP15_PU25_reHLT+RECOUP15_reHLT+REHLTUP15_reHLT+MINIAODUP15_reHLT+HARVESTMINIAODUP15_reHLT/HARVESTMINIAODUP15_reHLT.py uploaded to couchDB for 80025202.0 with ID 1050
	Fake upload of 80025203.0_H125GGgluonfusion_13+H125GGgluonfusion_13INPUT+DIGIUP15_PU25_reHLT+RECOUP15_reHLT+REHLTUP15_reHLT+MINIAODUP15_reHLT+HARVESTMINIAODUP15_reHLT/DIGIUP15_PU25_reHLT.py to couch with label RelValSet_CMSSW_8_0_16_v1_80025203.0DIGIUP15_PU25_reHLT
80025203.0_H125GGgluonfusion_13+H125GGgluonfusion_13INPUT+DIGIUP15_PU25_reHLT+RECOUP15_reHLT+REHLTUP15_reHLT+MINIAODUP15_reHLT+HARVESTMINIAODUP15_reHLT/DIGIUP15_PU25_reHLT.py  uploaded to couchDB for 80025203.0 with ID 1051
	Fake upload of 80025203.0_H125GGgluonfusion_13+H125GGgluonfusion_13INPUT+DIGIUP15_PU25_reHLT+RECOUP15_reHLT+REHLTUP15_reHLT+MINIAODUP15_reHLT+HARVESTMINIAODUP15_reHLT/RECOUP15_reHLT.py to couch with label RelValSet_CMSSW_8_0_16_v1_80025203.0RECOUP15_reHLT
80025203.0_H125GGgluonfusion_13+H125GGgluonfusion_13INPUT+DIGIUP15_PU25_reHLT+RECOUP15_reHLT+REHLTUP15_reHLT+MINIAODUP15_reHLT+HARVESTMINIAODUP15_reHLT/RECOUP15_reHLT.py  uploaded to couchDB for 80025203.0 with ID 1052
	Fake upload of 80025203.0_H125GGgluonfusion_13+H125GGgluonfusion_13INPUT+DIGIUP15_PU25_reHLT+RECOUP15_reHLT+REHLTUP15_reHLT+MINIAODUP15_reHLT+HARVESTMINIAODUP15_reHLT/MINIAODUP15_reHLT.py to couch with label RelValSet_CMSSW_8_0_16_v1_80025203.0MINIAODUP15_reHLT
80025203.0_H125GGgluonfusion_13+H125GGgluonfusion_13INPUT+DIGIUP15_PU25_reHLT+RECOUP15_reHLT+REHLTUP15_reHLT+MINIAODUP15_reHLT+HARVESTMINIAODUP15_reHLT/MINIAODUP15_reHLT.py  uploaded to couchDB for 80025203.0 with ID 1053
	Fake upload of 80025203.0_H125GGgluonfusion_13+H125GGgluonfusion_13INPUT+DIGIUP15_PU25_reHLT+RECOUP15_reHLT+REHLTUP15_reHLT+MINIAODUP15_reHLT+HARVESTMINIAODUP15_reHLT/REHLTUP15_reHLT.py to couch with label RelValSet_CMSSW_8_0_16_v1_80025203.0REHLTUP15_reHLT
80025203.0_H125GGgluonfusion_13+H125GGgluonfusion_13INPUT+DIGIUP15_PU25_reHLT+RECOUP15_reHLT+REHLTUP15_reHLT+MINIAODUP15_reHLT+HARVESTMINIAODUP15_reHLT/REHLTUP15_reHLT.py  uploaded to couchDB for 80025203.0 with ID 1054
	Fake upload of 80025203.0_H125GGgluonfusion_13+H125GGgluonfusion_13INPUT+DIGIUP15_PU25_reHLT+RECOUP15_reHLT+REHLTUP15_reHLT+MINIAODUP15_reHLT+HARVESTMINIAODUP15_reHLT/HARVESTMINIAODUP15_reHLT.py to couch with label RelValSet_CMSSW_8_0_16_v1_80025203.0harvesting
80025203.0_H125GGgluonfusion_13+H125GGgluonfusion_13INPUT+DIGIUP15_PU25_reHLT+RECOUP15_reHLT+REHLTUP15_reHLT+MINIAODUP15_reHLT+HARVESTMINIAODUP15_reHLT/HARVESTMINIAODUP15_reHLT.py uploaded to couchDB for 80025203.0 with ID 1055
	Fake upload of 80025204.0_QQH1352T_13+QQH1352T_13INPUT+DIGIUP15_PU25_reHLT+RECOUP15_reHLT+REHLTUP15_reHLT+MINIAODUP15_reHLT+HARVESTMINIAODUP15_reHLT/DIGIUP15_PU25_reHLT.py to couch with label RelValSet_CMSSW_8_0_16_v1_80025204.0DIGIUP15_PU25_reHLT
80025204.0_QQH1352T_13+QQH1352T_13INPUT+DIGIUP15_PU25_reHLT+RECOUP15_reHLT+REHLTUP15_reHLT+MINIAODUP15_reHLT+HARVESTMINIAODUP15_reHLT/DIGIUP15_PU25_reHLT.py  uploaded to couchDB for 80025204.0 with ID 1056
	Fake upload of 80025204.0_QQH1352T_13+QQH1352T_13INPUT+DIGIUP15_PU25_reHLT+RECOUP15_reHLT+REHLTUP15_reHLT+MINIAODUP15_reHLT+HARVESTMINIAODUP15_reHLT/RECOUP15_reHLT.py to couch with label RelValSet_CMSSW_8_0_16_v1_80025204.0RECOUP15_reHLT
80025204.0_QQH1352T_13+QQH1352T_13INPUT+DIGIUP15_PU25_reHLT+RECOUP15_reHLT+REHLTUP15_reHLT+MINIAODUP15_reHLT+HARVESTMINIAODUP15_reHLT/RECOUP15_reHLT.py  uploaded to couchDB for 80025204.0 with ID 1057
	Fake upload of 80025204.0_QQH1352T_13+QQH1352T_13INPUT+DIGIUP15_PU25_reHLT+RECOUP15_reHLT+REHLTUP15_reHLT+MINIAODUP15_reHLT+HARVESTMINIAODUP15_reHLT/MINIAODUP15_reHLT.py to couch with label RelValSet_CMSSW_8_0_16_v1_80025204.0MINIAODUP15_reHLT
80025204.0_QQH1352T_13+QQH1352T_13INPUT+DIGIUP15_PU25_reHLT+RECOUP15_reHLT+REHLTUP15_reHLT+MINIAODUP15_reHLT+HARVESTMINIAODUP15_reHLT/MINIAODUP15_reHLT.py  uploaded to couchDB for 80025204.0 with ID 1058
	Fake upload of 80025204.0_QQH1352T_13+QQH1352T_13INPUT+DIGIUP15_PU25_reHLT+RECOUP15_reHLT+REHLTUP15_reHLT+MINIAODUP15_reHLT+HARVESTMINIAODUP15_reHLT/REHLTUP15_reHLT.py to couch with label RelValSet_CMSSW_8_0_16_v1_80025204.0REHLTUP15_reHLT
80025204.0_QQH1352T_13+QQH1352T_13INPUT+DIGIUP15_PU25_reHLT+RECOUP15_reHLT+REHLTUP15_reHLT+MINIAODUP15_reHLT+HARVESTMINIAODUP15_reHLT/REHLTUP15_reHLT.py  uploaded to couchDB for 80025204.0 with ID 1059
	Fake upload of 80025204.0_QQH1352T_13+QQH1352T_13INPUT+DIGIUP15_PU25_reHLT+RECOUP15_reHLT+REHLTUP15_reHLT+MINIAODUP15_reHLT+HARVESTMINIAODUP15_reHLT/HARVESTMINIAODUP15_reHLT.py to couch with label RelValSet_CMSSW_8_0_16_v1_80025204.0harvesting
80025204.0_QQH1352T_13+QQH1352T_13INPUT+DIGIUP15_PU25_reHLT+RECOUP15_reHLT+REHLTUP15_reHLT+MINIAODUP15_reHLT+HARVESTMINIAODUP15_reHLT/HARVESTMINIAODUP15_reHLT.py uploaded to couchDB for 80025204.0 with ID 1060
	Fake upload of 80025205.0_ZTT_13+ZTT_13INPUT+DIGIUP15_PU25_reHLT+RECOUP15_reHLT+REHLTUP15_reHLT+MINIAODUP15_reHLT+HARVESTMINIAODUP15_reHLT/DIGIUP15_PU25_reHLT.py to couch with label RelValSet_CMSSW_8_0_16_v1_80025205.0DIGIUP15_PU25_reHLT
80025205.0_ZTT_13+ZTT_13INPUT+DIGIUP15_PU25_reHLT+RECOUP15_reHLT+REHLTUP15_reHLT+MINIAODUP15_reHLT+HARVESTMINIAODUP15_reHLT/DIGIUP15_PU25_reHLT.py  uploaded to couchDB for 80025205.0 with ID 1061
	Fake upload of 80025205.0_ZTT_13+ZTT_13INPUT+DIGIUP15_PU25_reHLT+RECOUP15_reHLT+REHLTUP15_reHLT+MINIAODUP15_reHLT+HARVESTMINIAODUP15_reHLT/RECOUP15_reHLT.py to couch with label RelValSet_CMSSW_8_0_16_v1_80025205.0RECOUP15_reHLT
80025205.0_ZTT_13+ZTT_13INPUT+DIGIUP15_PU25_reHLT+RECOUP15_reHLT+REHLTUP15_reHLT+MINIAODUP15_reHLT+HARVESTMINIAODUP15_reHLT/RECOUP15_reHLT.py  uploaded to couchDB for 80025205.0 with ID 1062
	Fake upload of 80025205.0_ZTT_13+ZTT_13INPUT+DIGIUP15_PU25_reHLT+RECOUP15_reHLT+REHLTUP15_reHLT+MINIAODUP15_reHLT+HARVESTMINIAODUP15_reHLT/MINIAODUP15_reHLT.py to couch with label RelValSet_CMSSW_8_0_16_v1_80025205.0MINIAODUP15_reHLT
80025205.0_ZTT_13+ZTT_13INPUT+DIGIUP15_PU25_reHLT+RECOUP15_reHLT+REHLTUP15_reHLT+MINIAODUP15_reHLT+HARVESTMINIAODUP15_reHLT/MINIAODUP15_reHLT.py  uploaded to couchDB for 80025205.0 with ID 1063
	Fake upload of 80025205.0_ZTT_13+ZTT_13INPUT+DIGIUP15_PU25_reHLT+RECOUP15_reHLT+REHLTUP15_reHLT+MINIAODUP15_reHLT+HARVESTMINIAODUP15_reHLT/REHLTUP15_reHLT.py to couch with label RelValSet_CMSSW_8_0_16_v1_80025205.0REHLTUP15_reHLT
80025205.0_ZTT_13+ZTT_13INPUT+DIGIUP15_PU25_reHLT+RECOUP15_reHLT+REHLTUP15_reHLT+MINIAODUP15_reHLT+HARVESTMINIAODUP15_reHLT/REHLTUP15_reHLT.py  uploaded to couchDB for 80025205.0 with ID 1064
	Fake upload of 80025205.0_ZTT_13+ZTT_13INPUT+DIGIUP15_PU25_reHLT+RECOUP15_reHLT+REHLTUP15_reHLT+MINIAODUP15_reHLT+HARVESTMINIAODUP15_reHLT/HARVESTMINIAODUP15_reHLT.py to couch with label RelValSet_CMSSW_8_0_16_v1_80025205.0harvesting
80025205.0_ZTT_13+ZTT_13INPUT+DIGIUP15_PU25_reHLT+RECOUP15_reHLT+REHLTUP15_reHLT+MINIAODUP15_reHLT+HARVESTMINIAODUP15_reHLT/HARVESTMINIAODUP15_reHLT.py uploaded to couchDB for 80025205.0 with ID 1065
	Fake upload of 80025206.0_ZMM_13+ZMM_13INPUT+DIGIUP15_PU25_reHLT+RECOUP15_reHLT+REHLTUP15_reHLT+MINIAODUP15_reHLT+HARVESTMINIAODUP15_reHLT/DIGIUP15_PU25_reHLT.py to couch with label RelValSet_CMSSW_8_0_16_v1_80025206.0DIGIUP15_PU25_reHLT
80025206.0_ZMM_13+ZMM_13INPUT+DIGIUP15_PU25_reHLT+RECOUP15_reHLT+REHLTUP15_reHLT+MINIAODUP15_reHLT+HARVESTMINIAODUP15_reHLT/DIGIUP15_PU25_reHLT.py  uploaded to couchDB for 80025206.0 with ID 1066
	Fake upload of 80025206.0_ZMM_13+ZMM_13INPUT+DIGIUP15_PU25_reHLT+RECOUP15_reHLT+REHLTUP15_reHLT+MINIAODUP15_reHLT+HARVESTMINIAODUP15_reHLT/RECOUP15_reHLT.py to couch with label RelValSet_CMSSW_8_0_16_v1_80025206.0RECOUP15_reHLT
80025206.0_ZMM_13+ZMM_13INPUT+DIGIUP15_PU25_reHLT+RECOUP15_reHLT+REHLTUP15_reHLT+MINIAODUP15_reHLT+HARVESTMINIAODUP15_reHLT/RECOUP15_reHLT.py  uploaded to couchDB for 80025206.0 with ID 1067
	Fake upload of 80025206.0_ZMM_13+ZMM_13INPUT+DIGIUP15_PU25_reHLT+RECOUP15_reHLT+REHLTUP15_reHLT+MINIAODUP15_reHLT+HARVESTMINIAODUP15_reHLT/MINIAODUP15_reHLT.py to couch with label RelValSet_CMSSW_8_0_16_v1_80025206.0MINIAODUP15_reHLT
80025206.0_ZMM_13+ZMM_13INPUT+DIGIUP15_PU25_reHLT+RECOUP15_reHLT+REHLTUP15_reHLT+MINIAODUP15_reHLT+HARVESTMINIAODUP15_reHLT/MINIAODUP15_reHLT.py  uploaded to couchDB for 80025206.0 with ID 1068
	Fake upload of 80025206.0_ZMM_13+ZMM_13INPUT+DIGIUP15_PU25_reHLT+RECOUP15_reHLT+REHLTUP15_reHLT+MINIAODUP15_reHLT+HARVESTMINIAODUP15_reHLT/REHLTUP15_reHLT.py to couch with label RelValSet_CMSSW_8_0_16_v1_80025206.0REHLTUP15_reHLT
80025206.0_ZMM_13+ZMM_13INPUT+DIGIUP15_PU25_reHLT+RECOUP15_reHLT+REHLTUP15_reHLT+MINIAODUP15_reHLT+HARVESTMINIAODUP15_reHLT/REHLTUP15_reHLT.py  uploaded to couchDB for 80025206.0 with ID 1069
	Fake upload of 80025206.0_ZMM_13+ZMM_13INPUT+DIGIUP15_PU25_reHLT+RECOUP15_reHLT+REHLTUP15_reHLT+MINIAODUP15_reHLT+HARVESTMINIAODUP15_reHLT/HARVESTMINIAODUP15_reHLT.py to couch with label RelValSet_CMSSW_8_0_16_v1_80025206.0harvesting
80025206.0_ZMM_13+ZMM_13INPUT+DIGIUP15_PU25_reHLT+RECOUP15_reHLT+REHLTUP15_reHLT+MINIAODUP15_reHLT+HARVESTMINIAODUP15_reHLT/HARVESTMINIAODUP15_reHLT.py uploaded to couchDB for 80025206.0 with ID 1070

	Found wmcontrol

Only viewing request 80025200.0
{'CMSSWVersion': 'CMSSW_8_0_16',
 'Campaign': 'CMSSW_8_0_16',
 'ConfigCacheURL': 'https://cmsweb.cern.ch/couchdb',
 'CouchURL': 'https://cmsweb.cern.ch/couchdb',
 'DQMConfigCacheID': 1045,
 'DQMUploadUrl': 'https://cmsweb.cern.ch/dqm/relval',
 'DbsUrl': 'https://cmsweb.cern.ch/dbs/prod/global/DBSReader',
 'EnableHarvesting': 'True',
 'GlobalTag': u'80X_mcRun2_asymptotic_2016_TrancheIV_v2',
 'Group': 'ppd',
 'Memory': 3000,
 'Multicore': 1,
 'ProcessingVersion': 1,
 'RequestPriority': 500000,
 'RequestString': 'RVCMSSW_8_0_16ZEE_13_PU25ns__reHLT_Tr4GTv2',
 'RequestType': 'TaskChain',
 'Requestor': 'prebello',
 'ScramArch': 'slc6_amd64_gcc530',
 'SizePerEvent': 1234,
 'SubRequestType': 'RelVal',
 'Task1': {'AcquisitionEra': 'CMSSW_8_0_16',
           'ConfigCacheID': 1041,
           'GlobalTag': u'80X_mcRun2_asymptotic_2016_TrancheIV_v2',
           'InputDataset': '/RelValZEE_13/CMSSW_7_1_20_patch2-MCRUN2_71_V1_GsRealBS-v1/GEN-SIM',
           'KeepOutput': True,
           'LumisPerJob': 1,
           'MCPileup': u'/RelValMinBias_13/CMSSW_7_1_20_patch2-MCRUN2_71_V1_GsRealBS-v1/GEN-SIM',
           'Memory': 7500,
           'Multicore': 4,
           'ProcessingString': u'PU25ns_80X_mcRun2_asymptotic_2016_TrancheIV_v2_reHLT_Tr4GTv2',
           'SplittingAlgo': 'LumiBased',
           'TaskName': 'DIGIUP15_PU25_reHLT'},
 'Task2': {'AcquisitionEra': 'CMSSW_8_0_16',
           'ConfigCacheID': 1042,
           'GlobalTag': u'80X_mcRun2_asymptotic_2016_TrancheIV_v2',
           'InputFromOutputModule': u'FEVTDEBUGHLToutput',
           'InputTask': 'DIGIUP15_PU25_reHLT',
           'KeepOutput': True,
           'LumisPerJob': 1,
           'Memory': 7500,
           'Multicore': 4,
           'ProcessingString': u'PU25ns_80X_mcRun2_asymptotic_2016_TrancheIV_v2_reHLT_Tr4GTv2',
           'SplittingAlgo': 'LumiBased',
           'TaskName': 'RECOUP15_reHLT'},
 'Task3': {'AcquisitionEra': 'CMSSW_8_0_16',
           'ConfigCacheID': 1044,
           'GlobalTag': u'80X_mcRun2_asymptotic_2016_TrancheIV_v2',
           'InputFromOutputModule': u'RAWAODSIMoutput',
           'InputTask': 'RECOUP15_reHLT',
           'KeepOutput': True,
           'LumisPerJob': 1,
           'Memory': 7500,
           'Multicore': 4,
           'ProcessingString': u'PU25ns_80X_mcRun2_asymptotic_2016_TrancheIV_v2_reHLT_Tr4GTv2',
           'SplittingAlgo': 'LumiBased',
           'TaskName': 'REHLTUP15_reHLT'},
 'Task4': {'AcquisitionEra': 'CMSSW_8_0_16',
           'ConfigCacheID': 1043,
           'GlobalTag': u'80X_mcRun2_asymptotic_2016_TrancheIV_v2',
           'InputFromOutputModule': u'AODSIMoutput',
           'InputTask': 'REHLTUP15_reHLT',
           'KeepOutput': True,
           'LumisPerJob': 1,
           'Memory': 7500,
           'Multicore': 4,
           'ProcessingString': u'PU25ns_80X_mcRun2_asymptotic_2016_TrancheIV_v2_reHLT_Tr4GTv2',
           'SplittingAlgo': 'LumiBased',
           'TaskName': 'MINIAODUP15_reHLT'},
 'TaskChain': 4,
 'TimePerEvent': 0.1,
 'dashboardActivity': 'relval',
 'mergedLFNBase': '/store/relval',
 'unmergedLFNBase': '/store/unmerged'}
None
Only viewing request 80025202.0
{'CMSSWVersion': 'CMSSW_8_0_16',
 'Campaign': 'CMSSW_8_0_16',
 'ConfigCacheURL': 'https://cmsweb.cern.ch/couchdb',
 'CouchURL': 'https://cmsweb.cern.ch/couchdb',
 'DQMConfigCacheID': 1050,
 'DQMUploadUrl': 'https://cmsweb.cern.ch/dqm/relval',
 'DbsUrl': 'https://cmsweb.cern.ch/dbs/prod/global/DBSReader',
 'EnableHarvesting': 'True',
 'GlobalTag': u'80X_mcRun2_asymptotic_2016_TrancheIV_v2',
 'Group': 'ppd',
 'Memory': 3000,
 'Multicore': 1,
 'ProcessingVersion': 1,
 'RequestPriority': 500000,
 'RequestString': 'RVCMSSW_8_0_16TTbar_13_PU25ns__reHLT_Tr4GTv2',
 'RequestType': 'TaskChain',
 'Requestor': 'prebello',
 'ScramArch': 'slc6_amd64_gcc530',
 'SizePerEvent': 1234,
 'SubRequestType': 'RelVal',
 'Task1': {'AcquisitionEra': 'CMSSW_8_0_16',
           'ConfigCacheID': 1046,
           'GlobalTag': u'80X_mcRun2_asymptotic_2016_TrancheIV_v2',
           'InputDataset': '/RelValTTbar_13/CMSSW_7_1_20_patch2-MCRUN2_71_V1_GsRealBS-v1/GEN-SIM',
           'KeepOutput': True,
           'LumisPerJob': 1,
           'MCPileup': u'/RelValMinBias_13/CMSSW_7_1_20_patch2-MCRUN2_71_V1_GsRealBS-v1/GEN-SIM',
           'Memory': 7500,
           'Multicore': 4,
           'ProcessingString': u'PU25ns_80X_mcRun2_asymptotic_2016_TrancheIV_v2_reHLT_Tr4GTv2',
           'SplittingAlgo': 'LumiBased',
           'TaskName': 'DIGIUP15_PU25_reHLT'},
 'Task2': {'AcquisitionEra': 'CMSSW_8_0_16',
           'ConfigCacheID': 1047,
           'GlobalTag': u'80X_mcRun2_asymptotic_2016_TrancheIV_v2',
           'InputFromOutputModule': u'FEVTDEBUGHLToutput',
           'InputTask': 'DIGIUP15_PU25_reHLT',
           'KeepOutput': True,
           'LumisPerJob': 1,
           'Memory': 7500,
           'Multicore': 4,
           'ProcessingString': u'PU25ns_80X_mcRun2_asymptotic_2016_TrancheIV_v2_reHLT_Tr4GTv2',
           'SplittingAlgo': 'LumiBased',
           'TaskName': 'RECOUP15_reHLT'},
 'Task3': {'AcquisitionEra': 'CMSSW_8_0_16',
           'ConfigCacheID': 1049,
           'GlobalTag': u'80X_mcRun2_asymptotic_2016_TrancheIV_v2',
           'InputFromOutputModule': u'RAWAODSIMoutput',
           'InputTask': 'RECOUP15_reHLT',
           'KeepOutput': True,
           'LumisPerJob': 1,
           'Memory': 7500,
           'Multicore': 4,
           'ProcessingString': u'PU25ns_80X_mcRun2_asymptotic_2016_TrancheIV_v2_reHLT_Tr4GTv2',
           'SplittingAlgo': 'LumiBased',
           'TaskName': 'REHLTUP15_reHLT'},
 'Task4': {'AcquisitionEra': 'CMSSW_8_0_16',
           'ConfigCacheID': 1048,
           'GlobalTag': u'80X_mcRun2_asymptotic_2016_TrancheIV_v2',
           'InputFromOutputModule': u'AODSIMoutput',
           'InputTask': 'REHLTUP15_reHLT',
           'KeepOutput': True,
           'LumisPerJob': 1,
           'Memory': 7500,
           'Multicore': 4,
           'ProcessingString': u'PU25ns_80X_mcRun2_asymptotic_2016_TrancheIV_v2_reHLT_Tr4GTv2',
           'SplittingAlgo': 'LumiBased',
           'TaskName': 'MINIAODUP15_reHLT'},
 'TaskChain': 4,
 'TimePerEvent': 0.1,
 'dashboardActivity': 'relval',
 'mergedLFNBase': '/store/relval',
 'unmergedLFNBase': '/store/unmerged'}
None
Only viewing request 80025203.0
{'CMSSWVersion': 'CMSSW_8_0_16',
 'Campaign': 'CMSSW_8_0_16',
 'ConfigCacheURL': 'https://cmsweb.cern.ch/couchdb',
 'CouchURL': 'https://cmsweb.cern.ch/couchdb',
 'DQMConfigCacheID': 1055,
 'DQMUploadUrl': 'https://cmsweb.cern.ch/dqm/relval',
 'DbsUrl': 'https://cmsweb.cern.ch/dbs/prod/global/DBSReader',
 'EnableHarvesting': 'True',
 'GlobalTag': u'80X_mcRun2_asymptotic_2016_TrancheIV_v2',
 'Group': 'ppd',
 'Memory': 3000,
 'Multicore': 1,
 'ProcessingVersion': 1,
 'RequestPriority': 500000,
 'RequestString': 'RVCMSSW_8_0_16H125GGgluonfusion_13_PU25ns__reHLT_Tr4GTv2',
 'RequestType': 'TaskChain',
 'Requestor': 'prebello',
 'ScramArch': 'slc6_amd64_gcc530',
 'SizePerEvent': 1234,
 'SubRequestType': 'RelVal',
 'Task1': {'AcquisitionEra': 'CMSSW_8_0_16',
           'ConfigCacheID': 1051,
           'GlobalTag': u'80X_mcRun2_asymptotic_2016_TrancheIV_v2',
           'InputDataset': '/RelValH125GGgluonfusion_13/CMSSW_7_1_20_patch2-MCRUN2_71_V1_GsRealBS-v1/GEN-SIM',
           'KeepOutput': True,
           'LumisPerJob': 1,
           'MCPileup': u'/RelValMinBias_13/CMSSW_7_1_20_patch2-MCRUN2_71_V1_GsRealBS-v1/GEN-SIM',
           'Memory': 7500,
           'Multicore': 4,
           'ProcessingString': u'PU25ns_80X_mcRun2_asymptotic_2016_TrancheIV_v2_reHLT_Tr4GTv2',
           'SplittingAlgo': 'LumiBased',
           'TaskName': 'DIGIUP15_PU25_reHLT'},
 'Task2': {'AcquisitionEra': 'CMSSW_8_0_16',
           'ConfigCacheID': 1052,
           'GlobalTag': u'80X_mcRun2_asymptotic_2016_TrancheIV_v2',
           'InputFromOutputModule': u'FEVTDEBUGHLToutput',
           'InputTask': 'DIGIUP15_PU25_reHLT',
           'KeepOutput': True,
           'LumisPerJob': 1,
           'Memory': 7500,
           'Multicore': 4,
           'ProcessingString': u'PU25ns_80X_mcRun2_asymptotic_2016_TrancheIV_v2_reHLT_Tr4GTv2',
           'SplittingAlgo': 'LumiBased',
           'TaskName': 'RECOUP15_reHLT'},
 'Task3': {'AcquisitionEra': 'CMSSW_8_0_16',
           'ConfigCacheID': 1054,
           'GlobalTag': u'80X_mcRun2_asymptotic_2016_TrancheIV_v2',
           'InputFromOutputModule': u'RAWAODSIMoutput',
           'InputTask': 'RECOUP15_reHLT',
           'KeepOutput': True,
           'LumisPerJob': 1,
           'Memory': 7500,
           'Multicore': 4,
           'ProcessingString': u'PU25ns_80X_mcRun2_asymptotic_2016_TrancheIV_v2_reHLT_Tr4GTv2',
           'SplittingAlgo': 'LumiBased',
           'TaskName': 'REHLTUP15_reHLT'},
 'Task4': {'AcquisitionEra': 'CMSSW_8_0_16',
           'ConfigCacheID': 1053,
           'GlobalTag': u'80X_mcRun2_asymptotic_2016_TrancheIV_v2',
           'InputFromOutputModule': u'AODSIMoutput',
           'InputTask': 'REHLTUP15_reHLT',
           'KeepOutput': True,
           'LumisPerJob': 1,
           'Memory': 7500,
           'Multicore': 4,
           'ProcessingString': u'PU25ns_80X_mcRun2_asymptotic_2016_TrancheIV_v2_reHLT_Tr4GTv2',
           'SplittingAlgo': 'LumiBased',
           'TaskName': 'MINIAODUP15_reHLT'},
 'TaskChain': 4,
 'TimePerEvent': 0.1,
 'dashboardActivity': 'relval',
 'mergedLFNBase': '/store/relval',
 'unmergedLFNBase': '/store/unmerged'}
None
Only viewing request 80025204.0
{'CMSSWVersion': 'CMSSW_8_0_16',
 'Campaign': 'CMSSW_8_0_16',
 'ConfigCacheURL': 'https://cmsweb.cern.ch/couchdb',
 'CouchURL': 'https://cmsweb.cern.ch/couchdb',
 'DQMConfigCacheID': 1060,
 'DQMUploadUrl': 'https://cmsweb.cern.ch/dqm/relval',
 'DbsUrl': 'https://cmsweb.cern.ch/dbs/prod/global/DBSReader',
 'EnableHarvesting': 'True',
 'GlobalTag': u'80X_mcRun2_asymptotic_2016_TrancheIV_v2',
 'Group': 'ppd',
 'Memory': 3000,
 'Multicore': 1,
 'ProcessingVersion': 1,
 'RequestPriority': 500000,
 'RequestString': 'RVCMSSW_8_0_16QQH1352T_13_PU25ns__reHLT_Tr4GTv2',
 'RequestType': 'TaskChain',
 'Requestor': 'prebello',
 'ScramArch': 'slc6_amd64_gcc530',
 'SizePerEvent': 1234,
 'SubRequestType': 'RelVal',
 'Task1': {'AcquisitionEra': 'CMSSW_8_0_16',
           'ConfigCacheID': 1056,
           'GlobalTag': u'80X_mcRun2_asymptotic_2016_TrancheIV_v2',
           'InputDataset': '/RelValQQH1352T_13/CMSSW_7_1_20_patch2-MCRUN2_71_V1_GsRealBS-v1/GEN-SIM',
           'KeepOutput': True,
           'LumisPerJob': 1,
           'MCPileup': u'/RelValMinBias_13/CMSSW_7_1_20_patch2-MCRUN2_71_V1_GsRealBS-v1/GEN-SIM',
           'Memory': 7500,
           'Multicore': 4,
           'ProcessingString': u'PU25ns_80X_mcRun2_asymptotic_2016_TrancheIV_v2_reHLT_Tr4GTv2',
           'SplittingAlgo': 'LumiBased',
           'TaskName': 'DIGIUP15_PU25_reHLT'},
 'Task2': {'AcquisitionEra': 'CMSSW_8_0_16',
           'ConfigCacheID': 1057,
           'GlobalTag': u'80X_mcRun2_asymptotic_2016_TrancheIV_v2',
           'InputFromOutputModule': u'FEVTDEBUGHLToutput',
           'InputTask': 'DIGIUP15_PU25_reHLT',
           'KeepOutput': True,
           'LumisPerJob': 1,
           'Memory': 7500,
           'Multicore': 4,
           'ProcessingString': u'PU25ns_80X_mcRun2_asymptotic_2016_TrancheIV_v2_reHLT_Tr4GTv2',
           'SplittingAlgo': 'LumiBased',
           'TaskName': 'RECOUP15_reHLT'},
 'Task3': {'AcquisitionEra': 'CMSSW_8_0_16',
           'ConfigCacheID': 1059,
           'GlobalTag': u'80X_mcRun2_asymptotic_2016_TrancheIV_v2',
           'InputFromOutputModule': u'RAWAODSIMoutput',
           'InputTask': 'RECOUP15_reHLT',
           'KeepOutput': True,
           'LumisPerJob': 1,
           'Memory': 7500,
           'Multicore': 4,
           'ProcessingString': u'PU25ns_80X_mcRun2_asymptotic_2016_TrancheIV_v2_reHLT_Tr4GTv2',
           'SplittingAlgo': 'LumiBased',
           'TaskName': 'REHLTUP15_reHLT'},
 'Task4': {'AcquisitionEra': 'CMSSW_8_0_16',
           'ConfigCacheID': 1058,
           'GlobalTag': u'80X_mcRun2_asymptotic_2016_TrancheIV_v2',
           'InputFromOutputModule': u'AODSIMoutput',
           'InputTask': 'REHLTUP15_reHLT',
           'KeepOutput': True,
           'LumisPerJob': 1,
           'Memory': 7500,
           'Multicore': 4,
           'ProcessingString': u'PU25ns_80X_mcRun2_asymptotic_2016_TrancheIV_v2_reHLT_Tr4GTv2',
           'SplittingAlgo': 'LumiBased',
           'TaskName': 'MINIAODUP15_reHLT'},
 'TaskChain': 4,
 'TimePerEvent': 0.1,
 'dashboardActivity': 'relval',
 'mergedLFNBase': '/store/relval',
 'unmergedLFNBase': '/store/unmerged'}
None
Only viewing request 80025205.0
{'CMSSWVersion': 'CMSSW_8_0_16',
 'Campaign': 'CMSSW_8_0_16',
 'ConfigCacheURL': 'https://cmsweb.cern.ch/couchdb',
 'CouchURL': 'https://cmsweb.cern.ch/couchdb',
 'DQMConfigCacheID': 1065,
 'DQMUploadUrl': 'https://cmsweb.cern.ch/dqm/relval',
 'DbsUrl': 'https://cmsweb.cern.ch/dbs/prod/global/DBSReader',
 'EnableHarvesting': 'True',
 'GlobalTag': u'80X_mcRun2_asymptotic_2016_TrancheIV_v2',
 'Group': 'ppd',
 'Memory': 3000,
 'Multicore': 1,
 'ProcessingVersion': 1,
 'RequestPriority': 500000,
 'RequestString': 'RVCMSSW_8_0_16ZTT_13_PU25ns__reHLT_Tr4GTv2',
 'RequestType': 'TaskChain',
 'Requestor': 'prebello',
 'ScramArch': 'slc6_amd64_gcc530',
 'SizePerEvent': 1234,
 'SubRequestType': 'RelVal',
 'Task1': {'AcquisitionEra': 'CMSSW_8_0_16',
           'ConfigCacheID': 1061,
           'GlobalTag': u'80X_mcRun2_asymptotic_2016_TrancheIV_v2',
           'InputDataset': '/RelValZTT_13/CMSSW_7_1_20_patch2-MCRUN2_71_V1_GsRealBS-v1/GEN-SIM',
           'KeepOutput': True,
           'LumisPerJob': 1,
           'MCPileup': u'/RelValMinBias_13/CMSSW_7_1_20_patch2-MCRUN2_71_V1_GsRealBS-v1/GEN-SIM',
           'Memory': 7500,
           'Multicore': 4,
           'ProcessingString': u'PU25ns_80X_mcRun2_asymptotic_2016_TrancheIV_v2_reHLT_Tr4GTv2',
           'SplittingAlgo': 'LumiBased',
           'TaskName': 'DIGIUP15_PU25_reHLT'},
 'Task2': {'AcquisitionEra': 'CMSSW_8_0_16',
           'ConfigCacheID': 1062,
           'GlobalTag': u'80X_mcRun2_asymptotic_2016_TrancheIV_v2',
           'InputFromOutputModule': u'FEVTDEBUGHLToutput',
           'InputTask': 'DIGIUP15_PU25_reHLT',
           'KeepOutput': True,
           'LumisPerJob': 1,
           'Memory': 7500,
           'Multicore': 4,
           'ProcessingString': u'PU25ns_80X_mcRun2_asymptotic_2016_TrancheIV_v2_reHLT_Tr4GTv2',
           'SplittingAlgo': 'LumiBased',
           'TaskName': 'RECOUP15_reHLT'},
 'Task3': {'AcquisitionEra': 'CMSSW_8_0_16',
           'ConfigCacheID': 1064,
           'GlobalTag': u'80X_mcRun2_asymptotic_2016_TrancheIV_v2',
           'InputFromOutputModule': u'RAWAODSIMoutput',
           'InputTask': 'RECOUP15_reHLT',
           'KeepOutput': True,
           'LumisPerJob': 1,
           'Memory': 7500,
           'Multicore': 4,
           'ProcessingString': u'PU25ns_80X_mcRun2_asymptotic_2016_TrancheIV_v2_reHLT_Tr4GTv2',
           'SplittingAlgo': 'LumiBased',
           'TaskName': 'REHLTUP15_reHLT'},
 'Task4': {'AcquisitionEra': 'CMSSW_8_0_16',
           'ConfigCacheID': 1063,
           'GlobalTag': u'80X_mcRun2_asymptotic_2016_TrancheIV_v2',
           'InputFromOutputModule': u'AODSIMoutput',
           'InputTask': 'REHLTUP15_reHLT',
           'KeepOutput': True,
           'LumisPerJob': 1,
           'Memory': 7500,
           'Multicore': 4,
           'ProcessingString': u'PU25ns_80X_mcRun2_asymptotic_2016_TrancheIV_v2_reHLT_Tr4GTv2',
           'SplittingAlgo': 'LumiBased',
           'TaskName': 'MINIAODUP15_reHLT'},
 'TaskChain': 4,
 'TimePerEvent': 0.1,
 'dashboardActivity': 'relval',
 'mergedLFNBase': '/store/relval',
 'unmergedLFNBase': '/store/unmerged'}
None
Only viewing request 80025206.0
{'CMSSWVersion': 'CMSSW_8_0_16',
 'Campaign': 'CMSSW_8_0_16',
 'ConfigCacheURL': 'https://cmsweb.cern.ch/couchdb',
 'CouchURL': 'https://cmsweb.cern.ch/couchdb',
 'DQMConfigCacheID': 1070,
 'DQMUploadUrl': 'https://cmsweb.cern.ch/dqm/relval',
 'DbsUrl': 'https://cmsweb.cern.ch/dbs/prod/global/DBSReader',
 'EnableHarvesting': 'True',
 'GlobalTag': u'80X_mcRun2_asymptotic_2016_TrancheIV_v2',
 'Group': 'ppd',
 'Memory': 3000,
 'Multicore': 1,
 'ProcessingVersion': 1,
 'RequestPriority': 500000,
 'RequestString': 'RVCMSSW_8_0_16ZMM_13_PU25ns__reHLT_Tr4GTv2',
 'RequestType': 'TaskChain',
 'Requestor': 'prebello',
 'ScramArch': 'slc6_amd64_gcc530',
 'SizePerEvent': 1234,
 'SubRequestType': 'RelVal',
 'Task1': {'AcquisitionEra': 'CMSSW_8_0_16',
           'ConfigCacheID': 1066,
           'GlobalTag': u'80X_mcRun2_asymptotic_2016_TrancheIV_v2',
           'InputDataset': '/RelValZMM_13/CMSSW_7_1_20_patch2-MCRUN2_71_V1_GsRealBS-v1/GEN-SIM',
           'KeepOutput': True,
           'LumisPerJob': 1,
           'MCPileup': u'/RelValMinBias_13/CMSSW_7_1_20_patch2-MCRUN2_71_V1_GsRealBS-v1/GEN-SIM',
           'Memory': 7500,
           'Multicore': 4,
           'ProcessingString': u'PU25ns_80X_mcRun2_asymptotic_2016_TrancheIV_v2_reHLT_Tr4GTv2',
           'SplittingAlgo': 'LumiBased',
           'TaskName': 'DIGIUP15_PU25_reHLT'},
 'Task2': {'AcquisitionEra': 'CMSSW_8_0_16',
           'ConfigCacheID': 1067,
           'GlobalTag': u'80X_mcRun2_asymptotic_2016_TrancheIV_v2',
           'InputFromOutputModule': u'FEVTDEBUGHLToutput',
           'InputTask': 'DIGIUP15_PU25_reHLT',
           'KeepOutput': True,
           'LumisPerJob': 1,
           'Memory': 7500,
           'Multicore': 4,
           'ProcessingString': u'PU25ns_80X_mcRun2_asymptotic_2016_TrancheIV_v2_reHLT_Tr4GTv2',
           'SplittingAlgo': 'LumiBased',
           'TaskName': 'RECOUP15_reHLT'},
 'Task3': {'AcquisitionEra': 'CMSSW_8_0_16',
           'ConfigCacheID': 1069,
           'GlobalTag': u'80X_mcRun2_asymptotic_2016_TrancheIV_v2',
           'InputFromOutputModule': u'RAWAODSIMoutput',
           'InputTask': 'RECOUP15_reHLT',
           'KeepOutput': True,
           'LumisPerJob': 1,
           'Memory': 7500,
           'Multicore': 4,
           'ProcessingString': u'PU25ns_80X_mcRun2_asymptotic_2016_TrancheIV_v2_reHLT_Tr4GTv2',
           'SplittingAlgo': 'LumiBased',
           'TaskName': 'REHLTUP15_reHLT'},
 'Task4': {'AcquisitionEra': 'CMSSW_8_0_16',
           'ConfigCacheID': 1068,
           'GlobalTag': u'80X_mcRun2_asymptotic_2016_TrancheIV_v2',
           'InputFromOutputModule': u'AODSIMoutput',
           'InputTask': 'REHLTUP15_reHLT',
           'KeepOutput': True,
           'LumisPerJob': 1,
           'Memory': 7500,
           'Multicore': 4,
           'ProcessingString': u'PU25ns_80X_mcRun2_asymptotic_2016_TrancheIV_v2_reHLT_Tr4GTv2',
           'SplittingAlgo': 'LumiBased',
           'TaskName': 'MINIAODUP15_reHLT'},
 'TaskChain': 4,
 'TimePerEvent': 0.1,
 'dashboardActivity': 'relval',
 'mergedLFNBase': '/store/relval',
 'unmergedLFNBase': '/store/unmerged'}
None
