L1Trigger/L1TGlobal/python/StableParameters_cff.py is deprecated, please use GlobalParameters_cff.py instead.
DIGI:pdigi_valid,L1,DIGI2RAW,HLT:@relval2016,ENDJOB
We have determined that this is simulation (if not, rerun cmsDriver.py with --data)
entry filelist:step1_dasquery.log
found files:  ['/store/relval/CMSSW_7_1_20_patch2/RelValSMS-T1tttt_mGl-1500_mLSP-100_13/GEN-SIM/MCRUN2_71_V1_GsRealBS-v1/00000/42187702-E681-E511-B1D0-0025905B85AE.root', '/store/relval/CMSSW_7_1_20_patch2/RelValSMS-T1tttt_mGl-1500_mLSP-100_13/GEN-SIM/MCRUN2_71_V1_GsRealBS-v1/00000/62492D13-E281-E511-B487-0026189438B1.root', '/store/relval/CMSSW_7_1_20_patch2/RelValSMS-T1tttt_mGl-1500_mLSP-100_13/GEN-SIM/MCRUN2_71_V1_GsRealBS-v1/00000/66A9E4F3-E581-E511-86E5-0025905A6134.root', '/store/relval/CMSSW_7_1_20_patch2/RelValSMS-T1tttt_mGl-1500_mLSP-100_13/GEN-SIM/MCRUN2_71_V1_GsRealBS-v1/00000/6EAB59AA-E281-E511-956C-002618943981.root', '/store/relval/CMSSW_7_1_20_patch2/RelValSMS-T1tttt_mGl-1500_mLSP-100_13/GEN-SIM/MCRUN2_71_V1_GsRealBS-v1/00000/827CD633-E381-E511-AB90-002618943874.root', '/store/relval/CMSSW_7_1_20_patch2/RelValSMS-T1tttt_mGl-1500_mLSP-100_13/GEN-SIM/MCRUN2_71_V1_GsRealBS-v1/00000/82D47E64-E481-E511-B2EB-0025905A48F2.root', '/store/relval/CMSSW_7_1_20_patch2/RelValSMS-T1tttt_mGl-1500_mLSP-100_13/GEN-SIM/MCRUN2_71_V1_GsRealBS-v1/00000/A68E2C05-E581-E511-9049-002618943950.root']
 ################################################################### 
 # WARNING: this module is deprecated.                             # 
 # Please use CondCore.CondDB.CondDB_cfi.py                        # 
 ################################################################### 
Step: DIGI Spec: ['pdigi_valid']
Step: L1 Spec: 
L1TCalorimeter Sequence configured for Stage-2 (2016) trigger. 
L1TMuon Sequence configured for Stage-2 (2016) trigger. 
L1TGlobal Sequence configured for Stage-2 (2016) trigger. 
L1TCalorimeter Conditions configured for Stage-2 (2016) trigger. 
L1TMuon Conditions configured for Stage-2 (2016) trigger. 
L1TGlobal Conditions configured for Stage-2 (2016) trigger. 
Step: DIGI2RAW Spec: 
L1TDigiToRaw Sequence configured for Stage-2 (2016) trigger. 
Step: HLT Spec: ['@relval2016']
Step: ENDJOB Spec: 
# Conditions read from  CMS_CONDITIONS  via FrontierProd 
customising the process with customizeHLTforFullSim from HLTrigger/Configuration/customizeHLTforMC
Config file DIGIUP15.py created
