L1Trigger/L1TGlobal/python/StableParameters_cff.py is deprecated, please use GlobalParameters_cff.py instead.
DIGI:pdigi_valid,L1,DIGI2RAW,HLT:@relval2016,ENDJOB
We have determined that this is simulation (if not, rerun cmsDriver.py with --data)
entry filelist:step1_dasquery.log
found files:  ['/store/relval/CMSSW_7_1_20_patch2/RelValQQH1352T_13/GEN-SIM/MCRUN2_71_V1_GsRealBS-v1/00000/5C985B6B-DB81-E511-B85B-0025905A60D2.root', '/store/relval/CMSSW_7_1_20_patch2/RelValQQH1352T_13/GEN-SIM/MCRUN2_71_V1_GsRealBS-v1/00000/76793153-DC81-E511-8140-0026189438CE.root', '/store/relval/CMSSW_7_1_20_patch2/RelValQQH1352T_13/GEN-SIM/MCRUN2_71_V1_GsRealBS-v1/00000/AC4600DD-DA81-E511-B671-0025905A6094.root', '/store/relval/CMSSW_7_1_20_patch2/RelValQQH1352T_13/GEN-SIM/MCRUN2_71_V1_GsRealBS-v1/00000/DC930554-DC81-E511-B590-0025905938A4.root']
 ################################################################### 
 # WARNING: this module is deprecated.                             # 
 # Please use CondCore.CondDB.CondDB_cfi.py                        # 
 ################################################################### 
Step: DIGI Spec: ['pdigi_valid']
Step: L1 Spec: 
L1TCalorimeter Sequence configured for Stage-2 (2016) trigger. 
L1TMuon Sequence configured for Stage-2 (2016) trigger. 
L1TGlobal Sequence configured for Stage-2 (2016) trigger. 
L1TCalorimeter Conditions configured for Stage-2 (2016) trigger. 
L1TMuon Conditions configured for Stage-2 (2016) trigger. 
L1TGlobal Conditions configured for Stage-2 (2016) trigger. 
Step: DIGI2RAW Spec: 
L1TDigiToRaw Sequence configured for Stage-2 (2016) trigger. 
Step: HLT Spec: ['@relval2016']
Step: ENDJOB Spec: 
# Conditions read from  CMS_CONDITIONS  via FrontierProd 
customising the process with customizeHLTforFullSim from HLTrigger/Configuration/customizeHLTforMC
Config file DIGIUP15.py created
