1301.0_ProdMinBias_13+ProdMinBias_13+DIGIUP15PROD1+RECOPRODUP15 Step0-PASSED Step1-PASSED Step2-PASSED  - time date Sun Sep  4 23:14:11 2016-date Sun Sep  4 23:14:11 2016; exit: 0 0 0
1302.0_ProdTTbar_13+ProdTTbar_13+DIGIUP15PROD1+RECOPRODUP15 Step0-PASSED Step1-PASSED Step2-PASSED  - time date Sun Sep  4 23:14:11 2016-date Sun Sep  4 23:14:11 2016; exit: 0 0 0
1303.0_ProdQCD_Pt_3000_3500_13+ProdQCD_Pt_3000_3500_13+DIGIUP15PROD1+RECOPRODUP15 Step0-PASSED Step1-PASSED Step2-PASSED  - time date Sun Sep  4 23:14:11 2016-date Sun Sep  4 23:14:11 2016; exit: 0 0 0
1306.0_SingleMuPt1_UP15+SingleMuPt1_UP15INPUT+DIGIUP15+RECOUP15+HARVESTUP15 Step0-PASSED Step1-PASSED Step2-PASSED Step3-PASSED  - time date Sun Sep  4 23:14:11 2016-date Sun Sep  4 23:14:11 2016; exit: 0 0 0 0
1307.0_CosmicsSPLoose_UP15+CosmicsSPLoose_UP15INPUT+DIGICOS_UP15+RECOCOS_UP15+ALCACOS_UP15+HARVESTCOS_UP15 Step0-PASSED Step1-PASSED Step2-PASSED Step3-PASSED Step4-PASSED  - time date Sun Sep  4 23:14:21 2016-date Sun Sep  4 23:14:21 2016; exit: 0 0 0 0 0
1308.0_BeamHalo_13+BeamHalo_13INPUT+DIGIHAL+RECOHAL+ALCAHAL+HARVESTHAL Step0-PASSED Step1-PASSED Step2-PASSED Step3-PASSED Step4-PASSED  - time date Sun Sep  4 23:14:21 2016-date Sun Sep  4 23:14:21 2016; exit: 0 0 0 0 0
1309.0_Higgs200ChargedTaus_13+Higgs200ChargedTaus_13INPUT+DIGIUP15+RECOUP15+HARVESTUP15 Step0-PASSED Step1-PASSED Step2-PASSED Step3-PASSED  - time date Sun Sep  4 23:14:21 2016-date Sun Sep  4 23:14:21 2016; exit: 0 0 0 0
1310.0_ADDMonoJet_d3MD3_13+ADDMonoJet_d3MD3_13INPUT+DIGIUP15+RECOUP15+HARVESTUP15 Step0-PASSED Step1-PASSED Step2-PASSED Step3-PASSED  - time date Sun Sep  4 23:14:21 2016-date Sun Sep  4 23:14:21 2016; exit: 0 0 0 0
1311.0_MinBias_13+MinBias_13INPUT+DIGIUP15+RECOMINUP15+HARVESTMINUP15+ALCAMINUP15 Step0-PASSED Step1-PASSED Step2-PASSED Step3-PASSED Step4-PASSED  - time date Sun Sep  4 23:14:31 2016-date Sun Sep  4 23:14:31 2016; exit: 0 0 0 0 0
1312.0_ZpMM_13+ZpMM_13INPUT+DIGIUP15+RECOUP15+HARVESTUP15 Step0-PASSED Step1-PASSED Step2-PASSED Step3-PASSED  - time date Sun Sep  4 23:14:31 2016-date Sun Sep  4 23:14:31 2016; exit: 0 0 0 0
1313.0_QCD_Pt_3000_3500_13+QCD_Pt_3000_3500_13INPUT+DIGIUP15+RECOUP15+HARVESTUP15 Step0-PASSED Step1-PASSED Step2-PASSED Step3-PASSED  - time date Sun Sep  4 23:14:31 2016-date Sun Sep  4 23:14:31 2016; exit: 0 0 0 0
1314.0_WpM_13+WpM_13INPUT+DIGIUP15+RECOUP15+HARVESTUP15 Step0-PASSED Step1-PASSED Step2-PASSED Step3-PASSED  - time date Sun Sep  4 23:14:31 2016-date Sun Sep  4 23:14:31 2016; exit: 0 0 0 0
1315.0_SingleElectronPt10_UP15+SingleElectronPt10_UP15INPUT+DIGIUP15+RECOUP15+HARVESTUP15 Step0-PASSED Step1-PASSED Step2-PASSED Step3-PASSED  - time date Sun Sep  4 23:14:41 2016-date Sun Sep  4 23:14:41 2016; exit: 0 0 0 0
1316.0_SingleElectronPt1000_UP15+SingleElectronPt1000_UP15INPUT+DIGIUP15+RECOUP15+HARVESTUP15 Step0-PASSED Step1-PASSED Step2-PASSED Step3-PASSED  - time date Sun Sep  4 23:14:41 2016-date Sun Sep  4 23:14:41 2016; exit: 0 0 0 0
1317.0_SingleElectronPt35_UP15+SingleElectronPt35_UP15INPUT+DIGIUP15+RECOUP15+HARVESTUP15 Step0-PASSED Step1-PASSED Step2-PASSED Step3-PASSED  - time date Sun Sep  4 23:14:41 2016-date Sun Sep  4 23:14:41 2016; exit: 0 0 0 0
1318.0_SingleGammaPt10_UP15+SingleGammaPt10_UP15INPUT+DIGIUP15+RECOUP15+HARVESTUP15 Step0-PASSED Step1-PASSED Step2-PASSED Step3-PASSED  - time date Sun Sep  4 23:14:41 2016-date Sun Sep  4 23:14:41 2016; exit: 0 0 0 0
1319.0_SingleGammaPt35_UP15+SingleGammaPt35_UP15INPUT+DIGIUP15+RECOUP15+HARVESTUP15 Step0-PASSED Step1-PASSED Step2-PASSED Step3-PASSED  - time date Sun Sep  4 23:14:51 2016-date Sun Sep  4 23:14:51 2016; exit: 0 0 0 0
1320.0_SingleMuPt10_UP15+SingleMuPt10_UP15INPUT+DIGIUP15+RECOUP15+HARVESTUP15 Step0-PASSED Step1-PASSED Step2-PASSED Step3-PASSED  - time date Sun Sep  4 23:14:51 2016-date Sun Sep  4 23:14:51 2016; exit: 0 0 0 0
1321.0_SingleMuPt100_UP15+SingleMuPt100_UP15INPUT+DIGIUP15+RECOUP15+HARVESTUP15 Step0-PASSED Step1-PASSED Step2-PASSED Step3-PASSED  - time date Sun Sep  4 23:14:51 2016-date Sun Sep  4 23:14:51 2016; exit: 0 0 0 0
1322.0_SingleMuPt1000_UP15+SingleMuPt1000_UP15INPUT+DIGIUP15+RECOUP15+HARVESTUP15 Step0-PASSED Step1-PASSED Step2-PASSED Step3-PASSED  - time date Sun Sep  4 23:14:51 2016-date Sun Sep  4 23:14:51 2016; exit: 0 0 0 0
1323.0_NuGun_UP15+NuGun_UP15INPUT+DIGIUP15+RECOUP15+HARVESTUP15 Step0-PASSED Step1-PASSED Step2-PASSED Step3-PASSED  - time date Sun Sep  4 23:15:01 2016-date Sun Sep  4 23:15:01 2016; exit: 0 0 0 0
1324.0_TTbarLepton_13+TTbarLepton_13INPUT+DIGIUP15+RECOUP15+HARVESTUP15 Step0-PASSED Step1-PASSED Step2-PASSED Step3-PASSED  - time date Sun Sep  4 23:15:01 2016-date Sun Sep  4 23:15:01 2016; exit: 0 0 0 0
1325.0_TTbar_13+TTbar_13INPUT+DIGIUP15+RECOUP15+HARVESTUP15+ALCATTUP15 Step0-PASSED Step1-PASSED Step2-PASSED Step3-PASSED Step4-PASSED  - time date Sun Sep  4 23:15:01 2016-date Sun Sep  4 23:15:01 2016; exit: 0 0 0 0 0
1326.0_WE_13+WE_13INPUT+DIGIUP15+RECOUP15+HARVESTUP15 Step0-PASSED Step1-PASSED Step2-PASSED Step3-PASSED  - time date Sun Sep  4 23:15:01 2016-date Sun Sep  4 23:15:01 2016; exit: 0 0 0 0
1327.0_WM_13+WM_13INPUT+DIGIUP15+RECOUP15+HARVESTUP15 Step0-PASSED Step1-PASSED Step2-PASSED Step3-PASSED  - time date Sun Sep  4 23:15:11 2016-date Sun Sep  4 23:15:11 2016; exit: 0 0 0 0
1328.0_QCD_Pt_80_120_13+QCD_Pt_80_120_13INPUT+DIGIUP15+RECOUP15+HARVESTUP15 Step0-PASSED Step1-PASSED Step2-PASSED Step3-PASSED  - time date Sun Sep  4 23:15:11 2016-date Sun Sep  4 23:15:11 2016; exit: 0 0 0 0
26 26 26 23 4 tests passed, 0 0 0 0 0 failed
