L1Trigger/L1TGlobal/python/StableParameters_cff.py is deprecated, please use GlobalParameters_cff.py instead.
DIGI:pdigi_valid,L1,DIGI2RAW,HLT:@relval2016,ENDJOB
We have determined that this is simulation (if not, rerun cmsDriver.py with --data)
entry filelist:step1_dasquery.log
found files:  ['/store/relval/CMSSW_7_1_20_patch2/RelValQCD_FlatPt_15_3000HS_13/GEN-SIM/MCRUN2_71_V1_GsRealBS-v1/00000/00595450-D081-E511-AD0D-002618943949.root', '/store/relval/CMSSW_7_1_20_patch2/RelValQCD_FlatPt_15_3000HS_13/GEN-SIM/MCRUN2_71_V1_GsRealBS-v1/00000/028A0A83-CD81-E511-93CB-0025905B85AE.root', '/store/relval/CMSSW_7_1_20_patch2/RelValQCD_FlatPt_15_3000HS_13/GEN-SIM/MCRUN2_71_V1_GsRealBS-v1/00000/10E766AC-D281-E511-A66E-002618943922.root', '/store/relval/CMSSW_7_1_20_patch2/RelValQCD_FlatPt_15_3000HS_13/GEN-SIM/MCRUN2_71_V1_GsRealBS-v1/00000/249171D5-D181-E511-84CD-0026189438DD.root', '/store/relval/CMSSW_7_1_20_patch2/RelValQCD_FlatPt_15_3000HS_13/GEN-SIM/MCRUN2_71_V1_GsRealBS-v1/00000/2A1616F6-D681-E511-A221-0025905A60BE.root', '/store/relval/CMSSW_7_1_20_patch2/RelValQCD_FlatPt_15_3000HS_13/GEN-SIM/MCRUN2_71_V1_GsRealBS-v1/00000/2E3E0956-D081-E511-BDF5-002618943984.root', '/store/relval/CMSSW_7_1_20_patch2/RelValQCD_FlatPt_15_3000HS_13/GEN-SIM/MCRUN2_71_V1_GsRealBS-v1/00000/42CCA281-CD81-E511-8032-0025905A6118.root', '/store/relval/CMSSW_7_1_20_patch2/RelValQCD_FlatPt_15_3000HS_13/GEN-SIM/MCRUN2_71_V1_GsRealBS-v1/00000/4C3AAD80-CE81-E511-A62B-00261894387E.root', '/store/relval/CMSSW_7_1_20_patch2/RelValQCD_FlatPt_15_3000HS_13/GEN-SIM/MCRUN2_71_V1_GsRealBS-v1/00000/5001FD7B-9E82-E511-AC2C-0025905B8572.root', '/store/relval/CMSSW_7_1_20_patch2/RelValQCD_FlatPt_15_3000HS_13/GEN-SIM/MCRUN2_71_V1_GsRealBS-v1/00000/5C2F8BD1-D181-E511-AFE1-002618FDA28E.root', '/store/relval/CMSSW_7_1_20_patch2/RelValQCD_FlatPt_15_3000HS_13/GEN-SIM/MCRUN2_71_V1_GsRealBS-v1/00000/806AF46A-CF81-E511-BFE6-0025905B8610.root', '/store/relval/CMSSW_7_1_20_patch2/RelValQCD_FlatPt_15_3000HS_13/GEN-SIM/MCRUN2_71_V1_GsRealBS-v1/00000/96E2FDBE-CF81-E511-B827-002618943949.root', '/store/relval/CMSSW_7_1_20_patch2/RelValQCD_FlatPt_15_3000HS_13/GEN-SIM/MCRUN2_71_V1_GsRealBS-v1/00000/9EE5DC57-D481-E511-B11C-00261894397B.root', '/store/relval/CMSSW_7_1_20_patch2/RelValQCD_FlatPt_15_3000HS_13/GEN-SIM/MCRUN2_71_V1_GsRealBS-v1/00000/ACF6EEF7-D081-E511-8F8B-0026189438EB.root', '/store/relval/CMSSW_7_1_20_patch2/RelValQCD_FlatPt_15_3000HS_13/GEN-SIM/MCRUN2_71_V1_GsRealBS-v1/00000/E8513DFE-D081-E511-89B8-0026189438BF.root', '/store/relval/CMSSW_7_1_20_patch2/RelValQCD_FlatPt_15_3000HS_13/GEN-SIM/MCRUN2_71_V1_GsRealBS-v1/00000/EA83F7CB-D381-E511-ABC9-002618943950.root', '/store/relval/CMSSW_7_1_20_patch2/RelValQCD_FlatPt_15_3000HS_13/GEN-SIM/MCRUN2_71_V1_GsRealBS-v1/00000/F297A2CE-D281-E511-8B65-00261894380D.root', '/store/relval/CMSSW_7_1_20_patch2/RelValQCD_FlatPt_15_3000HS_13/GEN-SIM/MCRUN2_71_V1_GsRealBS-v1/00000/F604A780-CE81-E511-97B3-00261894387E.root']
 ################################################################### 
 # WARNING: this module is deprecated.                             # 
 # Please use CondCore.CondDB.CondDB_cfi.py                        # 
 ################################################################### 
Step: DIGI Spec: ['pdigi_valid']
Step: L1 Spec: 
L1TCalorimeter Sequence configured for Stage-2 (2016) trigger. 
L1TMuon Sequence configured for Stage-2 (2016) trigger. 
L1TGlobal Sequence configured for Stage-2 (2016) trigger. 
L1TCalorimeter Conditions configured for Stage-2 (2016) trigger. 
L1TMuon Conditions configured for Stage-2 (2016) trigger. 
L1TGlobal Conditions configured for Stage-2 (2016) trigger. 
Step: DIGI2RAW Spec: 
L1TDigiToRaw Sequence configured for Stage-2 (2016) trigger. 
Step: HLT Spec: ['@relval2016']
Step: ENDJOB Spec: 
# Conditions read from  CMS_CONDITIONS  via FrontierProd 
customising the process with customizeHLTforFullSim from HLTrigger/Configuration/customizeHLTforMC
Config file DIGIUP15.py created
