L1Trigger/L1TGlobal/python/StableParameters_cff.py is deprecated, please use GlobalParameters_cff.py instead.
DIGI:pdigi_valid,L1,DIGI2RAW,HLT:@relval2016,ENDJOB
We have determined that this is simulation (if not, rerun cmsDriver.py with --data)
entry filelist:step1_dasquery.log
found files:  ['/store/relval/CMSSW_7_1_20_patch2/RelValTTbarLepton_13/GEN-SIM/MCRUN2_71_V1_GsRealBS-v1/00000/20C041A4-E981-E511-B3A4-0026189438C4.root', '/store/relval/CMSSW_7_1_20_patch2/RelValTTbarLepton_13/GEN-SIM/MCRUN2_71_V1_GsRealBS-v1/00000/CAFC62E5-E681-E511-B73E-0025905B858C.root', '/store/relval/CMSSW_7_1_20_patch2/RelValTTbarLepton_13/GEN-SIM/MCRUN2_71_V1_GsRealBS-v1/00000/D01B8AA5-E981-E511-8FD2-0025905B859E.root', '/store/relval/CMSSW_7_1_20_patch2/RelValTTbarLepton_13/GEN-SIM/MCRUN2_71_V1_GsRealBS-v1/00000/F6D0F6D2-E781-E511-A6D9-003048FFD736.root']
 ################################################################### 
 # WARNING: this module is deprecated.                             # 
 # Please use CondCore.CondDB.CondDB_cfi.py                        # 
 ################################################################### 
Step: DIGI Spec: ['pdigi_valid']
Step: L1 Spec: 
L1TCalorimeter Sequence configured for Stage-2 (2016) trigger. 
L1TMuon Sequence configured for Stage-2 (2016) trigger. 
L1TGlobal Sequence configured for Stage-2 (2016) trigger. 
L1TCalorimeter Conditions configured for Stage-2 (2016) trigger. 
L1TMuon Conditions configured for Stage-2 (2016) trigger. 
L1TGlobal Conditions configured for Stage-2 (2016) trigger. 
Step: DIGI2RAW Spec: 
L1TDigiToRaw Sequence configured for Stage-2 (2016) trigger. 
Step: HLT Spec: ['@relval2016']
Step: ENDJOB Spec: 
# Conditions read from  CMS_CONDITIONS  via FrontierProd 
customising the process with customizeHLTforFullSim from HLTrigger/Configuration/customizeHLTforMC
Config file DIGIUP15.py created
