ignoring non-requested file relval_standard
ignoring non-requested file relval_highstats
processing relval_pileup
request for INPUT for  ['all']
ignoring non-requested file relval_generator
ignoring non-requested file relval_extendedgen
ignoring non-requested file relval_production
ignoring non-requested file relval_ged
ignoring non-requested file relval_upgrade
ignoring non-requested file relval_2017
ignoring non-requested file relval_identity
ignoring non-requested file relval_machine
ignoring non-requested file relval_unsch
ignoring non-requested file relval_premix
Not running the wf, only creating cfgs and logs
resetting to default number of threads
Running in 4 thread(s)

Preparing to run 25200.0 ZEE_13+ZEE_13INPUT+DIGIUP15_PU25+RECOUP15_PU25+HARVESTUP15_PU25

# in: /afs/cern.ch/work/p/prebello/private/PAGValidation/TranchIVversion2/CMSSW_8_0_19/src/fullSimPU going to execute cd 25200.0_ZEE_13+ZEE_13INPUT+DIGIUP15_PU25+RECOUP15_PU25+HARVESTUP15_PU25
 das_client --limit 0 --query 'file dataset=/RelValZEE_13/CMSSW_7_1_20_patch2-MCRUN2_71_V1_GsRealBS-v1/GEN-SIM' | sort -u > step1_dasquery.log  2>&1
 

Preparing to run 25202.0 TTbar_13+TTbar_13INPUT+DIGIUP15_PU25+RECOUP15_PU25+HARVESTUP15_PU25

# in: /afs/cern.ch/work/p/prebello/private/PAGValidation/TranchIVversion2/CMSSW_8_0_19/src/fullSimPU going to execute cd 25202.0_TTbar_13+TTbar_13INPUT+DIGIUP15_PU25+RECOUP15_PU25+HARVESTUP15_PU25
 das_client --limit 0 --query 'file dataset=/RelValTTbar_13/CMSSW_7_1_20_patch2-MCRUN2_71_V1_GsRealBS-v1/GEN-SIM' | sort -u > step1_dasquery.log  2>&1
 
---

# in: /afs/cern.ch/work/p/prebello/private/PAGValidation/TranchIVversion2/CMSSW_8_0_19/src/fullSimPU going to execute cd 25200.0_ZEE_13+ZEE_13INPUT+DIGIUP15_PU25+RECOUP15_PU25+HARVESTUP15_PU25
 cmsDriver.py step2  --conditions auto:run2_mc --pileup_input das:/RelValMinBias_13/CMSSW_7_1_20_patch2-MCRUN2_71_V1_GsRealBS-v1/GEN-SIM -n 10 --era Run2_2016 --eventcontent FEVTDEBUGHLT -s DIGI:pdigi_valid,L1,DIGI2RAW,HLT:@relval2016 --datatier GEN-SIM-DIGI-RAW-HLTDEBUG --pileup AVE_35_BX_25ns --io DIGIUP15_PU25.io --python DIGIUP15_PU25.py  --conditions 80X_mcRun2_asymptotic_2016_TrancheIV_v2 --no_exec --filein filelist:step1_dasquery.log --fileout file:step2.root  --nThreads 4 > step2_ZEE_13+ZEE_13INPUT+DIGIUP15_PU25+RECOUP15_PU25+HARVESTUP15_PU25.log  2>&1
 

Preparing to run 25203.0 H125GGgluonfusion_13+H125GGgluonfusion_13INPUT+DIGIUP15_PU25+RECOUP15_PU25+HARVESTUP15_PU25

# in: /afs/cern.ch/work/p/prebello/private/PAGValidation/TranchIVversion2/CMSSW_8_0_19/src/fullSimPU going to execute cd 25203.0_H125GGgluonfusion_13+H125GGgluonfusion_13INPUT+DIGIUP15_PU25+RECOUP15_PU25+HARVESTUP15_PU25
 das_client --limit 0 --query 'file dataset=/RelValH125GGgluonfusion_13/CMSSW_7_1_20_patch2-MCRUN2_71_V1_GsRealBS-v1/GEN-SIM' | sort -u > step1_dasquery.log  2>&1
 
---

# in: /afs/cern.ch/work/p/prebello/private/PAGValidation/TranchIVversion2/CMSSW_8_0_19/src/fullSimPU going to execute cd 25202.0_TTbar_13+TTbar_13INPUT+DIGIUP15_PU25+RECOUP15_PU25+HARVESTUP15_PU25
 cmsDriver.py step2  --conditions auto:run2_mc --pileup_input das:/RelValMinBias_13/CMSSW_7_1_20_patch2-MCRUN2_71_V1_GsRealBS-v1/GEN-SIM -n 10 --era Run2_2016 --eventcontent FEVTDEBUGHLT -s DIGI:pdigi_valid,L1,DIGI2RAW,HLT:@relval2016 --datatier GEN-SIM-DIGI-RAW-HLTDEBUG --pileup AVE_35_BX_25ns --io DIGIUP15_PU25.io --python DIGIUP15_PU25.py  --conditions 80X_mcRun2_asymptotic_2016_TrancheIV_v2 --no_exec --filein filelist:step1_dasquery.log --fileout file:step2.root  --nThreads 4 > step2_TTbar_13+TTbar_13INPUT+DIGIUP15_PU25+RECOUP15_PU25+HARVESTUP15_PU25.log  2>&1
 

Preparing to run 25204.0 QQH1352T_13+QQH1352T_13INPUT+DIGIUP15_PU25+RECOUP15_PU25+HARVESTUP15_PU25

# in: /afs/cern.ch/work/p/prebello/private/PAGValidation/TranchIVversion2/CMSSW_8_0_19/src/fullSimPU going to execute cd 25204.0_QQH1352T_13+QQH1352T_13INPUT+DIGIUP15_PU25+RECOUP15_PU25+HARVESTUP15_PU25
 das_client --limit 0 --query 'file dataset=/RelValQQH1352T_13/CMSSW_7_1_20_patch2-MCRUN2_71_V1_GsRealBS-v1/GEN-SIM' | sort -u > step1_dasquery.log  2>&1
 
---

# in: /afs/cern.ch/work/p/prebello/private/PAGValidation/TranchIVversion2/CMSSW_8_0_19/src/fullSimPU going to execute cd 25203.0_H125GGgluonfusion_13+H125GGgluonfusion_13INPUT+DIGIUP15_PU25+RECOUP15_PU25+HARVESTUP15_PU25
 cmsDriver.py step2  --conditions auto:run2_mc --pileup_input das:/RelValMinBias_13/CMSSW_7_1_20_patch2-MCRUN2_71_V1_GsRealBS-v1/GEN-SIM -n 10 --era Run2_2016 --eventcontent FEVTDEBUGHLT -s DIGI:pdigi_valid,L1,DIGI2RAW,HLT:@relval2016 --datatier GEN-SIM-DIGI-RAW-HLTDEBUG --pileup AVE_35_BX_25ns --io DIGIUP15_PU25.io --python DIGIUP15_PU25.py  --conditions 80X_mcRun2_asymptotic_2016_TrancheIV_v2 --no_exec --filein filelist:step1_dasquery.log --fileout file:step2.root  --nThreads 4 > step2_H125GGgluonfusion_13+H125GGgluonfusion_13INPUT+DIGIUP15_PU25+RECOUP15_PU25+HARVESTUP15_PU25.log  2>&1
 
---

# in: /afs/cern.ch/work/p/prebello/private/PAGValidation/TranchIVversion2/CMSSW_8_0_19/src/fullSimPU going to execute cd 25204.0_QQH1352T_13+QQH1352T_13INPUT+DIGIUP15_PU25+RECOUP15_PU25+HARVESTUP15_PU25
 cmsDriver.py step2  --conditions auto:run2_mc --pileup_input das:/RelValMinBias_13/CMSSW_7_1_20_patch2-MCRUN2_71_V1_GsRealBS-v1/GEN-SIM -n 10 --era Run2_2016 --eventcontent FEVTDEBUGHLT -s DIGI:pdigi_valid,L1,DIGI2RAW,HLT:@relval2016 --datatier GEN-SIM-DIGI-RAW-HLTDEBUG --pileup AVE_35_BX_25ns --io DIGIUP15_PU25.io --python DIGIUP15_PU25.py  --conditions 80X_mcRun2_asymptotic_2016_TrancheIV_v2 --no_exec --filein filelist:step1_dasquery.log --fileout file:step2.root  --nThreads 4 > step2_QQH1352T_13+QQH1352T_13INPUT+DIGIUP15_PU25+RECOUP15_PU25+HARVESTUP15_PU25.log  2>&1
 

# in: /afs/cern.ch/work/p/prebello/private/PAGValidation/TranchIVversion2/CMSSW_8_0_19/src/fullSimPU going to execute cd 25200.0_ZEE_13+ZEE_13INPUT+DIGIUP15_PU25+RECOUP15_PU25+HARVESTUP15_PU25
 cmsDriver.py step3  --conditions auto:run2_mc --pileup_input das:/RelValMinBias_13/CMSSW_7_1_20_patch2-MCRUN2_71_V1_GsRealBS-v1/GEN-SIM -n 10 --era Run2_2016 --eventcontent RECOSIM,MINIAODSIM,DQM --runUnscheduled  -s RAW2DIGI,L1Reco,RECO,EI,PAT,VALIDATION:@standardValidation+@miniAODValidation,DQM:@standardDQM+@miniAODDQM --datatier GEN-SIM-RECO,MINIAODSIM,DQMIO --pileup AVE_35_BX_25ns --io RECOUP15_PU25.io --python RECOUP15_PU25.py  --conditions 80X_mcRun2_asymptotic_2016_TrancheIV_v2 --no_exec --filein file:step2.root  --fileout file:step3.root  --nThreads 4 > step3_ZEE_13+ZEE_13INPUT+DIGIUP15_PU25+RECOUP15_PU25+HARVESTUP15_PU25.log  2>&1
 

# in: /afs/cern.ch/work/p/prebello/private/PAGValidation/TranchIVversion2/CMSSW_8_0_19/src/fullSimPU going to execute cd 25202.0_TTbar_13+TTbar_13INPUT+DIGIUP15_PU25+RECOUP15_PU25+HARVESTUP15_PU25
 cmsDriver.py step3  --conditions auto:run2_mc --pileup_input das:/RelValMinBias_13/CMSSW_7_1_20_patch2-MCRUN2_71_V1_GsRealBS-v1/GEN-SIM -n 10 --era Run2_2016 --eventcontent RECOSIM,MINIAODSIM,DQM --runUnscheduled  -s RAW2DIGI,L1Reco,RECO,EI,PAT,VALIDATION:@standardValidation+@miniAODValidation,DQM:@standardDQM+@miniAODDQM --datatier GEN-SIM-RECO,MINIAODSIM,DQMIO --pileup AVE_35_BX_25ns --io RECOUP15_PU25.io --python RECOUP15_PU25.py  --conditions 80X_mcRun2_asymptotic_2016_TrancheIV_v2 --no_exec --filein file:step2.root  --fileout file:step3.root  --nThreads 4 > step3_TTbar_13+TTbar_13INPUT+DIGIUP15_PU25+RECOUP15_PU25+HARVESTUP15_PU25.log  2>&1
 

# in: /afs/cern.ch/work/p/prebello/private/PAGValidation/TranchIVversion2/CMSSW_8_0_19/src/fullSimPU going to execute cd 25203.0_H125GGgluonfusion_13+H125GGgluonfusion_13INPUT+DIGIUP15_PU25+RECOUP15_PU25+HARVESTUP15_PU25
 cmsDriver.py step3  --conditions auto:run2_mc --pileup_input das:/RelValMinBias_13/CMSSW_7_1_20_patch2-MCRUN2_71_V1_GsRealBS-v1/GEN-SIM -n 10 --era Run2_2016 --eventcontent RECOSIM,MINIAODSIM,DQM --runUnscheduled  -s RAW2DIGI,L1Reco,RECO,EI,PAT,VALIDATION:@standardValidation+@miniAODValidation,DQM:@standardDQM+@miniAODDQM --datatier GEN-SIM-RECO,MINIAODSIM,DQMIO --pileup AVE_35_BX_25ns --io RECOUP15_PU25.io --python RECOUP15_PU25.py  --conditions 80X_mcRun2_asymptotic_2016_TrancheIV_v2 --no_exec --filein file:step2.root  --fileout file:step3.root  --nThreads 4 > step3_H125GGgluonfusion_13+H125GGgluonfusion_13INPUT+DIGIUP15_PU25+RECOUP15_PU25+HARVESTUP15_PU25.log  2>&1
 

# in: /afs/cern.ch/work/p/prebello/private/PAGValidation/TranchIVversion2/CMSSW_8_0_19/src/fullSimPU going to execute cd 25204.0_QQH1352T_13+QQH1352T_13INPUT+DIGIUP15_PU25+RECOUP15_PU25+HARVESTUP15_PU25
 cmsDriver.py step3  --conditions auto:run2_mc --pileup_input das:/RelValMinBias_13/CMSSW_7_1_20_patch2-MCRUN2_71_V1_GsRealBS-v1/GEN-SIM -n 10 --era Run2_2016 --eventcontent RECOSIM,MINIAODSIM,DQM --runUnscheduled  -s RAW2DIGI,L1Reco,RECO,EI,PAT,VALIDATION:@standardValidation+@miniAODValidation,DQM:@standardDQM+@miniAODDQM --datatier GEN-SIM-RECO,MINIAODSIM,DQMIO --pileup AVE_35_BX_25ns --io RECOUP15_PU25.io --python RECOUP15_PU25.py  --conditions 80X_mcRun2_asymptotic_2016_TrancheIV_v2 --no_exec --filein file:step2.root  --fileout file:step3.root  --nThreads 4 > step3_QQH1352T_13+QQH1352T_13INPUT+DIGIUP15_PU25+RECOUP15_PU25+HARVESTUP15_PU25.log  2>&1
 

# in: /afs/cern.ch/work/p/prebello/private/PAGValidation/TranchIVversion2/CMSSW_8_0_19/src/fullSimPU going to execute cd 25200.0_ZEE_13+ZEE_13INPUT+DIGIUP15_PU25+RECOUP15_PU25+HARVESTUP15_PU25
 cmsDriver.py step4  --filetype DQM --conditions auto:run2_mc --mc  -s HARVESTING:@standardValidation+@standardDQM+@miniAODValidation+@miniAODDQM --era Run2_2016 --io HARVESTUP15_PU25.io --python HARVESTUP15_PU25.py  --conditions 80X_mcRun2_asymptotic_2016_TrancheIV_v2 -n 100  --no_exec --filein file:step3_inDQM.root --fileout file:step4.root  > step4_ZEE_13+ZEE_13INPUT+DIGIUP15_PU25+RECOUP15_PU25+HARVESTUP15_PU25.log  2>&1
 

# in: /afs/cern.ch/work/p/prebello/private/PAGValidation/TranchIVversion2/CMSSW_8_0_19/src/fullSimPU going to execute cd 25202.0_TTbar_13+TTbar_13INPUT+DIGIUP15_PU25+RECOUP15_PU25+HARVESTUP15_PU25
 cmsDriver.py step4  --filetype DQM --conditions auto:run2_mc --mc  -s HARVESTING:@standardValidation+@standardDQM+@miniAODValidation+@miniAODDQM --era Run2_2016 --io HARVESTUP15_PU25.io --python HARVESTUP15_PU25.py  --conditions 80X_mcRun2_asymptotic_2016_TrancheIV_v2 -n 100  --no_exec --filein file:step3_inDQM.root --fileout file:step4.root  > step4_TTbar_13+TTbar_13INPUT+DIGIUP15_PU25+RECOUP15_PU25+HARVESTUP15_PU25.log  2>&1
 

# in: /afs/cern.ch/work/p/prebello/private/PAGValidation/TranchIVversion2/CMSSW_8_0_19/src/fullSimPU going to execute cd 25203.0_H125GGgluonfusion_13+H125GGgluonfusion_13INPUT+DIGIUP15_PU25+RECOUP15_PU25+HARVESTUP15_PU25
 cmsDriver.py step4  --filetype DQM --conditions auto:run2_mc --mc  -s HARVESTING:@standardValidation+@standardDQM+@miniAODValidation+@miniAODDQM --era Run2_2016 --io HARVESTUP15_PU25.io --python HARVESTUP15_PU25.py  --conditions 80X_mcRun2_asymptotic_2016_TrancheIV_v2 -n 100  --no_exec --filein file:step3_inDQM.root --fileout file:step4.root  > step4_H125GGgluonfusion_13+H125GGgluonfusion_13INPUT+DIGIUP15_PU25+RECOUP15_PU25+HARVESTUP15_PU25.log  2>&1
 

# in: /afs/cern.ch/work/p/prebello/private/PAGValidation/TranchIVversion2/CMSSW_8_0_19/src/fullSimPU going to execute cd 25204.0_QQH1352T_13+QQH1352T_13INPUT+DIGIUP15_PU25+RECOUP15_PU25+HARVESTUP15_PU25
 cmsDriver.py step4  --filetype DQM --conditions auto:run2_mc --mc  -s HARVESTING:@standardValidation+@standardDQM+@miniAODValidation+@miniAODDQM --era Run2_2016 --io HARVESTUP15_PU25.io --python HARVESTUP15_PU25.py  --conditions 80X_mcRun2_asymptotic_2016_TrancheIV_v2 -n 100  --no_exec --filein file:step3_inDQM.root --fileout file:step4.root  > step4_QQH1352T_13+QQH1352T_13INPUT+DIGIUP15_PU25+RECOUP15_PU25+HARVESTUP15_PU25.log  2>&1
 

Preparing to run 25205.0 ZTT_13+ZTT_13INPUT+DIGIUP15_PU25+RECOUP15_PU25+HARVESTUP15_PU25

# in: /afs/cern.ch/work/p/prebello/private/PAGValidation/TranchIVversion2/CMSSW_8_0_19/src/fullSimPU going to execute cd 25205.0_ZTT_13+ZTT_13INPUT+DIGIUP15_PU25+RECOUP15_PU25+HARVESTUP15_PU25
 das_client --limit 0 --query 'file dataset=/RelValZTT_13/CMSSW_7_1_20_patch2-MCRUN2_71_V1_GsRealBS-v1/GEN-SIM' | sort -u > step1_dasquery.log  2>&1
 

Preparing to run 25206.0 ZMM_13+ZMM_13INPUT+DIGIUP15_PU25+RECOUP15_PU25+HARVESTUP15_PU25

# in: /afs/cern.ch/work/p/prebello/private/PAGValidation/TranchIVversion2/CMSSW_8_0_19/src/fullSimPU going to execute cd 25206.0_ZMM_13+ZMM_13INPUT+DIGIUP15_PU25+RECOUP15_PU25+HARVESTUP15_PU25
 das_client --limit 0 --query 'file dataset=/RelValZMM_13/CMSSW_7_1_20_patch2-MCRUN2_71_V1_GsRealBS-v1/GEN-SIM' | sort -u > step1_dasquery.log  2>&1
 

Preparing to run 25207.0 NuGun_UP15+NuGun_UP15INPUT+DIGIUP15_PU25+RECOUP15_PU25+HARVESTUP15_PU25

# in: /afs/cern.ch/work/p/prebello/private/PAGValidation/TranchIVversion2/CMSSW_8_0_19/src/fullSimPU going to execute cd 25207.0_NuGun_UP15+NuGun_UP15INPUT+DIGIUP15_PU25+RECOUP15_PU25+HARVESTUP15_PU25
 das_client --limit 0 --query 'file dataset=/RelValNuGun_UP15/CMSSW_7_1_20_patch2-MCRUN2_71_V1_GsRealBS-v1/GEN-SIM' | sort -u > step1_dasquery.log  2>&1
 

Preparing to run 25208.0 SMS-T1tttt_mGl-1500_mLSP-100_13+SMS-T1tttt_mGl-1500_mLSP-100_13INPUT+DIGIUP15_PU25+RECOUP15_PU25+HARVESTUP15_PU25

# in: /afs/cern.ch/work/p/prebello/private/PAGValidation/TranchIVversion2/CMSSW_8_0_19/src/fullSimPU going to execute cd 25208.0_SMS-T1tttt_mGl-1500_mLSP-100_13+SMS-T1tttt_mGl-1500_mLSP-100_13INPUT+DIGIUP15_PU25+RECOUP15_PU25+HARVESTUP15_PU25
 das_client --limit 0 --query 'file dataset=/RelValSMS-T1tttt_mGl-1500_mLSP-100_13/CMSSW_7_1_20_patch2-MCRUN2_71_V1_GsRealBS-v1/GEN-SIM' | sort -u > step1_dasquery.log  2>&1
 
---

# in: /afs/cern.ch/work/p/prebello/private/PAGValidation/TranchIVversion2/CMSSW_8_0_19/src/fullSimPU going to execute cd 25205.0_ZTT_13+ZTT_13INPUT+DIGIUP15_PU25+RECOUP15_PU25+HARVESTUP15_PU25
 cmsDriver.py step2  --conditions auto:run2_mc --pileup_input das:/RelValMinBias_13/CMSSW_7_1_20_patch2-MCRUN2_71_V1_GsRealBS-v1/GEN-SIM -n 10 --era Run2_2016 --eventcontent FEVTDEBUGHLT -s DIGI:pdigi_valid,L1,DIGI2RAW,HLT:@relval2016 --datatier GEN-SIM-DIGI-RAW-HLTDEBUG --pileup AVE_35_BX_25ns --io DIGIUP15_PU25.io --python DIGIUP15_PU25.py  --conditions 80X_mcRun2_asymptotic_2016_TrancheIV_v2 --no_exec --filein filelist:step1_dasquery.log --fileout file:step2.root  --nThreads 4 > step2_ZTT_13+ZTT_13INPUT+DIGIUP15_PU25+RECOUP15_PU25+HARVESTUP15_PU25.log  2>&1
 
---

# in: /afs/cern.ch/work/p/prebello/private/PAGValidation/TranchIVversion2/CMSSW_8_0_19/src/fullSimPU going to execute cd 25206.0_ZMM_13+ZMM_13INPUT+DIGIUP15_PU25+RECOUP15_PU25+HARVESTUP15_PU25
 cmsDriver.py step2  --conditions auto:run2_mc --pileup_input das:/RelValMinBias_13/CMSSW_7_1_20_patch2-MCRUN2_71_V1_GsRealBS-v1/GEN-SIM -n 10 --era Run2_2016 --eventcontent FEVTDEBUGHLT -s DIGI:pdigi_valid,L1,DIGI2RAW,HLT:@relval2016 --datatier GEN-SIM-DIGI-RAW-HLTDEBUG --pileup AVE_35_BX_25ns --io DIGIUP15_PU25.io --python DIGIUP15_PU25.py  --conditions 80X_mcRun2_asymptotic_2016_TrancheIV_v2 --no_exec --filein filelist:step1_dasquery.log --fileout file:step2.root  --nThreads 4 > step2_ZMM_13+ZMM_13INPUT+DIGIUP15_PU25+RECOUP15_PU25+HARVESTUP15_PU25.log  2>&1
 
---

# in: /afs/cern.ch/work/p/prebello/private/PAGValidation/TranchIVversion2/CMSSW_8_0_19/src/fullSimPU going to execute cd 25207.0_NuGun_UP15+NuGun_UP15INPUT+DIGIUP15_PU25+RECOUP15_PU25+HARVESTUP15_PU25
 cmsDriver.py step2  --conditions auto:run2_mc --pileup_input das:/RelValMinBias_13/CMSSW_7_1_20_patch2-MCRUN2_71_V1_GsRealBS-v1/GEN-SIM -n 10 --era Run2_2016 --eventcontent FEVTDEBUGHLT -s DIGI:pdigi_valid,L1,DIGI2RAW,HLT:@relval2016 --datatier GEN-SIM-DIGI-RAW-HLTDEBUG --pileup AVE_35_BX_25ns --io DIGIUP15_PU25.io --python DIGIUP15_PU25.py  --conditions 80X_mcRun2_asymptotic_2016_TrancheIV_v2 --no_exec --filein filelist:step1_dasquery.log --fileout file:step2.root  --nThreads 4 > step2_NuGun_UP15+NuGun_UP15INPUT+DIGIUP15_PU25+RECOUP15_PU25+HARVESTUP15_PU25.log  2>&1
 
---

# in: /afs/cern.ch/work/p/prebello/private/PAGValidation/TranchIVversion2/CMSSW_8_0_19/src/fullSimPU going to execute cd 25208.0_SMS-T1tttt_mGl-1500_mLSP-100_13+SMS-T1tttt_mGl-1500_mLSP-100_13INPUT+DIGIUP15_PU25+RECOUP15_PU25+HARVESTUP15_PU25
 cmsDriver.py step2  --conditions auto:run2_mc --pileup_input das:/RelValMinBias_13/CMSSW_7_1_20_patch2-MCRUN2_71_V1_GsRealBS-v1/GEN-SIM -n 10 --era Run2_2016 --eventcontent FEVTDEBUGHLT -s DIGI:pdigi_valid,L1,DIGI2RAW,HLT:@relval2016 --datatier GEN-SIM-DIGI-RAW-HLTDEBUG --pileup AVE_35_BX_25ns --io DIGIUP15_PU25.io --python DIGIUP15_PU25.py  --conditions 80X_mcRun2_asymptotic_2016_TrancheIV_v2 --no_exec --filein filelist:step1_dasquery.log --fileout file:step2.root  --nThreads 4 > step2_SMS-T1tttt_mGl-1500_mLSP-100_13+SMS-T1tttt_mGl-1500_mLSP-100_13INPUT+DIGIUP15_PU25+RECOUP15_PU25+HARVESTUP15_PU25.log  2>&1
 

# in: /afs/cern.ch/work/p/prebello/private/PAGValidation/TranchIVversion2/CMSSW_8_0_19/src/fullSimPU going to execute cd 25205.0_ZTT_13+ZTT_13INPUT+DIGIUP15_PU25+RECOUP15_PU25+HARVESTUP15_PU25
 cmsDriver.py step3  --conditions auto:run2_mc --pileup_input das:/RelValMinBias_13/CMSSW_7_1_20_patch2-MCRUN2_71_V1_GsRealBS-v1/GEN-SIM -n 10 --era Run2_2016 --eventcontent RECOSIM,MINIAODSIM,DQM --runUnscheduled  -s RAW2DIGI,L1Reco,RECO,EI,PAT,VALIDATION:@standardValidation+@miniAODValidation,DQM:@standardDQM+@miniAODDQM --datatier GEN-SIM-RECO,MINIAODSIM,DQMIO --pileup AVE_35_BX_25ns --io RECOUP15_PU25.io --python RECOUP15_PU25.py  --conditions 80X_mcRun2_asymptotic_2016_TrancheIV_v2 --no_exec --filein file:step2.root  --fileout file:step3.root  --nThreads 4 > step3_ZTT_13+ZTT_13INPUT+DIGIUP15_PU25+RECOUP15_PU25+HARVESTUP15_PU25.log  2>&1
 

# in: /afs/cern.ch/work/p/prebello/private/PAGValidation/TranchIVversion2/CMSSW_8_0_19/src/fullSimPU going to execute cd 25206.0_ZMM_13+ZMM_13INPUT+DIGIUP15_PU25+RECOUP15_PU25+HARVESTUP15_PU25
 cmsDriver.py step3  --conditions auto:run2_mc --pileup_input das:/RelValMinBias_13/CMSSW_7_1_20_patch2-MCRUN2_71_V1_GsRealBS-v1/GEN-SIM -n 10 --era Run2_2016 --eventcontent RECOSIM,MINIAODSIM,DQM --runUnscheduled  -s RAW2DIGI,L1Reco,RECO,EI,PAT,VALIDATION:@standardValidation+@miniAODValidation,DQM:@standardDQM+@miniAODDQM --datatier GEN-SIM-RECO,MINIAODSIM,DQMIO --pileup AVE_35_BX_25ns --io RECOUP15_PU25.io --python RECOUP15_PU25.py  --conditions 80X_mcRun2_asymptotic_2016_TrancheIV_v2 --no_exec --filein file:step2.root  --fileout file:step3.root  --nThreads 4 > step3_ZMM_13+ZMM_13INPUT+DIGIUP15_PU25+RECOUP15_PU25+HARVESTUP15_PU25.log  2>&1
 

# in: /afs/cern.ch/work/p/prebello/private/PAGValidation/TranchIVversion2/CMSSW_8_0_19/src/fullSimPU going to execute cd 25207.0_NuGun_UP15+NuGun_UP15INPUT+DIGIUP15_PU25+RECOUP15_PU25+HARVESTUP15_PU25
 cmsDriver.py step3  --conditions auto:run2_mc --pileup_input das:/RelValMinBias_13/CMSSW_7_1_20_patch2-MCRUN2_71_V1_GsRealBS-v1/GEN-SIM -n 10 --era Run2_2016 --eventcontent RECOSIM,MINIAODSIM,DQM --runUnscheduled  -s RAW2DIGI,L1Reco,RECO,EI,PAT,VALIDATION:@standardValidation+@miniAODValidation,DQM:@standardDQM+@miniAODDQM --datatier GEN-SIM-RECO,MINIAODSIM,DQMIO --pileup AVE_35_BX_25ns --io RECOUP15_PU25.io --python RECOUP15_PU25.py  --conditions 80X_mcRun2_asymptotic_2016_TrancheIV_v2 --no_exec --filein file:step2.root  --fileout file:step3.root  --nThreads 4 > step3_NuGun_UP15+NuGun_UP15INPUT+DIGIUP15_PU25+RECOUP15_PU25+HARVESTUP15_PU25.log  2>&1
 

# in: /afs/cern.ch/work/p/prebello/private/PAGValidation/TranchIVversion2/CMSSW_8_0_19/src/fullSimPU going to execute cd 25208.0_SMS-T1tttt_mGl-1500_mLSP-100_13+SMS-T1tttt_mGl-1500_mLSP-100_13INPUT+DIGIUP15_PU25+RECOUP15_PU25+HARVESTUP15_PU25
 cmsDriver.py step3  --conditions auto:run2_mc --pileup_input das:/RelValMinBias_13/CMSSW_7_1_20_patch2-MCRUN2_71_V1_GsRealBS-v1/GEN-SIM -n 10 --era Run2_2016 --eventcontent RECOSIM,MINIAODSIM,DQM --runUnscheduled  -s RAW2DIGI,L1Reco,RECO,EI,PAT,VALIDATION:@standardValidation+@miniAODValidation,DQM:@standardDQM+@miniAODDQM --datatier GEN-SIM-RECO,MINIAODSIM,DQMIO --pileup AVE_35_BX_25ns --io RECOUP15_PU25.io --python RECOUP15_PU25.py  --conditions 80X_mcRun2_asymptotic_2016_TrancheIV_v2 --no_exec --filein file:step2.root  --fileout file:step3.root  --nThreads 4 > step3_SMS-T1tttt_mGl-1500_mLSP-100_13+SMS-T1tttt_mGl-1500_mLSP-100_13INPUT+DIGIUP15_PU25+RECOUP15_PU25+HARVESTUP15_PU25.log  2>&1
 

# in: /afs/cern.ch/work/p/prebello/private/PAGValidation/TranchIVversion2/CMSSW_8_0_19/src/fullSimPU going to execute cd 25205.0_ZTT_13+ZTT_13INPUT+DIGIUP15_PU25+RECOUP15_PU25+HARVESTUP15_PU25
 cmsDriver.py step4  --filetype DQM --conditions auto:run2_mc --mc  -s HARVESTING:@standardValidation+@standardDQM+@miniAODValidation+@miniAODDQM --era Run2_2016 --io HARVESTUP15_PU25.io --python HARVESTUP15_PU25.py  --conditions 80X_mcRun2_asymptotic_2016_TrancheIV_v2 -n 100  --no_exec --filein file:step3_inDQM.root --fileout file:step4.root  > step4_ZTT_13+ZTT_13INPUT+DIGIUP15_PU25+RECOUP15_PU25+HARVESTUP15_PU25.log  2>&1
 

# in: /afs/cern.ch/work/p/prebello/private/PAGValidation/TranchIVversion2/CMSSW_8_0_19/src/fullSimPU going to execute cd 25207.0_NuGun_UP15+NuGun_UP15INPUT+DIGIUP15_PU25+RECOUP15_PU25+HARVESTUP15_PU25
 cmsDriver.py step4  --filetype DQM --conditions auto:run2_mc --mc  -s HARVESTING:@standardValidation+@standardDQM+@miniAODValidation+@miniAODDQM --era Run2_2016 --io HARVESTUP15_PU25.io --python HARVESTUP15_PU25.py  --conditions 80X_mcRun2_asymptotic_2016_TrancheIV_v2 -n 100  --no_exec --filein file:step3_inDQM.root --fileout file:step4.root  > step4_NuGun_UP15+NuGun_UP15INPUT+DIGIUP15_PU25+RECOUP15_PU25+HARVESTUP15_PU25.log  2>&1
 

# in: /afs/cern.ch/work/p/prebello/private/PAGValidation/TranchIVversion2/CMSSW_8_0_19/src/fullSimPU going to execute cd 25206.0_ZMM_13+ZMM_13INPUT+DIGIUP15_PU25+RECOUP15_PU25+HARVESTUP15_PU25
 cmsDriver.py step4  --filetype DQM --conditions auto:run2_mc --mc  -s HARVESTING:@standardValidation+@standardDQM+@miniAODValidation+@miniAODDQM --era Run2_2016 --io HARVESTUP15_PU25.io --python HARVESTUP15_PU25.py  --conditions 80X_mcRun2_asymptotic_2016_TrancheIV_v2 -n 100  --no_exec --filein file:step3_inDQM.root --fileout file:step4.root  > step4_ZMM_13+ZMM_13INPUT+DIGIUP15_PU25+RECOUP15_PU25+HARVESTUP15_PU25.log  2>&1
 

# in: /afs/cern.ch/work/p/prebello/private/PAGValidation/TranchIVversion2/CMSSW_8_0_19/src/fullSimPU going to execute cd 25208.0_SMS-T1tttt_mGl-1500_mLSP-100_13+SMS-T1tttt_mGl-1500_mLSP-100_13INPUT+DIGIUP15_PU25+RECOUP15_PU25+HARVESTUP15_PU25
 cmsDriver.py step4  --filetype DQM --conditions auto:run2_mc --mc  -s HARVESTING:@standardValidation+@standardDQM+@miniAODValidation+@miniAODDQM --era Run2_2016 --io HARVESTUP15_PU25.io --python HARVESTUP15_PU25.py  --conditions 80X_mcRun2_asymptotic_2016_TrancheIV_v2 -n 100  --no_exec --filein file:step3_inDQM.root --fileout file:step4.root  > step4_SMS-T1tttt_mGl-1500_mLSP-100_13+SMS-T1tttt_mGl-1500_mLSP-100_13INPUT+DIGIUP15_PU25+RECOUP15_PU25+HARVESTUP15_PU25.log  2>&1
 
25200.0_ZEE_13+ZEE_13INPUT+DIGIUP15_PU25+RECOUP15_PU25+HARVESTUP15_PU25 Step0-PASSED Step1-PASSED Step2-PASSED Step3-PASSED  - time date Mon Sep  5 01:00:41 2016-date Mon Sep  5 00:59:32 2016; exit: 0 0 0 0
25202.0_TTbar_13+TTbar_13INPUT+DIGIUP15_PU25+RECOUP15_PU25+HARVESTUP15_PU25 Step0-PASSED Step1-PASSED Step2-PASSED Step3-PASSED  - time date Mon Sep  5 01:00:42 2016-date Mon Sep  5 00:59:35 2016; exit: 0 0 0 0
25203.0_H125GGgluonfusion_13+H125GGgluonfusion_13INPUT+DIGIUP15_PU25+RECOUP15_PU25+HARVESTUP15_PU25 Step0-PASSED Step1-PASSED Step2-PASSED Step3-PASSED  - time date Mon Sep  5 01:00:45 2016-date Mon Sep  5 00:59:39 2016; exit: 0 0 0 0
25204.0_QQH1352T_13+QQH1352T_13INPUT+DIGIUP15_PU25+RECOUP15_PU25+HARVESTUP15_PU25 Step0-PASSED Step1-PASSED Step2-PASSED Step3-PASSED  - time date Mon Sep  5 01:00:46 2016-date Mon Sep  5 00:59:40 2016; exit: 0 0 0 0
25205.0_ZTT_13+ZTT_13INPUT+DIGIUP15_PU25+RECOUP15_PU25+HARVESTUP15_PU25 Step0-PASSED Step1-PASSED Step2-PASSED Step3-PASSED  - time date Mon Sep  5 01:01:46 2016-date Mon Sep  5 01:00:41 2016; exit: 0 0 0 0
25206.0_ZMM_13+ZMM_13INPUT+DIGIUP15_PU25+RECOUP15_PU25+HARVESTUP15_PU25 Step0-PASSED Step1-PASSED Step2-PASSED Step3-PASSED  - time date Mon Sep  5 01:01:47 2016-date Mon Sep  5 01:00:44 2016; exit: 0 0 0 0
25207.0_NuGun_UP15+NuGun_UP15INPUT+DIGIUP15_PU25+RECOUP15_PU25+HARVESTUP15_PU25 Step0-PASSED Step1-PASSED Step2-PASSED Step3-PASSED  - time date Mon Sep  5 01:01:46 2016-date Mon Sep  5 01:00:45 2016; exit: 0 0 0 0
25208.0_SMS-T1tttt_mGl-1500_mLSP-100_13+SMS-T1tttt_mGl-1500_mLSP-100_13INPUT+DIGIUP15_PU25+RECOUP15_PU25+HARVESTUP15_PU25 Step0-PASSED Step1-PASSED Step2-PASSED Step3-PASSED  - time date Mon Sep  5 01:01:48 2016-date Mon Sep  5 01:00:46 2016; exit: 0 0 0 0
8 8 8 8 tests passed, 0 0 0 0 failed


	Found wmclient

inspecting 25200.0_ZEE_13+ZEE_13INPUT+DIGIUP15_PU25+RECOUP15_PU25+HARVESTUP15_PU25
inspecting 25202.0_TTbar_13+TTbar_13INPUT+DIGIUP15_PU25+RECOUP15_PU25+HARVESTUP15_PU25
inspecting 25203.0_H125GGgluonfusion_13+H125GGgluonfusion_13INPUT+DIGIUP15_PU25+RECOUP15_PU25+HARVESTUP15_PU25
inspecting 25204.0_QQH1352T_13+QQH1352T_13INPUT+DIGIUP15_PU25+RECOUP15_PU25+HARVESTUP15_PU25
inspecting 25205.0_ZTT_13+ZTT_13INPUT+DIGIUP15_PU25+RECOUP15_PU25+HARVESTUP15_PU25
inspecting 25206.0_ZMM_13+ZMM_13INPUT+DIGIUP15_PU25+RECOUP15_PU25+HARVESTUP15_PU25
inspecting 25207.0_NuGun_UP15+NuGun_UP15INPUT+DIGIUP15_PU25+RECOUP15_PU25+HARVESTUP15_PU25
inspecting 25208.0_SMS-T1tttt_mGl-1500_mLSP-100_13+SMS-T1tttt_mGl-1500_mLSP-100_13INPUT+DIGIUP15_PU25+RECOUP15_PU25+HARVESTUP15_PU25
	Fake upload of 25200.0_ZEE_13+ZEE_13INPUT+DIGIUP15_PU25+RECOUP15_PU25+HARVESTUP15_PU25/DIGIUP15_PU25.py to couch with label RelValSet_CMSSW_8_0_19_v1_25200.0DIGIUP15_PU25
25200.0_ZEE_13+ZEE_13INPUT+DIGIUP15_PU25+RECOUP15_PU25+HARVESTUP15_PU25/DIGIUP15_PU25.py  uploaded to couchDB for 25200.0 with ID 1041
	Fake upload of 25200.0_ZEE_13+ZEE_13INPUT+DIGIUP15_PU25+RECOUP15_PU25+HARVESTUP15_PU25/RECOUP15_PU25.py to couch with label RelValSet_CMSSW_8_0_19_v1_25200.0RECOUP15_PU25
25200.0_ZEE_13+ZEE_13INPUT+DIGIUP15_PU25+RECOUP15_PU25+HARVESTUP15_PU25/RECOUP15_PU25.py  uploaded to couchDB for 25200.0 with ID 1042
	Fake upload of 25200.0_ZEE_13+ZEE_13INPUT+DIGIUP15_PU25+RECOUP15_PU25+HARVESTUP15_PU25/HARVESTUP15_PU25.py to couch with label RelValSet_CMSSW_8_0_19_v1_25200.0harvesting
25200.0_ZEE_13+ZEE_13INPUT+DIGIUP15_PU25+RECOUP15_PU25+HARVESTUP15_PU25/HARVESTUP15_PU25.py uploaded to couchDB for 25200.0 with ID 1043
	Fake upload of 25202.0_TTbar_13+TTbar_13INPUT+DIGIUP15_PU25+RECOUP15_PU25+HARVESTUP15_PU25/DIGIUP15_PU25.py to couch with label RelValSet_CMSSW_8_0_19_v1_25202.0DIGIUP15_PU25
25202.0_TTbar_13+TTbar_13INPUT+DIGIUP15_PU25+RECOUP15_PU25+HARVESTUP15_PU25/DIGIUP15_PU25.py  uploaded to couchDB for 25202.0 with ID 1044
	Fake upload of 25202.0_TTbar_13+TTbar_13INPUT+DIGIUP15_PU25+RECOUP15_PU25+HARVESTUP15_PU25/RECOUP15_PU25.py to couch with label RelValSet_CMSSW_8_0_19_v1_25202.0RECOUP15_PU25
25202.0_TTbar_13+TTbar_13INPUT+DIGIUP15_PU25+RECOUP15_PU25+HARVESTUP15_PU25/RECOUP15_PU25.py  uploaded to couchDB for 25202.0 with ID 1045
	Fake upload of 25202.0_TTbar_13+TTbar_13INPUT+DIGIUP15_PU25+RECOUP15_PU25+HARVESTUP15_PU25/HARVESTUP15_PU25.py to couch with label RelValSet_CMSSW_8_0_19_v1_25202.0harvesting
25202.0_TTbar_13+TTbar_13INPUT+DIGIUP15_PU25+RECOUP15_PU25+HARVESTUP15_PU25/HARVESTUP15_PU25.py uploaded to couchDB for 25202.0 with ID 1046
	Fake upload of 25203.0_H125GGgluonfusion_13+H125GGgluonfusion_13INPUT+DIGIUP15_PU25+RECOUP15_PU25+HARVESTUP15_PU25/DIGIUP15_PU25.py to couch with label RelValSet_CMSSW_8_0_19_v1_25203.0DIGIUP15_PU25
25203.0_H125GGgluonfusion_13+H125GGgluonfusion_13INPUT+DIGIUP15_PU25+RECOUP15_PU25+HARVESTUP15_PU25/DIGIUP15_PU25.py  uploaded to couchDB for 25203.0 with ID 1047
	Fake upload of 25203.0_H125GGgluonfusion_13+H125GGgluonfusion_13INPUT+DIGIUP15_PU25+RECOUP15_PU25+HARVESTUP15_PU25/RECOUP15_PU25.py to couch with label RelValSet_CMSSW_8_0_19_v1_25203.0RECOUP15_PU25
25203.0_H125GGgluonfusion_13+H125GGgluonfusion_13INPUT+DIGIUP15_PU25+RECOUP15_PU25+HARVESTUP15_PU25/RECOUP15_PU25.py  uploaded to couchDB for 25203.0 with ID 1048
	Fake upload of 25203.0_H125GGgluonfusion_13+H125GGgluonfusion_13INPUT+DIGIUP15_PU25+RECOUP15_PU25+HARVESTUP15_PU25/HARVESTUP15_PU25.py to couch with label RelValSet_CMSSW_8_0_19_v1_25203.0harvesting
25203.0_H125GGgluonfusion_13+H125GGgluonfusion_13INPUT+DIGIUP15_PU25+RECOUP15_PU25+HARVESTUP15_PU25/HARVESTUP15_PU25.py uploaded to couchDB for 25203.0 with ID 1049
	Fake upload of 25204.0_QQH1352T_13+QQH1352T_13INPUT+DIGIUP15_PU25+RECOUP15_PU25+HARVESTUP15_PU25/DIGIUP15_PU25.py to couch with label RelValSet_CMSSW_8_0_19_v1_25204.0DIGIUP15_PU25
25204.0_QQH1352T_13+QQH1352T_13INPUT+DIGIUP15_PU25+RECOUP15_PU25+HARVESTUP15_PU25/DIGIUP15_PU25.py  uploaded to couchDB for 25204.0 with ID 1050
	Fake upload of 25204.0_QQH1352T_13+QQH1352T_13INPUT+DIGIUP15_PU25+RECOUP15_PU25+HARVESTUP15_PU25/RECOUP15_PU25.py to couch with label RelValSet_CMSSW_8_0_19_v1_25204.0RECOUP15_PU25
25204.0_QQH1352T_13+QQH1352T_13INPUT+DIGIUP15_PU25+RECOUP15_PU25+HARVESTUP15_PU25/RECOUP15_PU25.py  uploaded to couchDB for 25204.0 with ID 1051
	Fake upload of 25204.0_QQH1352T_13+QQH1352T_13INPUT+DIGIUP15_PU25+RECOUP15_PU25+HARVESTUP15_PU25/HARVESTUP15_PU25.py to couch with label RelValSet_CMSSW_8_0_19_v1_25204.0harvesting
25204.0_QQH1352T_13+QQH1352T_13INPUT+DIGIUP15_PU25+RECOUP15_PU25+HARVESTUP15_PU25/HARVESTUP15_PU25.py uploaded to couchDB for 25204.0 with ID 1052
	Fake upload of 25205.0_ZTT_13+ZTT_13INPUT+DIGIUP15_PU25+RECOUP15_PU25+HARVESTUP15_PU25/DIGIUP15_PU25.py to couch with label RelValSet_CMSSW_8_0_19_v1_25205.0DIGIUP15_PU25
25205.0_ZTT_13+ZTT_13INPUT+DIGIUP15_PU25+RECOUP15_PU25+HARVESTUP15_PU25/DIGIUP15_PU25.py  uploaded to couchDB for 25205.0 with ID 1053
	Fake upload of 25205.0_ZTT_13+ZTT_13INPUT+DIGIUP15_PU25+RECOUP15_PU25+HARVESTUP15_PU25/RECOUP15_PU25.py to couch with label RelValSet_CMSSW_8_0_19_v1_25205.0RECOUP15_PU25
25205.0_ZTT_13+ZTT_13INPUT+DIGIUP15_PU25+RECOUP15_PU25+HARVESTUP15_PU25/RECOUP15_PU25.py  uploaded to couchDB for 25205.0 with ID 1054
	Fake upload of 25205.0_ZTT_13+ZTT_13INPUT+DIGIUP15_PU25+RECOUP15_PU25+HARVESTUP15_PU25/HARVESTUP15_PU25.py to couch with label RelValSet_CMSSW_8_0_19_v1_25205.0harvesting
25205.0_ZTT_13+ZTT_13INPUT+DIGIUP15_PU25+RECOUP15_PU25+HARVESTUP15_PU25/HARVESTUP15_PU25.py uploaded to couchDB for 25205.0 with ID 1055
	Fake upload of 25206.0_ZMM_13+ZMM_13INPUT+DIGIUP15_PU25+RECOUP15_PU25+HARVESTUP15_PU25/DIGIUP15_PU25.py to couch with label RelValSet_CMSSW_8_0_19_v1_25206.0DIGIUP15_PU25
25206.0_ZMM_13+ZMM_13INPUT+DIGIUP15_PU25+RECOUP15_PU25+HARVESTUP15_PU25/DIGIUP15_PU25.py  uploaded to couchDB for 25206.0 with ID 1056
	Fake upload of 25206.0_ZMM_13+ZMM_13INPUT+DIGIUP15_PU25+RECOUP15_PU25+HARVESTUP15_PU25/RECOUP15_PU25.py to couch with label RelValSet_CMSSW_8_0_19_v1_25206.0RECOUP15_PU25
25206.0_ZMM_13+ZMM_13INPUT+DIGIUP15_PU25+RECOUP15_PU25+HARVESTUP15_PU25/RECOUP15_PU25.py  uploaded to couchDB for 25206.0 with ID 1057
	Fake upload of 25206.0_ZMM_13+ZMM_13INPUT+DIGIUP15_PU25+RECOUP15_PU25+HARVESTUP15_PU25/HARVESTUP15_PU25.py to couch with label RelValSet_CMSSW_8_0_19_v1_25206.0harvesting
25206.0_ZMM_13+ZMM_13INPUT+DIGIUP15_PU25+RECOUP15_PU25+HARVESTUP15_PU25/HARVESTUP15_PU25.py uploaded to couchDB for 25206.0 with ID 1058
	Fake upload of 25207.0_NuGun_UP15+NuGun_UP15INPUT+DIGIUP15_PU25+RECOUP15_PU25+HARVESTUP15_PU25/DIGIUP15_PU25.py to couch with label RelValSet_CMSSW_8_0_19_v1_25207.0DIGIUP15_PU25
25207.0_NuGun_UP15+NuGun_UP15INPUT+DIGIUP15_PU25+RECOUP15_PU25+HARVESTUP15_PU25/DIGIUP15_PU25.py  uploaded to couchDB for 25207.0 with ID 1059
	Fake upload of 25207.0_NuGun_UP15+NuGun_UP15INPUT+DIGIUP15_PU25+RECOUP15_PU25+HARVESTUP15_PU25/RECOUP15_PU25.py to couch with label RelValSet_CMSSW_8_0_19_v1_25207.0RECOUP15_PU25
25207.0_NuGun_UP15+NuGun_UP15INPUT+DIGIUP15_PU25+RECOUP15_PU25+HARVESTUP15_PU25/RECOUP15_PU25.py  uploaded to couchDB for 25207.0 with ID 1060
	Fake upload of 25207.0_NuGun_UP15+NuGun_UP15INPUT+DIGIUP15_PU25+RECOUP15_PU25+HARVESTUP15_PU25/HARVESTUP15_PU25.py to couch with label RelValSet_CMSSW_8_0_19_v1_25207.0harvesting
25207.0_NuGun_UP15+NuGun_UP15INPUT+DIGIUP15_PU25+RECOUP15_PU25+HARVESTUP15_PU25/HARVESTUP15_PU25.py uploaded to couchDB for 25207.0 with ID 1061
	Fake upload of 25208.0_SMS-T1tttt_mGl-1500_mLSP-100_13+SMS-T1tttt_mGl-1500_mLSP-100_13INPUT+DIGIUP15_PU25+RECOUP15_PU25+HARVESTUP15_PU25/DIGIUP15_PU25.py to couch with label RelValSet_CMSSW_8_0_19_v1_25208.0DIGIUP15_PU25
25208.0_SMS-T1tttt_mGl-1500_mLSP-100_13+SMS-T1tttt_mGl-1500_mLSP-100_13INPUT+DIGIUP15_PU25+RECOUP15_PU25+HARVESTUP15_PU25/DIGIUP15_PU25.py  uploaded to couchDB for 25208.0 with ID 1062
	Fake upload of 25208.0_SMS-T1tttt_mGl-1500_mLSP-100_13+SMS-T1tttt_mGl-1500_mLSP-100_13INPUT+DIGIUP15_PU25+RECOUP15_PU25+HARVESTUP15_PU25/RECOUP15_PU25.py to couch with label RelValSet_CMSSW_8_0_19_v1_25208.0RECOUP15_PU25
25208.0_SMS-T1tttt_mGl-1500_mLSP-100_13+SMS-T1tttt_mGl-1500_mLSP-100_13INPUT+DIGIUP15_PU25+RECOUP15_PU25+HARVESTUP15_PU25/RECOUP15_PU25.py  uploaded to couchDB for 25208.0 with ID 1063
	Fake upload of 25208.0_SMS-T1tttt_mGl-1500_mLSP-100_13+SMS-T1tttt_mGl-1500_mLSP-100_13INPUT+DIGIUP15_PU25+RECOUP15_PU25+HARVESTUP15_PU25/HARVESTUP15_PU25.py to couch with label RelValSet_CMSSW_8_0_19_v1_25208.0harvesting
25208.0_SMS-T1tttt_mGl-1500_mLSP-100_13+SMS-T1tttt_mGl-1500_mLSP-100_13INPUT+DIGIUP15_PU25+RECOUP15_PU25+HARVESTUP15_PU25/HARVESTUP15_PU25.py uploaded to couchDB for 25208.0 with ID 1064

	Found wmcontrol

Only viewing request 25200.0
{'CMSSWVersion': 'CMSSW_8_0_19',
 'Campaign': 'CMSSW_8_0_19',
 'ConfigCacheURL': 'https://cmsweb.cern.ch/couchdb',
 'CouchURL': 'https://cmsweb.cern.ch/couchdb',
 'DQMConfigCacheID': 1043,
 'DQMUploadUrl': 'https://cmsweb.cern.ch/dqm/relval',
 'DbsUrl': 'https://cmsweb.cern.ch/dbs/prod/global/DBSReader',
 'EnableHarvesting': 'True',
 'GlobalTag': u'80X_mcRun2_asymptotic_2016_TrancheIV_v2',
 'Group': 'ppd',
 'Memory': 3000,
 'Multicore': 1,
 'ProcessingVersion': 1,
 'RequestPriority': 500000,
 'RequestString': 'RVCMSSW_8_0_19ZEE_13_PU25ns__Tr4GT_v2',
 'RequestType': 'TaskChain',
 'Requestor': 'prebello',
 'ScramArch': 'slc6_amd64_gcc530',
 'SizePerEvent': 1234,
 'SubRequestType': 'RelVal',
 'Task1': {'AcquisitionEra': 'CMSSW_8_0_19',
           'ConfigCacheID': 1041,
           'GlobalTag': u'80X_mcRun2_asymptotic_2016_TrancheIV_v2',
           'InputDataset': '/RelValZEE_13/CMSSW_7_1_20_patch2-MCRUN2_71_V1_GsRealBS-v1/GEN-SIM',
           'KeepOutput': True,
           'LumisPerJob': 1,
           'MCPileup': u'/RelValMinBias_13/CMSSW_7_1_20_patch2-MCRUN2_71_V1_GsRealBS-v1/GEN-SIM',
           'Memory': 7500,
           'Multicore': 4,
           'ProcessingString': u'PU25ns_80X_mcRun2_asymptotic_2016_TrancheIV_v2_Tr4GT_v2',
           'SplittingAlgo': 'LumiBased',
           'TaskName': 'DIGIUP15_PU25'},
 'Task2': {'AcquisitionEra': 'CMSSW_8_0_19',
           'ConfigCacheID': 1042,
           'GlobalTag': u'80X_mcRun2_asymptotic_2016_TrancheIV_v2',
           'InputFromOutputModule': u'FEVTDEBUGHLToutput',
           'InputTask': 'DIGIUP15_PU25',
           'KeepOutput': True,
           'LumisPerJob': 1,
           'MCPileup': u'/RelValMinBias_13/CMSSW_7_1_20_patch2-MCRUN2_71_V1_GsRealBS-v1/GEN-SIM',
           'Memory': 7500,
           'Multicore': 4,
           'ProcessingString': u'PU25ns_80X_mcRun2_asymptotic_2016_TrancheIV_v2_Tr4GT_v2',
           'SplittingAlgo': 'LumiBased',
           'TaskName': 'RECOUP15_PU25'},
 'TaskChain': 2,
 'TimePerEvent': 0.1,
 'dashboardActivity': 'relval',
 'mergedLFNBase': '/store/relval',
 'unmergedLFNBase': '/store/unmerged'}
None
Only viewing request 25202.0
{'CMSSWVersion': 'CMSSW_8_0_19',
 'Campaign': 'CMSSW_8_0_19',
 'ConfigCacheURL': 'https://cmsweb.cern.ch/couchdb',
 'CouchURL': 'https://cmsweb.cern.ch/couchdb',
 'DQMConfigCacheID': 1046,
 'DQMUploadUrl': 'https://cmsweb.cern.ch/dqm/relval',
 'DbsUrl': 'https://cmsweb.cern.ch/dbs/prod/global/DBSReader',
 'EnableHarvesting': 'True',
 'GlobalTag': u'80X_mcRun2_asymptotic_2016_TrancheIV_v2',
 'Group': 'ppd',
 'Memory': 3000,
 'Multicore': 1,
 'ProcessingVersion': 1,
 'RequestPriority': 500000,
 'RequestString': 'RVCMSSW_8_0_19TTbar_13_PU25ns__Tr4GT_v2',
 'RequestType': 'TaskChain',
 'Requestor': 'prebello',
 'ScramArch': 'slc6_amd64_gcc530',
 'SizePerEvent': 1234,
 'SubRequestType': 'RelVal',
 'Task1': {'AcquisitionEra': 'CMSSW_8_0_19',
           'ConfigCacheID': 1044,
           'GlobalTag': u'80X_mcRun2_asymptotic_2016_TrancheIV_v2',
           'InputDataset': '/RelValTTbar_13/CMSSW_7_1_20_patch2-MCRUN2_71_V1_GsRealBS-v1/GEN-SIM',
           'KeepOutput': True,
           'LumisPerJob': 1,
           'MCPileup': u'/RelValMinBias_13/CMSSW_7_1_20_patch2-MCRUN2_71_V1_GsRealBS-v1/GEN-SIM',
           'Memory': 7500,
           'Multicore': 4,
           'ProcessingString': u'PU25ns_80X_mcRun2_asymptotic_2016_TrancheIV_v2_Tr4GT_v2',
           'SplittingAlgo': 'LumiBased',
           'TaskName': 'DIGIUP15_PU25'},
 'Task2': {'AcquisitionEra': 'CMSSW_8_0_19',
           'ConfigCacheID': 1045,
           'GlobalTag': u'80X_mcRun2_asymptotic_2016_TrancheIV_v2',
           'InputFromOutputModule': u'FEVTDEBUGHLToutput',
           'InputTask': 'DIGIUP15_PU25',
           'KeepOutput': True,
           'LumisPerJob': 1,
           'MCPileup': u'/RelValMinBias_13/CMSSW_7_1_20_patch2-MCRUN2_71_V1_GsRealBS-v1/GEN-SIM',
           'Memory': 7500,
           'Multicore': 4,
           'ProcessingString': u'PU25ns_80X_mcRun2_asymptotic_2016_TrancheIV_v2_Tr4GT_v2',
           'SplittingAlgo': 'LumiBased',
           'TaskName': 'RECOUP15_PU25'},
 'TaskChain': 2,
 'TimePerEvent': 0.1,
 'dashboardActivity': 'relval',
 'mergedLFNBase': '/store/relval',
 'unmergedLFNBase': '/store/unmerged'}
None
Only viewing request 25203.0
{'CMSSWVersion': 'CMSSW_8_0_19',
 'Campaign': 'CMSSW_8_0_19',
 'ConfigCacheURL': 'https://cmsweb.cern.ch/couchdb',
 'CouchURL': 'https://cmsweb.cern.ch/couchdb',
 'DQMConfigCacheID': 1049,
 'DQMUploadUrl': 'https://cmsweb.cern.ch/dqm/relval',
 'DbsUrl': 'https://cmsweb.cern.ch/dbs/prod/global/DBSReader',
 'EnableHarvesting': 'True',
 'GlobalTag': u'80X_mcRun2_asymptotic_2016_TrancheIV_v2',
 'Group': 'ppd',
 'Memory': 3000,
 'Multicore': 1,
 'ProcessingVersion': 1,
 'RequestPriority': 500000,
 'RequestString': 'RVCMSSW_8_0_19H125GGgluonfusion_13_PU25ns__Tr4GT_v2',
 'RequestType': 'TaskChain',
 'Requestor': 'prebello',
 'ScramArch': 'slc6_amd64_gcc530',
 'SizePerEvent': 1234,
 'SubRequestType': 'RelVal',
 'Task1': {'AcquisitionEra': 'CMSSW_8_0_19',
           'ConfigCacheID': 1047,
           'GlobalTag': u'80X_mcRun2_asymptotic_2016_TrancheIV_v2',
           'InputDataset': '/RelValH125GGgluonfusion_13/CMSSW_7_1_20_patch2-MCRUN2_71_V1_GsRealBS-v1/GEN-SIM',
           'KeepOutput': True,
           'LumisPerJob': 1,
           'MCPileup': u'/RelValMinBias_13/CMSSW_7_1_20_patch2-MCRUN2_71_V1_GsRealBS-v1/GEN-SIM',
           'Memory': 7500,
           'Multicore': 4,
           'ProcessingString': u'PU25ns_80X_mcRun2_asymptotic_2016_TrancheIV_v2_Tr4GT_v2',
           'SplittingAlgo': 'LumiBased',
           'TaskName': 'DIGIUP15_PU25'},
 'Task2': {'AcquisitionEra': 'CMSSW_8_0_19',
           'ConfigCacheID': 1048,
           'GlobalTag': u'80X_mcRun2_asymptotic_2016_TrancheIV_v2',
           'InputFromOutputModule': u'FEVTDEBUGHLToutput',
           'InputTask': 'DIGIUP15_PU25',
           'KeepOutput': True,
           'LumisPerJob': 1,
           'MCPileup': u'/RelValMinBias_13/CMSSW_7_1_20_patch2-MCRUN2_71_V1_GsRealBS-v1/GEN-SIM',
           'Memory': 7500,
           'Multicore': 4,
           'ProcessingString': u'PU25ns_80X_mcRun2_asymptotic_2016_TrancheIV_v2_Tr4GT_v2',
           'SplittingAlgo': 'LumiBased',
           'TaskName': 'RECOUP15_PU25'},
 'TaskChain': 2,
 'TimePerEvent': 0.1,
 'dashboardActivity': 'relval',
 'mergedLFNBase': '/store/relval',
 'unmergedLFNBase': '/store/unmerged'}
None
Only viewing request 25204.0
{'CMSSWVersion': 'CMSSW_8_0_19',
 'Campaign': 'CMSSW_8_0_19',
 'ConfigCacheURL': 'https://cmsweb.cern.ch/couchdb',
 'CouchURL': 'https://cmsweb.cern.ch/couchdb',
 'DQMConfigCacheID': 1052,
 'DQMUploadUrl': 'https://cmsweb.cern.ch/dqm/relval',
 'DbsUrl': 'https://cmsweb.cern.ch/dbs/prod/global/DBSReader',
 'EnableHarvesting': 'True',
 'GlobalTag': u'80X_mcRun2_asymptotic_2016_TrancheIV_v2',
 'Group': 'ppd',
 'Memory': 3000,
 'Multicore': 1,
 'ProcessingVersion': 1,
 'RequestPriority': 500000,
 'RequestString': 'RVCMSSW_8_0_19QQH1352T_13_PU25ns__Tr4GT_v2',
 'RequestType': 'TaskChain',
 'Requestor': 'prebello',
 'ScramArch': 'slc6_amd64_gcc530',
 'SizePerEvent': 1234,
 'SubRequestType': 'RelVal',
 'Task1': {'AcquisitionEra': 'CMSSW_8_0_19',
           'ConfigCacheID': 1050,
           'GlobalTag': u'80X_mcRun2_asymptotic_2016_TrancheIV_v2',
           'InputDataset': '/RelValQQH1352T_13/CMSSW_7_1_20_patch2-MCRUN2_71_V1_GsRealBS-v1/GEN-SIM',
           'KeepOutput': True,
           'LumisPerJob': 1,
           'MCPileup': u'/RelValMinBias_13/CMSSW_7_1_20_patch2-MCRUN2_71_V1_GsRealBS-v1/GEN-SIM',
           'Memory': 7500,
           'Multicore': 4,
           'ProcessingString': u'PU25ns_80X_mcRun2_asymptotic_2016_TrancheIV_v2_Tr4GT_v2',
           'SplittingAlgo': 'LumiBased',
           'TaskName': 'DIGIUP15_PU25'},
 'Task2': {'AcquisitionEra': 'CMSSW_8_0_19',
           'ConfigCacheID': 1051,
           'GlobalTag': u'80X_mcRun2_asymptotic_2016_TrancheIV_v2',
           'InputFromOutputModule': u'FEVTDEBUGHLToutput',
           'InputTask': 'DIGIUP15_PU25',
           'KeepOutput': True,
           'LumisPerJob': 1,
           'MCPileup': u'/RelValMinBias_13/CMSSW_7_1_20_patch2-MCRUN2_71_V1_GsRealBS-v1/GEN-SIM',
           'Memory': 7500,
           'Multicore': 4,
           'ProcessingString': u'PU25ns_80X_mcRun2_asymptotic_2016_TrancheIV_v2_Tr4GT_v2',
           'SplittingAlgo': 'LumiBased',
           'TaskName': 'RECOUP15_PU25'},
 'TaskChain': 2,
 'TimePerEvent': 0.1,
 'dashboardActivity': 'relval',
 'mergedLFNBase': '/store/relval',
 'unmergedLFNBase': '/store/unmerged'}
None
Only viewing request 25205.0
{'CMSSWVersion': 'CMSSW_8_0_19',
 'Campaign': 'CMSSW_8_0_19',
 'ConfigCacheURL': 'https://cmsweb.cern.ch/couchdb',
 'CouchURL': 'https://cmsweb.cern.ch/couchdb',
 'DQMConfigCacheID': 1055,
 'DQMUploadUrl': 'https://cmsweb.cern.ch/dqm/relval',
 'DbsUrl': 'https://cmsweb.cern.ch/dbs/prod/global/DBSReader',
 'EnableHarvesting': 'True',
 'GlobalTag': u'80X_mcRun2_asymptotic_2016_TrancheIV_v2',
 'Group': 'ppd',
 'Memory': 3000,
 'Multicore': 1,
 'ProcessingVersion': 1,
 'RequestPriority': 500000,
 'RequestString': 'RVCMSSW_8_0_19ZTT_13_PU25ns__Tr4GT_v2',
 'RequestType': 'TaskChain',
 'Requestor': 'prebello',
 'ScramArch': 'slc6_amd64_gcc530',
 'SizePerEvent': 1234,
 'SubRequestType': 'RelVal',
 'Task1': {'AcquisitionEra': 'CMSSW_8_0_19',
           'ConfigCacheID': 1053,
           'GlobalTag': u'80X_mcRun2_asymptotic_2016_TrancheIV_v2',
           'InputDataset': '/RelValZTT_13/CMSSW_7_1_20_patch2-MCRUN2_71_V1_GsRealBS-v1/GEN-SIM',
           'KeepOutput': True,
           'LumisPerJob': 1,
           'MCPileup': u'/RelValMinBias_13/CMSSW_7_1_20_patch2-MCRUN2_71_V1_GsRealBS-v1/GEN-SIM',
           'Memory': 7500,
           'Multicore': 4,
           'ProcessingString': u'PU25ns_80X_mcRun2_asymptotic_2016_TrancheIV_v2_Tr4GT_v2',
           'SplittingAlgo': 'LumiBased',
           'TaskName': 'DIGIUP15_PU25'},
 'Task2': {'AcquisitionEra': 'CMSSW_8_0_19',
           'ConfigCacheID': 1054,
           'GlobalTag': u'80X_mcRun2_asymptotic_2016_TrancheIV_v2',
           'InputFromOutputModule': u'FEVTDEBUGHLToutput',
           'InputTask': 'DIGIUP15_PU25',
           'KeepOutput': True,
           'LumisPerJob': 1,
           'MCPileup': u'/RelValMinBias_13/CMSSW_7_1_20_patch2-MCRUN2_71_V1_GsRealBS-v1/GEN-SIM',
           'Memory': 7500,
           'Multicore': 4,
           'ProcessingString': u'PU25ns_80X_mcRun2_asymptotic_2016_TrancheIV_v2_Tr4GT_v2',
           'SplittingAlgo': 'LumiBased',
           'TaskName': 'RECOUP15_PU25'},
 'TaskChain': 2,
 'TimePerEvent': 0.1,
 'dashboardActivity': 'relval',
 'mergedLFNBase': '/store/relval',
 'unmergedLFNBase': '/store/unmerged'}
None
Only viewing request 25206.0
{'CMSSWVersion': 'CMSSW_8_0_19',
 'Campaign': 'CMSSW_8_0_19',
 'ConfigCacheURL': 'https://cmsweb.cern.ch/couchdb',
 'CouchURL': 'https://cmsweb.cern.ch/couchdb',
 'DQMConfigCacheID': 1058,
 'DQMUploadUrl': 'https://cmsweb.cern.ch/dqm/relval',
 'DbsUrl': 'https://cmsweb.cern.ch/dbs/prod/global/DBSReader',
 'EnableHarvesting': 'True',
 'GlobalTag': u'80X_mcRun2_asymptotic_2016_TrancheIV_v2',
 'Group': 'ppd',
 'Memory': 3000,
 'Multicore': 1,
 'ProcessingVersion': 1,
 'RequestPriority': 500000,
 'RequestString': 'RVCMSSW_8_0_19ZMM_13_PU25ns__Tr4GT_v2',
 'RequestType': 'TaskChain',
 'Requestor': 'prebello',
 'ScramArch': 'slc6_amd64_gcc530',
 'SizePerEvent': 1234,
 'SubRequestType': 'RelVal',
 'Task1': {'AcquisitionEra': 'CMSSW_8_0_19',
           'ConfigCacheID': 1056,
           'GlobalTag': u'80X_mcRun2_asymptotic_2016_TrancheIV_v2',
           'InputDataset': '/RelValZMM_13/CMSSW_7_1_20_patch2-MCRUN2_71_V1_GsRealBS-v1/GEN-SIM',
           'KeepOutput': True,
           'LumisPerJob': 1,
           'MCPileup': u'/RelValMinBias_13/CMSSW_7_1_20_patch2-MCRUN2_71_V1_GsRealBS-v1/GEN-SIM',
           'Memory': 7500,
           'Multicore': 4,
           'ProcessingString': u'PU25ns_80X_mcRun2_asymptotic_2016_TrancheIV_v2_Tr4GT_v2',
           'SplittingAlgo': 'LumiBased',
           'TaskName': 'DIGIUP15_PU25'},
 'Task2': {'AcquisitionEra': 'CMSSW_8_0_19',
           'ConfigCacheID': 1057,
           'GlobalTag': u'80X_mcRun2_asymptotic_2016_TrancheIV_v2',
           'InputFromOutputModule': u'FEVTDEBUGHLToutput',
           'InputTask': 'DIGIUP15_PU25',
           'KeepOutput': True,
           'LumisPerJob': 1,
           'MCPileup': u'/RelValMinBias_13/CMSSW_7_1_20_patch2-MCRUN2_71_V1_GsRealBS-v1/GEN-SIM',
           'Memory': 7500,
           'Multicore': 4,
           'ProcessingString': u'PU25ns_80X_mcRun2_asymptotic_2016_TrancheIV_v2_Tr4GT_v2',
           'SplittingAlgo': 'LumiBased',
           'TaskName': 'RECOUP15_PU25'},
 'TaskChain': 2,
 'TimePerEvent': 0.1,
 'dashboardActivity': 'relval',
 'mergedLFNBase': '/store/relval',
 'unmergedLFNBase': '/store/unmerged'}
None
Only viewing request 25207.0
{'CMSSWVersion': 'CMSSW_8_0_19',
 'Campaign': 'CMSSW_8_0_19',
 'ConfigCacheURL': 'https://cmsweb.cern.ch/couchdb',
 'CouchURL': 'https://cmsweb.cern.ch/couchdb',
 'DQMConfigCacheID': 1061,
 'DQMUploadUrl': 'https://cmsweb.cern.ch/dqm/relval',
 'DbsUrl': 'https://cmsweb.cern.ch/dbs/prod/global/DBSReader',
 'EnableHarvesting': 'True',
 'GlobalTag': u'80X_mcRun2_asymptotic_2016_TrancheIV_v2',
 'Group': 'ppd',
 'Memory': 3000,
 'Multicore': 1,
 'ProcessingVersion': 1,
 'RequestPriority': 500000,
 'RequestString': 'RVCMSSW_8_0_19NuGun_UP15_PU25ns__Tr4GT_v2',
 'RequestType': 'TaskChain',
 'Requestor': 'prebello',
 'ScramArch': 'slc6_amd64_gcc530',
 'SizePerEvent': 1234,
 'SubRequestType': 'RelVal',
 'Task1': {'AcquisitionEra': 'CMSSW_8_0_19',
           'ConfigCacheID': 1059,
           'GlobalTag': u'80X_mcRun2_asymptotic_2016_TrancheIV_v2',
           'InputDataset': '/RelValNuGun_UP15/CMSSW_7_1_20_patch2-MCRUN2_71_V1_GsRealBS-v1/GEN-SIM',
           'KeepOutput': True,
           'LumisPerJob': 1,
           'MCPileup': u'/RelValMinBias_13/CMSSW_7_1_20_patch2-MCRUN2_71_V1_GsRealBS-v1/GEN-SIM',
           'Memory': 7500,
           'Multicore': 4,
           'ProcessingString': u'PU25ns_80X_mcRun2_asymptotic_2016_TrancheIV_v2_Tr4GT_v2',
           'SplittingAlgo': 'LumiBased',
           'TaskName': 'DIGIUP15_PU25'},
 'Task2': {'AcquisitionEra': 'CMSSW_8_0_19',
           'ConfigCacheID': 1060,
           'GlobalTag': u'80X_mcRun2_asymptotic_2016_TrancheIV_v2',
           'InputFromOutputModule': u'FEVTDEBUGHLToutput',
           'InputTask': 'DIGIUP15_PU25',
           'KeepOutput': True,
           'LumisPerJob': 1,
           'MCPileup': u'/RelValMinBias_13/CMSSW_7_1_20_patch2-MCRUN2_71_V1_GsRealBS-v1/GEN-SIM',
           'Memory': 7500,
           'Multicore': 4,
           'ProcessingString': u'PU25ns_80X_mcRun2_asymptotic_2016_TrancheIV_v2_Tr4GT_v2',
           'SplittingAlgo': 'LumiBased',
           'TaskName': 'RECOUP15_PU25'},
 'TaskChain': 2,
 'TimePerEvent': 0.1,
 'dashboardActivity': 'relval',
 'mergedLFNBase': '/store/relval',
 'unmergedLFNBase': '/store/unmerged'}
None
Only viewing request 25208.0
{'CMSSWVersion': 'CMSSW_8_0_19',
 'Campaign': 'CMSSW_8_0_19',
 'ConfigCacheURL': 'https://cmsweb.cern.ch/couchdb',
 'CouchURL': 'https://cmsweb.cern.ch/couchdb',
 'DQMConfigCacheID': 1064,
 'DQMUploadUrl': 'https://cmsweb.cern.ch/dqm/relval',
 'DbsUrl': 'https://cmsweb.cern.ch/dbs/prod/global/DBSReader',
 'EnableHarvesting': 'True',
 'GlobalTag': u'80X_mcRun2_asymptotic_2016_TrancheIV_v2',
 'Group': 'ppd',
 'Memory': 3000,
 'Multicore': 1,
 'ProcessingVersion': 1,
 'RequestPriority': 500000,
 'RequestString': 'RVCMSSW_8_0_19SMS-T1tttt_mGl-1500_mLSP-100_13_PU25ns__Tr4GT_v2',
 'RequestType': 'TaskChain',
 'Requestor': 'prebello',
 'ScramArch': 'slc6_amd64_gcc530',
 'SizePerEvent': 1234,
 'SubRequestType': 'RelVal',
 'Task1': {'AcquisitionEra': 'CMSSW_8_0_19',
           'ConfigCacheID': 1062,
           'GlobalTag': u'80X_mcRun2_asymptotic_2016_TrancheIV_v2',
           'InputDataset': '/RelValSMS-T1tttt_mGl-1500_mLSP-100_13/CMSSW_7_1_20_patch2-MCRUN2_71_V1_GsRealBS-v1/GEN-SIM',
           'KeepOutput': True,
           'LumisPerJob': 1,
           'MCPileup': u'/RelValMinBias_13/CMSSW_7_1_20_patch2-MCRUN2_71_V1_GsRealBS-v1/GEN-SIM',
           'Memory': 7500,
           'Multicore': 4,
           'ProcessingString': u'PU25ns_80X_mcRun2_asymptotic_2016_TrancheIV_v2_Tr4GT_v2',
           'SplittingAlgo': 'LumiBased',
           'TaskName': 'DIGIUP15_PU25'},
 'Task2': {'AcquisitionEra': 'CMSSW_8_0_19',
           'ConfigCacheID': 1063,
           'GlobalTag': u'80X_mcRun2_asymptotic_2016_TrancheIV_v2',
           'InputFromOutputModule': u'FEVTDEBUGHLToutput',
           'InputTask': 'DIGIUP15_PU25',
           'KeepOutput': True,
           'LumisPerJob': 1,
           'MCPileup': u'/RelValMinBias_13/CMSSW_7_1_20_patch2-MCRUN2_71_V1_GsRealBS-v1/GEN-SIM',
           'Memory': 7500,
           'Multicore': 4,
           'ProcessingString': u'PU25ns_80X_mcRun2_asymptotic_2016_TrancheIV_v2_Tr4GT_v2',
           'SplittingAlgo': 'LumiBased',
           'TaskName': 'RECOUP15_PU25'},
 'TaskChain': 2,
 'TimePerEvent': 0.1,
 'dashboardActivity': 'relval',
 'mergedLFNBase': '/store/relval',
 'unmergedLFNBase': '/store/unmerged'}
None
