RAW2DIGI,L1Reco,RECO,EI,ALCA:SiStripCalZeroBias+SiStripCalMinBias,VALIDATION,DQM
We have determined that this is simulation (if not, rerun cmsDriver.py with --data)
entry file:step2.root
 ################################################################### 
 # WARNING: this module is deprecated.                             # 
 # Please use CondCore.CondDB.CondDB_cfi.py                        # 
 ################################################################### 
Step: RAW2DIGI Spec: 
L1TRawToDigi Sequence configured for Stage-2 (2016) trigger. 
Step: L1Reco Spec: 
L1TReco Sequence configured for Stage-2 (2016) trigger. 
Step: RECO Spec: 
Step: EI Spec: 
Step: ALCA Spec: ['SiStripCalZeroBias', 'SiStripCalMinBias']
DL enriching full SiStripCalZeroBias+SiStripCalMinBias
Step: VALIDATION Spec: 
 in preparing validation
Step: DQM Spec: 
WARNING:  L1Trigger/L1TCommon/python/caloStage1LegacyFormatDigis_cfi.py has been deprecated...
WARNING:  please use L1Trigger/L1TCalorimeter/python/caloStage1LegacyFormatDigis_cfi.py
# Conditions read from  CMS_CONDITIONS  via FrontierProd 
customising the process with setCrossingFrameOn from SimGeneral/MixingModule/fullMixCustomize_cff
Config file RECOMINUP15.py created
