L1Trigger/L1TGlobal/python/StableParameters_cff.py is deprecated, please use GlobalParameters_cff.py instead.
DIGI:pdigi_valid,L1,DIGI2RAW,HLT:@relval2016,ENDJOB
We have determined that this is simulation (if not, rerun cmsDriver.py with --data)
entry filelist:step1_dasquery.log
found files:  ['/store/relval/CMSSW_7_1_20_patch2/RelValWjet_Pt_3000_3500_13/GEN-SIM/MCRUN2_71_V1_GsRealBS-v1/00000/14CE17A4-E981-E511-8B98-0025905A6104.root', '/store/relval/CMSSW_7_1_20_patch2/RelValWjet_Pt_3000_3500_13/GEN-SIM/MCRUN2_71_V1_GsRealBS-v1/00000/349EE494-E681-E511-8DFD-003048FFD736.root', '/store/relval/CMSSW_7_1_20_patch2/RelValWjet_Pt_3000_3500_13/GEN-SIM/MCRUN2_71_V1_GsRealBS-v1/00000/6288CB1A-E481-E511-B14B-002590596484.root', '/store/relval/CMSSW_7_1_20_patch2/RelValWjet_Pt_3000_3500_13/GEN-SIM/MCRUN2_71_V1_GsRealBS-v1/00000/70769D64-E581-E511-8DD9-0025905A6134.root', '/store/relval/CMSSW_7_1_20_patch2/RelValWjet_Pt_3000_3500_13/GEN-SIM/MCRUN2_71_V1_GsRealBS-v1/00000/8A4034A4-E981-E511-86DB-0025905A60BC.root']
 ################################################################### 
 # WARNING: this module is deprecated.                             # 
 # Please use CondCore.CondDB.CondDB_cfi.py                        # 
 ################################################################### 
Step: DIGI Spec: ['pdigi_valid']
Step: L1 Spec: 
L1TCalorimeter Sequence configured for Stage-2 (2016) trigger. 
L1TMuon Sequence configured for Stage-2 (2016) trigger. 
L1TGlobal Sequence configured for Stage-2 (2016) trigger. 
L1TCalorimeter Conditions configured for Stage-2 (2016) trigger. 
L1TMuon Conditions configured for Stage-2 (2016) trigger. 
L1TGlobal Conditions configured for Stage-2 (2016) trigger. 
Step: DIGI2RAW Spec: 
L1TDigiToRaw Sequence configured for Stage-2 (2016) trigger. 
Step: HLT Spec: ['@relval2016']
Step: ENDJOB Spec: 
# Conditions read from  CMS_CONDITIONS  via FrontierProd 
customising the process with customizeHLTforFullSim from HLTrigger/Configuration/customizeHLTforMC
Config file DIGIUP15.py created
