processing relval_standard
ignoring non-requested file relval_highstats
ignoring non-requested file relval_pileup
ignoring non-requested file relval_generator
ignoring non-requested file relval_extendedgen
ignoring non-requested file relval_production
ignoring non-requested file relval_ged
ignoring non-requested file relval_upgrade
ignoring non-requested file relval_2017
ignoring non-requested file relval_identity
ignoring non-requested file relval_machine
ignoring non-requested file relval_unsch
ignoring non-requested file relval_premix
Not running the wf, only creating cfgs and logs
resetting to default number of threads
Running in 4 thread(s)

Preparing to run 135.8 MinBiasFS_13_ForMixing+MinBiasFS_13_ForMixing

# in: /afs/cern.ch/work/p/prebello/private/PAGValidation/TranchIVversion2/CMSSW_8_0_19/src/fastSimnoPUformixing going to execute cd 135.8_MinBiasFS_13_ForMixing+MinBiasFS_13_ForMixing
 cmsDriver.py MinBias_13TeV_pythia8_TuneCUETP8M1_cfi  --conditions auto:run2_mc --fast  -n 10 --era Run2_2016 --eventcontent FASTPU --relval 100000,1000 -s GEN,SIM,RECOBEFMIX --datatier GEN-SIM-RECO --beamspot Realistic50ns13TeVCollision --io MinBiasFS_13_ForMixing.io --python MinBiasFS_13_ForMixing.py  --conditions 80X_mcRun2_asymptotic_2016_TrancheIV_v2 --no_exec --fileout file:step1.root  > step1_MinBiasFS_13_ForMixing+MinBiasFS_13_ForMixing.log  2>&1
 
135.8_MinBiasFS_13_ForMixing+MinBiasFS_13_ForMixing Step0-PASSED  - time date Mon Sep  5 00:41:31 2016-date Mon Sep  5 00:41:23 2016; exit: 0
1 tests passed, 0 failed


	Found wmclient

inspecting 135.8_MinBiasFS_13_ForMixing+MinBiasFS_13_ForMixing
	Fake upload of 135.8_MinBiasFS_13_ForMixing+MinBiasFS_13_ForMixing/MinBiasFS_13_ForMixing.py to couch with label RelValSet_CMSSW_8_0_19_v1_135.8MinBiasFS_13_ForMixing
135.8_MinBiasFS_13_ForMixing+MinBiasFS_13_ForMixing/MinBiasFS_13_ForMixing.py  uploaded to couchDB for 135.8 with ID 1041

	Found wmcontrol

Only viewing request 135.8
{'CMSSWVersion': 'CMSSW_8_0_19',
 'Campaign': 'CMSSW_8_0_19',
 'ConfigCacheURL': 'https://cmsweb.cern.ch/couchdb',
 'CouchURL': 'https://cmsweb.cern.ch/couchdb',
 'DbsUrl': 'https://cmsweb.cern.ch/dbs/prod/global/DBSReader',
 'GlobalTag': u'80X_mcRun2_asymptotic_2016_TrancheIV_v2',
 'Group': 'ppd',
 'Memory': 3000,
 'Multicore': 1,
 'ProcessingVersion': 1,
 'RequestPriority': 500000,
 'RequestString': 'RVCMSSW_8_0_19MinBiasFS_13_ForMixing__Tr4GT_v2_FastSim',
 'RequestType': 'TaskChain',
 'Requestor': 'prebello',
 'ScramArch': 'slc6_amd64_gcc530',
 'SizePerEvent': 1234,
 'SubRequestType': 'RelVal',
 'Task1': {'AcquisitionEra': 'CMSSW_8_0_19',
           'ConfigCacheID': 1041,
           'EventsPerJob': 1000,
           'GlobalTag': u'80X_mcRun2_asymptotic_2016_TrancheIV_v2',
           'KeepOutput': True,
           'Memory': 3000,
           'Multicore': 1,
           'PrimaryDataset': 'RelValMinBiasFS_13_ForMixing',
           'ProcessingString': u'80X_mcRun2_asymptotic_2016_TrancheIV_v2_Tr4GT_v2_FastSim',
           'RequestNumEvents': 100000,
           'Seeding': 'AutomaticSeeding',
           'SplittingAlgo': 'EventBased',
           'TaskName': 'MinBiasFS_13_ForMixing'},
 'TaskChain': 1,
 'TimePerEvent': 0.1,
 'dashboardActivity': 'relval',
 'mergedLFNBase': '/store/relval',
 'unmergedLFNBase': '/store/unmerged'}
None
