This is an expert setting, you'd better know what you're doing
ignoring non-requested file relval_standard
ignoring non-requested file relval_highstats
ignoring non-requested file relval_pileup
ignoring non-requested file relval_generator
ignoring non-requested file relval_extendedgen
ignoring non-requested file relval_production
ignoring non-requested file relval_ged
ignoring non-requested file relval_upgrade
ignoring non-requested file relval_2017
ignoring non-requested file relval_identity
ignoring non-requested file relval_machine
ignoring non-requested file relval_unsch
processing relval_premix
request for INPUT for  ['all']
Running in 4 thread(s)

Preparing to run 250200.0 ZEE_13+ZEE_13INPUT+DIGIPRMXUP15_PU25+RECOPRMXUP15_PU25+HARVESTUP15_PU25

Preparing to run 250200.1 ProdZEE_13_pmx25ns+ProdZEE_13+DIGIPRMXUP15_PROD_PU25+RECOPRMXUP15PROD_PU25

# in: /afs/cern.ch/work/p/prebello/private/PAGValidation/TranchIVversion2/CMSSW_8_0_19/src/fullSimPUwithpremix dryRun for 'cd 250200.0_ZEE_13+ZEE_13INPUT+DIGIPRMXUP15_PU25+RECOPRMXUP15_PU25+HARVESTUP15_PU25
 das_client --limit 0 --query 'file dataset=/RelValZEE_13/CMSSW_7_1_20_patch2-MCRUN2_71_V1_GsRealBS-v1/GEN-SIM' | sort -u > step1_dasquery.log  2>&1
 

Preparing to run 250202.0 TTbar_13+TTbar_13INPUT+DIGIPRMXUP15_PU25+RECOPRMXUP15_PU25+HARVESTUP15_PU25

Preparing to run 250203.0 H125GGgluonfusion_13+H125GGgluonfusion_13INPUT+DIGIPRMXUP15_PU25+RECOPRMXUP15_PU25+HARVESTUP15_PU25

# in: /afs/cern.ch/work/p/prebello/private/PAGValidation/TranchIVversion2/CMSSW_8_0_19/src/fullSimPUwithpremix dryRun for 'cd 250200.1_ProdZEE_13_pmx25ns+ProdZEE_13+DIGIPRMXUP15_PROD_PU25+RECOPRMXUP15PROD_PU25
 cmsDriver.py ZEE_13TeV_TuneCUETP8M1_cfi  --conditions auto:run2_mc -n 10 --era Run2_2016 --eventcontent FEVTDEBUG --relval 9000,100 -s GEN,SIM --datatier GEN-SIM --beamspot Realistic50ns13TeVCollision --io ProdZEE_13.io --python ProdZEE_13.py  --conditions 80X_mcRun2_asymptotic_2016_TrancheIV_v2 --fileout file:step1.root  --nThreads 4 > step1_ProdZEE_13_pmx25ns+ProdZEE_13+DIGIPRMXUP15_PROD_PU25+RECOPRMXUP15PROD_PU25.log  2>&1
 
---

# in: /afs/cern.ch/work/p/prebello/private/PAGValidation/TranchIVversion2/CMSSW_8_0_19/src/fullSimPUwithpremix dryRun for 'cd 250200.0_ZEE_13+ZEE_13INPUT+DIGIPRMXUP15_PU25+RECOPRMXUP15_PU25+HARVESTUP15_PU25
 cmsDriver.py step2  --datamix PreMix --conditions auto:run2_mc -s DIGIPREMIX_S2:pdigi_valid,DATAMIX,L1,DIGI2RAW,HLT:@relval2016 --pileup_input das:/RelValPREMIXUP15_PU25/CMSSW_8_0_19-PU25ns_80X_mcRun2_asymptotic_2016_TrancheIV_v2_Tr4GT_v2-v1/GEN-SIM-DIGI-RAW --datatier GEN-SIM-DIGI-RAW-HLTDEBUG --era Run2_2016 --eventcontent FEVTDEBUGHLT --io DIGIPRMXUP15_PU25.io --python DIGIPRMXUP15_PU25.py  --conditions 80X_mcRun2_asymptotic_2016_TrancheIV_v2 -n 100  --filein filelist:step1_dasquery.log --fileout file:step2.root  --nThreads 4 > step2_ZEE_13+ZEE_13INPUT+DIGIPRMXUP15_PU25+RECOPRMXUP15_PU25+HARVESTUP15_PU25.log  2>&1
 

# in: /afs/cern.ch/work/p/prebello/private/PAGValidation/TranchIVversion2/CMSSW_8_0_19/src/fullSimPUwithpremix dryRun for 'cd 250203.0_H125GGgluonfusion_13+H125GGgluonfusion_13INPUT+DIGIPRMXUP15_PU25+RECOPRMXUP15_PU25+HARVESTUP15_PU25
 das_client --limit 0 --query 'file dataset=/RelValH125GGgluonfusion_13/CMSSW_7_1_20_patch2-MCRUN2_71_V1_GsRealBS-v1/GEN-SIM' | sort -u > step1_dasquery.log  2>&1
 

# in: /afs/cern.ch/work/p/prebello/private/PAGValidation/TranchIVversion2/CMSSW_8_0_19/src/fullSimPUwithpremix dryRun for 'cd 250202.0_TTbar_13+TTbar_13INPUT+DIGIPRMXUP15_PU25+RECOPRMXUP15_PU25+HARVESTUP15_PU25
 das_client --limit 0 --query 'file dataset=/RelValTTbar_13/CMSSW_7_1_20_patch2-MCRUN2_71_V1_GsRealBS-v1/GEN-SIM' | sort -u > step1_dasquery.log  2>&1
 

# in: /afs/cern.ch/work/p/prebello/private/PAGValidation/TranchIVversion2/CMSSW_8_0_19/src/fullSimPUwithpremix dryRun for 'cd 250200.1_ProdZEE_13_pmx25ns+ProdZEE_13+DIGIPRMXUP15_PROD_PU25+RECOPRMXUP15PROD_PU25
 cmsDriver.py step2  --datamix PreMix --conditions auto:run2_mc --pileup_input das:/RelValPREMIXUP15_PU25/CMSSW_8_0_19-PU25ns_80X_mcRun2_asymptotic_2016_TrancheIV_v2_Tr4GT_v2-v1/GEN-SIM-DIGI-RAW -s DIGIPREMIX_S2,DATAMIX,L1,DIGI2RAW,HLT:@relval2016 --datatier PREMIXRAW --era Run2_2016 --eventcontent PREMIXRAW --io DIGIPRMXUP15_PROD_PU25.io --python DIGIPRMXUP15_PROD_PU25.py  --conditions 80X_mcRun2_asymptotic_2016_TrancheIV_v2 -n 100  --filein file:step1.root  --fileout file:step2.root  --nThreads 4 > step2_ProdZEE_13_pmx25ns+ProdZEE_13+DIGIPRMXUP15_PROD_PU25+RECOPRMXUP15PROD_PU25.log  2>&1
 

# in: /afs/cern.ch/work/p/prebello/private/PAGValidation/TranchIVversion2/CMSSW_8_0_19/src/fullSimPUwithpremix dryRun for 'cd 250200.0_ZEE_13+ZEE_13INPUT+DIGIPRMXUP15_PU25+RECOPRMXUP15_PU25+HARVESTUP15_PU25
 cmsDriver.py step3  --conditions auto:run2_mc -n 10 --era Run2_2016 --eventcontent RECOSIM,MINIAODSIM,DQM --runUnscheduled  -s RAW2DIGI,L1Reco,RECO,EI,PAT,VALIDATION:@standardValidation+@miniAODValidation,DQM:@standardDQM+@miniAODDQM --datatier GEN-SIM-RECO,MINIAODSIM,DQMIO --customise SimGeneral/DataMixingModule/customiseForPremixingInput.customiseForPreMixingInput --io RECOPRMXUP15_PU25.io --python RECOPRMXUP15_PU25.py  --conditions 80X_mcRun2_asymptotic_2016_TrancheIV_v2 --filein file:step2.root  --fileout file:step3.root  --nThreads 4 > step3_ZEE_13+ZEE_13INPUT+DIGIPRMXUP15_PU25+RECOPRMXUP15_PU25+HARVESTUP15_PU25.log  2>&1
 
---

# in: /afs/cern.ch/work/p/prebello/private/PAGValidation/TranchIVversion2/CMSSW_8_0_19/src/fullSimPUwithpremix dryRun for 'cd 250203.0_H125GGgluonfusion_13+H125GGgluonfusion_13INPUT+DIGIPRMXUP15_PU25+RECOPRMXUP15_PU25+HARVESTUP15_PU25
 cmsDriver.py step2  --datamix PreMix --conditions auto:run2_mc -s DIGIPREMIX_S2:pdigi_valid,DATAMIX,L1,DIGI2RAW,HLT:@relval2016 --pileup_input das:/RelValPREMIXUP15_PU25/CMSSW_8_0_19-PU25ns_80X_mcRun2_asymptotic_2016_TrancheIV_v2_Tr4GT_v2-v1/GEN-SIM-DIGI-RAW --datatier GEN-SIM-DIGI-RAW-HLTDEBUG --era Run2_2016 --eventcontent FEVTDEBUGHLT --io DIGIPRMXUP15_PU25.io --python DIGIPRMXUP15_PU25.py  --conditions 80X_mcRun2_asymptotic_2016_TrancheIV_v2 -n 100  --filein filelist:step1_dasquery.log --fileout file:step2.root  --nThreads 4 > step2_H125GGgluonfusion_13+H125GGgluonfusion_13INPUT+DIGIPRMXUP15_PU25+RECOPRMXUP15_PU25+HARVESTUP15_PU25.log  2>&1
 ---

# in: /afs/cern.ch/work/p/prebello/private/PAGValidation/TranchIVversion2/CMSSW_8_0_19/src/fullSimPUwithpremix dryRun for 'cd 250202.0_TTbar_13+TTbar_13INPUT+DIGIPRMXUP15_PU25+RECOPRMXUP15_PU25+HARVESTUP15_PU25
 cmsDriver.py step2  --datamix PreMix --conditions auto:run2_mc -s DIGIPREMIX_S2:pdigi_valid,DATAMIX,L1,DIGI2RAW,HLT:@relval2016 --pileup_input das:/RelValPREMIXUP15_PU25/CMSSW_8_0_19-PU25ns_80X_mcRun2_asymptotic_2016_TrancheIV_v2_Tr4GT_v2-v1/GEN-SIM-DIGI-RAW --datatier GEN-SIM-DIGI-RAW-HLTDEBUG --era Run2_2016 --eventcontent FEVTDEBUGHLT --io DIGIPRMXUP15_PU25.io --python DIGIPRMXUP15_PU25.py  --conditions 80X_mcRun2_asymptotic_2016_TrancheIV_v2 -n 100  --filein filelist:step1_dasquery.log --fileout file:step2.root  --nThreads 4 > step2_TTbar_13+TTbar_13INPUT+DIGIPRMXUP15_PU25+RECOPRMXUP15_PU25+HARVESTUP15_PU25.log  2>&1
 


# in: /afs/cern.ch/work/p/prebello/private/PAGValidation/TranchIVversion2/CMSSW_8_0_19/src/fullSimPUwithpremix dryRun for 'cd 250200.1_ProdZEE_13_pmx25ns+ProdZEE_13+DIGIPRMXUP15_PROD_PU25+RECOPRMXUP15PROD_PU25
 cmsDriver.py step3  --runUnscheduled  --conditions auto:run2_mc -s RAW2DIGI,L1Reco,RECO,EI,PAT,DQM:DQMOfflinePOGMC --datatier AODSIM,MINIAODSIM,DQMIO -n 10 --era Run2_2016 --eventcontent AODSIM,MINIAODSIM,DQMIO --io RECOPRMXUP15PROD_PU25.io --python RECOPRMXUP15PROD_PU25.py  --conditions 80X_mcRun2_asymptotic_2016_TrancheIV_v2 --filein file:step2.root  --fileout file:step3.root  --nThreads 4 > step3_ProdZEE_13_pmx25ns+ProdZEE_13+DIGIPRMXUP15_PROD_PU25+RECOPRMXUP15PROD_PU25.log  2>&1
 

# in: /afs/cern.ch/work/p/prebello/private/PAGValidation/TranchIVversion2/CMSSW_8_0_19/src/fullSimPUwithpremix dryRun for 'cd 250202.0_TTbar_13+TTbar_13INPUT+DIGIPRMXUP15_PU25+RECOPRMXUP15_PU25+HARVESTUP15_PU25
 cmsDriver.py step3  --conditions auto:run2_mc -n 10 --era Run2_2016 --eventcontent RECOSIM,MINIAODSIM,DQM --runUnscheduled  -s RAW2DIGI,L1Reco,RECO,EI,PAT,VALIDATION:@standardValidation+@miniAODValidation,DQM:@standardDQM+@miniAODDQM --datatier GEN-SIM-RECO,MINIAODSIM,DQMIO --customise SimGeneral/DataMixingModule/customiseForPremixingInput.customiseForPreMixingInput --io RECOPRMXUP15_PU25.io --python RECOPRMXUP15_PU25.py  --conditions 80X_mcRun2_asymptotic_2016_TrancheIV_v2 --filein file:step2.root  --fileout file:step3.root  --nThreads 4 > step3_TTbar_13+TTbar_13INPUT+DIGIPRMXUP15_PU25+RECOPRMXUP15_PU25+HARVESTUP15_PU25.log  2>&1
 

# in: /afs/cern.ch/work/p/prebello/private/PAGValidation/TranchIVversion2/CMSSW_8_0_19/src/fullSimPUwithpremix dryRun for 'cd 250203.0_H125GGgluonfusion_13+H125GGgluonfusion_13INPUT+DIGIPRMXUP15_PU25+RECOPRMXUP15_PU25+HARVESTUP15_PU25
 cmsDriver.py step3  --conditions auto:run2_mc -n 10 --era Run2_2016 --eventcontent RECOSIM,MINIAODSIM,DQM --runUnscheduled  -s RAW2DIGI,L1Reco,RECO,EI,PAT,VALIDATION:@standardValidation+@miniAODValidation,DQM:@standardDQM+@miniAODDQM --datatier GEN-SIM-RECO,MINIAODSIM,DQMIO --customise SimGeneral/DataMixingModule/customiseForPremixingInput.customiseForPreMixingInput --io RECOPRMXUP15_PU25.io --python RECOPRMXUP15_PU25.py  --conditions 80X_mcRun2_asymptotic_2016_TrancheIV_v2 --filein file:step2.root  --fileout file:step3.root  --nThreads 4 > step3_H125GGgluonfusion_13+H125GGgluonfusion_13INPUT+DIGIPRMXUP15_PU25+RECOPRMXUP15_PU25+HARVESTUP15_PU25.log  2>&1
 

# in: /afs/cern.ch/work/p/prebello/private/PAGValidation/TranchIVversion2/CMSSW_8_0_19/src/fullSimPUwithpremix dryRun for 'cd 250200.0_ZEE_13+ZEE_13INPUT+DIGIPRMXUP15_PU25+RECOPRMXUP15_PU25+HARVESTUP15_PU25
 cmsDriver.py step4  --filetype DQM --conditions auto:run2_mc --mc  -s HARVESTING:@standardValidation+@standardDQM+@miniAODValidation+@miniAODDQM --era Run2_2016 --io HARVESTUP15_PU25.io --python HARVESTUP15_PU25.py  --conditions 80X_mcRun2_asymptotic_2016_TrancheIV_v2 -n 100  --filein file:step3_inDQM.root --fileout file:step4.root  > step4_ZEE_13+ZEE_13INPUT+DIGIPRMXUP15_PU25+RECOPRMXUP15_PU25+HARVESTUP15_PU25.log  2>&1
 

# in: /afs/cern.ch/work/p/prebello/private/PAGValidation/TranchIVversion2/CMSSW_8_0_19/src/fullSimPUwithpremix dryRun for 'cd 250202.0_TTbar_13+TTbar_13INPUT+DIGIPRMXUP15_PU25+RECOPRMXUP15_PU25+HARVESTUP15_PU25
 cmsDriver.py step4  --filetype DQM --conditions auto:run2_mc --mc  -s HARVESTING:@standardValidation+@standardDQM+@miniAODValidation+@miniAODDQM --era Run2_2016 --io HARVESTUP15_PU25.io --python HARVESTUP15_PU25.py  --conditions 80X_mcRun2_asymptotic_2016_TrancheIV_v2 -n 100  --filein file:step3_inDQM.root --fileout file:step4.root  > step4_TTbar_13+TTbar_13INPUT+DIGIPRMXUP15_PU25+RECOPRMXUP15_PU25+HARVESTUP15_PU25.log  2>&1
 

# in: /afs/cern.ch/work/p/prebello/private/PAGValidation/TranchIVversion2/CMSSW_8_0_19/src/fullSimPUwithpremix dryRun for 'cd 250203.0_H125GGgluonfusion_13+H125GGgluonfusion_13INPUT+DIGIPRMXUP15_PU25+RECOPRMXUP15_PU25+HARVESTUP15_PU25
 cmsDriver.py step4  --filetype DQM --conditions auto:run2_mc --mc  -s HARVESTING:@standardValidation+@standardDQM+@miniAODValidation+@miniAODDQM --era Run2_2016 --io HARVESTUP15_PU25.io --python HARVESTUP15_PU25.py  --conditions 80X_mcRun2_asymptotic_2016_TrancheIV_v2 -n 100  --filein file:step3_inDQM.root --fileout file:step4.root  > step4_H125GGgluonfusion_13+H125GGgluonfusion_13INPUT+DIGIPRMXUP15_PU25+RECOPRMXUP15_PU25+HARVESTUP15_PU25.log  2>&1
 

Preparing to run 250204.0 QQH1352T_13+QQH1352T_13INPUT+DIGIPRMXUP15_PU25+RECOPRMXUP15_PU25+HARVESTUP15_PU25

Preparing to run 250205.0 ZTT_13+ZTT_13INPUT+DIGIPRMXUP15_PU25+RECOPRMXUP15_PU25+HARVESTUP15_PU25

# in: /afs/cern.ch/work/p/prebello/private/PAGValidation/TranchIVversion2/CMSSW_8_0_19/src/fullSimPUwithpremix dryRun for 'cd 250204.0_QQH1352T_13+QQH1352T_13INPUT+DIGIPRMXUP15_PU25+RECOPRMXUP15_PU25+HARVESTUP15_PU25
 das_client --limit 0 --query 'file dataset=/RelValQQH1352T_13/CMSSW_7_1_20_patch2-MCRUN2_71_V1_GsRealBS-v1/GEN-SIM' | sort -u > step1_dasquery.log  2>&1
 

Preparing to run 250206.0 ZMM_13+ZMM_13INPUT+DIGIPRMXUP15_PU25+RECOPRMXUP15_PU25+HARVESTUP15_PU25

# in: /afs/cern.ch/work/p/prebello/private/PAGValidation/TranchIVversion2/CMSSW_8_0_19/src/fullSimPUwithpremix dryRun for 'cd 250205.0_ZTT_13+ZTT_13INPUT+DIGIPRMXUP15_PU25+RECOPRMXUP15_PU25+HARVESTUP15_PU25
 das_client --limit 0 --query 'file dataset=/RelValZTT_13/CMSSW_7_1_20_patch2-MCRUN2_71_V1_GsRealBS-v1/GEN-SIM' | sort -u > step1_dasquery.log  2>&1
 

# in: /afs/cern.ch/work/p/prebello/private/PAGValidation/TranchIVversion2/CMSSW_8_0_19/src/fullSimPUwithpremix dryRun for 'cd 250206.0_ZMM_13+ZMM_13INPUT+DIGIPRMXUP15_PU25+RECOPRMXUP15_PU25+HARVESTUP15_PU25
 das_client --limit 0 --query 'file dataset=/RelValZMM_13/CMSSW_7_1_20_patch2-MCRUN2_71_V1_GsRealBS-v1/GEN-SIM' | sort -u > step1_dasquery.log  2>&1
 

Preparing to run 250207.0 NuGun_UP15+NuGun_UP15INPUT+DIGIPRMXUP15_PU25+RECOPRMXUP15_PU25+HARVESTUP15_PU25
---
 
# in: /afs/cern.ch/work/p/prebello/private/PAGValidation/TranchIVversion2/CMSSW_8_0_19/src/fullSimPUwithpremix dryRun for 'cd 250207.0_NuGun_UP15+NuGun_UP15INPUT+DIGIPRMXUP15_PU25+RECOPRMXUP15_PU25+HARVESTUP15_PU25
 das_client --limit 0 --query 'file dataset=/RelValNuGun_UP15/CMSSW_7_1_20_patch2-MCRUN2_71_V1_GsRealBS-v1/GEN-SIM' | sort -u > step1_dasquery.log  2>&1
 

# in: /afs/cern.ch/work/p/prebello/private/PAGValidation/TranchIVversion2/CMSSW_8_0_19/src/fullSimPUwithpremix dryRun for 'cd 250204.0_QQH1352T_13+QQH1352T_13INPUT+DIGIPRMXUP15_PU25+RECOPRMXUP15_PU25+HARVESTUP15_PU25
 cmsDriver.py step2  --datamix PreMix --conditions auto:run2_mc -s DIGIPREMIX_S2:pdigi_valid,DATAMIX,L1,DIGI2RAW,HLT:@relval2016 --pileup_input das:/RelValPREMIXUP15_PU25/CMSSW_8_0_19-PU25ns_80X_mcRun2_asymptotic_2016_TrancheIV_v2_Tr4GT_v2-v1/GEN-SIM-DIGI-RAW --datatier GEN-SIM-DIGI-RAW-HLTDEBUG --era Run2_2016 --eventcontent FEVTDEBUGHLT --io DIGIPRMXUP15_PU25.io --python DIGIPRMXUP15_PU25.py  --conditions 80X_mcRun2_asymptotic_2016_TrancheIV_v2 -n 100  --filein filelist:step1_dasquery.log --fileout file:step2.root  --nThreads 4 > step2_QQH1352T_13+QQH1352T_13INPUT+DIGIPRMXUP15_PU25+RECOPRMXUP15_PU25+HARVESTUP15_PU25.log  2>&1
 ---


# in: /afs/cern.ch/work/p/prebello/private/PAGValidation/TranchIVversion2/CMSSW_8_0_19/src/fullSimPUwithpremix dryRun for 'cd 250205.0_ZTT_13+ZTT_13INPUT+DIGIPRMXUP15_PU25+RECOPRMXUP15_PU25+HARVESTUP15_PU25
 cmsDriver.py step2  --datamix PreMix --conditions auto:run2_mc -s DIGIPREMIX_S2:pdigi_valid,DATAMIX,L1,DIGI2RAW,HLT:@relval2016 --pileup_input das:/RelValPREMIXUP15_PU25/CMSSW_8_0_19-PU25ns_80X_mcRun2_asymptotic_2016_TrancheIV_v2_Tr4GT_v2-v1/GEN-SIM-DIGI-RAW --datatier GEN-SIM-DIGI-RAW-HLTDEBUG --era Run2_2016 --eventcontent FEVTDEBUGHLT --io DIGIPRMXUP15_PU25.io --python DIGIPRMXUP15_PU25.py  --conditions 80X_mcRun2_asymptotic_2016_TrancheIV_v2 -n 100  --filein filelist:step1_dasquery.log --fileout file:step2.root  --nThreads 4 > step2_ZTT_13+ZTT_13INPUT+DIGIPRMXUP15_PU25+RECOPRMXUP15_PU25+HARVESTUP15_PU25.log  2>&1
 
---

# in: /afs/cern.ch/work/p/prebello/private/PAGValidation/TranchIVversion2/CMSSW_8_0_19/src/fullSimPUwithpremix dryRun for 'cd 250206.0_ZMM_13+ZMM_13INPUT+DIGIPRMXUP15_PU25+RECOPRMXUP15_PU25+HARVESTUP15_PU25
 cmsDriver.py step2  --datamix PreMix --conditions auto:run2_mc -s DIGIPREMIX_S2:pdigi_valid,DATAMIX,L1,DIGI2RAW,HLT:@relval2016 --pileup_input das:/RelValPREMIXUP15_PU25/CMSSW_8_0_19-PU25ns_80X_mcRun2_asymptotic_2016_TrancheIV_v2_Tr4GT_v2-v1/GEN-SIM-DIGI-RAW --datatier GEN-SIM-DIGI-RAW-HLTDEBUG --era Run2_2016 --eventcontent FEVTDEBUGHLT --io DIGIPRMXUP15_PU25.io --python DIGIPRMXUP15_PU25.py  --conditions 80X_mcRun2_asymptotic_2016_TrancheIV_v2 -n 100  --filein filelist:step1_dasquery.log --fileout file:step2.root  --nThreads 4 > step2_ZMM_13+ZMM_13INPUT+DIGIPRMXUP15_PU25+RECOPRMXUP15_PU25+HARVESTUP15_PU25.log  2>&1
 

# in: /afs/cern.ch/work/p/prebello/private/PAGValidation/TranchIVversion2/CMSSW_8_0_19/src/fullSimPUwithpremix dryRun for 'cd 250204.0_QQH1352T_13+QQH1352T_13INPUT+DIGIPRMXUP15_PU25+RECOPRMXUP15_PU25+HARVESTUP15_PU25
 cmsDriver.py step3  --conditions auto:run2_mc -n 10 --era Run2_2016 --eventcontent RECOSIM,MINIAODSIM,DQM --runUnscheduled  -s RAW2DIGI,L1Reco,RECO,EI,PAT,VALIDATION:@standardValidation+@miniAODValidation,DQM:@standardDQM+@miniAODDQM --datatier GEN-SIM-RECO,MINIAODSIM,DQMIO --customise SimGeneral/DataMixingModule/customiseForPremixingInput.customiseForPreMixingInput --io RECOPRMXUP15_PU25.io --python RECOPRMXUP15_PU25.py  --conditions 80X_mcRun2_asymptotic_2016_TrancheIV_v2 --filein file:step2.root  --fileout file:step3.root  --nThreads 4 > step3_QQH1352T_13+QQH1352T_13INPUT+DIGIPRMXUP15_PU25+RECOPRMXUP15_PU25+HARVESTUP15_PU25.log  2>&1
 
---
 
# in: /afs/cern.ch/work/p/prebello/private/PAGValidation/TranchIVversion2/CMSSW_8_0_19/src/fullSimPUwithpremix dryRun for 'cd 250206.0_ZMM_13+ZMM_13INPUT+DIGIPRMXUP15_PU25+RECOPRMXUP15_PU25+HARVESTUP15_PU25
 cmsDriver.py step3  --conditions auto:run2_mc -n 10 --era Run2_2016 --eventcontent RECOSIM,MINIAODSIM,DQM --runUnscheduled  -s RAW2DIGI,L1Reco,RECO,EI,PAT,VALIDATION:@standardValidation+@miniAODValidation,DQM:@standardDQM+@miniAODDQM --datatier GEN-SIM-RECO,MINIAODSIM,DQMIO --customise SimGeneral/DataMixingModule/customiseForPremixingInput.customiseForPreMixingInput --io RECOPRMXUP15_PU25.io --python RECOPRMXUP15_PU25.py  --conditions 80X_mcRun2_asymptotic_2016_TrancheIV_v2 --filein file:step2.root  --fileout file:step3.root  --nThreads 4 > step3_ZMM_13+ZMM_13INPUT+DIGIPRMXUP15_PU25+RECOPRMXUP15_PU25+HARVESTUP15_PU25.log  2>&1
 

# in: /afs/cern.ch/work/p/prebello/private/PAGValidation/TranchIVversion2/CMSSW_8_0_19/src/fullSimPUwithpremix dryRun for 'cd 250205.0_ZTT_13+ZTT_13INPUT+DIGIPRMXUP15_PU25+RECOPRMXUP15_PU25+HARVESTUP15_PU25
 cmsDriver.py step3  --conditions auto:run2_mc -n 10 --era Run2_2016 --eventcontent RECOSIM,MINIAODSIM,DQM --runUnscheduled  -s RAW2DIGI,L1Reco,RECO,EI,PAT,VALIDATION:@standardValidation+@miniAODValidation,DQM:@standardDQM+@miniAODDQM --datatier GEN-SIM-RECO,MINIAODSIM,DQMIO --customise SimGeneral/DataMixingModule/customiseForPremixingInput.customiseForPreMixingInput --io RECOPRMXUP15_PU25.io --python RECOPRMXUP15_PU25.py  --conditions 80X_mcRun2_asymptotic_2016_TrancheIV_v2 --filein file:step2.root  --fileout file:step3.root  --nThreads 4 > step3_ZTT_13+ZTT_13INPUT+DIGIPRMXUP15_PU25+RECOPRMXUP15_PU25+HARVESTUP15_PU25.log  2>&1
 

# in: /afs/cern.ch/work/p/prebello/private/PAGValidation/TranchIVversion2/CMSSW_8_0_19/src/fullSimPUwithpremix dryRun for 'cd 250207.0_NuGun_UP15+NuGun_UP15INPUT+DIGIPRMXUP15_PU25+RECOPRMXUP15_PU25+HARVESTUP15_PU25
 cmsDriver.py step2  --datamix PreMix --conditions auto:run2_mc -s DIGIPREMIX_S2:pdigi_valid,DATAMIX,L1,DIGI2RAW,HLT:@relval2016 --pileup_input das:/RelValPREMIXUP15_PU25/CMSSW_8_0_19-PU25ns_80X_mcRun2_asymptotic_2016_TrancheIV_v2_Tr4GT_v2-v1/GEN-SIM-DIGI-RAW --datatier GEN-SIM-DIGI-RAW-HLTDEBUG --era Run2_2016 --eventcontent FEVTDEBUGHLT --io DIGIPRMXUP15_PU25.io --python DIGIPRMXUP15_PU25.py  --conditions 80X_mcRun2_asymptotic_2016_TrancheIV_v2 -n 100  --filein filelist:step1_dasquery.log --fileout file:step2.root  --nThreads 4 > step2_NuGun_UP15+NuGun_UP15INPUT+DIGIPRMXUP15_PU25+RECOPRMXUP15_PU25+HARVESTUP15_PU25.log  2>&1
 

# in: /afs/cern.ch/work/p/prebello/private/PAGValidation/TranchIVversion2/CMSSW_8_0_19/src/fullSimPUwithpremix dryRun for 'cd 250204.0_QQH1352T_13+QQH1352T_13INPUT+DIGIPRMXUP15_PU25+RECOPRMXUP15_PU25+HARVESTUP15_PU25
 cmsDriver.py step4  --filetype DQM --conditions auto:run2_mc --mc  -s HARVESTING:@standardValidation+@standardDQM+@miniAODValidation+@miniAODDQM --era Run2_2016 --io HARVESTUP15_PU25.io --python HARVESTUP15_PU25.py  --conditions 80X_mcRun2_asymptotic_2016_TrancheIV_v2 -n 100  --filein file:step3_inDQM.root --fileout file:step4.root  > step4_QQH1352T_13+QQH1352T_13INPUT+DIGIPRMXUP15_PU25+RECOPRMXUP15_PU25+HARVESTUP15_PU25.log  2>&1
 

# in: /afs/cern.ch/work/p/prebello/private/PAGValidation/TranchIVversion2/CMSSW_8_0_19/src/fullSimPUwithpremix dryRun for 'cd 250206.0_ZMM_13+ZMM_13INPUT+DIGIPRMXUP15_PU25+RECOPRMXUP15_PU25+HARVESTUP15_PU25
 cmsDriver.py step4  --filetype DQM --conditions auto:run2_mc --mc  -s HARVESTING:@standardValidation+@standardDQM+@miniAODValidation+@miniAODDQM --era Run2_2016 --io HARVESTUP15_PU25.io --python HARVESTUP15_PU25.py  --conditions 80X_mcRun2_asymptotic_2016_TrancheIV_v2 -n 100  --filein file:step3_inDQM.root --fileout file:step4.root  > step4_ZMM_13+ZMM_13INPUT+DIGIPRMXUP15_PU25+RECOPRMXUP15_PU25+HARVESTUP15_PU25.log  2>&1
 

# in: /afs/cern.ch/work/p/prebello/private/PAGValidation/TranchIVversion2/CMSSW_8_0_19/src/fullSimPUwithpremix dryRun for 'cd 250207.0_NuGun_UP15+NuGun_UP15INPUT+DIGIPRMXUP15_PU25+RECOPRMXUP15_PU25+HARVESTUP15_PU25
 cmsDriver.py step3  --conditions auto:run2_mc -n 10 --era Run2_2016 --eventcontent RECOSIM,MINIAODSIM,DQM --runUnscheduled  -s RAW2DIGI,L1Reco,RECO,EI,PAT,VALIDATION:@standardValidation+@miniAODValidation,DQM:@standardDQM+@miniAODDQM --datatier GEN-SIM-RECO,MINIAODSIM,DQMIO --customise SimGeneral/DataMixingModule/customiseForPremixingInput.customiseForPreMixingInput --io RECOPRMXUP15_PU25.io --python RECOPRMXUP15_PU25.py  --conditions 80X_mcRun2_asymptotic_2016_TrancheIV_v2 --filein file:step2.root  --fileout file:step3.root  --nThreads 4 > step3_NuGun_UP15+NuGun_UP15INPUT+DIGIPRMXUP15_PU25+RECOPRMXUP15_PU25+HARVESTUP15_PU25.log  2>&1
 

# in: /afs/cern.ch/work/p/prebello/private/PAGValidation/TranchIVversion2/CMSSW_8_0_19/src/fullSimPUwithpremix dryRun for 'cd 250205.0_ZTT_13+ZTT_13INPUT+DIGIPRMXUP15_PU25+RECOPRMXUP15_PU25+HARVESTUP15_PU25
 cmsDriver.py step4  --filetype DQM --conditions auto:run2_mc --mc  -s HARVESTING:@standardValidation+@standardDQM+@miniAODValidation+@miniAODDQM --era Run2_2016 --io HARVESTUP15_PU25.io --python HARVESTUP15_PU25.py  --conditions 80X_mcRun2_asymptotic_2016_TrancheIV_v2 -n 100  --filein file:step3_inDQM.root --fileout file:step4.root  > step4_ZTT_13+ZTT_13INPUT+DIGIPRMXUP15_PU25+RECOPRMXUP15_PU25+HARVESTUP15_PU25.log  2>&1
 

# in: /afs/cern.ch/work/p/prebello/private/PAGValidation/TranchIVversion2/CMSSW_8_0_19/src/fullSimPUwithpremix dryRun for 'cd 250207.0_NuGun_UP15+NuGun_UP15INPUT+DIGIPRMXUP15_PU25+RECOPRMXUP15_PU25+HARVESTUP15_PU25
 cmsDriver.py step4  --filetype DQM --conditions auto:run2_mc --mc  -s HARVESTING:@standardValidation+@standardDQM+@miniAODValidation+@miniAODDQM --era Run2_2016 --io HARVESTUP15_PU25.io --python HARVESTUP15_PU25.py  --conditions 80X_mcRun2_asymptotic_2016_TrancheIV_v2 -n 100  --filein file:step3_inDQM.root --fileout file:step4.root  > step4_NuGun_UP15+NuGun_UP15INPUT+DIGIPRMXUP15_PU25+RECOPRMXUP15_PU25+HARVESTUP15_PU25.log  2>&1
 
250200.0_ZEE_13+ZEE_13INPUT+DIGIPRMXUP15_PU25+RECOPRMXUP15_PU25+HARVESTUP15_PU25 Step0-PASSED Step1-PASSED Step2-PASSED Step3-PASSED  - time date Mon Sep  5 05:07:00 2016-date Mon Sep  5 05:07:00 2016; exit: 0 0 0 0
250200.1_ProdZEE_13_pmx25ns+ProdZEE_13+DIGIPRMXUP15_PROD_PU25+RECOPRMXUP15PROD_PU25 Step0-PASSED Step1-PASSED Step2-PASSED  - time date Mon Sep  5 05:07:00 2016-date Mon Sep  5 05:07:00 2016; exit: 0 0 0
250202.0_TTbar_13+TTbar_13INPUT+DIGIPRMXUP15_PU25+RECOPRMXUP15_PU25+HARVESTUP15_PU25 Step0-PASSED Step1-PASSED Step2-PASSED Step3-PASSED  - time date Mon Sep  5 05:07:00 2016-date Mon Sep  5 05:07:00 2016; exit: 0 0 0 0
250203.0_H125GGgluonfusion_13+H125GGgluonfusion_13INPUT+DIGIPRMXUP15_PU25+RECOPRMXUP15_PU25+HARVESTUP15_PU25 Step0-PASSED Step1-PASSED Step2-PASSED Step3-PASSED  - time date Mon Sep  5 05:07:00 2016-date Mon Sep  5 05:07:00 2016; exit: 0 0 0 0
250204.0_QQH1352T_13+QQH1352T_13INPUT+DIGIPRMXUP15_PU25+RECOPRMXUP15_PU25+HARVESTUP15_PU25 Step0-PASSED Step1-PASSED Step2-PASSED Step3-PASSED  - time date Mon Sep  5 05:07:10 2016-date Mon Sep  5 05:07:10 2016; exit: 0 0 0 0
250205.0_ZTT_13+ZTT_13INPUT+DIGIPRMXUP15_PU25+RECOPRMXUP15_PU25+HARVESTUP15_PU25 Step0-PASSED Step1-PASSED Step2-PASSED Step3-PASSED  - time date Mon Sep  5 05:07:10 2016-date Mon Sep  5 05:07:10 2016; exit: 0 0 0 0
250206.0_ZMM_13+ZMM_13INPUT+DIGIPRMXUP15_PU25+RECOPRMXUP15_PU25+HARVESTUP15_PU25 Step0-PASSED Step1-PASSED Step2-PASSED Step3-PASSED  - time date Mon Sep  5 05:07:10 2016-date Mon Sep  5 05:07:10 2016; exit: 0 0 0 0
250207.0_NuGun_UP15+NuGun_UP15INPUT+DIGIPRMXUP15_PU25+RECOPRMXUP15_PU25+HARVESTUP15_PU25 Step0-PASSED Step1-PASSED Step2-PASSED Step3-PASSED  - time date Mon Sep  5 05:07:10 2016-date Mon Sep  5 05:07:10 2016; exit: 0 0 0 0
8 8 8 7 tests passed, 0 0 0 0 failed


	Found wmclient

inspecting 250200.1_ProdZEE_13_pmx25ns+ProdZEE_13+DIGIPRMXUP15_PROD_PU25+RECOPRMXUP15PROD_PU25
inspecting 250200.0_ZEE_13+ZEE_13INPUT+DIGIPRMXUP15_PU25+RECOPRMXUP15_PU25+HARVESTUP15_PU25
inspecting 250202.0_TTbar_13+TTbar_13INPUT+DIGIPRMXUP15_PU25+RECOPRMXUP15_PU25+HARVESTUP15_PU25
inspecting 250203.0_H125GGgluonfusion_13+H125GGgluonfusion_13INPUT+DIGIPRMXUP15_PU25+RECOPRMXUP15_PU25+HARVESTUP15_PU25
inspecting 250204.0_QQH1352T_13+QQH1352T_13INPUT+DIGIPRMXUP15_PU25+RECOPRMXUP15_PU25+HARVESTUP15_PU25
inspecting 250205.0_ZTT_13+ZTT_13INPUT+DIGIPRMXUP15_PU25+RECOPRMXUP15_PU25+HARVESTUP15_PU25
inspecting 250206.0_ZMM_13+ZMM_13INPUT+DIGIPRMXUP15_PU25+RECOPRMXUP15_PU25+HARVESTUP15_PU25
inspecting 250207.0_NuGun_UP15+NuGun_UP15INPUT+DIGIPRMXUP15_PU25+RECOPRMXUP15_PU25+HARVESTUP15_PU25
Loading 250200.1_ProdZEE_13_pmx25ns+ProdZEE_13+DIGIPRMXUP15_PROD_PU25+RECOPRMXUP15PROD_PU25/ProdZEE_13.py to https://cmsweb.cern.ch/couchdb for 250200.1ProdZEE_13
Importing the config, this may take a while...250200.1_ProdZEE_13_pmx25ns+ProdZEE_13+DIGIPRMXUP15_PROD_PU25+RECOPRMXUP15PROD_PU25/ProdZEE_13.py  uploaded to couchDB for 250200.1 with ID d023256e1c53c0d5393b30072d69d9a0
Loading 250200.1_ProdZEE_13_pmx25ns+ProdZEE_13+DIGIPRMXUP15_PROD_PU25+RECOPRMXUP15PROD_PU25/DIGIPRMXUP15_PROD_PU25.py to https://cmsweb.cern.ch/couchdb for 250200.1DIGIPRMXUP15_PROD_PU25
Importing the config, this may take a while...L1Trigger/L1TGlobal/python/StableParameters_cff.py is deprecated, please use GlobalParameters_cff.py instead.
250200.1_ProdZEE_13_pmx25ns+ProdZEE_13+DIGIPRMXUP15_PROD_PU25+RECOPRMXUP15PROD_PU25/DIGIPRMXUP15_PROD_PU25.py  uploaded to couchDB for 250200.1 with ID d023256e1c53c0d5393b30072d6a6a5e
Loading 250200.1_ProdZEE_13_pmx25ns+ProdZEE_13+DIGIPRMXUP15_PROD_PU25+RECOPRMXUP15PROD_PU25/RECOPRMXUP15PROD_PU25.py to https://cmsweb.cern.ch/couchdb for 250200.1RECOPRMXUP15PROD_PU25
Importing the config, this may take a while...Added 'egmPhotonIDs' to process definition (MiniAOD format)!
250200.1_ProdZEE_13_pmx25ns+ProdZEE_13+DIGIPRMXUP15_PROD_PU25+RECOPRMXUP15PROD_PU25/RECOPRMXUP15PROD_PU25.py  uploaded to couchDB for 250200.1 with ID d023256e1c53c0d5393b30072d6a8934
Loading 250200.0_ZEE_13+ZEE_13INPUT+DIGIPRMXUP15_PU25+RECOPRMXUP15_PU25+HARVESTUP15_PU25/DIGIPRMXUP15_PU25.py to https://cmsweb.cern.ch/couchdb for 250200.0DIGIPRMXUP15_PU25
Importing the config, this may take a while...L1Trigger/L1TGlobal/python/StableParameters_cff.py is deprecated, please use GlobalParameters_cff.py instead.
250200.0_ZEE_13+ZEE_13INPUT+DIGIPRMXUP15_PU25+RECOPRMXUP15_PU25+HARVESTUP15_PU25/DIGIPRMXUP15_PU25.py  uploaded to couchDB for 250200.0 with ID d023256e1c53c0d5393b30072d6a8e2d
Loading 250200.0_ZEE_13+ZEE_13INPUT+DIGIPRMXUP15_PU25+RECOPRMXUP15_PU25+HARVESTUP15_PU25/RECOPRMXUP15_PU25.py to https://cmsweb.cern.ch/couchdb for 250200.0RECOPRMXUP15_PU25
Importing the config, this may take a while...Added 'egmPhotonIDs' to process definition (MiniAOD format)!
250200.0_ZEE_13+ZEE_13INPUT+DIGIPRMXUP15_PU25+RECOPRMXUP15_PU25+HARVESTUP15_PU25/RECOPRMXUP15_PU25.py  uploaded to couchDB for 250200.0 with ID d023256e1c53c0d5393b30072d6aad1d
Loading 250200.0_ZEE_13+ZEE_13INPUT+DIGIPRMXUP15_PU25+RECOPRMXUP15_PU25+HARVESTUP15_PU25/HARVESTUP15_PU25.py to https://cmsweb.cern.ch/couchdb for 250200.0harvesting
Importing the config, this may take a while...  ################################################################### 
 # WARNING: this module is deprecated.                             # 
 # Please use CondCore.CondDB.CondDB_cfi.py                        # 
 ################################################################### 
WARNING:  L1Trigger/L1TCommon/python/caloStage1LegacyFormatDigis_cfi.py has been deprecated...
WARNING:  please use L1Trigger/L1TCalorimeter/python/caloStage1LegacyFormatDigis_cfi.py
['HLT_Photon90_CaloIdL_PFHT500', 'HLT_HT430to450', 'DST_HT250_CaloScouting', 'HLT_L2Mu40_NoVertex_3Sta_NoBPTX3BX', 'HLT_MET200', 'HLT_PFMET170_NotCleaned', 'HLT_JetE30_NoBPTX3BX', 'HLT_PFMET170_JetIdCleaned', 'HLT_PFHT550_4JetPt50', 'HLT_Mu27_TkMu8', 'HLT_HT250_DisplacedDijet40_DisplacedTrack', 'HLT_Mu55', 'HLT_Mu50', 'HLT_MonoCentralPFJet80_PFMETNoMu100_PFMHTNoMu100_IDTight', 'HLT_DiCentralPFJet330_CFMax0p5', 'HLT_Photon90_CaloIdL_PFHT600HLT_HT650', 'HLT_PFHT650', 'DST_L1DoubleMu_CaloScouting_PFScouting', 'DST_HT450_PFReco_PFBTagCSVReco_PFScouting', 'HLT_TrkMu15_DoubleTrkMu5NoFiltersNoVtx', 'HLT_Photon42_R9Id85_OR_CaloId24b40e_Iso50T80L_Photon25_AND_HE10_R9Id65_Eta2_Mass15', 'HLT_HT410to430', 'HLT_PFHT750_4JetPt70', 'HLT_HT350_DisplacedDijet40_Inclusive', 'DST_DoubleMu3_Mass10_BTagScouting', 'HLT_HT200_DisplacedDijet40_DisplacedTrack', 'HLT_HT350_DisplacedDijet40_DisplacedTrack', 'HLT_DoublePhoton40', 'DST_L1DoubleMu_BTagScouting', 'HLT_Mu23NoFiltersNoVtx_Photon23_CaloIdL', 'DST_ZeroBias_CaloScouting_PFScouting', 'HLT_HT275', 'HLT_DoubleEle25_CaloIdL_GsfTrkIdVL', 'HLT_PFMETNoMu110_PFMHTNoMu110_IDTight', 'HLT_HT470to500', 'HLT_HT575', 'HLT_Ele105_CaloIdVT_GsfTrkIdT', 'HLT_VBF_DisplacedJet40_VTightID_Hadronic', 'HLT_PFMET170_NoiseCleaned', 'HLT_DoubleMu18NoFiltersNoVtx', 'HLT_MET200_JetIdCleaned', 'HLT_PFHT850_4JetPt50', 'HLT_PFHT550_4Jet', 'HLT_HT550_DisplacedDijet40_Inclusive', 'HLT_PFMET170', 'HLT_MET100', 'HLT_MonoCentralPFJet80_PFMETNoMu110_PFMHTNoMu110_IDTight', 'HLT_Mu38NoFiltersNoVtxDisplaced_DisplacedJet60_Tight', 'HLT_MonoCentralPFJet80_PFMETNoMu120_JetIdCleaned_PFMHTNoMu120_IDTight', 'HLT_DoublePhoton50', 'HLT_Photon36_R9Id85_OR_CaloId24b40e_Iso50T80L_Photon31_AND_HE10_R9Id65_Mass10', 'HLT_TrkMu17_DoubleTrkMu8NoFiltersNoVtx', 'HLT_MET60_IsoTrk35_Loose', 'HLT_VBF_DisplacedJet40_DisplacedTrack', 'HLT_Photon26_R9Id85_OR_CaloId24b40e_Iso50T80L_Photon16_AND_HE10_R9Id65_Mass60', 'HLT_HT450to470', 'DST_HT250_CaloBTagScouting', 'HLT_HT350_DisplacedDijet80_DisplacedTrack', 'DST_CaloJet40_PFReco_PFBTagCSVReco_PFScouting', 'HLT_SingleCentralPFJet170_CFMax0p1', 'HLT_DoubleMu23NoFiltersNoVtxDisplaced', 'HLT_Photon175', 'HLT_PFMETNoMu90_PFMHTNoMu90_IDTight', 'HLT_Ele115_CaloIdVT_GsfTrkIdT', 'DST_HT450_PFScouting', 'HLT_DiCentralPFJet170_CFMax0p1', 'HLT_ECALHT800', 'HLT_JetE70_NoBPTX3BX', 'HLT_Photon26_R9Id85_OR_CaloId24b40e_Iso50T80L_Photon16_AND_HE10_R9Id65_Eta2_Mass60', 'HLT_DoubleEle33_CaloIdL', 'DST_CaloJet40_CaloScouting', 'HLT_HT500to550', 'HLT_PFHT650_4JetPt50', 'HLT_Mu17_Mu8_DZ', 'HLT_Mu28NoFiltersNoVtx_CentralCaloJet40', 'HLT_PFMETNoMu100_PFMHTNoMu100_IDTight', 'HLT_Mu30_TkMu11', 'HLT_Mu38NoFiltersNoVtx_DisplacedJet60_Loose', 'HLT_MonoCentralPFJet80_PFMETNoMu120_PFMHTNoMu120_IDTight', 'HLT_VBF_DisplacedJet40_VTightID_DisplacedTrack', 'HLT_VBF_DisplacedJet40_DisplacedTrack_2TrackIP2DSig5', 'HLT_PFMET170_HBHECleaned', 'DST_ZeroBias_BTagScouting', 'HLT_L2Mu10_NoVertex_NoBPTX', 'HLT_DoubleMu28NoFiltersNoVtxDisplaced', 'HLT_JetE30_NoBPTX', 'HLT_CaloJet500_NoJetID', 'DST_L1HTT_BTagScouting', 'HLT_VBF_DisplacedJet40_Hadronic', 'HLT_DoubleEle33_CaloIdL_GsfTrkIdVL', 'HLT_L2DoubleMu28_NoVertex_2Cha_Angle2p5_Mass10', 'HLT_PFHT750_4JetPt80', 'HLT_DiCentralPFJet170', 'HLT_HT550to650', 'HLT_MonoCentralPFJet80_PFMETNoMu90_PFMHTNoMu90_IDTight', 'HLT_DoubleMu33NoFiltersNoVtx', 'HLT_HT750_DisplacedDijet80_Inclusive', 'HLT_HT350_DisplacedDijet80_Tight_DisplacedTrack', 'HLT_Mu28NoFiltersNoVtxDisplaced_Photon28_CaloIdL', 'HLT_PFMETNoMu120_PFMHTNoMu120_IDTight', 'HLT_Photon150', 'HLT_HT200', 'HLT_Dimuon0_Jpsi_Muon', 'HLT_L2DoubleMu38_NoVertex_2Cha_Angle2p5_Mass10', 'HLT_DoubleEle33_250200.0_ZEE_13+ZEE_13INPUT+DIGIPRMXUP15_PU25+RECOPRMXUP15_PU25+HARVESTUP15_PU25/HARVESTUP15_PU25.py uploaded to couchDB for 250200.0 with ID d023256e1c53c0d5393b30072d6abbc9
Not re-uploading 250202.0_TTbar_13+TTbar_13INPUT+DIGIPRMXUP15_PU25+RECOPRMXUP15_PU25+HARVESTUP15_PU25/DIGIPRMXUP15_PU25.py to https://cmsweb.cern.ch/couchdb for 250202.0DIGIPRMXUP15_PU25
250202.0_TTbar_13+TTbar_13INPUT+DIGIPRMXUP15_PU25+RECOPRMXUP15_PU25+HARVESTUP15_PU25/DIGIPRMXUP15_PU25.py  uploaded to couchDB for 250202.0 with ID d023256e1c53c0d5393b30072d6a8e2d
Not re-uploading 250202.0_TTbar_13+TTbar_13INPUT+DIGIPRMXUP15_PU25+RECOPRMXUP15_PU25+HARVESTUP15_PU25/RECOPRMXUP15_PU25.py to https://cmsweb.cern.ch/couchdb for 250202.0RECOPRMXUP15_PU25
250202.0_TTbar_13+TTbar_13INPUT+DIGIPRMXUP15_PU25+RECOPRMXUP15_PU25+HARVESTUP15_PU25/RECOPRMXUP15_PU25.py  uploaded to couchDB for 250202.0 with ID d023256e1c53c0d5393b30072d6aad1d
Not re-uploading 250202.0_TTbar_13+TTbar_13INPUT+DIGIPRMXUP15_PU25+RECOPRMXUP15_PU25+HARVESTUP15_PU25/HARVESTUP15_PU25.py to https://cmsweb.cern.ch/couchdb for 250202.0harvesting
250202.0_TTbar_13+TTbar_13INPUT+DIGIPRMXUP15_PU25+RECOPRMXUP15_PU25+HARVESTUP15_PU25/HARVESTUP15_PU25.py uploaded to couchDB for 250202.0 with ID d023256e1c53c0d5393b30072d6abbc9
Not re-uploading 250203.0_H125GGgluonfusion_13+H125GGgluonfusion_13INPUT+DIGIPRMXUP15_PU25+RECOPRMXUP15_PU25+HARVESTUP15_PU25/DIGIPRMXUP15_PU25.py to https://cmsweb.cern.ch/couchdb for 250203.0DIGIPRMXUP15_PU25
250203.0_H125GGgluonfusion_13+H125GGgluonfusion_13INPUT+DIGIPRMXUP15_PU25+RECOPRMXUP15_PU25+HARVESTUP15_PU25/DIGIPRMXUP15_PU25.py  uploaded to couchDB for 250203.0 with ID d023256e1c53c0d5393b30072d6a8e2d
Not re-uploading 250203.0_H125GGgluonfusion_13+H125GGgluonfusion_13INPUT+DIGIPRMXUP15_PU25+RECOPRMXUP15_PU25+HARVESTUP15_PU25/RECOPRMXUP15_PU25.py to https://cmsweb.cern.ch/couchdb for 250203.0RECOPRMXUP15_PU25
250203.0_H125GGgluonfusion_13+H125GGgluonfusion_13INPUT+DIGIPRMXUP15_PU25+RECOPRMXUP15_PU25+HARVESTUP15_PU25/RECOPRMXUP15_PU25.py  uploaded to couchDB for 250203.0 with ID d023256e1c53c0d5393b30072d6aad1d
Not re-uploading 250203.0_H125GGgluonfusion_13+H125GGgluonfusion_13INPUT+DIGIPRMXUP15_PU25+RECOPRMXUP15_PU25+HARVESTUP15_PU25/HARVESTUP15_PU25.py to https://cmsweb.cern.ch/couchdb for 250203.0harvesting
250203.0_H125GGgluonfusion_13+H125GGgluonfusion_13INPUT+DIGIPRMXUP15_PU25+RECOPRMXUP15_PU25+HARVESTUP15_PU25/HARVESTUP15_PU25.py uploaded to couchDB for 250203.0 with ID d023256e1c53c0d5393b30072d6abbc9
Not re-uploading 250204.0_QQH1352T_13+QQH1352T_13INPUT+DIGIPRMXUP15_PU25+RECOPRMXUP15_PU25+HARVESTUP15_PU25/DIGIPRMXUP15_PU25.py to https://cmsweb.cern.ch/couchdb for 250204.0DIGIPRMXUP15_PU25
250204.0_QQH1352T_13+QQH1352T_13INPUT+DIGIPRMXUP15_PU25+RECOPRMXUP15_PU25+HARVESTUP15_PU25/DIGIPRMXUP15_PU25.py  uploaded to couchDB for 250204.0 with ID d023256e1c53c0d5393b30072d6a8e2d
Not re-uploading 250204.0_QQH1352T_13+QQH1352T_13INPUT+DIGIPRMXUP15_PU25+RECOPRMXUP15_PU25+HARVESTUP15_PU25/RECOPRMXUP15_PU25.py to https://cmsweb.cern.ch/couchdb for 250204.0RECOPRMXUP15_PU25
250204.0_QQH1352T_13+QQH1352T_13INPUT+DIGIPRMXUP15_PU25+RECOPRMXUP15_PU25+HARVESTUP15_PU25/RECOPRMXUP15_PU25.py  uploaded to couchDB for 250204.0 with ID d023256e1c53c0d5393b30072d6aad1d
Not re-uploading 250204.0_QQH1352T_13+QQH1352T_13INPUT+DIGIPRMXUP15_PU25+RECOPRMXUP15_PU25+HARVESTUP15_PU25/HARVESTUP15_PU25.py to https://cmsweb.cern.ch/couchdb for 250204.0harvesting
250204.0_QQH1352T_13+QQH1352T_13INPUT+DIGIPRMXUP15_PU25+RECOPRMXUP15_PU25+HARVESTUP15_PU25/HARVESTUP15_PU25.py uploaded to couchDB for 250204.0 with ID d023256e1c53c0d5393b30072d6abbc9
Not re-uploading 250205.0_ZTT_13+ZTT_13INPUT+DIGIPRMXUP15_PU25+RECOPRMXUP15_PU25+HARVESTUP15_PU25/DIGIPRMXUP15_PU25.py to https://cmsweb.cern.ch/couchdb for 250205.0DIGIPRMXUP15_PU25
250205.0_ZTT_13+ZTT_13INPUT+DIGIPRMXUP15_PU25+RECOPRMXUP15_PU25+HARVESTUP15_PU25/DIGIPRMXUP15_PU25.py  uploaded to couchDB for 250205.0 with ID d023256e1c53c0d5393b30072d6a8e2d
Not re-uploading 250205.0_ZTT_13+ZTT_13INPUT+DIGIPRMXUP15_PU25+RECOPRMXUP15_PU25+HARVESTUP15_PU25/RECOPRMXUP15_PU25.py to https://cmsweb.cern.ch/couchdb for 250205.0RECOPRMXUP15_PU25
250205.0_ZTT_13+ZTT_13INPUT+DIGIPRMXUP15_PU25+RECOPRMXUP15_PU25+HARVESTUP15_PU25/RECOPRMXUP15_PU25.py  uploaded to couchDB for 250205.0 with ID d023256e1c53c0d5393b30072d6aad1d
Not re-uploading 250205.0_ZTT_13+ZTT_13INPUT+DIGIPRMXUP15_PU25+RECOPRMXUP15_PU25+HARVESTUP15_PU25/HARVESTUP15_PU25.py to https://cmsweb.cern.ch/couchdb for 250205.0harvesting
250205.0_ZTT_13+ZTT_13INPUT+DIGIPRMXUP15_PU25+RECOPRMXUP15_PU25+HARVESTUP15_PU25/HARVESTUP15_PU25.py uploaded to couchDB for 250205.0 with ID d023256e1c53c0d5393b30072d6abbc9
Not re-uploading 250206.0_ZMM_13+ZMM_13INPUT+DIGIPRMXUP15_PU25+RECOPRMXUP15_PU25+HARVESTUP15_PU25/DIGIPRMXUP15_PU25.py to https://cmsweb.cern.ch/couchdb for 250206.0DIGIPRMXUP15_PU25
250206.0_ZMM_13+ZMM_13INPUT+DIGIPRMXUP15_PU25+RECOPRMXUP15_PU25+HARVESTUP15_PU25/DIGIPRMXUP15_PU25.py  uploaded to couchDB for 250206.0 with ID d023256e1c53c0d5393b30072d6a8e2d
Not re-uploading 250206.0_ZMM_13+ZMM_13INPUT+DIGIPRMXUP15_PU25+RECOPRMXUP15_PU25+HARVESTUP15_PU25/RECOPRMXUP15_PU25.py to https://cmsweb.cern.ch/couchdb for 250206.0RECOPRMXUP15_PU25
250206.0_ZMM_13+ZMM_13INPUT+DIGIPRMXUP15_PU25+RECOPRMXUP15_PU25+HARVESTUP15_PU25/RECOPRMXUP15_PU25.py  uploaded to couchDB for 250206.0 with ID d023256e1c53c0d5393b30072d6aad1d
Not re-uploading 250206.0_ZMM_13+ZMM_13INPUT+DIGIPRMXUP15_PU25+RECOPRMXUP15_PU25+HARVESTUP15_PU25/HARVESTUP15_PU25.py to https://cmsweb.cern.ch/couchdb for 250206.0harvesting
250206.0_ZMM_13+ZMM_13INPUT+DIGIPRMXUP15_PU25+RECOPRMXUP15_PU25+HARVESTUP15_PU25/HARVESTUP15_PU25.py uploaded to couchDB for 250206.0 with ID d023256e1c53c0d5393b30072d6abbc9
Not re-uploading 250207.0_NuGun_UP15+NuGun_UP15INPUT+DIGIPRMXUP15_PU25+RECOPRMXUP15_PU25+HARVESTUP15_PU25/DIGIPRMXUP15_PU25.py to https://cmsweb.cern.ch/couchdb for 250207.0DIGIPRMXUP15_PU25
250207.0_NuGun_UP15+NuGun_UP15INPUT+DIGIPRMXUP15_PU25+RECOPRMXUP15_PU25+HARVESTUP15_PU25/DIGIPRMXUP15_PU25.py  uploaded to couchDB for 250207.0 with ID d023256e1c53c0d5393b30072d6a8e2d
Not re-uploading 250207.0_NuGun_UP15+NuGun_UP15INPUT+DIGIPRMXUP15_PU25+RECOPRMXUP15_PU25+HARVESTUP15_PU25/RECOPRMXUP15_PU25.py to https://cmsweb.cern.ch/couchdb for 250207.0RECOPRMXUP15_PU25
250207.0_NuGun_UP15+NuGun_UP15INPUT+DIGIPRMXUP15_PU25+RECOPRMXUP15_PU25+HARVESTUP15_PU25/RECOPRMXUP15_PU25.py  uploaded to couchDB for 250207.0 with ID d023256e1c53c0d5393b30072d6aad1d
Not re-uploading 250207.0_NuGun_UP15+NuGun_UP15INPUT+DIGIPRMXUP15_PU25+RECOPRMXUP15_PU25+HARVESTUP15_PU25/HARVESTUP15_PU25.py to https://cmsweb.cern.ch/couchdb for 250207.0harvesting
250207.0_NuGun_UP15+NuGun_UP15INPUT+DIGIPRMXUP15_PU25+RECOPRMXUP15_PU25+HARVESTUP15_PU25/HARVESTUP15_PU25.py uploaded to couchDB for 250207.0 with ID d023256e1c53c0d5393b30072d6abbc9

	Found wmcontrol

For eyes before submitting 250200.1
{'CMSSWVersion': 'CMSSW_8_0_19',
 'Campaign': 'CMSSW_8_0_19',
 'ConfigCacheURL': 'https://cmsweb.cern.ch/couchdb',
 'CouchURL': 'https://cmsweb.cern.ch/couchdb',
 'DbsUrl': 'https://cmsweb.cern.ch/dbs/prod/global/DBSReader',
 'GlobalTag': u'80X_mcRun2_asymptotic_2016_TrancheIV_v2',
 'Group': 'ppd',
 'Memory': 3000,
 'Multicore': 1,
 'ProcessingVersion': 1,
 'RequestPriority': 500000,
 'RequestString': 'RVCMSSW_8_0_19ProdZEE_13_pmx25ns_PUpmx25ns__Tr4GT_v2',
 'RequestType': 'TaskChain',
 'Requestor': 'prebello',
 'ScramArch': 'slc6_amd64_gcc530',
 'SizePerEvent': 1234,
 'SubRequestType': 'RelVal',
 'Task1': {'AcquisitionEra': 'CMSSW_8_0_19',
           'ConfigCacheID': 'd023256e1c53c0d5393b30072d69d9a0',
           'EventsPerJob': 100,
           'GlobalTag': u'80X_mcRun2_asymptotic_2016_TrancheIV_v2',
           'KeepOutput': True,
           'Memory': 7500,
           'Multicore': 4,
           'PrimaryDataset': 'RelValProdZEE_13_pmx25ns',
           'ProcessingString': u'80X_mcRun2_asymptotic_2016_TrancheIV_v2_Tr4GT_v2',
           'RequestNumEvents': 9000,
           'Seeding': 'AutomaticSeeding',
           'SplittingAlgo': 'EventBased',
           'TaskName': 'ProdZEE_13'},
 'Task2': {'AcquisitionEra': 'CMSSW_8_0_19',
           'ConfigCacheID': 'd023256e1c53c0d5393b30072d6a6a5e',
           'GlobalTag': u'80X_mcRun2_asymptotic_2016_TrancheIV_v2',
           'InputFromOutputModule': u'FEVTDEBUGoutput',
           'InputTask': 'ProdZEE_13',
           'KeepOutput': True,
           'LumisPerJob': 10,
           'MCPileup': u'/RelValPREMIXUP15_PU25/CMSSW_8_0_19-PU25ns_80X_mcRun2_asymptotic_2016_TrancheIV_v2_Tr4GT_v2-v1/GEN-SIM-DIGI-RAW',
           'Memory': 7500,
           'Multicore': 4,
           'ProcessingString': u'PUpmx25ns_80X_mcRun2_asymptotic_2016_TrancheIV_v2_Tr4GT_v2',
           'SplittingAlgo': 'LumiBased',
           'TaskName': 'DIGIPRMXUP15_PROD_PU25'},
 'Task3': {'AcquisitionEra': 'CMSSW_8_0_19',
           'ConfigCacheID': 'd023256e1c53c0d5393b30072d6a8934',
           'GlobalTag': u'80X_mcRun2_asymptotic_2016_TrancheIV_v2',
           'InputFromOutputModule': u'PREMIXRAWoutput',
           'InputTask': 'DIGIPRMXUP15_PROD_PU25',
           'KeepOutput': True,
           'LumisPerJob': 10,
           'Memory': 7500,
           'Multicore': 4,
           'ProcessingString': u'PUpmx25ns_80X_mcRun2_asymptotic_2016_TrancheIV_v2_Tr4GT_v2',
           'SplittingAlgo': 'LumiBased',
           'TaskName': 'RECOPRMXUP15PROD_PU25'},
 'TaskChain': 3,
 'TimePerEvent': 0.1,
 'dashboardActivity': 'relval',
 'mergedLFNBase': '/store/relval',
 'unmergedLFNBase': '/store/unmerged'}
None
Submitting 250200.1 ...........
It seemslike the name of the GT '80X_mcRun2_asymptotic_2016_TrancheIV_v2' has a typo in it, missing the final ::All which will crash your job. If insted you're using CondDBv2, you're fine.
Will do POST request to:cmsweb.cern.ch/reqmgr2/data/request
Injected workflow: prebello_RVCMSSW_8_0_19ProdZEE_13_pmx25ns_PUpmx25ns__Tr4GT_v2_160905_050826_1131
Approved workflow: prebello_RVCMSSW_8_0_19ProdZEE_13_pmx25ns_PUpmx25ns__Tr4GT_v2_160905_050826_1131
........... 250200.1 submitted
For eyes before submitting 250200.0
{'CMSSWVersion': 'CMSSW_8_0_19',
 'Campaign': 'CMSSW_8_0_19',
 'ConfigCacheURL': 'https://cmsweb.cern.ch/couchdb',
 'CouchURL': 'https://cmsweb.cern.ch/couchdb',
 'DQMConfigCacheID': 'd023256e1c53c0d5393b30072d6abbc9',
 'DQMUploadUrl': 'https://cmsweb.cern.ch/dqm/relval',
 'DbsUrl': 'https://cmsweb.cern.ch/dbs/prod/global/DBSReader',
 'EnableHarvesting': 'True',
 'GlobalTag': u'80X_mcRun2_asymptotic_2016_TrancheIV_v2',
 'Group': 'ppd',
 'Memory': 3000,
 'Multicore': 1,
 'ProcessingVersion': 1,
 'RequestPriority': 500000,
 'RequestString': 'RVCMSSW_8_0_19ZEE_13_PUpmx25ns__Tr4GT_v2',
 'RequestType': 'TaskChain',
 'Requestor': 'prebello',
 'ScramArch': 'slc6_amd64_gcc530',
 'SizePerEvent': 1234,
 'SubRequestType': 'RelVal',
 'Task1': {'AcquisitionEra': 'CMSSW_8_0_19',
           'ConfigCacheID': 'd023256e1c53c0d5393b30072d6a8e2d',
           'GlobalTag': u'80X_mcRun2_asymptotic_2016_TrancheIV_v2',
           'InputDataset': '/RelValZEE_13/CMSSW_7_1_20_patch2-MCRUN2_71_V1_GsRealBS-v1/GEN-SIM',
           'KeepOutput': True,
           'LumisPerJob': 10,
           'MCPileup': u'/RelValPREMIXUP15_PU25/CMSSW_8_0_19-PU25ns_80X_mcRun2_asymptotic_2016_TrancheIV_v2_Tr4GT_v2-v1/GEN-SIM-DIGI-RAW',
           'Memory': 7500,
           'Multicore': 4,
           'ProcessingString': u'PUpmx25ns_80X_mcRun2_asymptotic_2016_TrancheIV_v2_Tr4GT_v2',
           'SplittingAlgo': 'LumiBased',
           'TaskName': 'DIGIPRMXUP15_PU25'},
 'Task2': {'AcquisitionEra': 'CMSSW_8_0_19',
           'ConfigCacheID': 'd023256e1c53c0d5393b30072d6aad1d',
           'GlobalTag': u'80X_mcRun2_asymptotic_2016_TrancheIV_v2',
           'InputFromOutputModule': u'FEVTDEBUGHLToutput',
           'InputTask': 'DIGIPRMXUP15_PU25',
           'KeepOutput': True,
           'LumisPerJob': 10,
           'Memory': 7500,
           'Multicore': 4,
           'ProcessingString': u'PUpmx25ns_80X_mcRun2_asymptotic_2016_TrancheIV_v2_Tr4GT_v2',
           'SplittingAlgo': 'LumiBased',
           'TaskName': 'RECOPRMXUP15_PU25'},
 'TaskChain': 2,
 'TimePerEvent': 0.1,
 'dashboardActivity': 'relval',
 'mergedLFNBase': '/store/relval',
 'unmergedLFNBase': '/store/unmerged'}
None
Submitting 250200.0 ...........
It seemslike the name of the GT '80X_mcRun2_asymptotic_2016_TrancheIV_v2' has a typo in it, missing the final ::All which will crash your job. If insted you're using CondDBv2, you're fine.
Will do POST request to:cmsweb.cern.ch/reqmgr2/data/request
Injected workflow: prebello_RVCMSSW_8_0_19ZEE_13_PUpmx25ns__Tr4GT_v2_160905_050841_7030
Approved workflow: prebello_RVCMSSW_8_0_19ZEE_13_PUpmx25ns__Tr4GT_v2_160905_050841_7030
........... 250200.0 submitted
For eyes before submitting 250202.0
{'CMSSWVersion': 'CMSSW_8_0_19',
 'Campaign': 'CMSSW_8_0_19',
 'ConfigCacheURL': 'https://cmsweb.cern.ch/couchdb',
 'CouchURL': 'https://cmsweb.cern.ch/couchdb',
 'DQMConfigCacheID': 'd023256e1c53c0d5393b30072d6abbc9',
 'DQMUploadUrl': 'https://cmsweb.cern.ch/dqm/relval',
 'DbsUrl': 'https://cmsweb.cern.ch/dbs/prod/global/DBSReader',
 'EnableHarvesting': 'True',
 'GlobalTag': u'80X_mcRun2_asymptotic_2016_TrancheIV_v2',
 'Group': 'ppd',
 'Memory': 3000,
 'Multicore': 1,
 'ProcessingVersion': 1,
 'RequestPriority': 500000,
 'RequestString': 'RVCMSSW_8_0_19TTbar_13_PUpmx25ns__Tr4GT_v2',
 'RequestType': 'TaskChain',
 'Requestor': 'prebello',
 'ScramArch': 'slc6_amd64_gcc530',
 'SizePerEvent': 1234,
 'SubRequestType': 'RelVal',
 'Task1': {'AcquisitionEra': 'CMSSW_8_0_19',
           'ConfigCacheID': 'd023256e1c53c0d5393b30072d6a8e2d',
           'GlobalTag': u'80X_mcRun2_asymptotic_2016_TrancheIV_v2',
           'InputDataset': '/RelValTTbar_13/CMSSW_7_1_20_patch2-MCRUN2_71_V1_GsRealBS-v1/GEN-SIM',
           'KeepOutput': True,
           'LumisPerJob': 10,
           'MCPileup': u'/RelValPREMIXUP15_PU25/CMSSW_8_0_19-PU25ns_80X_mcRun2_asymptotic_2016_TrancheIV_v2_Tr4GT_v2-v1/GEN-SIM-DIGI-RAW',
           'Memory': 7500,
           'Multicore': 4,
           'ProcessingString': u'PUpmx25ns_80X_mcRun2_asymptotic_2016_TrancheIV_v2_Tr4GT_v2',
           'SplittingAlgo': 'LumiBased',
           'TaskName': 'DIGIPRMXUP15_PU25'},
 'Task2': {'AcquisitionEra': 'CMSSW_8_0_19',
           'ConfigCacheID': 'd023256e1c53c0d5393b30072d6aad1d',
           'GlobalTag': u'80X_mcRun2_asymptotic_2016_TrancheIV_v2',
           'InputFromOutputModule': u'FEVTDEBUGHLToutput',
           'InputTask': 'DIGIPRMXUP15_PU25',
           'KeepOutput': True,
           'LumisPerJob': 10,
           'Memory': 7500,
           'Multicore': 4,
           'ProcessingString': u'PUpmx25ns_80X_mcRun2_asymptotic_2016_TrancheIV_v2_Tr4GT_v2',
           'SplittingAlgo': 'LumiBased',
           'TaskName': 'RECOPRMXUP15_PU25'},
 'TaskChain': 2,
 'TimePerEvent': 0.1,
 'dashboardActivity': 'relval',
 'mergedLFNBase': '/store/relval',
 'unmergedLFNBase': '/store/unmerged'}
None
Submitting 250202.0 ...........
It seemslike the name of the GT '80X_mcRun2_asymptotic_2016_TrancheIV_v2' has a typo in it, missing the final ::All which will crash your job. If insted you're using CondDBv2, you're fine.
Will do POST request to:cmsweb.cern.ch/reqmgr2/data/request
Injected workflow: prebello_RVCMSSW_8_0_19TTbar_13_PUpmx25ns__Tr4GT_v2_160905_050854_7971
Approved workflow: prebello_RVCMSSW_8_0_19TTbar_13_PUpmx25ns__Tr4GT_v2_160905_050854_7971
........... 250202.0 submitted
For eyes before submitting 250203.0
{'CMSSWVersion': 'CMSSW_8_0_19',
 'Campaign': 'CMSSW_8_0_19',
 'ConfigCacheURL': 'https://cmsweb.cern.ch/couchdb',
 'CouchURL': 'https://cmsweb.cern.ch/couchdb',
 'DQMConfigCacheID': 'd023256e1c53c0d5393b30072d6abbc9',
 'DQMUploadUrl': 'https://cmsweb.cern.ch/dqm/relval',
 'DbsUrl': 'https://cmsweb.cern.ch/dbs/prod/global/DBSReader',
 'EnableHarvesting': 'True',
 'GlobalTag': u'80X_mcRun2_asymptotic_2016_TrancheIV_v2',
 'Group': 'ppd',
 'Memory': 3000,
 'Multicore': 1,
 'ProcessingVersion': 1,
 'RequestPriority': 500000,
 'RequestString': 'RVCMSSW_8_0_19H125GGgluonfusion_13_PUpmx25ns__Tr4GT_v2',
 'RequestType': 'TaskChain',
 'Requestor': 'prebello',
 'ScramArch': 'slc6_amd64_gcc530',
 'SizePerEvent': 1234,
 'SubRequestType': 'RelVal',
 'Task1': {'AcquisitionEra': 'CMSSW_8_0_19',
           'ConfigCacheID': 'd023256e1c53c0d5393b30072d6a8e2d',
           'GlobalTag': u'80X_mcRun2_asymptotic_2016_TrancheIV_v2',
           'InputDataset': '/RelValH125GGgluonfusion_13/CMSSW_7_1_20_patch2-MCRUN2_71_V1_GsRealBS-v1/GEN-SIM',
           'KeepOutput': True,
           'LumisPerJob': 10,
           'MCPileup': u'/RelValPREMIXUP15_PU25/CMSSW_8_0_19-PU25ns_80X_mcRun2_asymptotic_2016_TrancheIV_v2_Tr4GT_v2-v1/GEN-SIM-DIGI-RAW',
           'Memory': 7500,
           'Multicore': 4,
           'ProcessingString': u'PUpmx25ns_80X_mcRun2_asymptotic_2016_TrancheIV_v2_Tr4GT_v2',
           'SplittingAlgo': 'LumiBased',
           'TaskName': 'DIGIPRMXUP15_PU25'},
 'Task2': {'AcquisitionEra': 'CMSSW_8_0_19',
           'ConfigCacheID': 'd023256e1c53c0d5393b30072d6aad1d',
           'GlobalTag': u'80X_mcRun2_asymptotic_2016_TrancheIV_v2',
           'InputFromOutputModule': u'FEVTDEBUGHLToutput',
           'InputTask': 'DIGIPRMXUP15_PU25',
           'KeepOutput': True,
           'LumisPerJob': 10,
           'Memory': 7500,
           'Multicore': 4,
           'ProcessingString': u'PUpmx25ns_80X_mcRun2_asymptotic_2016_TrancheIV_v2_Tr4GT_v2',
           'SplittingAlgo': 'LumiBased',
           'TaskName': 'RECOPRMXUP15_PU25'},
 'TaskChain': 2,
 'TimePerEvent': 0.1,
 'dashboardActivity': 'relval',
 'mergedLFNBase': '/store/relval',
 'unmergedLFNBase': '/store/unmerged'}
None
Submitting 250203.0 ...........
It seemslike the name of the GT '80X_mcRun2_asymptotic_2016_TrancheIV_v2' has a typo in it, missing the final ::All which will crash your job. If insted you're using CondDBv2, you're fine.
Will do POST request to:cmsweb.cern.ch/reqmgr2/data/request
Injected workflow: prebello_RVCMSSW_8_0_19H125GGgluonfusion_13_PUpmx25ns__Tr4GT_v2_160905_050906_3063
Approved workflow: prebello_RVCMSSW_8_0_19H125GGgluonfusion_13_PUpmx25ns__Tr4GT_v2_160905_050906_3063
........... 250203.0 submitted
For eyes before submitting 250204.0
{'CMSSWVersion': 'CMSSW_8_0_19',
 'Campaign': 'CMSSW_8_0_19',
 'ConfigCacheURL': 'https://cmsweb.cern.ch/couchdb',
 'CouchURL': 'https://cmsweb.cern.ch/couchdb',
 'DQMConfigCacheID': 'd023256e1c53c0d5393b30072d6abbc9',
 'DQMUploadUrl': 'https://cmsweb.cern.ch/dqm/relval',
 'DbsUrl': 'https://cmsweb.cern.ch/dbs/prod/global/DBSReader',
 'EnableHarvesting': 'True',
 'GlobalTag': u'80X_mcRun2_asymptotic_2016_TrancheIV_v2',
 'Group': 'ppd',
 'Memory': 3000,
 'Multicore': 1,
 'ProcessingVersion': 1,
 'RequestPriority': 500000,
 'RequestString': 'RVCMSSW_8_0_19QQH1352T_13_PUpmx25ns__Tr4GT_v2',
 'RequestType': 'TaskChain',
 'Requestor': 'prebello',
 'ScramArch': 'slc6_amd64_gcc530',
 'SizePerEvent': 1234,
 'SubRequestType': 'RelVal',
 'Task1': {'AcquisitionEra': 'CMSSW_8_0_19',
           'ConfigCacheID': 'd023256e1c53c0d5393b30072d6a8e2d',
           'GlobalTag': u'80X_mcRun2_asymptotic_2016_TrancheIV_v2',
           'InputDataset': '/RelValQQH1352T_13/CMSSW_7_1_20_patch2-MCRUN2_71_V1_GsRealBS-v1/GEN-SIM',
           'KeepOutput': True,
           'LumisPerJob': 10,
           'MCPileup': u'/RelValPREMIXUP15_PU25/CMSSW_8_0_19-PU25ns_80X_mcRun2_asymptotic_2016_TrancheIV_v2_Tr4GT_v2-v1/GEN-SIM-DIGI-RAW',
           'Memory': 7500,
           'Multicore': 4,
           'ProcessingString': u'PUpmx25ns_80X_mcRun2_asymptotic_2016_TrancheIV_v2_Tr4GT_v2',
           'SplittingAlgo': 'LumiBased',
           'TaskName': 'DIGIPRMXUP15_PU25'},
 'Task2': {'AcquisitionEra': 'CMSSW_8_0_19',
           'ConfigCacheID': 'd023256e1c53c0d5393b30072d6aad1d',
           'GlobalTag': u'80X_mcRun2_asymptotic_2016_TrancheIV_v2',
           'InputFromOutputModule': u'FEVTDEBUGHLToutput',
           'InputTask': 'DIGIPRMXUP15_PU25',
           'KeepOutput': True,
           'LumisPerJob': 10,
           'Memory': 7500,
           'Multicore': 4,
           'ProcessingString': u'PUpmx25ns_80X_mcRun2_asymptotic_2016_TrancheIV_v2_Tr4GT_v2',
           'SplittingAlgo': 'LumiBased',
           'TaskName': 'RECOPRMXUP15_PU25'},
 'TaskChain': 2,
 'TimePerEvent': 0.1,
 'dashboardActivity': 'relval',
 'mergedLFNBase': '/store/relval',
 'unmergedLFNBase': '/store/unmerged'}
None
Submitting 250204.0 ...........
It seemslike the name of the GT '80X_mcRun2_asymptotic_2016_TrancheIV_v2' has a typo in it, missing the final ::All which will crash your job. If insted you're using CondDBv2, you're fine.
Will do POST request to:cmsweb.cern.ch/reqmgr2/data/request
Injected workflow: prebello_RVCMSSW_8_0_19QQH1352T_13_PUpmx25ns__Tr4GT_v2_160905_050914_5873
Approved workflow: prebello_RVCMSSW_8_0_19QQH1352T_13_PUpmx25ns__Tr4GT_v2_160905_050914_5873
........... 250204.0 submitted
For eyes before submitting 250205.0
{'CMSSWVersion': 'CMSSW_8_0_19',
 'Campaign': 'CMSSW_8_0_19',
 'ConfigCacheURL': 'https://cmsweb.cern.ch/couchdb',
 'CouchURL': 'https://cmsweb.cern.ch/couchdb',
 'DQMConfigCacheID': 'd023256e1c53c0d5393b30072d6abbc9',
 'DQMUploadUrl': 'https://cmsweb.cern.ch/dqm/relval',
 'DbsUrl': 'https://cmsweb.cern.ch/dbs/prod/global/DBSReader',
 'EnableHarvesting': 'True',
 'GlobalTag': u'80X_mcRun2_asymptotic_2016_TrancheIV_v2',
 'Group': 'ppd',
 'Memory': 3000,
 'Multicore': 1,
 'ProcessingVersion': 1,
 'RequestPriority': 500000,
 'RequestString': 'RVCMSSW_8_0_19ZTT_13_PUpmx25ns__Tr4GT_v2',
 'RequestType': 'TaskChain',
 'Requestor': 'prebello',
 'ScramArch': 'slc6_amd64_gcc530',
 'SizePerEvent': 1234,
 'SubRequestType': 'RelVal',
 'Task1': {'AcquisitionEra': 'CMSSW_8_0_19',
           'ConfigCacheID': 'd023256e1c53c0d5393b30072d6a8e2d',
           'GlobalTag': u'80X_mcRun2_asymptotic_2016_TrancheIV_v2',
           'InputDataset': '/RelValZTT_13/CMSSW_7_1_20_patch2-MCRUN2_71_V1_GsRealBS-v1/GEN-SIM',
           'KeepOutput': True,
           'LumisPerJob': 10,
           'MCPileup': u'/RelValPREMIXUP15_PU25/CMSSW_8_0_19-PU25ns_80X_mcRun2_asymptotic_2016_TrancheIV_v2_Tr4GT_v2-v1/GEN-SIM-DIGI-RAW',
           'Memory': 7500,
           'Multicore': 4,
           'ProcessingString': u'PUpmx25ns_80X_mcRun2_asymptotic_2016_TrancheIV_v2_Tr4GT_v2',
           'SplittingAlgo': 'LumiBased',
           'TaskName': 'DIGIPRMXUP15_PU25'},
 'Task2': {'AcquisitionEra': 'CMSSW_8_0_19',
           'ConfigCacheID': 'd023256e1c53c0d5393b30072d6aad1d',
           'GlobalTag': u'80X_mcRun2_asymptotic_2016_TrancheIV_v2',
           'InputFromOutputModule': u'FEVTDEBUGHLToutput',
           'InputTask': 'DIGIPRMXUP15_PU25',
           'KeepOutput': True,
           'LumisPerJob': 10,
           'Memory': 7500,
           'Multicore': 4,
           'ProcessingString': u'PUpmx25ns_80X_mcRun2_asymptotic_2016_TrancheIV_v2_Tr4GT_v2',
           'SplittingAlgo': 'LumiBased',
           'TaskName': 'RECOPRMXUP15_PU25'},
 'TaskChain': 2,
 'TimePerEvent': 0.1,
 'dashboardActivity': 'relval',
 'mergedLFNBase': '/store/relval',
 'unmergedLFNBase': '/store/unmerged'}
None
Submitting 250205.0 ...........
It seemslike the name of the GT '80X_mcRun2_asymptotic_2016_TrancheIV_v2' has a typo in it, missing the final ::All which will crash your job. If insted you're using CondDBv2, you're fine.
Will do POST request to:cmsweb.cern.ch/reqmgr2/data/request
Injected workflow: prebello_RVCMSSW_8_0_19ZTT_13_PUpmx25ns__Tr4GT_v2_160905_050932_1483
Approved workflow: prebello_RVCMSSW_8_0_19ZTT_13_PUpmx25ns__Tr4GT_v2_160905_050932_1483
........... 250205.0 submitted
For eyes before submitting 250206.0
{'CMSSWVersion': 'CMSSW_8_0_19',
 'Campaign': 'CMSSW_8_0_19',
 'ConfigCacheURL': 'https://cmsweb.cern.ch/couchdb',
 'CouchURL': 'https://cmsweb.cern.ch/couchdb',
 'DQMConfigCacheID': 'd023256e1c53c0d5393b30072d6abbc9',
 'DQMUploadUrl': 'https://cmsweb.cern.ch/dqm/relval',
 'DbsUrl': 'https://cmsweb.cern.ch/dbs/prod/global/DBSReader',
 'EnableHarvesting': 'True',
 'GlobalTag': u'80X_mcRun2_asymptotic_2016_TrancheIV_v2',
 'Group': 'ppd',
 'Memory': 3000,
 'Multicore': 1,
 'ProcessingVersion': 1,
 'RequestPriority': 500000,
 'RequestString': 'RVCMSSW_8_0_19ZMM_13_PUpmx25ns__Tr4GT_v2',
 'RequestType': 'TaskChain',
 'Requestor': 'prebello',
 'ScramArch': 'slc6_amd64_gcc530',
 'SizePerEvent': 1234,
 'SubRequestType': 'RelVal',
 'Task1': {'AcquisitionEra': 'CMSSW_8_0_19',
           'ConfigCacheID': 'd023256e1c53c0d5393b30072d6a8e2d',
           'GlobalTag': u'80X_mcRun2_asymptotic_2016_TrancheIV_v2',
           'InputDataset': '/RelValZMM_13/CMSSW_7_1_20_patch2-MCRUN2_71_V1_GsRealBS-v1/GEN-SIM',
           'KeepOutput': True,
           'LumisPerJob': 10,
           'MCPileup': u'/RelValPREMIXUP15_PU25/CMSSW_8_0_19-PU25ns_80X_mcRun2_asymptotic_2016_TrancheIV_v2_Tr4GT_v2-v1/GEN-SIM-DIGI-RAW',
           'Memory': 7500,
           'Multicore': 4,
           'ProcessingString': u'PUpmx25ns_80X_mcRun2_asymptotic_2016_TrancheIV_v2_Tr4GT_v2',
           'SplittingAlgo': 'LumiBased',
           'TaskName': 'DIGIPRMXUP15_PU25'},
 'Task2': {'AcquisitionEra': 'CMSSW_8_0_19',
           'ConfigCacheID': 'd023256e1c53c0d5393b30072d6aad1d',
           'GlobalTag': u'80X_mcRun2_asymptotic_2016_TrancheIV_v2',
           'InputFromOutputModule': u'FEVTDEBUGHLToutput',
           'InputTask': 'DIGIPRMXUP15_PU25',
           'KeepOutput': True,
           'LumisPerJob': 10,
           'Memory': 7500,
           'Multicore': 4,
           'ProcessingString': u'PUpmx25ns_80X_mcRun2_asymptotic_2016_TrancheIV_v2_Tr4GT_v2',
           'SplittingAlgo': 'LumiBased',
           'TaskName': 'RECOPRMXUP15_PU25'},
 'TaskChain': 2,
 'TimePerEvent': 0.1,
 'dashboardActivity': 'relval',
 'mergedLFNBase': '/store/relval',
 'unmergedLFNBase': '/store/unmerged'}
None
Submitting 250206.0 ...........
It seemslike the name of the GT '80X_mcRun2_asymptotic_2016_TrancheIV_v2' has a typo in it, missing the final ::All which will crash your job. If insted you're using CondDBv2, you're fine.
Will do POST request to:cmsweb.cern.ch/reqmgr2/data/request
Injected workflow: prebello_RVCMSSW_8_0_19ZMM_13_PUpmx25ns__Tr4GT_v2_160905_050941_4819
Approved workflow: prebello_RVCMSSW_8_0_19ZMM_13_PUpmx25ns__Tr4GT_v2_160905_050941_4819
........... 250206.0 submitted
For eyes before submitting 250207.0
{'CMSSWVersion': 'CMSSW_8_0_19',
 'Campaign': 'CMSSW_8_0_19',
 'ConfigCacheURL': 'https://cmsweb.cern.ch/couchdb',
 'CouchURL': 'https://cmsweb.cern.ch/couchdb',
 'DQMConfigCacheID': 'd023256e1c53c0d5393b30072d6abbc9',
 'DQMUploadUrl': 'https://cmsweb.cern.ch/dqm/relval',
 'DbsUrl': 'https://cmsweb.cern.ch/dbs/prod/global/DBSReader',
 'EnableHarvesting': 'True',
 'GlobalTag': u'80X_mcRun2_asymptotic_2016_TrancheIV_v2',
 'Group': 'ppd',
 'Memory': 3000,
 'Multicore': 1,
 'ProcessingVersion': 1,
 'RequestPriority': 500000,
 'RequestString': 'RVCMSSW_8_0_19NuGun_UP15_PUpmx25ns__Tr4GT_v2',
 'RequestType': 'TaskChain',
 'Requestor': 'prebello',
 'ScramArch': 'slc6_amd64_gcc530',
 'SizePerEvent': 1234,
 'SubRequestType': 'RelVal',
 'Task1': {'AcquisitionEra': 'CMSSW_8_0_19',
           'ConfigCacheID': 'd023256e1c53c0d5393b30072d6a8e2d',
           'GlobalTag': u'80X_mcRun2_asymptotic_2016_TrancheIV_v2',
           'InputDataset': '/RelValNuGun_UP15/CMSSW_7_1_20_patch2-MCRUN2_71_V1_GsRealBS-v1/GEN-SIM',
           'KeepOutput': True,
           'LumisPerJob': 10,
           'MCPileup': u'/RelValPREMIXUP15_PU25/CMSSW_8_0_19-PU25ns_80X_mcRun2_asymptotic_2016_TrancheIV_v2_Tr4GT_v2-v1/GEN-SIM-DIGI-RAW',
           'Memory': 7500,
           'Multicore': 4,
           'ProcessingString': u'PUpmx25ns_80X_mcRun2_asymptotic_2016_TrancheIV_v2_Tr4GT_v2',
           'SplittingAlgo': 'LumiBased',
           'TaskName': 'DIGIPRMXUP15_PU25'},
 'Task2': {'AcquisitionEra': 'CMSSW_8_0_19',
           'ConfigCacheID': 'd023256e1c53c0d5393b30072d6aad1d',
           'GlobalTag': u'80X_mcRun2_asymptotic_2016_TrancheIV_v2',
           'InputFromOutputModule': u'FEVTDEBUGHLToutput',
           'InputTask': 'DIGIPRMXUP15_PU25',
           'KeepOutput': True,
           'LumisPerJob': 10,
           'Memory': 7500,
           'Multicore': 4,
           'ProcessingString': u'PUpmx25ns_80X_mcRun2_asymptotic_2016_TrancheIV_v2_Tr4GT_v2',
           'SplittingAlgo': 'LumiBased',
           'TaskName': 'RECOPRMXUP15_PU25'},
 'TaskChain': 2,
 'TimePerEvent': 0.1,
 'dashboardActivity': 'relval',
 'mergedLFNBase': '/store/relval',
 'unmergedLFNBase': '/store/unmerged'}
None
Submitting 250207.0 ...........
It seemslike the name of the GT '80X_mcRun2_asymptotic_2016_TrancheIV_v2' has a typo in it, missing the final ::All which will crash your job. If insted you're using CondDBv2, you're fine.
Will do POST request to:cmsweb.cern.ch/reqmgr2/data/request
Injected workflow: prebello_RVCMSSW_8_0_19NuGun_UP15_PUpmx25ns__Tr4GT_v2_160905_050954_8904
Approved workflow: prebello_RVCMSSW_8_0_19NuGun_UP15_PUpmx25ns__Tr4GT_v2_160905_050954_8904
........... 250207.0 submitted
  ################################################################### 
 # WARNING: this module is deprecated.                             # 
 # Please use CondCore.CondDB.CondDB_cfi.py                        # 
 ################################################################### 
L1TRawToDigi Sequence configured for Stage-2 (2016) trigger