L1Trigger/L1TGlobal/python/StableParameters_cff.py is deprecated, please use GlobalParameters_cff.py instead.
DIGI:pdigi_valid,L1,DIGI2RAW,HLT:@relval2016,ENDJOB
We have determined that this is simulation (if not, rerun cmsDriver.py with --data)
entry filelist:step1_dasquery.log
found files:  ['/store/relval/CMSSW_7_1_20_patch2/RelValUpsilon1SToMuMu_13/GEN-SIM/MCRUN2_71_V1_GsRealBS-v1/00000/561B9B12-E681-E511-8417-0025905A6138.root', '/store/relval/CMSSW_7_1_20_patch2/RelValUpsilon1SToMuMu_13/GEN-SIM/MCRUN2_71_V1_GsRealBS-v1/00000/72B459F7-E281-E511-BEE1-0026189438DB.root', '/store/relval/CMSSW_7_1_20_patch2/RelValUpsilon1SToMuMu_13/GEN-SIM/MCRUN2_71_V1_GsRealBS-v1/00000/747CD512-E681-E511-AFD3-0025905A606A.root', '/store/relval/CMSSW_7_1_20_patch2/RelValUpsilon1SToMuMu_13/GEN-SIM/MCRUN2_71_V1_GsRealBS-v1/00000/82C4B57F-E381-E511-A4FC-0025905B855C.root']
 ################################################################### 
 # WARNING: this module is deprecated.                             # 
 # Please use CondCore.CondDB.CondDB_cfi.py                        # 
 ################################################################### 
Step: DIGI Spec: ['pdigi_valid']
Step: L1 Spec: 
L1TCalorimeter Sequence configured for Stage-2 (2016) trigger. 
L1TMuon Sequence configured for Stage-2 (2016) trigger. 
L1TGlobal Sequence configured for Stage-2 (2016) trigger. 
L1TCalorimeter Conditions configured for Stage-2 (2016) trigger. 
L1TMuon Conditions configured for Stage-2 (2016) trigger. 
L1TGlobal Conditions configured for Stage-2 (2016) trigger. 
Step: DIGI2RAW Spec: 
L1TDigiToRaw Sequence configured for Stage-2 (2016) trigger. 
Step: HLT Spec: ['@relval2016']
Step: ENDJOB Spec: 
# Conditions read from  CMS_CONDITIONS  via FrontierProd 
customising the process with customizeHLTforFullSim from HLTrigger/Configuration/customizeHLTforMC
Config file DIGIUP15.py created
